Jan 12 00:03:18 fl1-111-169-156-137.tky.mesh.ad.jp [50: C4:DD:0F:3E:C0 AP50C4DD0F3EC0] WIRELESS: wl1.0 (2.4GHz): Encryption Key Renewing

Jan 12 00:03:19 fl1-111-169-156-137.tky.mesh.ad.jp [50: C4:DD:0F:3E:C0 AP50C4DD0F3EC0] WIRELESS: wl0.0 (5GHz): Encryption Key Renewing

Jan 12 00:15:10 fl1-111-169-156-137.tky.mesh.ad.jp [50: C4:DD:16:64:20 AP50C4DD166420] WIRELESS: wl1.0 (2.4GHz): DisAssociated User - 02:0f:b5:cd:18:ff

Jan 12 00:15:10 fl1-111-169-156-137.tky.mesh.ad.jp [50: C4:DD:16:64:20 AP50C4DD166420] WIRELESS: wl1.0 (2.4GHz): Associated User - 02:0f:b5:cd:18:ff

Jan 12 00:31:26 fl1-111-169-156-137.tky.mesh.ad.jp [50: C4:DD:0F:3E:C0 AP50C4DD0F3EC0] WIRELESS: wl0 (5GHz): AutoChannel selected Channel 100 / 80 MHz

Jan 12 00:45:10 fl1-111-169-156-137.tky.mesh.ad.jp [50: C4:DD:16:64:20 AP50C4DD166420] AUTH: wl1.0 (2.4GHz): Authenticated (WPA2-PSK) User - 02:0f:b5:cd:18:ff

Jan 12 00:45:10 fl1-111-169-156-137.tky.mesh.ad.jp [50: C4:DD:16:64:20 AP50C4DD166420] WIRELESS: wl1.0 (2.4GHz): Associated User - 02:0f:b5:cd:18:ff

Jan 12 00:45:15 fl1-111-169-156-137.tky.mesh.ad.jp [50: C4:DD:0F:4D:E0 AP50C4DD0F4DE0] WIRELESS: wl1.0 (2.4GHz): Encryption Key Renewing

Jan 12 00:45:29 fl1-111-169-156-137.tky.mesh.ad.jp [50: C4:DD:0F:4D:E0 AP50C4DD0F4DE0] WIRELESS: wl0.0 (5GHz): Encryption Key Renewing

Jan 12 00:46:16 fl1-111-169-156-137.tky.mesh.ad.jp [50: C4:DD:16:64:20 AP50C4DD166420] WIRELESS: wl1.0 (2.4GHz): Encryption Key Renewing

Jan 12 00:47:06 fl1-111-169-156-137.tky.mesh.ad.jp [50: C4:DD:16:64:20 AP50C4DD166420] WIRELESS: wl0.0 (5GHz): Encryption Key Renewing

Jan 12 00:51:18 fl1-111-169-156-137.tky.mesh.ad.jp [50: C4:DD:16:64:20 AP50C4DD166420] WIRELESS: wl1.0 (2.4GHz): DisAssociated User - 02:0f:b5:cd:18:ff

Jan 12 01:03:18 fl1-111-169-156-137.tky.mesh.ad.jp [50: C4:DD:0F:3E:C0 AP50C4DD0F3EC0] WIRELESS: wl1.0 (2.4GHz): Encryption Key Renewing

Jan 12 01:03:19 fl1-111-169-156-137.tky.mesh.ad.jp [50: C4:DD:0F:3E:C0 AP50C4DD0F3EC0] WIRELESS: wl0.0 (5GHz): Encryption Key Renewing

Jan 12 01:15:10 fl1-111-169-156-137.tky.mesh.ad.jp [50: C4:DD:16:64:20 AP50C4DD166420] WIRELESS: wl1.0 (2.4GHz): DisAssociated User - 02:0f:b5:cd:18:ff

Jan 12 01:15:10 fl1-111-169-156-137.tky.mesh.ad.jp [50: C4:DD:16:64:20 AP50C4DD166420] WIRELESS: wl1.0 (2.4GHz): Associated User - 02:0f:b5:cd:18:ff

Jan 12 01:24:51 fl1-111-169-156-137.tky.mesh.ad.jp [50: C4:DD:16:64:20 AP50C4DD166420] WIRELESS: wl1.0 (2.4GHz): DisAssociated User - bc:e1:43:c2:26:ca

Jan 12 01:25:20 fl1-111-169-156-137.tky.mesh.ad.jp [50: C4:DD:16:64:20 AP50C4DD166420] WIRELESS: wl1.0 (2.4GHz): DisAssociated User - bc:e1:43:c2:26:ca

Jan 12 01:25:25 fl1-111-169-156-137.tky.mesh.ad.jp [50: C4:DD:16:64:20 AP50C4DD166420] WIRELESS: wl1.0 (2.4GHz): DisAssociated User - bc:e1:43:c2:26:ca

Jan 12 01:25:25 fl1-111-169-156-137.tky.mesh.ad.jp [50: C4:DD:16:64:20 AP50C4DD166420] WIRELESS: wl1.0 (2.4GHz): Associated User - bc:e1:43:c2:26:ca

Jan 12 01:31:28 fl1-111-169-156-137.tky.mesh.ad.jp [50: C4:DD:0F:3E:C0 AP50C4DD0F3EC0] WIRELESS: wl0 (5GHz): AutoChannel selected Channel 100 / 80 MHz

Jan 12 01:45:10 fl1-111-169-156-137.tky.mesh.ad.jp [50: C4:DD:16:64:20 AP50C4DD166420] AUTH: wl1.0 (2.4GHz): Authenticated (WPA2-PSK) User - 02:0f:b5:cd:18:ff

Jan 12 01:45:10 fl1-111-169-156-137.tky.mesh.ad.jp [50: C4:DD:16:64:20 AP50C4DD166420] WIRELESS: wl1.0 (2.4GHz): Associated User - 02:0f:b5:cd:18:ff

Jan 12 01:45:15 fl1-111-169-156-137.tky.mesh.ad.jp [50: C4:DD:0F:4D:E0 AP50C4DD0F4DE0] WIRELESS: wl1.0 (2.4GHz): Encryption Key Renewing

Jan 12 01:45:29 fl1-111-169-156-137.tky.mesh.ad.jp [50: C4:DD:0F:4D:E0 AP50C4DD0F4DE0] WIRELESS: wl0.0 (5GHz): Encryption Key Renewing

Jan 12 01:46:16 fl1-111-169-156-137.tky.mesh.ad.jp [50: C4:DD:16:64:20 AP50C4DD166420] WIRELESS: wl1.0 (2.4GHz): Encryption Key Renewing

Jan 12 01:47:06 fl1-111-169-156-137.tky.mesh.ad.jp [50: C4:DD:16:64:20 AP50C4DD166420] WIRELESS: wl0.0 (5GHz): Encryption Key Renewing

Jan 12 01:51:17 fl1-111-169-156-137.tky.mesh.ad.jp [50: C4:DD:16:64:20 AP50C4DD166420] WIRELESS: wl1.0 (2.4GHz): DisAssociated User - 02:0f:b5:cd:18:ff

Jan 12 01:52:42 fl1-111-169-156-137.tky.mesh.ad.jp [50: C4:DD:16:64:20 AP50C4DD166420] WIRELESS: wl1.0 (2.4GHz): DisAssociated User - bc:e1:43:c2:26:ca

Jan 12 01:52:42 fl1-111-169-156-137.tky.mesh.ad.jp [50: C4:DD:16:64:20 AP50C4DD166420] WIRELESS: wl1.0 (2.4GHz): Associated User - bc:e1:43:c2:26:ca

Jan 12 01:54:12 fl1-111-169-156-137.tky.mesh.ad.jp [50: C4:DD:16:64:20 AP50C4DD166420] WIRELESS: wl1.0 (2.4GHz): DisAssociated User - bc:e1:43:c2:26:ca

Jan 12 01:54:12 fl1-111-169-156-137.tky.mesh.ad.jp [50: C4:DD:16:64:20 AP50C4DD166420] WIRELESS: wl1.0 (2.4GHz): Associated User - bc:e1:43:c2:26:ca

Jan 12 02:00:08 fl1-111-169-156-137.tky.mesh.ad.jp [50: C4:DD:16:64:20 AP50C4DD166420] WIRELESS: wl0.0 (5GHz): DisAssociated User - 50:32:37:bc:e9:1d

Jan 12 02:00:08 fl1-111-169-156-137.tky.mesh.ad.jp [50: C4:DD:16:64:20 AP50C4DD166420] WIRELESS: wl0.0 (5GHz): Associated User - 50:32:37:bc:e9:1d

Jan 12 02:00:08 fl1-111-169-156-137.tky.mesh.ad.jp [50: C4:DD:16:64:20 AP50C4DD166420] AUTH: wl0.0 (5GHz): Authenticated (WPA2-PSK) User - 50:32:37:bc:e9:1d

Jan 12 02:00:22 fl1-111-169-156-137.tky.mesh.ad.jp [50: C4:DD:16:64:20 AP50C4DD166420] WIRELESS: wl0.0 (5GHz): DisAssociated User - 50:32:37:bc:e9:1d

Jan 12 02:00:22 fl1-111-169-156-137.tky.mesh.ad.jp [50: C4:DD:16:64:20 AP50C4DD166420] WIRELESS: wl0.0 (5GHz): Associated User - 50:32:37:bc:e9:1d

Jan 12 02:00:22 fl1-111-169-156-137.tky.mesh.ad.jp [50: C4:DD:16:64:20 AP50C4DD166420] AUTH: wl0.0 (5GHz): Authenticated (WPA2-PSK) User - 50:32:37:bc:e9:1d

Jan 12 02:00:35 fl1-111-169-156-137.tky.mesh.ad.jp [50: C4:DD:16:64:20 AP50C4DD166420] WIRELESS: wl0.0 (5GHz): DisAssociated User - 50:32:37:bc:e9:1d

Jan 12 02:00:35 fl1-111-169-156-137.tky.mesh.ad.jp [50: C4:DD:16:64:20 AP50C4DD166420] WIRELESS: wl0.0 (5GHz): Associated User - 50:32:37:bc:e9:1d

Jan 12 02:00:35 fl1-111-169-156-137.tky.mesh.ad.jp [50: C4:DD:16:64:20 AP50C4DD166420] AUTH: wl0.0 (5GHz): Authenticated (WPA2-PSK) User - 50:32:37:bc:e9:1d

Jan 12 02:03:18 fl1-111-169-156-137.tky.mesh.ad.jp [50: C4:DD:0F:3E:C0 AP50C4DD0F3EC0] WIRELESS: wl1.0 (2.4GHz): Encryption Key Renewing

Jan 12 02:03:19 fl1-111-169-156-137.tky.mesh.ad.jp [50: C4:DD:0F:3E:C0 AP50C4DD0F3EC0] WIRELESS: wl0.0 (5GHz): Encryption Key Renewing

Jan 12 02:15:10 fl1-111-169-156-137.tky.mesh.ad.jp [50: C4:DD:16:64:20 AP50C4DD166420] WIRELESS: wl1.0 (2.4GHz): Associated User - 02:0f:b5:cd:18:ff

Jan 12 02:16:42 fl1-111-169-156-137.tky.mesh.ad.jp [50: C4:DD:16:64:20 AP50C4DD166420] WIRELESS: wl1.0 (2.4GHz): DisAssociated User - bc:e1:43:c2:26:ca

Jan 12 02:30:49 fl1-111-169-156-137.tky.mesh.ad.jp [50: C4:DD:16:64:20 AP50C4DD166420] WIRELESS: wl1.0 (2.4GHz): Associated User - bc:e1:43:c2:26:ca

Jan 12 02:30:49 fl1-111-169-156-137.tky.mesh.ad.jp [50: C4:DD:16:64:20 AP50C4DD166420] WIRELESS: wl1.0 (2.4GHz): DisAssociated User - bc:e1:43:c2:26:ca

Jan 12 02:31:29 fl1-111-169-156-137.tky.mesh.ad.jp [50: C4:DD:0F:3E:C0 AP50C4DD0F3EC0] WIRELESS: wl0 (5GHz): AutoChannel selected Channel 100 / 80 MHz

Jan 12 02:45:10 fl1-111-169-156-137.tky.mesh.ad.jp [50: C4:DD:16:64:20 AP50C4DD166420] WIRELESS: wl1.0 (2.4GHz): DisAssociated User - 02:0f:b5:cd:18:ff

Jan 12 02:45:10 fl1-111-169-156-137.tky.mesh.ad.jp [50: C4:DD:16:64:20 AP50C4DD166420] WIRELESS: wl1.0 (2.4GHz): Associated User - 02:0f:b5:cd:18:ff

Jan 12 02:45:15 fl1-111-169-156-137.tky.mesh.ad.jp [50: C4:DD:0F:4D:E0 AP50C4DD0F4DE0] WIRELESS: wl1.0 (2.4GHz): Encryption Key Renewing

Jan 12 02:45:29 fl1-111-169-156-137.tky.mesh.ad.jp [50: C4:DD:0F:4D:E0 AP50C4DD0F4DE0] WIRELESS: wl0.0 (5GHz): Encryption Key Renewing

Jan 12 02:46:16 fl1-111-169-156-137.tky.mesh.ad.jp [50: C4:DD:16:64:20 AP50C4DD166420] WIRELESS: wl1.0 (2.4GHz): Encryption Key Renewing

Jan 12 02:47:06 fl1-111-169-156-137.tky.mesh.ad.jp [50: C4:DD:16:64:20 AP50C4DD166420] WIRELESS: wl0.0 (5GHz): Encryption Key Renewing

Jan 12 02:55:41 fl1-111-169-156-137.tky.mesh.ad.jp [50: C4:DD:16:64:20 AP50C4DD166420] WIRELESS: wl1.0 (2.4GHz): Associated User - bc:e1:43:c2:26:ca

Jan 12 02:55:45 fl1-111-169-156-137.tky.mesh.ad.jp [50: C4:DD:16:64:20 AP50C4DD166420] WIRELESS: wl1.0 (2.4GHz): DisAssociated User - bc:e1:43:c2:26:ca

Jan 12 02:55:45 fl1-111-169-156-137.tky.mesh.ad.jp [50: C4:DD:16:64:20 AP50C4DD166420] WIRELESS: wl1.0 (2.4GHz): DisAssociated User - bc:e1:43:c2:26:ca

Jan 12 02:55:45 fl1-111-169-156-137.tky.mesh.ad.jp [50: C4:DD:16:64:20 AP50C4DD166420] WIRELESS: wl1.0 (2.4GHz): Associated User - bc:e1:43:c2:26:ca

Jan 12 03:03:18 fl1-111-169-156-137.tky.mesh.ad.jp [50: C4:DD:0F:3E:C0 AP50C4DD0F3EC0] WIRELESS: wl1.0 (2.4GHz): Encryption Key Renewing

Jan 12 03:03:19 fl1-111-169-156-137.tky.mesh.ad.jp [50: C4:DD:0F:3E:C0 AP50C4DD0F3EC0] WIRELESS: wl0.0 (5GHz): Encryption Key Renewing

Jan 12 03:15:10 fl1-111-169-156-137.tky.mesh.ad.jp [50: C4:DD:16:64:20 AP50C4DD166420] WIRELESS: wl1.0 (2.4GHz): Associated User - 02:0f:b5:cd:18:ff

Jan 12 03:15:10 fl1-111-169-156-137.tky.mesh.ad.jp [50: C4:DD:16:64:20 AP50C4DD166420] AUTH: wl1.0 (2.4GHz): Authenticated (WPA2-PSK) User - 02:0f:b5:cd:18:ff

Jan 12 03:20:12 fl1-111-169-156-137.tky.mesh.ad.jp [50: C4:DD:16:64:20 AP50C4DD166420] WIRELESS: wl1.0 (2.4GHz): DisAssociated User - 02:0f:b5:cd:18:ff

Jan 12 03:22:37 fl1-111-169-156-137.tky.mesh.ad.jp [50: C4:DD:16:64:20 AP50C4DD166420] WIRELESS: wl1.0 (2.4GHz): Associated User - 02:0f:b5:cd:18:ff

Jan 12 03:22:37 fl1-111-169-156-137.tky.mesh.ad.jp [50: C4:DD:16:64:20 AP50C4DD166420] AUTH: wl1.0 (2.4GHz): Authenticated (WPA2-PSK) User - 02:0f:b5:cd:18:ff

Jan 12 03:27:42 fl1-111-169-156-137.tky.mesh.ad.jp [50: C4:DD:16:64:20 AP50C4DD166420] WIRELESS: wl1.0 (2.4GHz): DisAssociated User - 02:0f:b5:cd:18:ff

Jan 12 03:31:29 fl1-111-169-156-137.tky.mesh.ad.jp [50: C4:DD:0F:3E:C0 AP50C4DD0F3EC0] WIRELESS: wl0 (5GHz): AutoChannel selected Channel 100 / 80 MHz

Jan 12 03:36:40 fl1-111-169-156-137.tky.mesh.ad.jp [50: C4:DD:16:64:20 AP50C4DD166420] WIRELESS: wl1.0 (2.4GHz): Associated User - bc:e1:43:c2:26:ca

Jan 12 03:36:43 fl1-111-169-156-137.tky.mesh.ad.jp [50: C4:DD:16:64:20 AP50C4DD166420] WIRELESS: wl1.0 (2.4GHz): DisAssociated User - bc:e1:43:c2:26:ca

Jan 12 03:36:43 fl1-111-169-156-137.tky.mesh.ad.jp [50: C4:DD:16:64:20 AP50C4DD166420] WIRELESS: wl1.0 (2.4GHz): DisAssociated User - bc:e1:43:c2:26:ca

Jan 12 03:42:41 fl1-111-169-156-137.tky.mesh.ad.jp [50: C4:DD:16:64:20 AP50C4DD166420] AUTH: wl1.0 (2.4GHz): Authenticated (WPA2-PSK) User - 02:0f:b5:cd:18:ff

Jan 12 03:42:41 fl1-111-169-156-137.tky.mesh.ad.jp [50: C4:DD:16:64:20 AP50C4DD166420] WIRELESS: wl1.0 (2.4GHz): Associated User - 02:0f:b5:cd:18:ff

Jan 12 03:45:15 fl1-111-169-156-137.tky.mesh.ad.jp [50: C4:DD:0F:4D:E0 AP50C4DD0F4DE0] WIRELESS: wl1.0 (2.4GHz): Encryption Key Renewing

Jan 12 03:45:29 fl1-111-169-156-137.tky.mesh.ad.jp [50: C4:DD:0F:4D:E0 AP50C4DD0F4DE0] WIRELESS: wl0.0 (5GHz): Encryption Key Renewing

Jan 12 03:45:59 fl1-111-169-156-137.tky.mesh.ad.jp [50: C4:DD:16:64:20 AP50C4DD166420] WIRELESS: wl1.0 (2.4GHz): Associated User - bc:e1:43:c2:26:ca

Jan 12 03:45:59 fl1-111-169-156-137.tky.mesh.ad.jp [50: C4:DD:16:64:20 AP50C4DD166420] WIRELESS: wl1.0 (2.4GHz): DisAssociated User - bc:e1:43:c2:26:ca

Jan 12 03:46:06 fl1-111-169-156-137.tky.mesh.ad.jp [50: C4:DD:16:64:20 AP50C4DD166420] WIRELESS: wl1.0 (2.4GHz): DisAssociated User - bc:e1:43:c2:26:ca

Jan 12 03:46:06 fl1-111-169-156-137.tky.mesh.ad.jp [50: C4:DD:16:64:20 AP50C4DD166420] WIRELESS: wl1.0 (2.4GHz): Associated User - bc:e1:43:c2:26:ca

Jan 12 03:46:16 fl1-111-169-156-137.tky.mesh.ad.jp [50: C4:DD:16:64:20 AP50C4DD166420] WIRELESS: wl1.0 (2.4GHz): Encryption Key Renewing

Jan 12 03:47:06 fl1-111-169-156-137.tky.mesh.ad.jp [50: C4:DD:16:64:20 AP50C4DD166420] WIRELESS: wl0.0 (5GHz): Encryption Key Renewing

Jan 12 03:51:18 fl1-111-169-156-137.tky.mesh.ad.jp [50: C4:DD:16:64:20 AP50C4DD166420] WIRELESS: wl1.0 (2.4GHz): DisAssociated User - 02:0f:b5:cd:18:ff

Jan 12 04:03:18 fl1-111-169-156-137.tky.mesh.ad.jp [50: C4:DD:0F:3E:C0 AP50C4DD0F3EC0] WIRELESS: wl1.0 (2.4GHz): Encryption Key Renewing

Jan 12 04:03:19 fl1-111-169-156-137.tky.mesh.ad.jp [50: C4:DD:0F:3E:C0 AP50C4DD0F3EC0] WIRELESS: wl0.0 (5GHz): Encryption Key Renewing

Jan 12 04:07:47 fl1-111-169-156-137.tky.mesh.ad.jp [50: C4:DD:16:64:20 AP50C4DD166420] WIRELESS: wl1.0 (2.4GHz): Associated User - 02:0f:b5:cd:18:ff

Jan 12 04:07:47 fl1-111-169-156-137.tky.mesh.ad.jp [50: C4:DD:16:64:20 AP50C4DD166420] AUTH: wl1.0 (2.4GHz): Authenticated (WPA2-PSK) User - 02:0f:b5:cd:18:ff

Jan 12 04:12:50 fl1-111-169-156-137.tky.mesh.ad.jp [50: C4:DD:16:64:20 AP50C4DD166420] WIRELESS: wl1.0 (2.4GHz): DisAssociated User - 02:0f:b5:cd:18:ff

Jan 12 04:15:10 fl1-111-169-156-137.tky.mesh.ad.jp [50: C4:DD:16:64:20 AP50C4DD166420] WIRELESS: wl1.0 (2.4GHz): Associated User - 02:0f:b5:cd:18:ff

Jan 12 04:15:10 fl1-111-169-156-137.tky.mesh.ad.jp [50: C4:DD:16:64:20 AP50C4DD166420] AUTH: wl1.0 (2.4GHz): Authenticated (WPA2-PSK) User - 02:0f:b5:cd:18:ff

Jan 12 04:20:12 fl1-111-169-156-137.tky.mesh.ad.jp [50: C4:DD:16:64:20 AP50C4DD166420] WIRELESS: wl1.0 (2.4GHz): DisAssociated User - 02:0f:b5:cd:18:ff

Jan 12 04:27:49 fl1-111-169-156-137.tky.mesh.ad.jp [50: C4:DD:16:64:20 AP50C4DD166420] WIRELESS: wl1.0 (2.4GHz): Associated User - 02:0f:b5:cd:18:ff

Jan 12 04:27:49 fl1-111-169-156-137.tky.mesh.ad.jp [50: C4:DD:16:64:20 AP50C4DD166420] AUTH: wl1.0 (2.4GHz): Authenticated (WPA2-PSK) User - 02:0f:b5:cd:18:ff

Jan 12 04:31:30 fl1-111-169-156-137.tky.mesh.ad.jp [50: C4:DD:0F:3E:C0 AP50C4DD0F3EC0] WIRELESS: wl0 (5GHz): AutoChannel selected Channel 100 / 80 MHz

Jan 12 04:32:52 fl1-111-169-156-137.tky.mesh.ad.jp [50: C4:DD:16:64:20 AP50C4DD166420] WIRELESS: wl1.0 (2.4GHz): DisAssociated User - 02:0f:b5:cd:18:ff

Jan 12 04:45:10 fl1-111-169-156-137.tky.mesh.ad.jp [50: C4:DD:16:64:20 AP50C4DD166420] WIRELESS: wl1.0 (2.4GHz): DisAssociated User - 02:0f:b5:cd:18:ff

Jan 12 04:45:10 fl1-111-169-156-137.tky.mesh.ad.jp [50: C4:DD:16:64:20 AP50C4DD166420] WIRELESS: wl1.0 (2.4GHz): Associated User - 02:0f:b5:cd:18:ff

Jan 12 04:45:10 fl1-111-169-156-137.tky.mesh.ad.jp [50: C4:DD:16:64:20 AP50C4DD166420] WIRELESS: wl1.0 (2.4GHz): DisAssociated User - 02:0f:b5:cd:18:ff

Jan 12 04:45:10 fl1-111-169-156-137.tky.mesh.ad.jp [50: C4:DD:16:64:20 AP50C4DD166420] WIRELESS: wl1.0 (2.4GHz): Associated User - 02:0f:b5:cd:18:ff

Jan 12 04:45:15 fl1-111-169-156-137.tky.mesh.ad.jp [50: C4:DD:0F:4D:E0 AP50C4DD0F4DE0] WIRELESS: wl1.0 (2.4GHz): Encryption Key Renewing

Jan 12 04:45:29 fl1-111-169-156-137.tky.mesh.ad.jp [50: C4:DD:0F:4D:E0 AP50C4DD0F4DE0] WIRELESS: wl0.0 (5GHz): Encryption Key Renewing

Jan 12 04:46:16 fl1-111-169-156-137.tky.mesh.ad.jp [50: C4:DD:16:64:20 AP50C4DD166420] WIRELESS: wl1.0 (2.4GHz): Encryption Key Renewing

Jan 12 04:47:06 fl1-111-169-156-137.tky.mesh.ad.jp [50: C4:DD:16:64:20 AP50C4DD166420] WIRELESS: wl0.0 (5GHz): Encryption Key Renewing

Jan 12 04:47:50 fl1-111-169-156-137.tky.mesh.ad.jp [50: C4:DD:16:64:20 AP50C4DD166420] WIRELESS: wl1.0 (2.4GHz): DisAssociated User - 02:0f:b5:cd:18:ff

Jan 12 04:47:50 fl1-111-169-156-137.tky.mesh.ad.jp [50: C4:DD:16:64:20 AP50C4DD166420] WIRELESS: wl1.0 (2.4GHz): Associated User - 02:0f:b5:cd:18:ff

Jan 12 04:47:54 fl1-111-169-156-137.tky.mesh.ad.jp [50: C4:DD:16:64:20 AP50C4DD166420] WIRELESS: wl1.0 (2.4GHz): Associated User - 02:0f:b5:cd:18:ff

Jan 12 04:47:54 fl1-111-169-156-137.tky.mesh.ad.jp [50: C4:DD:16:64:20 AP50C4DD166420] AUTH: wl1.0 (2.4GHz): Authenticated (WPA2-PSK) User - 02:0f:b5:cd:18:ff

Jan 12 04:52:56 fl1-111-169-156-137.tky.mesh.ad.jp [50: C4:DD:16:64:20 AP50C4DD166420] WIRELESS: wl1.0 (2.4GHz): DisAssociated User - 02:0f:b5:cd:18:ff

Jan 12 05:03:18 fl1-111-169-156-137.tky.mesh.ad.jp [50: C4:DD:0F:3E:C0 AP50C4DD0F3EC0] WIRELESS: wl1.0 (2.4GHz): Encryption Key Renewing

Jan 12 05:03:19 fl1-111-169-156-137.tky.mesh.ad.jp [50: C4:DD:0F:3E:C0 AP50C4DD0F3EC0] WIRELESS: wl0.0 (5GHz): Encryption Key Renewing

Jan 12 05:15:10 fl1-111-169-156-137.tky.mesh.ad.jp [50: C4:DD:16:64:20 AP50C4DD166420] WIRELESS: wl1.0 (2.4GHz): Associated User - 02:0f:b5:cd:18:ff

Jan 12 05:15:10 fl1-111-169-156-137.tky.mesh.ad.jp [50: C4:DD:16:64:20 AP50C4DD166420] AUTH: wl1.0 (2.4GHz): Authenticated (WPA2-PSK) User - 02:0f:b5:cd:18:ff

Jan 12 05:20:12 fl1-111-169-156-137.tky.mesh.ad.jp [50: C4:DD:16:64:20 AP50C4DD166420] WIRELESS: wl1.0 (2.4GHz): DisAssociated User - 02:0f:b5:cd:18:ff

Jan 12 05:31:31 fl1-111-169-156-137.tky.mesh.ad.jp [50: C4:DD:0F:3E:C0 AP50C4DD0F3EC0] WIRELESS: wl0 (5GHz): AutoChannel selected Channel 100 / 80 MHz

Jan 12 05:45:10 fl1-111-169-156-137.tky.mesh.ad.jp [50: C4:DD:16:64:20 AP50C4DD166420] WIRELESS: wl1.0 (2.4GHz): DisAssociated User - 02:0f:b5:cd:18:ff

Jan 12 05:45:10 fl1-111-169-156-137.tky.mesh.ad.jp [50: C4:DD:16:64:20 AP50C4DD166420] WIRELESS: wl1.0 (2.4GHz): Associated User - 02:0f:b5:cd:18:ff

Jan 12 05:45:14 fl1-111-169-156-137.tky.mesh.ad.jp [50: C4:DD:0F:4D:E0 AP50C4DD0F4DE0] WIRELESS: wl1.0 (2.4GHz): Encryption Key Renewing

Jan 12 05:45:29 fl1-111-169-156-137.tky.mesh.ad.jp [50: C4:DD:0F:4D:E0 AP50C4DD0F4DE0] WIRELESS: wl0.0 (5GHz): Encryption Key Renewing

Jan 12 05:46:16 fl1-111-169-156-137.tky.mesh.ad.jp [50: C4:DD:16:64:20 AP50C4DD166420] WIRELESS: wl1.0 (2.4GHz): Encryption Key Renewing

Jan 12 05:47:06 fl1-111-169-156-137.tky.mesh.ad.jp [50: C4:DD:16:64:20 AP50C4DD166420] WIRELESS: wl0.0 (5GHz): Encryption Key Renewing

Jan 12 06:03:18 fl1-111-169-156-137.tky.mesh.ad.jp [50: C4:DD:0F:3E:C0 AP50C4DD0F3EC0] WIRELESS: wl1.0 (2.4GHz): Encryption Key Renewing

Jan 12 06:03:19 fl1-111-169-156-137.tky.mesh.ad.jp [50: C4:DD:0F:3E:C0 AP50C4DD0F3EC0] WIRELESS: wl0.0 (5GHz): Encryption Key Renewing

Jan 12 06:15:10 fl1-111-169-156-137.tky.mesh.ad.jp [50: C4:DD:16:64:20 AP50C4DD166420] WIRELESS: wl1.0 (2.4GHz): Associated User - 02:0f:b5:cd:18:ff

Jan 12 06:15:10 fl1-111-169-156-137.tky.mesh.ad.jp [50: C4:DD:16:64:20 AP50C4DD166420] AUTH: wl1.0 (2.4GHz): Authenticated (WPA2-PSK) User - 02:0f:b5:cd:18:ff

Jan 12 06:20:12 fl1-111-169-156-137.tky.mesh.ad.jp [50: C4:DD:16:64:20 AP50C4DD166420] WIRELESS: wl1.0 (2.4GHz): DisAssociated User - 02:0f:b5:cd:18:ff

Jan 12 06:31:32 fl1-111-169-156-137.tky.mesh.ad.jp [50: C4:DD:0F:3E:C0 AP50C4DD0F3EC0] WIRELESS: wl0 (5GHz): AutoChannel selected Channel 100 / 80 MHz

Jan 12 06:45:10 fl1-111-169-156-137.tky.mesh.ad.jp [50: C4:DD:16:64:20 AP50C4DD166420] WIRELESS: wl1.0 (2.4GHz): Associated User - 02:0f:b5:cd:18:ff

Jan 12 06:45:10 fl1-111-169-156-137.tky.mesh.ad.jp [50: C4:DD:16:64:20 AP50C4DD166420] AUTH: wl1.0 (2.4GHz): Authenticated (WPA2-PSK) User - 02:0f:b5:cd:18:ff

Jan 12 06:45:14 fl1-111-169-156-137.tky.mesh.ad.jp [50: C4:DD:0F:4D:E0 AP50C4DD0F4DE0] WIRELESS: wl1.0 (2.4GHz): Encryption Key Renewing

Jan 12 06:45:29 fl1-111-169-156-137.tky.mesh.ad.jp [50: C4:DD:0F:4D:E0 AP50C4DD0F4DE0] WIRELESS: wl0.0 (5GHz): Encryption Key Renewing

Jan 12 06:46:16 fl1-111-169-156-137.tky.mesh.ad.jp [50: C4:DD:16:64:20 AP50C4DD166420] WIRELESS: wl1.0 (2.4GHz): Encryption Key Renewing

Jan 12 06:47:06 fl1-111-169-156-137.tky.mesh.ad.jp [50: C4:DD:16:64:20 AP50C4DD166420] WIRELESS: wl0.0 (5GHz): Encryption Key Renewing

Jan 12 06:51:17 fl1-111-169-156-137.tky.mesh.ad.jp [50: C4:DD:16:64:20 AP50C4DD166420] WIRELESS: wl1.0 (2.4GHz): DisAssociated User - 02:0f:b5:cd:18:ff

Jan 12 07:03:18 fl1-111-169-156-137.tky.mesh.ad.jp [50: C4:DD:0F:3E:C0 AP50C4DD0F3EC0] WIRELESS: wl1.0 (2.4GHz): Encryption Key Renewing

Jan 12 07:03:19 fl1-111-169-156-137.tky.mesh.ad.jp [50: C4:DD:0F:3E:C0 AP50C4DD0F3EC0] WIRELESS: wl0.0 (5GHz): Encryption Key Renewing

Jan 12 07:15:10 fl1-111-169-156-137.tky.mesh.ad.jp [50: C4:DD:16:64:20 AP50C4DD166420] WIRELESS: wl1.0 (2.4GHz): Associated User - 02:0f:b5:cd:18:ff

Jan 12 07:15:10 fl1-111-169-156-137.tky.mesh.ad.jp [50: C4:DD:16:64:20 AP50C4DD166420] AUTH: wl1.0 (2.4GHz): Authenticated (WPA2-PSK) User - 02:0f:b5:cd:18:ff

Jan 12 07:20:12 fl1-111-169-156-137.tky.mesh.ad.jp [50: C4:DD:16:64:20 AP50C4DD166420] WIRELESS: wl1.0 (2.4GHz): DisAssociated User - 02:0f:b5:cd:18:ff

Jan 12 07:31:33 fl1-111-169-156-137.tky.mesh.ad.jp [50: C4:DD:0F:3E:C0 AP50C4DD0F3EC0] WIRELESS: wl0 (5GHz): AutoChannel selected Channel 100 / 80 MHz

Jan 12 07:45:14 fl1-111-169-156-137.tky.mesh.ad.jp [50: C4:DD:0F:4D:E0 AP50C4DD0F4DE0] WIRELESS: wl1.0 (2.4GHz): Encryption Key Renewing

Jan 12 07:45:29 fl1-111-169-156-137.tky.mesh.ad.jp [50: C4:DD:0F:4D:E0 AP50C4DD0F4DE0] WIRELESS: wl0.0 (5GHz): Encryption Key Renewing

Jan 12 07:46:16 fl1-111-169-156-137.tky.mesh.ad.jp [50: C4:DD:16:64:20 AP50C4DD166420] WIRELESS: wl1.0 (2.4GHz): Encryption Key Renewing

Jan 12 07:47:06 fl1-111-169-156-137.tky.mesh.ad.jp [50: C4:DD:16:64:20 AP50C4DD166420] WIRELESS: wl0.0 (5GHz): Encryption Key Renewing

Jan 12 08:03:18 fl1-111-169-156-137.tky.mesh.ad.jp [50: C4:DD:0F:3E:C0 AP50C4DD0F3EC0] WIRELESS: wl1.0 (2.4GHz): Encryption Key Renewing

Jan 12 08:03:19 fl1-111-169-156-137.tky.mesh.ad.jp [50: C4:DD:0F:3E:C0 AP50C4DD0F3EC0] WIRELESS: wl0.0 (5GHz): Encryption Key Renewing

Jan 12 08:28:39 fl1-111-169-156-137.tky.mesh.ad.jp [50: C4:DD:16:64:20 AP50C4DD166420] WIRELESS: wl0.0 (5GHz): DisAssociated User - 50:32:37:bc:e9:1d

Jan 12 08:28:39 fl1-111-169-156-137.tky.mesh.ad.jp [50: C4:DD:16:64:20 AP50C4DD166420] WIRELESS: wl0.0 (5GHz): Associated User - 50:32:37:bc:e9:1d

Jan 12 08:28:39 fl1-111-169-156-137.tky.mesh.ad.jp [50: C4:DD:16:64:20 AP50C4DD166420] AUTH: wl0.0 (5GHz): Authenticated (WPA2-PSK) User - 50:32:37:bc:e9:1d

Jan 12 08:29:06 fl1-111-169-156-137.tky.mesh.ad.jp [50: C4:DD:16:64:20 AP50C4DD166420] WIRELESS: wl0.0 (5GHz): DisAssociated User - 50:32:37:bc:e9:1d

Jan 12 08:29:06 fl1-111-169-156-137.tky.mesh.ad.jp [50: C4:DD:16:64:20 AP50C4DD166420] WIRELESS: wl0.0 (5GHz): Associated User - 50:32:37:bc:e9:1d

Jan 12 08:29:06 fl1-111-169-156-137.tky.mesh.ad.jp [50: C4:DD:16:64:20 AP50C4DD166420] AUTH: wl0.0 (5GHz): Authenticated (WPA2-PSK) User - 50:32:37:bc:e9:1d

Jan 12 08:29:33 fl1-111-169-156-137.tky.mesh.ad.jp [50: C4:DD:16:64:20 AP50C4DD166420] WIRELESS: wl0.0 (5GHz): DisAssociated User - 50:32:37:bc:e9:1d

Jan 12 08:29:33 fl1-111-169-156-137.tky.mesh.ad.jp [50: C4:DD:16:64:20 AP50C4DD166420] WIRELESS: wl0.0 (5GHz): Associated User - 50:32:37:bc:e9:1d

Jan 12 08:29:33 fl1-111-169-156-137.tky.mesh.ad.jp [50: C4:DD:16:64:20 AP50C4DD166420] AUTH: wl0.0 (5GHz): Authenticated (WPA2-PSK) User - 50:32:37:bc:e9:1d

Jan 12 08:31:35 fl1-111-169-156-137.tky.mesh.ad.jp [50: C4:DD:0F:3E:C0 AP50C4DD0F3EC0] WIRELESS: wl0 (5GHz): AutoChannel selected Channel 100 / 80 MHz

Jan 12 08:45:14 fl1-111-169-156-137.tky.mesh.ad.jp [50: C4:DD:0F:4D:E0 AP50C4DD0F4DE0] WIRELESS: wl1.0 (2.4GHz): Encryption Key Renewing

Jan 12 08:45:29 fl1-111-169-156-137.tky.mesh.ad.jp [50: C4:DD:0F:4D:E0 AP50C4DD0F4DE0] WIRELESS: wl0.0 (5GHz): Encryption Key Renewing

Jan 12 08:46:16 fl1-111-169-156-137.tky.mesh.ad.jp [50: C4:DD:16:64:20 AP50C4DD166420] WIRELESS: wl1.0 (2.4GHz): Encryption Key Renewing

Jan 12 08:46:26 fl1-111-169-156-137.tky.mesh.ad.jp [50: C4:DD:16:64:20 AP50C4DD166420] WIRELESS: wl1.0 (2.4GHz): Encryption Key Renewing failed for User - b2:39:56:cc:18:ff

Jan 12 08:46:26 fl1-111-169-156-137.tky.mesh.ad.jp [50: C4:DD:16:64:20 AP50C4DD166420] WIRELESS: wl1.0 (2.4GHz): DisAssociated User - b2:39:56:cc:18:ff

Jan 12 08:47:06 fl1-111-169-156-137.tky.mesh.ad.jp [50: C4:DD:16:64:20 AP50C4DD166420] WIRELESS: wl0.0 (5GHz): Encryption Key Renewing

Jan 12 09:03:18 fl1-111-169-156-137.tky.mesh.ad.jp [50: C4:DD:0F:3E:C0 AP50C4DD0F3EC0] WIRELESS: wl1.0 (2.4GHz): Encryption Key Renewing

Jan 12 09:03:19 fl1-111-169-156-137.tky.mesh.ad.jp [50: C4:DD:0F:3E:C0 AP50C4DD0F3EC0] WIRELESS: wl0.0 (5GHz): Encryption Key Renewing

Jan 12 09:03:28 fl1-111-169-156-137.tky.mesh.ad.jp [50: C4:DD:0F:3E:C0 AP50C4DD0F3EC0] WIRELESS: wl1.0 (2.4GHz): Encryption Key Renewing failed for User - f8:b7:97:24:40:d6

Jan 12 09:03:28 fl1-111-169-156-137.tky.mesh.ad.jp [50: C4:DD:0F:3E:C0 AP50C4DD0F3EC0] WIRELESS: wl1.0 (2.4GHz): DisAssociated User - f8:b7:97:24:40:d6

Jan 12 09:03:32 fl1-111-169-156-137.tky.mesh.ad.jp [50: C4:DD:0F:3E:C0 AP50C4DD0F3EC0] WIRELESS: wl1.0 (2.4GHz): DisAssociated User - f8:b7:97:24:40:d6

Jan 12 09:03:32 fl1-111-169-156-137.tky.mesh.ad.jp [50: C4:DD:0F:3E:C0 AP50C4DD0F3EC0] WIRELESS: wl1.0 (2.4GHz): DisAssociated User - f8:b7:97:24:40:d6

Jan 12 09:03:32 fl1-111-169-156-137.tky.mesh.ad.jp [50: C4:DD:0F:3E:C0 AP50C4DD0F3EC0] WIRELESS: wl1.0 (2.4GHz): DisAssociated User - f8:b7:97:24:40:d6

Jan 12 09:03:37 fl1-111-169-156-137.tky.mesh.ad.jp [50: C4:DD:0F:3E:C0 AP50C4DD0F3EC0] WIRELESS: wl1.0 (2.4GHz): DisAssociated User - f8:b7:97:24:40:d6

Jan 12 09:03:37 fl1-111-169-156-137.tky.mesh.ad.jp [50: C4:DD:0F:3E:C0 AP50C4DD0F3EC0] WIRELESS: wl1.0 (2.4GHz): DisAssociated User - f8:b7:97:24:40:d6

Jan 12 09:03:38 fl1-111-169-156-137.tky.mesh.ad.jp [50: C4:DD:0F:3E:C0 AP50C4DD0F3EC0] WIRELESS: wl1.0 (2.4GHz): DisAssociated User - f8:b7:97:24:40:d6

Jan 12 09:03:38 fl1-111-169-156-137.tky.mesh.ad.jp [50: C4:DD:0F:3E:C0 AP50C4DD0F3EC0] WIRELESS: wl1.0 (2.4GHz): DisAssociated User - f8:b7:97:24:40:d6

Jan 12 09:03:40 fl1-111-169-156-137.tky.mesh.ad.jp [50: C4:DD:0F:3E:C0 AP50C4DD0F3EC0] WIRELESS: wl1.0 (2.4GHz): DisAssociated User - f8:b7:97:24:40:d6

Jan 12 09:03:42 fl1-111-169-156-137.tky.mesh.ad.jp [50: C4:DD:0F:3E:C0 AP50C4DD0F3EC0] WIRELESS: wl1.0 (2.4GHz): DisAssociated User - f8:b7:97:24:40:d6

Jan 12 09:03:42 fl1-111-169-156-137.tky.mesh.ad.jp [50: C4:DD:0F:3E:C0 AP50C4DD0F3EC0] WIRELESS: wl1.0 (2.4GHz): DisAssociated User - f8:b7:97:24:40:d6

Jan 12 09:03:43 fl1-111-169-156-137.tky.mesh.ad.jp [50: C4:DD:0F:3E:C0 AP50C4DD0F3EC0] WIRELESS: wl1.0 (2.4GHz): DisAssociated User - f8:b7:97:24:40:d6

Jan 12 09:03:43 fl1-111-169-156-137.tky.mesh.ad.jp [50: C4:DD:0F:3E:C0 AP50C4DD0F3EC0] WIRELESS: wl1.0 (2.4GHz): DisAssociated User - f8:b7:97:24:40:d6

Jan 12 09:03:43 fl1-111-169-156-137.tky.mesh.ad.jp [50: C4:DD:0F:3E:C0 AP50C4DD0F3EC0] WIRELESS: wl1.0 (2.4GHz): DisAssociated User - f8:b7:97:24:40:d6

Jan 12 09:03:44 fl1-111-169-156-137.tky.mesh.ad.jp [50: C4:DD:0F:3E:C0 AP50C4DD0F3EC0] WIRELESS: wl1.0 (2.4GHz): DisAssociated User - f8:b7:97:24:40:d6

Jan 12 09:03:45 fl1-111-169-156-137.tky.mesh.ad.jp [50: C4:DD:0F:3E:C0 AP50C4DD0F3EC0] WIRELESS: wl1.0 (2.4GHz): DisAssociated User - f8:b7:97:24:40:d6

Jan 12 09:03:45 fl1-111-169-156-137.tky.mesh.ad.jp [50: C4:DD:0F:3E:C0 AP50C4DD0F3EC0] WIRELESS: wl1.0 (2.4GHz): DisAssociated User - f8:b7:97:24:40:d6

Jan 12 09:03:47 fl1-111-169-156-137.tky.mesh.ad.jp [50: C4:DD:0F:3E:C0 AP50C4DD0F3EC0] WIRELESS: wl1.0 (2.4GHz): DisAssociated User - f8:b7:97:24:40:d6

Jan 12 09:03:47 fl1-111-169-156-137.tky.mesh.ad.jp [50: C4:DD:0F:3E:C0 AP50C4DD0F3EC0] WIRELESS: wl1.0 (2.4GHz): DisAssociated User - f8:b7:97:24:40:d6

Jan 12 09:03:48 fl1-111-169-156-137.tky.mesh.ad.jp [50: C4:DD:0F:3E:C0 AP50C4DD0F3EC0] WIRELESS: wl1.0 (2.4GHz): DisAssociated User - f8:b7:97:24:40:d6

Jan 12 09:03:51 fl1-111-169-156-137.tky.mesh.ad.jp [50: C4:DD:0F:3E:C0 AP50C4DD0F3EC0] WIRELESS: wl1.0 (2.4GHz): DisAssociated User - f8:b7:97:24:40:d6

Jan 12 09:03:51 fl1-111-169-156-137.tky.mesh.ad.jp [50: C4:DD:0F:3E:C0 AP50C4DD0F3EC0] WIRELESS: wl1.0 (2.4GHz): DisAssociated User - f8:b7:97:24:40:d6

Jan 12 09:03:52 fl1-111-169-156-137.tky.mesh.ad.jp [50: C4:DD:0F:3E:C0 AP50C4DD0F3EC0] WIRELESS: wl1.0 (2.4GHz): DisAssociated User - f8:b7:97:24:40:d6

Jan 12 09:03:54 fl1-111-169-156-137.tky.mesh.ad.jp [50: C4:DD:0F:3E:C0 AP50C4DD0F3EC0] WIRELESS: wl1.0 (2.4GHz): DisAssociated User - f8:b7:97:24:40:d6

Jan 12 09:03:54 fl1-111-169-156-137.tky.mesh.ad.jp [50: C4:DD:0F:3E:C0 AP50C4DD0F3EC0] WIRELESS: wl1.0 (2.4GHz): DisAssociated User - f8:b7:97:24:40:d6

Jan 12 09:03:55 fl1-111-169-156-137.tky.mesh.ad.jp [50: C4:DD:0F:3E:C0 AP50C4DD0F3EC0] WIRELESS: wl1.0 (2.4GHz): DisAssociated User - f8:b7:97:24:40:d6

Jan 12 09:03:56 fl1-111-169-156-137.tky.mesh.ad.jp [50: C4:DD:0F:3E:C0 AP50C4DD0F3EC0] WIRELESS: wl1.0 (2.4GHz): DisAssociated User - f8:b7:97:24:40:d6

Jan 12 09:03:57 fl1-111-169-156-137.tky.mesh.ad.jp [50: C4:DD:0F:3E:C0 AP50C4DD0F3EC0] WIRELESS: wl1.0 (2.4GHz): DisAssociated User - f8:b7:97:24:40:d6

Jan 12 09:03:57 fl1-111-169-156-137.tky.mesh.ad.jp [50: C4:DD:0F:3E:C0 AP50C4DD0F3EC0] WIRELESS: wl1.0 (2.4GHz): DisAssociated User - f8:b7:97:24:40:d6

Jan 12 09:03:58 fl1-111-169-156-137.tky.mesh.ad.jp [50: C4:DD:0F:3E:C0 AP50C4DD0F3EC0] WIRELESS: wl1.0 (2.4GHz): DisAssociated User - f8:b7:97:24:40:d6

Jan 12 09:03:58 fl1-111-169-156-137.tky.mesh.ad.jp [50: C4:DD:0F:3E:C0 AP50C4DD0F3EC0] WIRELESS: wl1.0 (2.4GHz): DisAssociated User - f8:b7:97:24:40:d6

Jan 12 09:04:00 fl1-111-169-156-137.tky.mesh.ad.jp [50: C4:DD:0F:3E:C0 AP50C4DD0F3EC0] WIRELESS: wl1.0 (2.4GHz): DisAssociated User - f8:b7:97:24:40:d6

Jan 12 09:04:00 fl1-111-169-156-137.tky.mesh.ad.jp [50: C4:DD:0F:3E:C0 AP50C4DD0F3EC0] WIRELESS: wl1.0 (2.4GHz): DisAssociated User - f8:b7:97:24:40:d6

Jan 12 09:04:01 fl1-111-169-156-137.tky.mesh.ad.jp [50: C4:DD:0F:3E:C0 AP50C4DD0F3EC0] WIRELESS: wl1.0 (2.4GHz): DisAssociated User - f8:b7:97:24:40:d6

Jan 12 09:04:02 fl1-111-169-156-137.tky.mesh.ad.jp [50: C4:DD:0F:3E:C0 AP50C4DD0F3EC0] WIRELESS: wl1.0 (2.4GHz): DisAssociated User - f8:b7:97:24:40:d6

Jan 12 09:04:02 fl1-111-169-156-137.tky.mesh.ad.jp [50: C4:DD:0F:3E:C0 AP50C4DD0F3EC0] WIRELESS: wl1.0 (2.4GHz): DisAssociated User - f8:b7:97:24:40:d6

Jan 12 09:04:03 fl1-111-169-156-137.tky.mesh.ad.jp [50: C4:DD:0F:3E:C0 AP50C4DD0F3EC0] WIRELESS: wl1.0 (2.4GHz): DisAssociated User - f8:b7:97:24:40:d6

Jan 12 09:04:03 fl1-111-169-156-137.tky.mesh.ad.jp [50: C4:DD:0F:3E:C0 AP50C4DD0F3EC0] WIRELESS: wl1.0 (2.4GHz): DisAssociated User - f8:b7:97:24:40:d6

Jan 12 09:04:04 fl1-111-169-156-137.tky.mesh.ad.jp [50: C4:DD:0F:3E:C0 AP50C4DD0F3EC0] WIRELESS: wl1.0 (2.4GHz): DisAssociated User - f8:b7:97:24:40:d6

Jan 12 09:04:04 fl1-111-169-156-137.tky.mesh.ad.jp [50: C4:DD:0F:3E:C0 AP50C4DD0F3EC0] WIRELESS: wl1.0 (2.4GHz): DisAssociated User - f8:b7:97:24:40:d6

Jan 12 09:04:04 fl1-111-169-156-137.tky.mesh.ad.jp [50: C4:DD:0F:3E:C0 AP50C4DD0F3EC0] WIRELESS: wl1.0 (2.4GHz): DisAssociated User - f8:b7:97:24:40:d6

Jan 12 09:04:05 fl1-111-169-156-137.tky.mesh.ad.jp [50: C4:DD:0F:3E:C0 AP50C4DD0F3EC0] WIRELESS: wl1.0 (2.4GHz): DisAssociated User - f8:b7:97:24:40:d6

Jan 12 09:04:05 fl1-111-169-156-137.tky.mesh.ad.jp [50: C4:DD:0F:3E:C0 AP50C4DD0F3EC0] WIRELESS: wl1.0 (2.4GHz): DisAssociated User - f8:b7:97:24:40:d6

Jan 12 09:04:06 fl1-111-169-156-137.tky.mesh.ad.jp [50: C4:DD:0F:3E:C0 AP50C4DD0F3EC0] WIRELESS: wl1.0 (2.4GHz): DisAssociated User - f8:b7:97:24:40:d6

Jan 12 09:04:07 fl1-111-169-156-137.tky.mesh.ad.jp [50: C4:DD:0F:3E:C0 AP50C4DD0F3EC0] WIRELESS: wl1.0 (2.4GHz): DisAssociated User - f8:b7:97:24:40:d6

Jan 12 09:04:07 fl1-111-169-156-137.tky.mesh.ad.jp [50: C4:DD:0F:3E:C0 AP50C4DD0F3EC0] WIRELESS: wl1.0 (2.4GHz): DisAssociated User - f8:b7:97:24:40:d6

Jan 12 09:04:08 fl1-111-169-156-137.tky.mesh.ad.jp [50: C4:DD:0F:3E:C0 AP50C4DD0F3EC0] WIRELESS: wl1.0 (2.4GHz): DisAssociated User - f8:b7:97:24:40:d6

Jan 12 09:04:08 fl1-111-169-156-137.tky.mesh.ad.jp [50: C4:DD:0F:3E:C0 AP50C4DD0F3EC0] WIRELESS: wl1.0 (2.4GHz): DisAssociated User - f8:b7:97:24:40:d6

Jan 12 09:04:09 fl1-111-169-156-137.tky.mesh.ad.jp [50: C4:DD:0F:3E:C0 AP50C4DD0F3EC0] WIRELESS: wl1.0 (2.4GHz): DisAssociated User - f8:b7:97:24:40:d6

Jan 12 09:04:10 fl1-111-169-156-137.tky.mesh.ad.jp [50: C4:DD:0F:3E:C0 AP50C4DD0F3EC0] WIRELESS: wl1.0 (2.4GHz): DisAssociated User - f8:b7:97:24:40:d6

Jan 12 09:04:10 fl1-111-169-156-137.tky.mesh.ad.jp [50: C4:DD:0F:3E:C0 AP50C4DD0F3EC0] WIRELESS: wl1.0 (2.4GHz): DisAssociated User - f8:b7:97:24:40:d6

Jan 12 09:04:11 fl1-111-169-156-137.tky.mesh.ad.jp [50: C4:DD:0F:3E:C0 AP50C4DD0F3EC0] WIRELESS: wl1.0 (2.4GHz): DisAssociated User - f8:b7:97:24:40:d6

Jan 12 09:04:12 fl1-111-169-156-137.tky.mesh.ad.jp [50: C4:DD:0F:3E:C0 AP50C4DD0F3EC0] WIRELESS: wl1.0 (2.4GHz): DisAssociated User - f8:b7:97:24:40:d6

Jan 12 09:04:13 fl1-111-169-156-137.tky.mesh.ad.jp [50: C4:DD:0F:3E:C0 AP50C4DD0F3EC0] WIRELESS: wl1.0 (2.4GHz): DisAssociated User - f8:b7:97:24:40:d6

Jan 12 09:04:14 fl1-111-169-156-137.tky.mesh.ad.jp [50: C4:DD:0F:3E:C0 AP50C4DD0F3EC0] WIRELESS: wl1.0 (2.4GHz): DisAssociated User - f8:b7:97:24:40:d6

Jan 12 09:04:14 fl1-111-169-156-137.tky.mesh.ad.jp [50: C4:DD:0F:3E:C0 AP50C4DD0F3EC0] WIRELESS: wl1.0 (2.4GHz): DisAssociated User - f8:b7:97:24:40:d6

Jan 12 09:04:15 fl1-111-169-156-137.tky.mesh.ad.jp [50: C4:DD:0F:3E:C0 AP50C4DD0F3EC0] WIRELESS: wl1.0 (2.4GHz): DisAssociated User - f8:b7:97:24:40:d6

Jan 12 09:04:16 fl1-111-169-156-137.tky.mesh.ad.jp [50: C4:DD:0F:3E:C0 AP50C4DD0F3EC0] WIRELESS: wl1.0 (2.4GHz): DisAssociated User - f8:b7:97:24:40:d6

Jan 12 09:04:17 fl1-111-169-156-137.tky.mesh.ad.jp [50: C4:DD:0F:3E:C0 AP50C4DD0F3EC0] WIRELESS: wl1.0 (2.4GHz): DisAssociated User - f8:b7:97:24:40:d6

Jan 12 09:04:18 fl1-111-169-156-137.tky.mesh.ad.jp [50: C4:DD:0F:3E:C0 AP50C4DD0F3EC0] WIRELESS: wl1.0 (2.4GHz): DisAssociated User - f8:b7:97:24:40:d6

Jan 12 09:04:19 fl1-111-169-156-137.tky.mesh.ad.jp [50: C4:DD:0F:3E:C0 AP50C4DD0F3EC0] WIRELESS: wl1.0 (2.4GHz): DisAssociated User - f8:b7:97:24:40:d6

Jan 12 09:04:20 fl1-111-169-156-137.tky.mesh.ad.jp [50: C4:DD:0F:3E:C0 AP50C4DD0F3EC0] WIRELESS: wl1.0 (2.4GHz): DisAssociated User - f8:b7:97:24:40:d6

Jan 12 09:04:21 fl1-111-169-156-137.tky.mesh.ad.jp [50: C4:DD:0F:3E:C0 AP50C4DD0F3EC0] WIRELESS: wl1.0 (2.4GHz): DisAssociated User - f8:b7:97:24:40:d6

Jan 12 09:04:22 fl1-111-169-156-137.tky.mesh.ad.jp [50: C4:DD:0F:3E:C0 AP50C4DD0F3EC0] WIRELESS: wl1.0 (2.4GHz): DisAssociated User - f8:b7:97:24:40:d6

Jan 12 09:04:22 fl1-111-169-156-137.tky.mesh.ad.jp [50: C4:DD:0F:3E:C0 AP50C4DD0F3EC0] WIRELESS: wl1.0 (2.4GHz): DisAssociated User - f8:b7:97:24:40:d6

Jan 12 09:04:22 fl1-111-169-156-137.tky.mesh.ad.jp [50: C4:DD:0F:3E:C0 AP50C4DD0F3EC0] WIRELESS: wl1.0 (2.4GHz): DisAssociated User - f8:b7:97:24:40:d6

Jan 12 09:04:23 fl1-111-169-156-137.tky.mesh.ad.jp [50: C4:DD:0F:3E:C0 AP50C4DD0F3EC0] WIRELESS: wl1.0 (2.4GHz): DisAssociated User - f8:b7:97:24:40:d6

Jan 12 09:04:23 fl1-111-169-156-137.tky.mesh.ad.jp [50: C4:DD:0F:3E:C0 AP50C4DD0F3EC0] WIRELESS: wl1.0 (2.4GHz): DisAssociated User - f8:b7:97:24:40:d6

Jan 12 09:04:24 fl1-111-169-156-137.tky.mesh.ad.jp [50: C4:DD:0F:3E:C0 AP50C4DD0F3EC0] WIRELESS: wl1.0 (2.4GHz): DisAssociated User - f8:b7:97:24:40:d6

Jan 12 09:04:24 fl1-111-169-156-137.tky.mesh.ad.jp [50: C4:DD:0F:3E:C0 AP50C4DD0F3EC0] WIRELESS: wl1.0 (2.4GHz): DisAssociated User - f8:b7:97:24:40:d6

Jan 12 09:04:25 fl1-111-169-156-137.tky.mesh.ad.jp [50: C4:DD:0F:3E:C0 AP50C4DD0F3EC0] WIRELESS: wl1.0 (2.4GHz): DisAssociated User - f8:b7:97:24:40:d6

Jan 12 09:04:27 fl1-111-169-156-137.tky.mesh.ad.jp [50: C4:DD:0F:3E:C0 AP50C4DD0F3EC0] WIRELESS: wl0.0 (5GHz): Associated User - 48:f1:7f:f9:b5:64

Jan 12 09:04:27 fl1-111-169-156-137.tky.mesh.ad.jp [50: C4:DD:0F:3E:C0 AP50C4DD0F3EC0] AUTH: wl0.0 (5GHz): Authenticated (WPA2-PSK) User - 48:f1:7f:f9:b5:64

Jan 12 09:04:34 fl1-111-169-156-137.tky.mesh.ad.jp [50: C4:DD:0F:3E:C0 AP50C4DD0F3EC0] WIRELESS: wl1.0 (2.4GHz): Associated User - f8:b7:97:24:40:d6

Jan 12 09:04:34 fl1-111-169-156-137.tky.mesh.ad.jp [50: C4:DD:0F:3E:C0 AP50C4DD0F3EC0] AUTH: wl1.0 (2.4GHz): Authenticated (WPA2-PSK) User - f8:b7:97:24:40:d6

Jan 12 09:45:14 fl1-111-169-156-137.tky.mesh.ad.jp [50: C4:DD:0F:4D:E0 AP50C4DD0F4DE0] WIRELESS: wl1.0 (2.4GHz): Encryption Key Renewing

Jan 12 09:45:29 fl1-111-169-156-137.tky.mesh.ad.jp [50: C4:DD:0F:4D:E0 AP50C4DD0F4DE0] WIRELESS: wl0.0 (5GHz): Encryption Key Renewing

Jan 12 09:46:16 fl1-111-169-156-137.tky.mesh.ad.jp [50: C4:DD:16:64:20 AP50C4DD166420] WIRELESS: wl1.0 (2.4GHz): Encryption Key Renewing

Jan 12 09:47:06 fl1-111-169-156-137.tky.mesh.ad.jp [50: C4:DD:16:64:20 AP50C4DD166420] WIRELESS: wl0.0 (5GHz): Encryption Key Renewing

Jan 12 10:03:18 fl1-111-169-156-137.tky.mesh.ad.jp [50: C4:DD:0F:3E:C0 AP50C4DD0F3EC0] WIRELESS: wl1.0 (2.4GHz): Encryption Key Renewing

Jan 12 10:03:18 fl1-111-169-156-137.tky.mesh.ad.jp [50: C4:DD:0F:3E:C0 AP50C4DD0F3EC0] WIRELESS: wl0.0 (5GHz): Encryption Key Renewing

Jan 12 10:14:20 fl1-111-169-156-137.tky.mesh.ad.jp [50: C4:DD:0F:3E:C0 AP50C4DD0F3EC0] WIRELESS: wl1.0 (2.4GHz): DisAssociated User - f8:b7:97:24:40:d6

Jan 12 10:14:20 fl1-111-169-156-137.tky.mesh.ad.jp [50: C4:DD:0F:3E:C0 AP50C4DD0F3EC0] WIRELESS: wl1.0 (2.4GHz): Associated User - f8:b7:97:24:40:d6

Jan 12 10:14:20 fl1-111-169-156-137.tky.mesh.ad.jp [50: C4:DD:0F:3E:C0 AP50C4DD0F3EC0] AUTH: wl1.0 (2.4GHz): Authenticated (WPA2-PSK) User - f8:b7:97:24:40:d6

Jan 12 10:15:37 fl1-111-169-156-137.tky.mesh.ad.jp [50: C4:DD:0F:3E:C0 AP50C4DD0F3EC0] WIRELESS: wl1.0 (2.4GHz): DisAssociated User - f8:b7:97:24:40:d6

Jan 12 10:15:37 fl1-111-169-156-137.tky.mesh.ad.jp [50: C4:DD:0F:3E:C0 AP50C4DD0F3EC0] WIRELESS: wl1.0 (2.4GHz): Associated User - f8:b7:97:24:40:d6

Jan 12 10:15:37 fl1-111-169-156-137.tky.mesh.ad.jp [50: C4:DD:0F:3E:C0 AP50C4DD0F3EC0] WIRELESS: wl1.0 (2.4GHz): Associated User - f8:b7:97:24:40:d6

Jan 12 10:15:38 fl1-111-169-156-137.tky.mesh.ad.jp [50: C4:DD:0F:3E:C0 AP50C4DD0F3EC0] WIRELESS: wl1.0 (2.4GHz): DisAssociated User - f8:b7:97:24:40:d6

Jan 12 10:17:04 fl1-111-169-156-137.tky.mesh.ad.jp [50: C4:DD:0F:3E:C0 AP50C4DD0F3EC0] WIRELESS: wl1.0 (2.4GHz): Associated User - f8:b7:97:24:40:d6

Jan 12 10:17:04 fl1-111-169-156-137.tky.mesh.ad.jp [50: C4:DD:0F:3E:C0 AP50C4DD0F3EC0] AUTH: wl1.0 (2.4GHz): Authenticated (WPA2-PSK) User - f8:b7:97:24:40:d6

Jan 12 10:18:20 fl1-111-169-156-137.tky.mesh.ad.jp [50: C4:DD:0F:3E:C0 AP50C4DD0F3EC0] WIRELESS: wl1.0 (2.4GHz): DisAssociated User - f8:b7:97:24:40:d6

Jan 12 10:18:20 fl1-111-169-156-137.tky.mesh.ad.jp [50: C4:DD:0F:3E:C0 AP50C4DD0F3EC0] WIRELESS: wl1.0 (2.4GHz): Associated User - f8:b7:97:24:40:d6

Jan 12 10:18:20 fl1-111-169-156-137.tky.mesh.ad.jp [50: C4:DD:0F:3E:C0 AP50C4DD0F3EC0] AUTH: wl1.0 (2.4GHz): Authenticated (WPA2-PSK) User - f8:b7:97:24:40:d6

Jan 12 10:20:05 fl1-111-169-156-137.tky.mesh.ad.jp [50: C4:DD:0F:3E:C0 AP50C4DD0F3EC0] WIRELESS: wl1.0 (2.4GHz): DisAssociated User - f8:b7:97:24:40:d6

Jan 12 10:20:05 fl1-111-169-156-137.tky.mesh.ad.jp [50: C4:DD:0F:3E:C0 AP50C4DD0F3EC0] WIRELESS: wl1.0 (2.4GHz): Associated User - f8:b7:97:24:40:d6

Jan 12 10:20:05 fl1-111-169-156-137.tky.mesh.ad.jp [50: C4:DD:0F:3E:C0 AP50C4DD0F3EC0] AUTH: wl1.0 (2.4GHz): Authenticated (WPA2-PSK) User - f8:b7:97:24:40:d6

Jan 12 10:21:21 fl1-111-169-156-137.tky.mesh.ad.jp [50: C4:DD:0F:3E:C0 AP50C4DD0F3EC0] WIRELESS: wl1.0 (2.4GHz): DisAssociated User - f8:b7:97:24:40:d6

Jan 12 10:21:21 fl1-111-169-156-137.tky.mesh.ad.jp [50: C4:DD:0F:3E:C0 AP50C4DD0F3EC0] WIRELESS: wl1.0 (2.4GHz): Associated User - f8:b7:97:24:40:d6

Jan 12 10:21:21 fl1-111-169-156-137.tky.mesh.ad.jp [50: C4:DD:0F:3E:C0 AP50C4DD0F3EC0] AUTH: wl1.0 (2.4GHz): Authenticated (WPA2-PSK) User - f8:b7:97:24:40:d6

Jan 12 10:22:37 fl1-111-169-156-137.tky.mesh.ad.jp [50: C4:DD:0F:3E:C0 AP50C4DD0F3EC0] WIRELESS: wl1.0 (2.4GHz): DisAssociated User - f8:b7:97:24:40:d6

Jan 12 10:22:37 fl1-111-169-156-137.tky.mesh.ad.jp [50: C4:DD:0F:3E:C0 AP50C4DD0F3EC0] WIRELESS: wl1.0 (2.4GHz): Associated User - f8:b7:97:24:40:d6

Jan 12 10:22:37 fl1-111-169-156-137.tky.mesh.ad.jp [50: C4:DD:0F:3E:C0 AP50C4DD0F3EC0] AUTH: wl1.0 (2.4GHz): Authenticated (WPA2-PSK) User - f8:b7:97:24:40:d6

Jan 12 10:23:53 fl1-111-169-156-137.tky.mesh.ad.jp [50: C4:DD:0F:3E:C0 AP50C4DD0F3EC0] WIRELESS: wl1.0 (2.4GHz): DisAssociated User - f8:b7:97:24:40:d6

Jan 12 10:23:53 fl1-111-169-156-137.tky.mesh.ad.jp [50: C4:DD:0F:3E:C0 AP50C4DD0F3EC0] WIRELESS: wl1.0 (2.4GHz): Associated User - f8:b7:97:24:40:d6

Jan 12 10:23:53 fl1-111-169-156-137.tky.mesh.ad.jp [50: C4:DD:0F:3E:C0 AP50C4DD0F3EC0] AUTH: wl1.0 (2.4GHz): Authenticated (WPA2-PSK) User - f8:b7:97:24:40:d6

Jan 12 10:25:10 fl1-111-169-156-137.tky.mesh.ad.jp [50: C4:DD:0F:3E:C0 AP50C4DD0F3EC0] WIRELESS: wl1.0 (2.4GHz): Associated User - f8:b7:97:24:40:d6

Jan 12 10:25:10 fl1-111-169-156-137.tky.mesh.ad.jp [50: C4:DD:0F:3E:C0 AP50C4DD0F3EC0] AUTH: wl1.0 (2.4GHz): Authenticated (WPA2-PSK) User - f8:b7:97:24:40:d6

Jan 12 10:25:10 fl1-111-169-156-137.tky.mesh.ad.jp [50: C4:DD:0F:3E:C0 AP50C4DD0F3EC0] WIRELESS: wl1.0 (2.4GHz): DisAssociated User - f8:b7:97:24:40:d6

Jan 12 10:27:06 fl1-111-169-156-137.tky.mesh.ad.jp [50: C4:DD:0F:4D:E0 AP50C4DD0F4DE0] WIRELESS: wl0.0 (5GHz): DisAssociated User - 78:88:6d:c3:a3:2c

Jan 12 10:28:05 fl1-111-169-156-137.tky.mesh.ad.jp [50: C4:DD:0F:3E:C0 AP50C4DD0F3EC0] WIRELESS: wl1.0 (2.4GHz): DisAssociated User - f8:b7:97:24:40:d6

Jan 12 10:28:05 fl1-111-169-156-137.tky.mesh.ad.jp [50: C4:DD:0F:3E:C0 AP50C4DD0F3EC0] WIRELESS: wl1.0 (2.4GHz): Associated User - f8:b7:97:24:40:d6

Jan 12 10:28:05 fl1-111-169-156-137.tky.mesh.ad.jp [50: C4:DD:0F:3E:C0 AP50C4DD0F3EC0] AUTH: wl1.0 (2.4GHz): Authenticated (WPA2-PSK) User - f8:b7:97:24:40:d6

Jan 12 10:29:21 fl1-111-169-156-137.tky.mesh.ad.jp [50: C4:DD:0F:3E:C0 AP50C4DD0F3EC0] WIRELESS: wl1.0 (2.4GHz): DisAssociated User - f8:b7:97:24:40:d6

Jan 12 10:29:21 fl1-111-169-156-137.tky.mesh.ad.jp [50: C4:DD:0F:3E:C0 AP50C4DD0F3EC0] WIRELESS: wl1.0 (2.4GHz): Associated User - f8:b7:97:24:40:d6

Jan 12 10:29:21 fl1-111-169-156-137.tky.mesh.ad.jp [50: C4:DD:0F:3E:C0 AP50C4DD0F3EC0] AUTH: wl1.0 (2.4GHz): Authenticated (WPA2-PSK) User - f8:b7:97:24:40:d6

Jan 12 10:30:44 fl1-111-169-156-137.tky.mesh.ad.jp [50: C4:DD:0F:3E:C0 AP50C4DD0F3EC0] AUTH: wl1.0 (2.4GHz): Authenticated (WPA2-PSK) User - f8:b7:97:24:40:d6

Jan 12 10:30:44 fl1-111-169-156-137.tky.mesh.ad.jp [50: C4:DD:0F:3E:C0 AP50C4DD0F3EC0] WIRELESS: wl1.0 (2.4GHz): Associated User - f8:b7:97:24:40:d6

Jan 12 10:30:44 fl1-111-169-156-137.tky.mesh.ad.jp [50: C4:DD:0F:3E:C0 AP50C4DD0F3EC0] WIRELESS: wl1.0 (2.4GHz): DisAssociated User - f8:b7:97:24:40:d6

Jan 12 10:32:31 fl1-111-169-156-137.tky.mesh.ad.jp [50: C4:DD:0F:3E:C0 AP50C4DD0F3EC0] WIRELESS: wl1.0 (2.4GHz): DisAssociated User - f8:b7:97:24:40:d6

Jan 12 10:32:31 fl1-111-169-156-137.tky.mesh.ad.jp [50: C4:DD:0F:3E:C0 AP50C4DD0F3EC0] WIRELESS: wl1.0 (2.4GHz): Associated User - f8:b7:97:24:40:d6

Jan 12 10:32:31 fl1-111-169-156-137.tky.mesh.ad.jp [50: C4:DD:0F:3E:C0 AP50C4DD0F3EC0] AUTH: wl1.0 (2.4GHz): Authenticated (WPA2-PSK) User - f8:b7:97:24:40:d6

Jan 12 10:33:55 fl1-111-169-156-137.tky.mesh.ad.jp [50: C4:DD:0F:3E:C0 AP50C4DD0F3EC0] WIRELESS: wl1.0 (2.4GHz): DisAssociated User - f8:b7:97:24:40:d6

Jan 12 10:33:55 fl1-111-169-156-137.tky.mesh.ad.jp [50: C4:DD:0F:3E:C0 AP50C4DD0F3EC0] WIRELESS: wl1.0 (2.4GHz): Associated User - f8:b7:97:24:40:d6

Jan 12 10:33:55 fl1-111-169-156-137.tky.mesh.ad.jp [50: C4:DD:0F:3E:C0 AP50C4DD0F3EC0] AUTH: wl1.0 (2.4GHz): Authenticated (WPA2-PSK) User - f8:b7:97:24:40:d6

Jan 12 10:36:05 fl1-111-169-156-137.tky.mesh.ad.jp [50: C4:DD:0F:3E:C0 AP50C4DD0F3EC0] WIRELESS: wl1.0 (2.4GHz): DisAssociated User - f8:b7:97:24:40:d6

Jan 12 10:36:05 fl1-111-169-156-137.tky.mesh.ad.jp [50: C4:DD:0F:3E:C0 AP50C4DD0F3EC0] WIRELESS: wl1.0 (2.4GHz): DisAssociated User - f8:b7:97:24:40:d6

Jan 12 10:36:05 fl1-111-169-156-137.tky.mesh.ad.jp [50: C4:DD:0F:3E:C0 AP50C4DD0F3EC0] WIRELESS: wl1.0 (2.4GHz): Associated User - f8:b7:97:24:40:d6

Jan 12 10:36:05 fl1-111-169-156-137.tky.mesh.ad.jp [50: C4:DD:0F:3E:C0 AP50C4DD0F3EC0] WIRELESS: wl1.0 (2.4GHz): DisAssociated User - f8:b7:97:24:40:d6

Jan 12 10:36:05 fl1-111-169-156-137.tky.mesh.ad.jp [50: C4:DD:0F:3E:C0 AP50C4DD0F3EC0] WIRELESS: wl1.0 (2.4GHz): Associated User - f8:b7:97:24:40:d6

Jan 12 10:45:14 fl1-111-169-156-137.tky.mesh.ad.jp [50: C4:DD:0F:4D:E0 AP50C4DD0F4DE0] WIRELESS: wl1.0 (2.4GHz): Encryption Key Renewing

Jan 12 10:45:29 fl1-111-169-156-137.tky.mesh.ad.jp [50: C4:DD:0F:4D:E0 AP50C4DD0F4DE0] WIRELESS: wl0.0 (5GHz): Encryption Key Renewing

Jan 12 10:46:16 fl1-111-169-156-137.tky.mesh.ad.jp [50: C4:DD:16:64:20 AP50C4DD166420] WIRELESS: wl1.0 (2.4GHz): Encryption Key Renewing

Jan 12 10:47:06 fl1-111-169-156-137.tky.mesh.ad.jp [50: C4:DD:16:64:20 AP50C4DD166420] WIRELESS: wl0.0 (5GHz): Encryption Key Renewing

Jan 12 11:03:18 fl1-111-169-156-137.tky.mesh.ad.jp [50: C4:DD:0F:3E:C0 AP50C4DD0F3EC0] WIRELESS: wl1.0 (2.4GHz): Encryption Key Renewing

Jan 12 11:03:18 fl1-111-169-156-137.tky.mesh.ad.jp [50: C4:DD:0F:3E:C0 AP50C4DD0F3EC0] WIRELESS: wl0.0 (5GHz): Encryption Key Renewing

Jan 12 11:31:16 fl1-111-169-156-137.tky.mesh.ad.jp [50: C4:DD:0F:3E:C0 AP50C4DD0F3EC0] WIRELESS: wl1 (2.4GHz): AutoChannel selected Channel 10 / 20 MHz

Jan 12 11:31:20 fl1-111-169-156-137.tky.mesh.ad.jp [50: C4:DD:0F:3E:C0 AP50C4DD0F3EC0] WIRELESS: wl1 (2.4GHz): Start sending beacon

Jan 12 11:31:20 fl1-111-169-156-137.tky.mesh.ad.jp [50: C4:DD:0F:3E:C0 AP50C4DD0F3EC0] WIRELESS: wl1 (2.4GHz): Switch Channel 10 / 20 MHz

Jan 12 11:31:21 fl1-111-169-156-137.tky.mesh.ad.jp [50: C4:DD:0F:3E:C0 AP50C4DD0F3EC0] WIRELESS: wl1 (2.4GHz): Start sending beacon

Jan 12 11:45:14 fl1-111-169-156-137.tky.mesh.ad.jp [50: C4:DD:0F:4D:E0 AP50C4DD0F4DE0] WIRELESS: wl1.0 (2.4GHz): Encryption Key Renewing

Jan 12 11:45:29 fl1-111-169-156-137.tky.mesh.ad.jp [50: C4:DD:0F:4D:E0 AP50C4DD0F4DE0] WIRELESS: wl0.0 (5GHz): Encryption Key Renewing

Jan 12 11:46:16 fl1-111-169-156-137.tky.mesh.ad.jp [50: C4:DD:16:64:20 AP50C4DD166420] WIRELESS: wl1.0 (2.4GHz): Encryption Key Renewing

Jan 12 11:47:06 fl1-111-169-156-137.tky.mesh.ad.jp [50: C4:DD:16:64:20 AP50C4DD166420] WIRELESS: wl0.0 (5GHz): Encryption Key Renewing

Jan 12 11:49:22 fl1-111-169-156-137.tky.mesh.ad.jp [50: C4:DD:0F:4D:E0 AP50C4DD0F4DE0] WIRELESS: wl1 (2.4GHz): Detect interference(54per) [with Non-802.11] on channel 11.

Jan 12 11:53:08 fl1-111-169-156-137.tky.mesh.ad.jp [50: C4:DD:0F:4D:E0 AP50C4DD0F4DE0] WIRELESS: wl1 (2.4GHz): Detect interference(54per) [with Non-802.11] on channel 11.

Jan 12 12:03:18 fl1-111-169-156-137.tky.mesh.ad.jp [50: C4:DD:0F:3E:C0 AP50C4DD0F3EC0] WIRELESS: wl1.0 (2.4GHz): Encryption Key Renewing

Jan 12 12:03:18 fl1-111-169-156-137.tky.mesh.ad.jp [50: C4:DD:0F:3E:C0 AP50C4DD0F3EC0] WIRELESS: wl0.0 (5GHz): Encryption Key Renewing

Jan 12 12:31:17 fl1-111-169-156-137.tky.mesh.ad.jp [50: C4:DD:0F:3E:C0 AP50C4DD0F3EC0] WIRELESS: wl1 (2.4GHz): AutoChannel selected Channel 10 / 20 MHz

Jan 12 12:45:14 fl1-111-169-156-137.tky.mesh.ad.jp [50: C4:DD:0F:4D:E0 AP50C4DD0F4DE0] WIRELESS: wl1.0 (2.4GHz): Encryption Key Renewing

Jan 12 12:45:29 fl1-111-169-156-137.tky.mesh.ad.jp [50: C4:DD:0F:4D:E0 AP50C4DD0F4DE0] WIRELESS: wl0.0 (5GHz): Encryption Key Renewing

Jan 12 12:46:16 fl1-111-169-156-137.tky.mesh.ad.jp [50: C4:DD:16:64:20 AP50C4DD166420] WIRELESS: wl1.0 (2.4GHz): Encryption Key Renewing

Jan 12 12:47:06 fl1-111-169-156-137.tky.mesh.ad.jp [50: C4:DD:16:64:20 AP50C4DD166420] WIRELESS: wl0.0 (5GHz): Encryption Key Renewing

Jan 12 13:03:18 fl1-111-169-156-137.tky.mesh.ad.jp [50: C4:DD:0F:3E:C0 AP50C4DD0F3EC0] WIRELESS: wl1.0 (2.4GHz): Encryption Key Renewing

Jan 12 13:03:18 fl1-111-169-156-137.tky.mesh.ad.jp [50: C4:DD:0F:3E:C0 AP50C4DD0F3EC0] WIRELESS: wl0.0 (5GHz): Encryption Key Renewing

Jan 12 13:21:45 fl1-111-169-156-137.tky.mesh.ad.jp [50: C4:DD:0F:3E:C0 AP50C4DD0F3EC0] ntpclient: SUCCESS: set time :  Sun Jan 12 13:21:45 2020 

Jan 12 13:31:18 fl1-111-169-156-137.tky.mesh.ad.jp [50: C4:DD:0F:3E:C0 AP50C4DD0F3EC0] WIRELESS: wl1 (2.4GHz): AutoChannel selected Channel 9 / 20 MHz

Jan 12 13:31:22 fl1-111-169-156-137.tky.mesh.ad.jp [50: C4:DD:0F:3E:C0 AP50C4DD0F3EC0] WIRELESS: wl1 (2.4GHz): Start sending beacon

Jan 12 13:31:22 fl1-111-169-156-137.tky.mesh.ad.jp [50: C4:DD:0F:3E:C0 AP50C4DD0F3EC0] WIRELESS: wl1 (2.4GHz): Switch Channel 9 / 20 MHz

Jan 12 13:31:23 fl1-111-169-156-137.tky.mesh.ad.jp [50: C4:DD:0F:3E:C0 AP50C4DD0F3EC0] WIRELESS: wl1 (2.4GHz): Start sending beacon

Jan 12 13:45:14 fl1-111-169-156-137.tky.mesh.ad.jp [50: C4:DD:0F:4D:E0 AP50C4DD0F4DE0] WIRELESS: wl1.0 (2.4GHz): Encryption Key Renewing

Jan 12 13:45:29 fl1-111-169-156-137.tky.mesh.ad.jp [50: C4:DD:0F:4D:E0 AP50C4DD0F4DE0] WIRELESS: wl0.0 (5GHz): Encryption Key Renewing

Jan 12 13:46:16 fl1-111-169-156-137.tky.mesh.ad.jp [50: C4:DD:16:64:20 AP50C4DD166420] WIRELESS: wl1.0 (2.4GHz): Encryption Key Renewing

Jan 12 13:47:06 fl1-111-169-156-137.tky.mesh.ad.jp [50: C4:DD:16:64:20 AP50C4DD166420] WIRELESS: wl0.0 (5GHz): Encryption Key Renewing

Jan 12 14:03:18 fl1-111-169-156-137.tky.mesh.ad.jp [50: C4:DD:0F:3E:C0 AP50C4DD0F3EC0] WIRELESS: wl1.0 (2.4GHz): Encryption Key Renewing

Jan 12 14:03:18 fl1-111-169-156-137.tky.mesh.ad.jp [50: C4:DD:0F:3E:C0 AP50C4DD0F3EC0] WIRELESS: wl0.0 (5GHz): Encryption Key Renewing

Jan 12 14:31:19 fl1-111-169-156-137.tky.mesh.ad.jp [50: C4:DD:0F:3E:C0 AP50C4DD0F3EC0] WIRELESS: wl1 (2.4GHz): AutoChannel selected Channel 10 / 20 MHz

Jan 12 14:31:23 fl1-111-169-156-137.tky.mesh.ad.jp [50: C4:DD:0F:3E:C0 AP50C4DD0F3EC0] WIRELESS: wl1 (2.4GHz): Start sending beacon

Jan 12 14:31:24 fl1-111-169-156-137.tky.mesh.ad.jp [50: C4:DD:0F:3E:C0 AP50C4DD0F3EC0] WIRELESS: wl1 (2.4GHz): Switch Channel 10 / 20 MHz

Jan 12 14:31:24 fl1-111-169-156-137.tky.mesh.ad.jp [50: C4:DD:0F:3E:C0 AP50C4DD0F3EC0] WIRELESS: wl1 (2.4GHz): Start sending beacon

Jan 12 14:45:14 fl1-111-169-156-137.tky.mesh.ad.jp [50: C4:DD:0F:4D:E0 AP50C4DD0F4DE0] WIRELESS: wl1.0 (2.4GHz): Encryption Key Renewing

Jan 12 14:45:29 fl1-111-169-156-137.tky.mesh.ad.jp [50: C4:DD:0F:4D:E0 AP50C4DD0F4DE0] WIRELESS: wl0.0 (5GHz): Encryption Key Renewing

Jan 12 14:46:16 fl1-111-169-156-137.tky.mesh.ad.jp [50: C4:DD:16:64:20 AP50C4DD166420] WIRELESS: wl1.0 (2.4GHz): Encryption Key Renewing

Jan 12 14:47:06 fl1-111-169-156-137.tky.mesh.ad.jp [50: C4:DD:16:64:20 AP50C4DD166420] WIRELESS: wl0.0 (5GHz): Encryption Key Renewing

Jan 12 15:03:18 fl1-111-169-156-137.tky.mesh.ad.jp [50: C4:DD:0F:3E:C0 AP50C4DD0F3EC0] WIRELESS: wl1.0 (2.4GHz): Encryption Key Renewing

Jan 12 15:03:18 fl1-111-169-156-137.tky.mesh.ad.jp [50: C4:DD:0F:3E:C0 AP50C4DD0F3EC0] WIRELESS: wl0.0 (5GHz): Encryption Key Renewing

Jan 12 15:31:20 fl1-111-169-156-137.tky.mesh.ad.jp [50: C4:DD:0F:3E:C0 AP50C4DD0F3EC0] WIRELESS: wl1 (2.4GHz): AutoChannel selected Channel 9 / 20 MHz

Jan 12 15:31:24 fl1-111-169-156-137.tky.mesh.ad.jp [50: C4:DD:0F:3E:C0 AP50C4DD0F3EC0] WIRELESS: wl1 (2.4GHz): Start sending beacon

Jan 12 15:31:24 fl1-111-169-156-137.tky.mesh.ad.jp [50: C4:DD:0F:3E:C0 AP50C4DD0F3EC0] WIRELESS: wl1 (2.4GHz): Switch Channel 9 / 20 MHz

Jan 12 15:31:25 fl1-111-169-156-137.tky.mesh.ad.jp [50: C4:DD:0F:3E:C0 AP50C4DD0F3EC0] WIRELESS: wl1 (2.4GHz): Start sending beacon

Jan 12 15:45:14 fl1-111-169-156-137.tky.mesh.ad.jp [50: C4:DD:0F:4D:E0 AP50C4DD0F4DE0] WIRELESS: wl1.0 (2.4GHz): Encryption Key Renewing

Jan 12 15:45:29 fl1-111-169-156-137.tky.mesh.ad.jp [50: C4:DD:0F:4D:E0 AP50C4DD0F4DE0] WIRELESS: wl0.0 (5GHz): Encryption Key Renewing

Jan 12 15:46:16 fl1-111-169-156-137.tky.mesh.ad.jp [50: C4:DD:16:64:20 AP50C4DD166420] WIRELESS: wl1.0 (2.4GHz): Encryption Key Renewing

Jan 12 15:47:07 fl1-111-169-156-137.tky.mesh.ad.jp [50: C4:DD:16:64:20 AP50C4DD166420] WIRELESS: wl0.0 (5GHz): Encryption Key Renewing

Jan 12 16:03:18 fl1-111-169-156-137.tky.mesh.ad.jp [50: C4:DD:0F:3E:C0 AP50C4DD0F3EC0] WIRELESS: wl1.0 (2.4GHz): Encryption Key Renewing

Jan 12 16:03:18 fl1-111-169-156-137.tky.mesh.ad.jp [50: C4:DD:0F:3E:C0 AP50C4DD0F3EC0] WIRELESS: wl0.0 (5GHz): Encryption Key Renewing

Jan 12 16:31:22 fl1-111-169-156-137.tky.mesh.ad.jp [50: C4:DD:0F:3E:C0 AP50C4DD0F3EC0] WIRELESS: wl1 (2.4GHz): AutoChannel selected Channel 2 / 20 MHz

Jan 12 16:31:26 fl1-111-169-156-137.tky.mesh.ad.jp [50: C4:DD:0F:3E:C0 AP50C4DD0F3EC0] WIRELESS: wl1 (2.4GHz): Start sending beacon

Jan 12 16:31:26 fl1-111-169-156-137.tky.mesh.ad.jp [50: C4:DD:0F:3E:C0 AP50C4DD0F3EC0] WIRELESS: wl1 (2.4GHz): Switch Channel 2 / 20 MHz

Jan 12 16:31:26 fl1-111-169-156-137.tky.mesh.ad.jp [50: C4:DD:0F:3E:C0 AP50C4DD0F3EC0] WIRELESS: wl1 (2.4GHz): Start sending beacon

Jan 12 16:45:14 fl1-111-169-156-137.tky.mesh.ad.jp [50: C4:DD:0F:4D:E0 AP50C4DD0F4DE0] WIRELESS: wl1.0 (2.4GHz): Encryption Key Renewing

Jan 12 16:45:18 fl1-111-169-156-137.tky.mesh.ad.jp [50: C4:DD:16:64:20 AP50C4DD166420] WIRELESS: wl1.0 (2.4GHz): DisAssociated User - 62:84:bd:2a:c3:48

Jan 12 16:45:20 fl1-111-169-156-137.tky.mesh.ad.jp [50: C4:DD:16:64:20 AP50C4DD166420] WIRELESS: wl1.0 (2.4GHz): Associated User - 62:84:bd:2a:c3:48

Jan 12 16:45:20 fl1-111-169-156-137.tky.mesh.ad.jp [50: C4:DD:16:64:20 AP50C4DD166420] AUTH: wl1.0 (2.4GHz): Authenticated (WPA2-PSK) User - 62:84:bd:2a:c3:48

Jan 12 16:45:26 fl1-111-169-156-137.tky.mesh.ad.jp [50: C4:DD:16:64:20 AP50C4DD166420] WIRELESS: wl1.0 (2.4GHz): DisAssociated User - 62:84:bd:2a:c3:48

Jan 12 16:45:28 fl1-111-169-156-137.tky.mesh.ad.jp [50: C4:DD:16:64:20 AP50C4DD166420] WIRELESS: wl1.0 (2.4GHz): Associated User - 62:84:bd:2a:c3:48

Jan 12 16:45:29 fl1-111-169-156-137.tky.mesh.ad.jp [50: C4:DD:0F:4D:E0 AP50C4DD0F4DE0] WIRELESS: wl0.0 (5GHz): Encryption Key Renewing

Jan 12 16:45:32 fl1-111-169-156-137.tky.mesh.ad.jp [50: C4:DD:16:64:20 AP50C4DD166420] WIRELESS: wl1.0 (2.4GHz): DisAssociated User - 62:84:bd:2a:c3:48

Jan 12 16:45:32 fl1-111-169-156-137.tky.mesh.ad.jp [50: C4:DD:16:64:20 AP50C4DD166420] WIRELESS: wl1.0 (2.4GHz): Associated User - 62:84:bd:2a:c3:48

Jan 12 16:45:32 fl1-111-169-156-137.tky.mesh.ad.jp [50: C4:DD:16:64:20 AP50C4DD166420] AUTH: wl1.0 (2.4GHz): Authenticated (WPA2-PSK) User - 62:84:bd:2a:c3:48

Jan 12 16:46:16 fl1-111-169-156-137.tky.mesh.ad.jp [50: C4:DD:16:64:20 AP50C4DD166420] WIRELESS: wl1.0 (2.4GHz): Encryption Key Renewing

Jan 12 16:47:07 fl1-111-169-156-137.tky.mesh.ad.jp [50: C4:DD:16:64:20 AP50C4DD166420] WIRELESS: wl0.0 (5GHz): Encryption Key Renewing

Jan 12 17:03:18 fl1-111-169-156-137.tky.mesh.ad.jp [50: C4:DD:0F:3E:C0 AP50C4DD0F3EC0] WIRELESS: wl1.0 (2.4GHz): Encryption Key Renewing

Jan 12 17:03:18 fl1-111-169-156-137.tky.mesh.ad.jp [50: C4:DD:0F:3E:C0 AP50C4DD0F3EC0] WIRELESS: wl0.0 (5GHz): Encryption Key Renewing

Jan 12 17:31:22 fl1-111-169-156-137.tky.mesh.ad.jp [50: C4:DD:0F:3E:C0 AP50C4DD0F3EC0] WIRELESS: wl1 (2.4GHz): AutoChannel selected Channel 10 / 20 MHz

Jan 12 17:31:27 fl1-111-169-156-137.tky.mesh.ad.jp [50: C4:DD:0F:3E:C0 AP50C4DD0F3EC0] WIRELESS: wl1 (2.4GHz): Switch Channel 10 / 20 MHz

Jan 12 17:31:27 fl1-111-169-156-137.tky.mesh.ad.jp [50: C4:DD:0F:3E:C0 AP50C4DD0F3EC0] WIRELESS: wl1 (2.4GHz): Start sending beacon

Jan 12 17:45:14 fl1-111-169-156-137.tky.mesh.ad.jp [50: C4:DD:0F:4D:E0 AP50C4DD0F4DE0] WIRELESS: wl1.0 (2.4GHz): Encryption Key Renewing

Jan 12 17:45:29 fl1-111-169-156-137.tky.mesh.ad.jp [50: C4:DD:0F:4D:E0 AP50C4DD0F4DE0] WIRELESS: wl0.0 (5GHz): Encryption Key Renewing

Jan 12 17:46:16 fl1-111-169-156-137.tky.mesh.ad.jp [50: C4:DD:16:64:20 AP50C4DD166420] WIRELESS: wl1.0 (2.4GHz): Encryption Key Renewing

Jan 12 17:47:07 fl1-111-169-156-137.tky.mesh.ad.jp [50: C4:DD:16:64:20 AP50C4DD166420] WIRELESS: wl0.0 (5GHz): Encryption Key Renewing

Jan 12 18:03:18 fl1-111-169-156-137.tky.mesh.ad.jp [50: C4:DD:0F:3E:C0 AP50C4DD0F3EC0] WIRELESS: wl1.0 (2.4GHz): Encryption Key Renewing

Jan 12 18:03:18 fl1-111-169-156-137.tky.mesh.ad.jp [50: C4:DD:0F:3E:C0 AP50C4DD0F3EC0] WIRELESS: wl0.0 (5GHz): Encryption Key Renewing

Jan 12 18:31:23 fl1-111-169-156-137.tky.mesh.ad.jp [50: C4:DD:0F:3E:C0 AP50C4DD0F3EC0] WIRELESS: wl1 (2.4GHz): AutoChannel selected Channel 10 / 20 MHz

Jan 12 18:45:14 fl1-111-169-156-137.tky.mesh.ad.jp [50: C4:DD:0F:4D:E0 AP50C4DD0F4DE0] WIRELESS: wl1.0 (2.4GHz): Encryption Key Renewing

Jan 12 18:45:29 fl1-111-169-156-137.tky.mesh.ad.jp [50: C4:DD:0F:4D:E0 AP50C4DD0F4DE0] WIRELESS: wl0.0 (5GHz): Encryption Key Renewing

Jan 12 18:46:16 fl1-111-169-156-137.tky.mesh.ad.jp [50: C4:DD:16:64:20 AP50C4DD166420] WIRELESS: wl1.0 (2.4GHz): Encryption Key Renewing

Jan 12 18:47:07 fl1-111-169-156-137.tky.mesh.ad.jp [50: C4:DD:16:64:20 AP50C4DD166420] WIRELESS: wl0.0 (5GHz): Encryption Key Renewing

Jan 12 19:03:18 fl1-111-169-156-137.tky.mesh.ad.jp [50: C4:DD:0F:3E:C0 AP50C4DD0F3EC0] WIRELESS: wl1.0 (2.4GHz): Encryption Key Renewing

Jan 12 19:03:18 fl1-111-169-156-137.tky.mesh.ad.jp [50: C4:DD:0F:3E:C0 AP50C4DD0F3EC0] WIRELESS: wl0.0 (5GHz): Encryption Key Renewing

Jan 12 19:31:24 fl1-111-169-156-137.tky.mesh.ad.jp [50: C4:DD:0F:3E:C0 AP50C4DD0F3EC0] WIRELESS: wl1 (2.4GHz): Detect interference(99per) [with Non-802.11] on channel 3.

Jan 12 19:31:24 fl1-111-169-156-137.tky.mesh.ad.jp [50: C4:DD:0F:3E:C0 AP50C4DD0F3EC0] WIRELESS: wl1 (2.4GHz): AutoChannel selected Channel 10 / 20 MHz

Jan 12 19:45:14 fl1-111-169-156-137.tky.mesh.ad.jp [50: C4:DD:0F:4D:E0 AP50C4DD0F4DE0] WIRELESS: wl1.0 (2.4GHz): Encryption Key Renewing

Jan 12 19:45:29 fl1-111-169-156-137.tky.mesh.ad.jp [50: C4:DD:0F:4D:E0 AP50C4DD0F4DE0] WIRELESS: wl0.0 (5GHz): Encryption Key Renewing

Jan 12 19:46:16 fl1-111-169-156-137.tky.mesh.ad.jp [50: C4:DD:16:64:20 AP50C4DD166420] WIRELESS: wl1.0 (2.4GHz): Encryption Key Renewing

Jan 12 19:47:07 fl1-111-169-156-137.tky.mesh.ad.jp [50: C4:DD:16:64:20 AP50C4DD166420] WIRELESS: wl0.0 (5GHz): Encryption Key Renewing

Jan 12 19:50:54 fl1-111-169-156-137.tky.mesh.ad.jp [50: C4:DD:16:64:20 AP50C4DD166420] WIRELESS: wl0.0 (5GHz): DisAssociated User - 50:32:37:bc:e9:1d

Jan 12 19:50:54 fl1-111-169-156-137.tky.mesh.ad.jp [50: C4:DD:16:64:20 AP50C4DD166420] WIRELESS: wl0.0 (5GHz): Associated User - 50:32:37:bc:e9:1d

Jan 12 19:50:54 fl1-111-169-156-137.tky.mesh.ad.jp [50: C4:DD:16:64:20 AP50C4DD166420] AUTH: wl0.0 (5GHz): Authenticated (WPA2-PSK) User - 50:32:37:bc:e9:1d

Jan 12 19:51:07 fl1-111-169-156-137.tky.mesh.ad.jp [50: C4:DD:16:64:20 AP50C4DD166420] WIRELESS: wl0.0 (5GHz): DisAssociated User - 50:32:37:bc:e9:1d

Jan 12 19:51:07 fl1-111-169-156-137.tky.mesh.ad.jp [50: C4:DD:16:64:20 AP50C4DD166420] WIRELESS: wl0.0 (5GHz): Associated User - 50:32:37:bc:e9:1d

Jan 12 19:51:07 fl1-111-169-156-137.tky.mesh.ad.jp [50: C4:DD:16:64:20 AP50C4DD166420] AUTH: wl0.0 (5GHz): Authenticated (WPA2-PSK) User - 50:32:37:bc:e9:1d

Jan 12 19:51:12 fl1-111-169-156-137.tky.mesh.ad.jp [50: C4:DD:16:64:20 AP50C4DD166420] WIRELESS: wl0.0 (5GHz): DisAssociated User - 50:32:37:bc:e9:1d

Jan 12 19:51:17 fl1-111-169-156-137.tky.mesh.ad.jp [50: C4:DD:16:64:20 AP50C4DD166420] WIRELESS: wl0.0 (5GHz): Associated User - 50:32:37:bc:e9:1d

Jan 12 19:51:17 fl1-111-169-156-137.tky.mesh.ad.jp [50: C4:DD:16:64:20 AP50C4DD166420] AUTH: wl0.0 (5GHz): Authenticated (WPA2-PSK) User - 50:32:37:bc:e9:1d

Jan 12 19:51:22 fl1-111-169-156-137.tky.mesh.ad.jp [50: C4:DD:16:64:20 AP50C4DD166420] WIRELESS: wl0.0 (5GHz): DisAssociated User - 50:32:37:bc:e9:1d

Jan 12 19:51:30 fl1-111-169-156-137.tky.mesh.ad.jp [50: C4:DD:16:64:20 AP50C4DD166420] WIRELESS: wl0.0 (5GHz): Associated User - 50:32:37:bc:e9:1d

Jan 12 19:51:30 fl1-111-169-156-137.tky.mesh.ad.jp [50: C4:DD:16:64:20 AP50C4DD166420] AUTH: wl0.0 (5GHz): Authenticated (WPA2-PSK) User - 50:32:37:bc:e9:1d

Jan 12 20:03:18 fl1-111-169-156-137.tky.mesh.ad.jp [50: C4:DD:0F:3E:C0 AP50C4DD0F3EC0] WIRELESS: wl1.0 (2.4GHz): Encryption Key Renewing

Jan 12 20:03:18 fl1-111-169-156-137.tky.mesh.ad.jp [50: C4:DD:0F:3E:C0 AP50C4DD0F3EC0] WIRELESS: wl0.0 (5GHz): Encryption Key Renewing

Jan 12 20:24:33 fl1-111-169-156-137.tky.mesh.ad.jp [50: C4:DD:16:64:20 AP50C4DD166420] WIRELESS: wl1.0 (2.4GHz): DisAssociated User - 62:84:bd:2a:c3:48

Jan 12 20:24:41 fl1-111-169-156-137.tky.mesh.ad.jp [50: C4:DD:16:64:20 AP50C4DD166420] WIRELESS: wl1.0 (2.4GHz): Associated User - 62:84:bd:2a:c3:48

Jan 12 20:24:45 fl1-111-169-156-137.tky.mesh.ad.jp [50: C4:DD:16:64:20 AP50C4DD166420] WIRELESS: wl1.0 (2.4GHz): DisAssociated User - 62:84:bd:2a:c3:48

Jan 12 20:25:49 fl1-111-169-156-137.tky.mesh.ad.jp [50: C4:DD:16:64:20 AP50C4DD166420] WIRELESS: wl1.0 (2.4GHz): Associated User - 62:84:bd:2a:c3:48

Jan 12 20:25:50 fl1-111-169-156-137.tky.mesh.ad.jp [50: C4:DD:16:64:20 AP50C4DD166420] AUTH: wl1.0 (2.4GHz): Authenticated (WPA2-PSK) User - 62:84:bd:2a:c3:48

Jan 12 20:31:25 fl1-111-169-156-137.tky.mesh.ad.jp [50: C4:DD:0F:3E:C0 AP50C4DD0F3EC0] WIRELESS: wl1 (2.4GHz): AutoChannel selected Channel 8 / 20 MHz

Jan 12 20:31:29 fl1-111-169-156-137.tky.mesh.ad.jp [50: C4:DD:0F:3E:C0 AP50C4DD0F3EC0] WIRELESS: wl1 (2.4GHz): Start sending beacon

Jan 12 20:31:30 fl1-111-169-156-137.tky.mesh.ad.jp [50: C4:DD:0F:3E:C0 AP50C4DD0F3EC0] WIRELESS: wl1 (2.4GHz): Switch Channel 8 / 20 MHz

Jan 12 20:31:30 fl1-111-169-156-137.tky.mesh.ad.jp [50: C4:DD:0F:3E:C0 AP50C4DD0F3EC0] WIRELESS: wl1 (2.4GHz): Start sending beacon

Jan 12 20:45:14 fl1-111-169-156-137.tky.mesh.ad.jp [50: C4:DD:0F:4D:E0 AP50C4DD0F4DE0] WIRELESS: wl1.0 (2.4GHz): Encryption Key Renewing

Jan 12 20:45:29 fl1-111-169-156-137.tky.mesh.ad.jp [50: C4:DD:0F:4D:E0 AP50C4DD0F4DE0] WIRELESS: wl0.0 (5GHz): Encryption Key Renewing

Jan 12 20:46:16 fl1-111-169-156-137.tky.mesh.ad.jp [50: C4:DD:16:64:20 AP50C4DD166420] WIRELESS: wl1.0 (2.4GHz): Encryption Key Renewing

Jan 12 20:47:07 fl1-111-169-156-137.tky.mesh.ad.jp [50: C4:DD:16:64:20 AP50C4DD166420] WIRELESS: wl0.0 (5GHz): Encryption Key Renewing

Jan 12 21:03:18 fl1-111-169-156-137.tky.mesh.ad.jp [50: C4:DD:0F:3E:C0 AP50C4DD0F3EC0] WIRELESS: wl0.0 (5GHz): Encryption Key Renewing

Jan 12 21:03:18 fl1-111-169-156-137.tky.mesh.ad.jp [50: C4:DD:0F:3E:C0 AP50C4DD0F3EC0] WIRELESS: wl1.0 (2.4GHz): Encryption Key Renewing

Jan 12 21:12:24 fl1-111-169-156-137.tky.mesh.ad.jp [50: C4:DD:0F:3E:C0 AP50C4DD0F3EC0] WIRELESS: wl0.0 (5GHz): Deleting roamed station - 48:f1:7f:f9:b5:64

Jan 12 21:31:26 fl1-111-169-156-137.tky.mesh.ad.jp [50: C4:DD:0F:3E:C0 AP50C4DD0F3EC0] WIRELESS: wl1 (2.4GHz): AutoChannel selected Channel 2 / 20 MHz

Jan 12 21:31:30 fl1-111-169-156-137.tky.mesh.ad.jp [50: C4:DD:0F:3E:C0 AP50C4DD0F3EC0] WIRELESS: wl1 (2.4GHz): Start sending beacon

Jan 12 21:31:31 fl1-111-169-156-137.tky.mesh.ad.jp [50: C4:DD:0F:3E:C0 AP50C4DD0F3EC0] WIRELESS: wl1 (2.4GHz): Switch Channel 2 / 20 MHz

Jan 12 21:31:31 fl1-111-169-156-137.tky.mesh.ad.jp [50: C4:DD:0F:3E:C0 AP50C4DD0F3EC0] WIRELESS: wl1 (2.4GHz): Start sending beacon

Jan 12 21:31:46 fl1-111-169-156-137.tky.mesh.ad.jp [50: C4:DD:0F:3E:C0 AP50C4DD0F3EC0] WIRELESS: wl0 (5GHz): AutoChannel selected Channel 100 / 80 MHz

Jan 12 21:45:14 fl1-111-169-156-137.tky.mesh.ad.jp [50: C4:DD:0F:4D:E0 AP50C4DD0F4DE0] WIRELESS: wl1.0 (2.4GHz): Encryption Key Renewing

Jan 12 21:45:29 fl1-111-169-156-137.tky.mesh.ad.jp [50: C4:DD:0F:4D:E0 AP50C4DD0F4DE0] WIRELESS: wl0.0 (5GHz): Encryption Key Renewing

Jan 12 21:46:17 fl1-111-169-156-137.tky.mesh.ad.jp [50: C4:DD:16:64:20 AP50C4DD166420] WIRELESS: wl1.0 (2.4GHz): Encryption Key Renewing

Jan 12 21:47:07 fl1-111-169-156-137.tky.mesh.ad.jp [50: C4:DD:16:64:20 AP50C4DD166420] WIRELESS: wl0.0 (5GHz): Encryption Key Renewing

Jan 12 22:03:18 fl1-111-169-156-137.tky.mesh.ad.jp [50: C4:DD:0F:3E:C0 AP50C4DD0F3EC0] WIRELESS: wl1.0 (2.4GHz): Encryption Key Renewing

Jan 12 22:03:18 fl1-111-169-156-137.tky.mesh.ad.jp [50: C4:DD:0F:3E:C0 AP50C4DD0F3EC0] WIRELESS: wl0.0 (5GHz): Encryption Key Renewing

Jan 12 22:03:29 fl1-111-169-156-137.tky.mesh.ad.jp [50: C4:DD:0F:3E:C0 AP50C4DD0F3EC0] WIRELESS: wl0.0 (5GHz): Encryption Key Renewing failed for User - 48:f1:7f:f9:b5:64

Jan 12 22:31:27 fl1-111-169-156-137.tky.mesh.ad.jp [50: C4:DD:0F:3E:C0 AP50C4DD0F3EC0] WIRELESS: wl1 (2.4GHz): AutoChannel selected Channel 10 / 20 MHz

Jan 12 22:31:31 fl1-111-169-156-137.tky.mesh.ad.jp [50: C4:DD:0F:3E:C0 AP50C4DD0F3EC0] WIRELESS: wl1 (2.4GHz): Start sending beacon

Jan 12 22:31:31 fl1-111-169-156-137.tky.mesh.ad.jp [50: C4:DD:0F:3E:C0 AP50C4DD0F3EC0] WIRELESS: wl1 (2.4GHz): Switch Channel 10 / 20 MHz

Jan 12 22:31:32 fl1-111-169-156-137.tky.mesh.ad.jp [50: C4:DD:0F:3E:C0 AP50C4DD0F3EC0] WIRELESS: wl1 (2.4GHz): Start sending beacon

Jan 12 22:31:48 fl1-111-169-156-137.tky.mesh.ad.jp [50: C4:DD:0F:3E:C0 AP50C4DD0F3EC0] WIRELESS: wl0 (5GHz): AutoChannel selected Channel 100 / 80 MHz

Jan 12 22:45:14 fl1-111-169-156-137.tky.mesh.ad.jp [50: C4:DD:0F:4D:E0 AP50C4DD0F4DE0] WIRELESS: wl1.0 (2.4GHz): Encryption Key Renewing

Jan 12 22:45:29 fl1-111-169-156-137.tky.mesh.ad.jp [50: C4:DD:0F:4D:E0 AP50C4DD0F4DE0] WIRELESS: wl0.0 (5GHz): Encryption Key Renewing

Jan 12 22:46:17 fl1-111-169-156-137.tky.mesh.ad.jp [50: C4:DD:16:64:20 AP50C4DD166420] WIRELESS: wl1.0 (2.4GHz): Encryption Key Renewing

Jan 12 22:47:07 fl1-111-169-156-137.tky.mesh.ad.jp [50: C4:DD:16:64:20 AP50C4DD166420] WIRELESS: wl0.0 (5GHz): Encryption Key Renewing

Jan 12 23:03:18 fl1-111-169-156-137.tky.mesh.ad.jp [50: C4:DD:0F:3E:C0 AP50C4DD0F3EC0] WIRELESS: wl1.0 (2.4GHz): Encryption Key Renewing

Jan 12 23:03:18 fl1-111-169-156-137.tky.mesh.ad.jp [50: C4:DD:0F:3E:C0 AP50C4DD0F3EC0] WIRELESS: wl0.0 (5GHz): Encryption Key Renewing

Jan 12 23:31:28 fl1-111-169-156-137.tky.mesh.ad.jp [50: C4:DD:0F:3E:C0 AP50C4DD0F3EC0] WIRELESS: wl1 (2.4GHz): AutoChannel selected Channel 10 / 20 MHz

Jan 12 23:31:49 fl1-111-169-156-137.tky.mesh.ad.jp [50: C4:DD:0F:3E:C0 AP50C4DD0F3EC0] WIRELESS: wl0 (5GHz): AutoChannel selected Channel 100 / 80 MHz

Jan 12 23:45:14 fl1-111-169-156-137.tky.mesh.ad.jp [50: C4:DD:0F:4D:E0 AP50C4DD0F4DE0] WIRELESS: wl1.0 (2.4GHz): Encryption Key Renewing

Jan 12 23:45:29 fl1-111-169-156-137.tky.mesh.ad.jp [50: C4:DD:0F:4D:E0 AP50C4DD0F4DE0] WIRELESS: wl0.0 (5GHz): Encryption Key Renewing

Jan 12 23:46:17 fl1-111-169-156-137.tky.mesh.ad.jp [50: C4:DD:16:64:20 AP50C4DD166420] WIRELESS: wl1.0 (2.4GHz): Encryption Key Renewing

Jan 12 23:47:07 fl1-111-169-156-137.tky.mesh.ad.jp [50: C4:DD:16:64:20 AP50C4DD166420] WIRELESS: wl0.0 (5GHz): Encryption Key Renewing

