Jan 12 00:15:10 fl1-111-169-156-137.tky.mesh.ad.jp [50: C4:DD:16:64:20 AP50C4DD166420] WIRELESS: wl1.0 (2.4GHz): DisAssociated User - 02:0f:b5:cd:18:ff

Jan 12 00:15:10 fl1-111-169-156-137.tky.mesh.ad.jp [50: C4:DD:16:64:20 AP50C4DD166420] WIRELESS: wl1.0 (2.4GHz): Associated User - 02:0f:b5:cd:18:ff

Jan 12 00:45:10 fl1-111-169-156-137.tky.mesh.ad.jp [50: C4:DD:16:64:20 AP50C4DD166420] AUTH: wl1.0 (2.4GHz): Authenticated (WPA2-PSK) User - 02:0f:b5:cd:18:ff

Jan 12 00:45:10 fl1-111-169-156-137.tky.mesh.ad.jp [50: C4:DD:16:64:20 AP50C4DD166420] WIRELESS: wl1.0 (2.4GHz): Associated User - 02:0f:b5:cd:18:ff

Jan 12 00:46:16 fl1-111-169-156-137.tky.mesh.ad.jp [50: C4:DD:16:64:20 AP50C4DD166420] WIRELESS: wl1.0 (2.4GHz): Encryption Key Renewing

Jan 12 00:47:06 fl1-111-169-156-137.tky.mesh.ad.jp [50: C4:DD:16:64:20 AP50C4DD166420] WIRELESS: wl0.0 (5GHz): Encryption Key Renewing

Jan 12 00:51:18 fl1-111-169-156-137.tky.mesh.ad.jp [50: C4:DD:16:64:20 AP50C4DD166420] WIRELESS: wl1.0 (2.4GHz): DisAssociated User - 02:0f:b5:cd:18:ff

Jan 12 01:15:10 fl1-111-169-156-137.tky.mesh.ad.jp [50: C4:DD:16:64:20 AP50C4DD166420] WIRELESS: wl1.0 (2.4GHz): DisAssociated User - 02:0f:b5:cd:18:ff

Jan 12 01:15:10 fl1-111-169-156-137.tky.mesh.ad.jp [50: C4:DD:16:64:20 AP50C4DD166420] WIRELESS: wl1.0 (2.4GHz): Associated User - 02:0f:b5:cd:18:ff

Jan 12 01:24:51 fl1-111-169-156-137.tky.mesh.ad.jp [50: C4:DD:16:64:20 AP50C4DD166420] WIRELESS: wl1.0 (2.4GHz): DisAssociated User - bc:e1:43:c2:26:ca

Jan 12 01:25:20 fl1-111-169-156-137.tky.mesh.ad.jp [50: C4:DD:16:64:20 AP50C4DD166420] WIRELESS: wl1.0 (2.4GHz): DisAssociated User - bc:e1:43:c2:26:ca

Jan 12 01:25:25 fl1-111-169-156-137.tky.mesh.ad.jp [50: C4:DD:16:64:20 AP50C4DD166420] WIRELESS: wl1.0 (2.4GHz): DisAssociated User - bc:e1:43:c2:26:ca

Jan 12 01:25:25 fl1-111-169-156-137.tky.mesh.ad.jp [50: C4:DD:16:64:20 AP50C4DD166420] WIRELESS: wl1.0 (2.4GHz): Associated User - bc:e1:43:c2:26:ca

Jan 12 01:45:10 fl1-111-169-156-137.tky.mesh.ad.jp [50: C4:DD:16:64:20 AP50C4DD166420] AUTH: wl1.0 (2.4GHz): Authenticated (WPA2-PSK) User - 02:0f:b5:cd:18:ff

Jan 12 01:45:10 fl1-111-169-156-137.tky.mesh.ad.jp [50: C4:DD:16:64:20 AP50C4DD166420] WIRELESS: wl1.0 (2.4GHz): Associated User - 02:0f:b5:cd:18:ff

Jan 12 01:46:16 fl1-111-169-156-137.tky.mesh.ad.jp [50: C4:DD:16:64:20 AP50C4DD166420] WIRELESS: wl1.0 (2.4GHz): Encryption Key Renewing

Jan 12 01:47:06 fl1-111-169-156-137.tky.mesh.ad.jp [50: C4:DD:16:64:20 AP50C4DD166420] WIRELESS: wl0.0 (5GHz): Encryption Key Renewing

Jan 12 01:51:17 fl1-111-169-156-137.tky.mesh.ad.jp [50: C4:DD:16:64:20 AP50C4DD166420] WIRELESS: wl1.0 (2.4GHz): DisAssociated User - 02:0f:b5:cd:18:ff

Jan 12 01:52:42 fl1-111-169-156-137.tky.mesh.ad.jp [50: C4:DD:16:64:20 AP50C4DD166420] WIRELESS: wl1.0 (2.4GHz): DisAssociated User - bc:e1:43:c2:26:ca

Jan 12 01:52:42 fl1-111-169-156-137.tky.mesh.ad.jp [50: C4:DD:16:64:20 AP50C4DD166420] WIRELESS: wl1.0 (2.4GHz): Associated User - bc:e1:43:c2:26:ca

Jan 12 01:54:12 fl1-111-169-156-137.tky.mesh.ad.jp [50: C4:DD:16:64:20 AP50C4DD166420] WIRELESS: wl1.0 (2.4GHz): DisAssociated User - bc:e1:43:c2:26:ca

Jan 12 01:54:12 fl1-111-169-156-137.tky.mesh.ad.jp [50: C4:DD:16:64:20 AP50C4DD166420] WIRELESS: wl1.0 (2.4GHz): Associated User - bc:e1:43:c2:26:ca

Jan 12 02:00:08 fl1-111-169-156-137.tky.mesh.ad.jp [50: C4:DD:16:64:20 AP50C4DD166420] WIRELESS: wl0.0 (5GHz): DisAssociated User - 50:32:37:bc:e9:1d

Jan 12 02:00:08 fl1-111-169-156-137.tky.mesh.ad.jp [50: C4:DD:16:64:20 AP50C4DD166420] WIRELESS: wl0.0 (5GHz): Associated User - 50:32:37:bc:e9:1d

Jan 12 02:00:08 fl1-111-169-156-137.tky.mesh.ad.jp [50: C4:DD:16:64:20 AP50C4DD166420] AUTH: wl0.0 (5GHz): Authenticated (WPA2-PSK) User - 50:32:37:bc:e9:1d

Jan 12 02:00:22 fl1-111-169-156-137.tky.mesh.ad.jp [50: C4:DD:16:64:20 AP50C4DD166420] WIRELESS: wl0.0 (5GHz): DisAssociated User - 50:32:37:bc:e9:1d

Jan 12 02:00:22 fl1-111-169-156-137.tky.mesh.ad.jp [50: C4:DD:16:64:20 AP50C4DD166420] WIRELESS: wl0.0 (5GHz): Associated User - 50:32:37:bc:e9:1d

Jan 12 02:00:22 fl1-111-169-156-137.tky.mesh.ad.jp [50: C4:DD:16:64:20 AP50C4DD166420] AUTH: wl0.0 (5GHz): Authenticated (WPA2-PSK) User - 50:32:37:bc:e9:1d

Jan 12 02:00:35 fl1-111-169-156-137.tky.mesh.ad.jp [50: C4:DD:16:64:20 AP50C4DD166420] WIRELESS: wl0.0 (5GHz): DisAssociated User - 50:32:37:bc:e9:1d

Jan 12 02:00:35 fl1-111-169-156-137.tky.mesh.ad.jp [50: C4:DD:16:64:20 AP50C4DD166420] WIRELESS: wl0.0 (5GHz): Associated User - 50:32:37:bc:e9:1d

Jan 12 02:00:35 fl1-111-169-156-137.tky.mesh.ad.jp [50: C4:DD:16:64:20 AP50C4DD166420] AUTH: wl0.0 (5GHz): Authenticated (WPA2-PSK) User - 50:32:37:bc:e9:1d

Jan 12 02:15:10 fl1-111-169-156-137.tky.mesh.ad.jp [50: C4:DD:16:64:20 AP50C4DD166420] WIRELESS: wl1.0 (2.4GHz): Associated User - 02:0f:b5:cd:18:ff

Jan 12 02:16:42 fl1-111-169-156-137.tky.mesh.ad.jp [50: C4:DD:16:64:20 AP50C4DD166420] WIRELESS: wl1.0 (2.4GHz): DisAssociated User - bc:e1:43:c2:26:ca

Jan 12 02:30:49 fl1-111-169-156-137.tky.mesh.ad.jp [50: C4:DD:16:64:20 AP50C4DD166420] WIRELESS: wl1.0 (2.4GHz): Associated User - bc:e1:43:c2:26:ca

Jan 12 02:30:49 fl1-111-169-156-137.tky.mesh.ad.jp [50: C4:DD:16:64:20 AP50C4DD166420] WIRELESS: wl1.0 (2.4GHz): DisAssociated User - bc:e1:43:c2:26:ca

Jan 12 02:45:10 fl1-111-169-156-137.tky.mesh.ad.jp [50: C4:DD:16:64:20 AP50C4DD166420] WIRELESS: wl1.0 (2.4GHz): DisAssociated User - 02:0f:b5:cd:18:ff

Jan 12 02:45:10 fl1-111-169-156-137.tky.mesh.ad.jp [50: C4:DD:16:64:20 AP50C4DD166420] WIRELESS: wl1.0 (2.4GHz): Associated User - 02:0f:b5:cd:18:ff

Jan 12 02:46:16 fl1-111-169-156-137.tky.mesh.ad.jp [50: C4:DD:16:64:20 AP50C4DD166420] WIRELESS: wl1.0 (2.4GHz): Encryption Key Renewing

Jan 12 02:47:06 fl1-111-169-156-137.tky.mesh.ad.jp [50: C4:DD:16:64:20 AP50C4DD166420] WIRELESS: wl0.0 (5GHz): Encryption Key Renewing

Jan 12 02:55:41 fl1-111-169-156-137.tky.mesh.ad.jp [50: C4:DD:16:64:20 AP50C4DD166420] WIRELESS: wl1.0 (2.4GHz): Associated User - bc:e1:43:c2:26:ca

Jan 12 02:55:45 fl1-111-169-156-137.tky.mesh.ad.jp [50: C4:DD:16:64:20 AP50C4DD166420] WIRELESS: wl1.0 (2.4GHz): DisAssociated User - bc:e1:43:c2:26:ca

Jan 12 02:55:45 fl1-111-169-156-137.tky.mesh.ad.jp [50: C4:DD:16:64:20 AP50C4DD166420] WIRELESS: wl1.0 (2.4GHz): DisAssociated User - bc:e1:43:c2:26:ca

Jan 12 02:55:45 fl1-111-169-156-137.tky.mesh.ad.jp [50: C4:DD:16:64:20 AP50C4DD166420] WIRELESS: wl1.0 (2.4GHz): Associated User - bc:e1:43:c2:26:ca

Jan 12 03:15:10 fl1-111-169-156-137.tky.mesh.ad.jp [50: C4:DD:16:64:20 AP50C4DD166420] WIRELESS: wl1.0 (2.4GHz): Associated User - 02:0f:b5:cd:18:ff

Jan 12 03:15:10 fl1-111-169-156-137.tky.mesh.ad.jp [50: C4:DD:16:64:20 AP50C4DD166420] AUTH: wl1.0 (2.4GHz): Authenticated (WPA2-PSK) User - 02:0f:b5:cd:18:ff

Jan 12 03:20:12 fl1-111-169-156-137.tky.mesh.ad.jp [50: C4:DD:16:64:20 AP50C4DD166420] WIRELESS: wl1.0 (2.4GHz): DisAssociated User - 02:0f:b5:cd:18:ff

Jan 12 03:22:37 fl1-111-169-156-137.tky.mesh.ad.jp [50: C4:DD:16:64:20 AP50C4DD166420] WIRELESS: wl1.0 (2.4GHz): Associated User - 02:0f:b5:cd:18:ff

Jan 12 03:22:37 fl1-111-169-156-137.tky.mesh.ad.jp [50: C4:DD:16:64:20 AP50C4DD166420] AUTH: wl1.0 (2.4GHz): Authenticated (WPA2-PSK) User - 02:0f:b5:cd:18:ff

Jan 12 03:27:42 fl1-111-169-156-137.tky.mesh.ad.jp [50: C4:DD:16:64:20 AP50C4DD166420] WIRELESS: wl1.0 (2.4GHz): DisAssociated User - 02:0f:b5:cd:18:ff

Jan 12 03:36:40 fl1-111-169-156-137.tky.mesh.ad.jp [50: C4:DD:16:64:20 AP50C4DD166420] WIRELESS: wl1.0 (2.4GHz): Associated User - bc:e1:43:c2:26:ca

Jan 12 03:36:43 fl1-111-169-156-137.tky.mesh.ad.jp [50: C4:DD:16:64:20 AP50C4DD166420] WIRELESS: wl1.0 (2.4GHz): DisAssociated User - bc:e1:43:c2:26:ca

Jan 12 03:36:43 fl1-111-169-156-137.tky.mesh.ad.jp [50: C4:DD:16:64:20 AP50C4DD166420] WIRELESS: wl1.0 (2.4GHz): DisAssociated User - bc:e1:43:c2:26:ca

Jan 12 03:42:41 fl1-111-169-156-137.tky.mesh.ad.jp [50: C4:DD:16:64:20 AP50C4DD166420] AUTH: wl1.0 (2.4GHz): Authenticated (WPA2-PSK) User - 02:0f:b5:cd:18:ff

Jan 12 03:42:41 fl1-111-169-156-137.tky.mesh.ad.jp [50: C4:DD:16:64:20 AP50C4DD166420] WIRELESS: wl1.0 (2.4GHz): Associated User - 02:0f:b5:cd:18:ff

Jan 12 03:45:59 fl1-111-169-156-137.tky.mesh.ad.jp [50: C4:DD:16:64:20 AP50C4DD166420] WIRELESS: wl1.0 (2.4GHz): Associated User - bc:e1:43:c2:26:ca

Jan 12 03:45:59 fl1-111-169-156-137.tky.mesh.ad.jp [50: C4:DD:16:64:20 AP50C4DD166420] WIRELESS: wl1.0 (2.4GHz): DisAssociated User - bc:e1:43:c2:26:ca

Jan 12 03:46:06 fl1-111-169-156-137.tky.mesh.ad.jp [50: C4:DD:16:64:20 AP50C4DD166420] WIRELESS: wl1.0 (2.4GHz): DisAssociated User - bc:e1:43:c2:26:ca

Jan 12 03:46:06 fl1-111-169-156-137.tky.mesh.ad.jp [50: C4:DD:16:64:20 AP50C4DD166420] WIRELESS: wl1.0 (2.4GHz): Associated User - bc:e1:43:c2:26:ca

Jan 12 03:46:16 fl1-111-169-156-137.tky.mesh.ad.jp [50: C4:DD:16:64:20 AP50C4DD166420] WIRELESS: wl1.0 (2.4GHz): Encryption Key Renewing

Jan 12 03:47:06 fl1-111-169-156-137.tky.mesh.ad.jp [50: C4:DD:16:64:20 AP50C4DD166420] WIRELESS: wl0.0 (5GHz): Encryption Key Renewing

Jan 12 03:51:18 fl1-111-169-156-137.tky.mesh.ad.jp [50: C4:DD:16:64:20 AP50C4DD166420] WIRELESS: wl1.0 (2.4GHz): DisAssociated User - 02:0f:b5:cd:18:ff

Jan 12 04:07:47 fl1-111-169-156-137.tky.mesh.ad.jp [50: C4:DD:16:64:20 AP50C4DD166420] WIRELESS: wl1.0 (2.4GHz): Associated User - 02:0f:b5:cd:18:ff

Jan 12 04:07:47 fl1-111-169-156-137.tky.mesh.ad.jp [50: C4:DD:16:64:20 AP50C4DD166420] AUTH: wl1.0 (2.4GHz): Authenticated (WPA2-PSK) User - 02:0f:b5:cd:18:ff

Jan 12 04:12:50 fl1-111-169-156-137.tky.mesh.ad.jp [50: C4:DD:16:64:20 AP50C4DD166420] WIRELESS: wl1.0 (2.4GHz): DisAssociated User - 02:0f:b5:cd:18:ff

Jan 12 04:15:10 fl1-111-169-156-137.tky.mesh.ad.jp [50: C4:DD:16:64:20 AP50C4DD166420] WIRELESS: wl1.0 (2.4GHz): Associated User - 02:0f:b5:cd:18:ff

Jan 12 04:15:10 fl1-111-169-156-137.tky.mesh.ad.jp [50: C4:DD:16:64:20 AP50C4DD166420] AUTH: wl1.0 (2.4GHz): Authenticated (WPA2-PSK) User - 02:0f:b5:cd:18:ff

Jan 12 04:20:12 fl1-111-169-156-137.tky.mesh.ad.jp [50: C4:DD:16:64:20 AP50C4DD166420] WIRELESS: wl1.0 (2.4GHz): DisAssociated User - 02:0f:b5:cd:18:ff

Jan 12 04:27:49 fl1-111-169-156-137.tky.mesh.ad.jp [50: C4:DD:16:64:20 AP50C4DD166420] WIRELESS: wl1.0 (2.4GHz): Associated User - 02:0f:b5:cd:18:ff

Jan 12 04:27:49 fl1-111-169-156-137.tky.mesh.ad.jp [50: C4:DD:16:64:20 AP50C4DD166420] AUTH: wl1.0 (2.4GHz): Authenticated (WPA2-PSK) User - 02:0f:b5:cd:18:ff

Jan 12 04:32:52 fl1-111-169-156-137.tky.mesh.ad.jp [50: C4:DD:16:64:20 AP50C4DD166420] WIRELESS: wl1.0 (2.4GHz): DisAssociated User - 02:0f:b5:cd:18:ff

Jan 12 04:45:10 fl1-111-169-156-137.tky.mesh.ad.jp [50: C4:DD:16:64:20 AP50C4DD166420] WIRELESS: wl1.0 (2.4GHz): DisAssociated User - 02:0f:b5:cd:18:ff

Jan 12 04:45:10 fl1-111-169-156-137.tky.mesh.ad.jp [50: C4:DD:16:64:20 AP50C4DD166420] WIRELESS: wl1.0 (2.4GHz): Associated User - 02:0f:b5:cd:18:ff

Jan 12 04:45:10 fl1-111-169-156-137.tky.mesh.ad.jp [50: C4:DD:16:64:20 AP50C4DD166420] WIRELESS: wl1.0 (2.4GHz): DisAssociated User - 02:0f:b5:cd:18:ff

Jan 12 04:45:10 fl1-111-169-156-137.tky.mesh.ad.jp [50: C4:DD:16:64:20 AP50C4DD166420] WIRELESS: wl1.0 (2.4GHz): Associated User - 02:0f:b5:cd:18:ff

Jan 12 04:46:16 fl1-111-169-156-137.tky.mesh.ad.jp [50: C4:DD:16:64:20 AP50C4DD166420] WIRELESS: wl1.0 (2.4GHz): Encryption Key Renewing

Jan 12 04:47:06 fl1-111-169-156-137.tky.mesh.ad.jp [50: C4:DD:16:64:20 AP50C4DD166420] WIRELESS: wl0.0 (5GHz): Encryption Key Renewing

Jan 12 04:47:50 fl1-111-169-156-137.tky.mesh.ad.jp [50: C4:DD:16:64:20 AP50C4DD166420] WIRELESS: wl1.0 (2.4GHz): DisAssociated User - 02:0f:b5:cd:18:ff

Jan 12 04:47:50 fl1-111-169-156-137.tky.mesh.ad.jp [50: C4:DD:16:64:20 AP50C4DD166420] WIRELESS: wl1.0 (2.4GHz): Associated User - 02:0f:b5:cd:18:ff

Jan 12 04:47:54 fl1-111-169-156-137.tky.mesh.ad.jp [50: C4:DD:16:64:20 AP50C4DD166420] WIRELESS: wl1.0 (2.4GHz): Associated User - 02:0f:b5:cd:18:ff

Jan 12 04:47:54 fl1-111-169-156-137.tky.mesh.ad.jp [50: C4:DD:16:64:20 AP50C4DD166420] AUTH: wl1.0 (2.4GHz): Authenticated (WPA2-PSK) User - 02:0f:b5:cd:18:ff

Jan 12 04:52:56 fl1-111-169-156-137.tky.mesh.ad.jp [50: C4:DD:16:64:20 AP50C4DD166420] WIRELESS: wl1.0 (2.4GHz): DisAssociated User - 02:0f:b5:cd:18:ff

Jan 12 05:15:10 fl1-111-169-156-137.tky.mesh.ad.jp [50: C4:DD:16:64:20 AP50C4DD166420] WIRELESS: wl1.0 (2.4GHz): Associated User - 02:0f:b5:cd:18:ff

Jan 12 05:15:10 fl1-111-169-156-137.tky.mesh.ad.jp [50: C4:DD:16:64:20 AP50C4DD166420] AUTH: wl1.0 (2.4GHz): Authenticated (WPA2-PSK) User - 02:0f:b5:cd:18:ff

Jan 12 05:20:12 fl1-111-169-156-137.tky.mesh.ad.jp [50: C4:DD:16:64:20 AP50C4DD166420] WIRELESS: wl1.0 (2.4GHz): DisAssociated User - 02:0f:b5:cd:18:ff

Jan 12 05:45:10 fl1-111-169-156-137.tky.mesh.ad.jp [50: C4:DD:16:64:20 AP50C4DD166420] WIRELESS: wl1.0 (2.4GHz): DisAssociated User - 02:0f:b5:cd:18:ff

Jan 12 05:45:10 fl1-111-169-156-137.tky.mesh.ad.jp [50: C4:DD:16:64:20 AP50C4DD166420] WIRELESS: wl1.0 (2.4GHz): Associated User - 02:0f:b5:cd:18:ff

Jan 12 05:46:16 fl1-111-169-156-137.tky.mesh.ad.jp [50: C4:DD:16:64:20 AP50C4DD166420] WIRELESS: wl1.0 (2.4GHz): Encryption Key Renewing

Jan 12 05:47:06 fl1-111-169-156-137.tky.mesh.ad.jp [50: C4:DD:16:64:20 AP50C4DD166420] WIRELESS: wl0.0 (5GHz): Encryption Key Renewing

Jan 12 06:15:10 fl1-111-169-156-137.tky.mesh.ad.jp [50: C4:DD:16:64:20 AP50C4DD166420] WIRELESS: wl1.0 (2.4GHz): Associated User - 02:0f:b5:cd:18:ff

Jan 12 06:15:10 fl1-111-169-156-137.tky.mesh.ad.jp [50: C4:DD:16:64:20 AP50C4DD166420] AUTH: wl1.0 (2.4GHz): Authenticated (WPA2-PSK) User - 02:0f:b5:cd:18:ff

Jan 12 06:20:12 fl1-111-169-156-137.tky.mesh.ad.jp [50: C4:DD:16:64:20 AP50C4DD166420] WIRELESS: wl1.0 (2.4GHz): DisAssociated User - 02:0f:b5:cd:18:ff

Jan 12 06:45:10 fl1-111-169-156-137.tky.mesh.ad.jp [50: C4:DD:16:64:20 AP50C4DD166420] WIRELESS: wl1.0 (2.4GHz): Associated User - 02:0f:b5:cd:18:ff

Jan 12 06:45:10 fl1-111-169-156-137.tky.mesh.ad.jp [50: C4:DD:16:64:20 AP50C4DD166420] AUTH: wl1.0 (2.4GHz): Authenticated (WPA2-PSK) User - 02:0f:b5:cd:18:ff

Jan 12 06:46:16 fl1-111-169-156-137.tky.mesh.ad.jp [50: C4:DD:16:64:20 AP50C4DD166420] WIRELESS: wl1.0 (2.4GHz): Encryption Key Renewing

Jan 12 06:47:06 fl1-111-169-156-137.tky.mesh.ad.jp [50: C4:DD:16:64:20 AP50C4DD166420] WIRELESS: wl0.0 (5GHz): Encryption Key Renewing

Jan 12 06:51:17 fl1-111-169-156-137.tky.mesh.ad.jp [50: C4:DD:16:64:20 AP50C4DD166420] WIRELESS: wl1.0 (2.4GHz): DisAssociated User - 02:0f:b5:cd:18:ff

Jan 12 07:15:10 fl1-111-169-156-137.tky.mesh.ad.jp [50: C4:DD:16:64:20 AP50C4DD166420] WIRELESS: wl1.0 (2.4GHz): Associated User - 02:0f:b5:cd:18:ff

Jan 12 07:15:10 fl1-111-169-156-137.tky.mesh.ad.jp [50: C4:DD:16:64:20 AP50C4DD166420] AUTH: wl1.0 (2.4GHz): Authenticated (WPA2-PSK) User - 02:0f:b5:cd:18:ff

Jan 12 07:20:12 fl1-111-169-156-137.tky.mesh.ad.jp [50: C4:DD:16:64:20 AP50C4DD166420] WIRELESS: wl1.0 (2.4GHz): DisAssociated User - 02:0f:b5:cd:18:ff

Jan 12 07:46:16 fl1-111-169-156-137.tky.mesh.ad.jp [50: C4:DD:16:64:20 AP50C4DD166420] WIRELESS: wl1.0 (2.4GHz): Encryption Key Renewing

Jan 12 07:47:06 fl1-111-169-156-137.tky.mesh.ad.jp [50: C4:DD:16:64:20 AP50C4DD166420] WIRELESS: wl0.0 (5GHz): Encryption Key Renewing

Jan 12 08:28:39 fl1-111-169-156-137.tky.mesh.ad.jp [50: C4:DD:16:64:20 AP50C4DD166420] WIRELESS: wl0.0 (5GHz): DisAssociated User - 50:32:37:bc:e9:1d

Jan 12 08:28:39 fl1-111-169-156-137.tky.mesh.ad.jp [50: C4:DD:16:64:20 AP50C4DD166420] WIRELESS: wl0.0 (5GHz): Associated User - 50:32:37:bc:e9:1d

Jan 12 08:28:39 fl1-111-169-156-137.tky.mesh.ad.jp [50: C4:DD:16:64:20 AP50C4DD166420] AUTH: wl0.0 (5GHz): Authenticated (WPA2-PSK) User - 50:32:37:bc:e9:1d

Jan 12 08:29:06 fl1-111-169-156-137.tky.mesh.ad.jp [50: C4:DD:16:64:20 AP50C4DD166420] WIRELESS: wl0.0 (5GHz): DisAssociated User - 50:32:37:bc:e9:1d

Jan 12 08:29:06 fl1-111-169-156-137.tky.mesh.ad.jp [50: C4:DD:16:64:20 AP50C4DD166420] WIRELESS: wl0.0 (5GHz): Associated User - 50:32:37:bc:e9:1d

Jan 12 08:29:06 fl1-111-169-156-137.tky.mesh.ad.jp [50: C4:DD:16:64:20 AP50C4DD166420] AUTH: wl0.0 (5GHz): Authenticated (WPA2-PSK) User - 50:32:37:bc:e9:1d

Jan 12 08:29:33 fl1-111-169-156-137.tky.mesh.ad.jp [50: C4:DD:16:64:20 AP50C4DD166420] WIRELESS: wl0.0 (5GHz): DisAssociated User - 50:32:37:bc:e9:1d

Jan 12 08:29:33 fl1-111-169-156-137.tky.mesh.ad.jp [50: C4:DD:16:64:20 AP50C4DD166420] WIRELESS: wl0.0 (5GHz): Associated User - 50:32:37:bc:e9:1d

Jan 12 08:29:33 fl1-111-169-156-137.tky.mesh.ad.jp [50: C4:DD:16:64:20 AP50C4DD166420] AUTH: wl0.0 (5GHz): Authenticated (WPA2-PSK) User - 50:32:37:bc:e9:1d

Jan 12 08:46:16 fl1-111-169-156-137.tky.mesh.ad.jp [50: C4:DD:16:64:20 AP50C4DD166420] WIRELESS: wl1.0 (2.4GHz): Encryption Key Renewing

Jan 12 08:46:26 fl1-111-169-156-137.tky.mesh.ad.jp [50: C4:DD:16:64:20 AP50C4DD166420] WIRELESS: wl1.0 (2.4GHz): Encryption Key Renewing failed for User - b2:39:56:cc:18:ff

Jan 12 08:46:26 fl1-111-169-156-137.tky.mesh.ad.jp [50: C4:DD:16:64:20 AP50C4DD166420] WIRELESS: wl1.0 (2.4GHz): DisAssociated User - b2:39:56:cc:18:ff

Jan 12 08:47:06 fl1-111-169-156-137.tky.mesh.ad.jp [50: C4:DD:16:64:20 AP50C4DD166420] WIRELESS: wl0.0 (5GHz): Encryption Key Renewing

Jan 12 09:46:16 fl1-111-169-156-137.tky.mesh.ad.jp [50: C4:DD:16:64:20 AP50C4DD166420] WIRELESS: wl1.0 (2.4GHz): Encryption Key Renewing

Jan 12 09:47:06 fl1-111-169-156-137.tky.mesh.ad.jp [50: C4:DD:16:64:20 AP50C4DD166420] WIRELESS: wl0.0 (5GHz): Encryption Key Renewing

Jan 12 10:46:16 fl1-111-169-156-137.tky.mesh.ad.jp [50: C4:DD:16:64:20 AP50C4DD166420] WIRELESS: wl1.0 (2.4GHz): Encryption Key Renewing

Jan 12 10:47:06 fl1-111-169-156-137.tky.mesh.ad.jp [50: C4:DD:16:64:20 AP50C4DD166420] WIRELESS: wl0.0 (5GHz): Encryption Key Renewing

Jan 12 11:46:16 fl1-111-169-156-137.tky.mesh.ad.jp [50: C4:DD:16:64:20 AP50C4DD166420] WIRELESS: wl1.0 (2.4GHz): Encryption Key Renewing

Jan 12 11:47:06 fl1-111-169-156-137.tky.mesh.ad.jp [50: C4:DD:16:64:20 AP50C4DD166420] WIRELESS: wl0.0 (5GHz): Encryption Key Renewing

Jan 12 12:46:16 fl1-111-169-156-137.tky.mesh.ad.jp [50: C4:DD:16:64:20 AP50C4DD166420] WIRELESS: wl1.0 (2.4GHz): Encryption Key Renewing

Jan 12 12:47:06 fl1-111-169-156-137.tky.mesh.ad.jp [50: C4:DD:16:64:20 AP50C4DD166420] WIRELESS: wl0.0 (5GHz): Encryption Key Renewing

Jan 12 13:46:16 fl1-111-169-156-137.tky.mesh.ad.jp [50: C4:DD:16:64:20 AP50C4DD166420] WIRELESS: wl1.0 (2.4GHz): Encryption Key Renewing

Jan 12 13:47:06 fl1-111-169-156-137.tky.mesh.ad.jp [50: C4:DD:16:64:20 AP50C4DD166420] WIRELESS: wl0.0 (5GHz): Encryption Key Renewing

Jan 12 14:46:16 fl1-111-169-156-137.tky.mesh.ad.jp [50: C4:DD:16:64:20 AP50C4DD166420] WIRELESS: wl1.0 (2.4GHz): Encryption Key Renewing

Jan 12 14:47:06 fl1-111-169-156-137.tky.mesh.ad.jp [50: C4:DD:16:64:20 AP50C4DD166420] WIRELESS: wl0.0 (5GHz): Encryption Key Renewing

Jan 12 15:46:16 fl1-111-169-156-137.tky.mesh.ad.jp [50: C4:DD:16:64:20 AP50C4DD166420] WIRELESS: wl1.0 (2.4GHz): Encryption Key Renewing

Jan 12 15:47:07 fl1-111-169-156-137.tky.mesh.ad.jp [50: C4:DD:16:64:20 AP50C4DD166420] WIRELESS: wl0.0 (5GHz): Encryption Key Renewing

Jan 12 16:45:18 fl1-111-169-156-137.tky.mesh.ad.jp [50: C4:DD:16:64:20 AP50C4DD166420] WIRELESS: wl1.0 (2.4GHz): DisAssociated User - 62:84:bd:2a:c3:48

Jan 12 16:45:20 fl1-111-169-156-137.tky.mesh.ad.jp [50: C4:DD:16:64:20 AP50C4DD166420] WIRELESS: wl1.0 (2.4GHz): Associated User - 62:84:bd:2a:c3:48

Jan 12 16:45:20 fl1-111-169-156-137.tky.mesh.ad.jp [50: C4:DD:16:64:20 AP50C4DD166420] AUTH: wl1.0 (2.4GHz): Authenticated (WPA2-PSK) User - 62:84:bd:2a:c3:48

Jan 12 16:45:26 fl1-111-169-156-137.tky.mesh.ad.jp [50: C4:DD:16:64:20 AP50C4DD166420] WIRELESS: wl1.0 (2.4GHz): DisAssociated User - 62:84:bd:2a:c3:48

Jan 12 16:45:28 fl1-111-169-156-137.tky.mesh.ad.jp [50: C4:DD:16:64:20 AP50C4DD166420] WIRELESS: wl1.0 (2.4GHz): Associated User - 62:84:bd:2a:c3:48

Jan 12 16:45:32 fl1-111-169-156-137.tky.mesh.ad.jp [50: C4:DD:16:64:20 AP50C4DD166420] WIRELESS: wl1.0 (2.4GHz): DisAssociated User - 62:84:bd:2a:c3:48

Jan 12 16:45:32 fl1-111-169-156-137.tky.mesh.ad.jp [50: C4:DD:16:64:20 AP50C4DD166420] WIRELESS: wl1.0 (2.4GHz): Associated User - 62:84:bd:2a:c3:48

Jan 12 16:45:32 fl1-111-169-156-137.tky.mesh.ad.jp [50: C4:DD:16:64:20 AP50C4DD166420] AUTH: wl1.0 (2.4GHz): Authenticated (WPA2-PSK) User - 62:84:bd:2a:c3:48

Jan 12 16:46:16 fl1-111-169-156-137.tky.mesh.ad.jp [50: C4:DD:16:64:20 AP50C4DD166420] WIRELESS: wl1.0 (2.4GHz): Encryption Key Renewing

Jan 12 16:47:07 fl1-111-169-156-137.tky.mesh.ad.jp [50: C4:DD:16:64:20 AP50C4DD166420] WIRELESS: wl0.0 (5GHz): Encryption Key Renewing

Jan 12 17:46:16 fl1-111-169-156-137.tky.mesh.ad.jp [50: C4:DD:16:64:20 AP50C4DD166420] WIRELESS: wl1.0 (2.4GHz): Encryption Key Renewing

Jan 12 17:47:07 fl1-111-169-156-137.tky.mesh.ad.jp [50: C4:DD:16:64:20 AP50C4DD166420] WIRELESS: wl0.0 (5GHz): Encryption Key Renewing

Jan 12 18:46:16 fl1-111-169-156-137.tky.mesh.ad.jp [50: C4:DD:16:64:20 AP50C4DD166420] WIRELESS: wl1.0 (2.4GHz): Encryption Key Renewing

Jan 12 18:47:07 fl1-111-169-156-137.tky.mesh.ad.jp [50: C4:DD:16:64:20 AP50C4DD166420] WIRELESS: wl0.0 (5GHz): Encryption Key Renewing

Jan 12 19:46:16 fl1-111-169-156-137.tky.mesh.ad.jp [50: C4:DD:16:64:20 AP50C4DD166420] WIRELESS: wl1.0 (2.4GHz): Encryption Key Renewing

Jan 12 19:47:07 fl1-111-169-156-137.tky.mesh.ad.jp [50: C4:DD:16:64:20 AP50C4DD166420] WIRELESS: wl0.0 (5GHz): Encryption Key Renewing

Jan 12 19:50:54 fl1-111-169-156-137.tky.mesh.ad.jp [50: C4:DD:16:64:20 AP50C4DD166420] WIRELESS: wl0.0 (5GHz): DisAssociated User - 50:32:37:bc:e9:1d

Jan 12 19:50:54 fl1-111-169-156-137.tky.mesh.ad.jp [50: C4:DD:16:64:20 AP50C4DD166420] WIRELESS: wl0.0 (5GHz): Associated User - 50:32:37:bc:e9:1d

Jan 12 19:50:54 fl1-111-169-156-137.tky.mesh.ad.jp [50: C4:DD:16:64:20 AP50C4DD166420] AUTH: wl0.0 (5GHz): Authenticated (WPA2-PSK) User - 50:32:37:bc:e9:1d

Jan 12 19:51:07 fl1-111-169-156-137.tky.mesh.ad.jp [50: C4:DD:16:64:20 AP50C4DD166420] WIRELESS: wl0.0 (5GHz): DisAssociated User - 50:32:37:bc:e9:1d

Jan 12 19:51:07 fl1-111-169-156-137.tky.mesh.ad.jp [50: C4:DD:16:64:20 AP50C4DD166420] WIRELESS: wl0.0 (5GHz): Associated User - 50:32:37:bc:e9:1d

Jan 12 19:51:07 fl1-111-169-156-137.tky.mesh.ad.jp [50: C4:DD:16:64:20 AP50C4DD166420] AUTH: wl0.0 (5GHz): Authenticated (WPA2-PSK) User - 50:32:37:bc:e9:1d

Jan 12 19:51:12 fl1-111-169-156-137.tky.mesh.ad.jp [50: C4:DD:16:64:20 AP50C4DD166420] WIRELESS: wl0.0 (5GHz): DisAssociated User - 50:32:37:bc:e9:1d

Jan 12 19:51:17 fl1-111-169-156-137.tky.mesh.ad.jp [50: C4:DD:16:64:20 AP50C4DD166420] WIRELESS: wl0.0 (5GHz): Associated User - 50:32:37:bc:e9:1d

Jan 12 19:51:17 fl1-111-169-156-137.tky.mesh.ad.jp [50: C4:DD:16:64:20 AP50C4DD166420] AUTH: wl0.0 (5GHz): Authenticated (WPA2-PSK) User - 50:32:37:bc:e9:1d

Jan 12 19:51:22 fl1-111-169-156-137.tky.mesh.ad.jp [50: C4:DD:16:64:20 AP50C4DD166420] WIRELESS: wl0.0 (5GHz): DisAssociated User - 50:32:37:bc:e9:1d

Jan 12 19:51:30 fl1-111-169-156-137.tky.mesh.ad.jp [50: C4:DD:16:64:20 AP50C4DD166420] WIRELESS: wl0.0 (5GHz): Associated User - 50:32:37:bc:e9:1d

Jan 12 19:51:30 fl1-111-169-156-137.tky.mesh.ad.jp [50: C4:DD:16:64:20 AP50C4DD166420] AUTH: wl0.0 (5GHz): Authenticated (WPA2-PSK) User - 50:32:37:bc:e9:1d

Jan 12 20:24:33 fl1-111-169-156-137.tky.mesh.ad.jp [50: C4:DD:16:64:20 AP50C4DD166420] WIRELESS: wl1.0 (2.4GHz): DisAssociated User - 62:84:bd:2a:c3:48

Jan 12 20:24:41 fl1-111-169-156-137.tky.mesh.ad.jp [50: C4:DD:16:64:20 AP50C4DD166420] WIRELESS: wl1.0 (2.4GHz): Associated User - 62:84:bd:2a:c3:48

Jan 12 20:24:45 fl1-111-169-156-137.tky.mesh.ad.jp [50: C4:DD:16:64:20 AP50C4DD166420] WIRELESS: wl1.0 (2.4GHz): DisAssociated User - 62:84:bd:2a:c3:48

Jan 12 20:25:49 fl1-111-169-156-137.tky.mesh.ad.jp [50: C4:DD:16:64:20 AP50C4DD166420] WIRELESS: wl1.0 (2.4GHz): Associated User - 62:84:bd:2a:c3:48

Jan 12 20:25:50 fl1-111-169-156-137.tky.mesh.ad.jp [50: C4:DD:16:64:20 AP50C4DD166420] AUTH: wl1.0 (2.4GHz): Authenticated (WPA2-PSK) User - 62:84:bd:2a:c3:48

Jan 12 20:46:16 fl1-111-169-156-137.tky.mesh.ad.jp [50: C4:DD:16:64:20 AP50C4DD166420] WIRELESS: wl1.0 (2.4GHz): Encryption Key Renewing

Jan 12 20:47:07 fl1-111-169-156-137.tky.mesh.ad.jp [50: C4:DD:16:64:20 AP50C4DD166420] WIRELESS: wl0.0 (5GHz): Encryption Key Renewing

Jan 12 21:46:17 fl1-111-169-156-137.tky.mesh.ad.jp [50: C4:DD:16:64:20 AP50C4DD166420] WIRELESS: wl1.0 (2.4GHz): Encryption Key Renewing

Jan 12 21:47:07 fl1-111-169-156-137.tky.mesh.ad.jp [50: C4:DD:16:64:20 AP50C4DD166420] WIRELESS: wl0.0 (5GHz): Encryption Key Renewing

Jan 12 22:46:17 fl1-111-169-156-137.tky.mesh.ad.jp [50: C4:DD:16:64:20 AP50C4DD166420] WIRELESS: wl1.0 (2.4GHz): Encryption Key Renewing

Jan 12 22:47:07 fl1-111-169-156-137.tky.mesh.ad.jp [50: C4:DD:16:64:20 AP50C4DD166420] WIRELESS: wl0.0 (5GHz): Encryption Key Renewing

Jan 12 23:46:17 fl1-111-169-156-137.tky.mesh.ad.jp [50: C4:DD:16:64:20 AP50C4DD166420] WIRELESS: wl1.0 (2.4GHz): Encryption Key Renewing

Jan 12 23:47:07 fl1-111-169-156-137.tky.mesh.ad.jp [50: C4:DD:16:64:20 AP50C4DD166420] WIRELESS: wl0.0 (5GHz): Encryption Key Renewing

