Jan 11 00:15:09 fl1-111-169-156-137.tky.mesh.ad.jp [50: C4:DD:16:64:20 AP50C4DD166420] WIRELESS: wl1.0 (2.4GHz): Associated User - 02:0f:b5:cd:18:ff

Jan 11 00:15:09 fl1-111-169-156-137.tky.mesh.ad.jp [50: C4:DD:16:64:20 AP50C4DD166420] AUTH: wl1.0 (2.4GHz): Authenticated (WPA2-PSK) User - 02:0f:b5:cd:18:ff

Jan 11 00:18:24 fl1-111-169-156-137.tky.mesh.ad.jp [50: C4:DD:16:64:20 AP50C4DD166420] WIRELESS: wl1.0 (2.4GHz): DisAssociated User - bc:e1:43:c2:26:ca

Jan 11 00:18:53 fl1-111-169-156-137.tky.mesh.ad.jp [50: C4:DD:16:64:20 AP50C4DD166420] WIRELESS: wl1.0 (2.4GHz): DisAssociated User - bc:e1:43:c2:26:ca

Jan 11 00:18:58 fl1-111-169-156-137.tky.mesh.ad.jp [50: C4:DD:16:64:20 AP50C4DD166420] WIRELESS: wl1.0 (2.4GHz): Associated User - bc:e1:43:c2:26:ca

Jan 11 00:18:59 fl1-111-169-156-137.tky.mesh.ad.jp [50: C4:DD:16:64:20 AP50C4DD166420] AUTH: wl1.0 (2.4GHz): Authenticated (WPA2-PSK) User - bc:e1:43:c2:26:ca

Jan 11 00:20:12 fl1-111-169-156-137.tky.mesh.ad.jp [50: C4:DD:16:64:20 AP50C4DD166420] WIRELESS: wl1.0 (2.4GHz): DisAssociated User - 02:0f:b5:cd:18:ff

Jan 11 00:45:09 fl1-111-169-156-137.tky.mesh.ad.jp [50: C4:DD:16:64:20 AP50C4DD166420] AUTH: wl1.0 (2.4GHz): Authenticated (WPA2-PSK) User - 02:0f:b5:cd:18:ff

Jan 11 00:45:09 fl1-111-169-156-137.tky.mesh.ad.jp [50: C4:DD:16:64:20 AP50C4DD166420] WIRELESS: wl1.0 (2.4GHz): Associated User - 02:0f:b5:cd:18:ff

Jan 11 00:46:14 fl1-111-169-156-137.tky.mesh.ad.jp [50: C4:DD:16:64:20 AP50C4DD166420] WIRELESS: wl1.0 (2.4GHz): Encryption Key Renewing

Jan 11 00:47:05 fl1-111-169-156-137.tky.mesh.ad.jp [50: C4:DD:16:64:20 AP50C4DD166420] WIRELESS: wl0.0 (5GHz): Encryption Key Renewing

Jan 11 00:51:16 fl1-111-169-156-137.tky.mesh.ad.jp [50: C4:DD:16:64:20 AP50C4DD166420] WIRELESS: wl1.0 (2.4GHz): DisAssociated User - 02:0f:b5:cd:18:ff

Jan 11 01:15:09 fl1-111-169-156-137.tky.mesh.ad.jp [50: C4:DD:16:64:20 AP50C4DD166420] WIRELESS: wl1.0 (2.4GHz): Associated User - 02:0f:b5:cd:18:ff

Jan 11 01:15:09 fl1-111-169-156-137.tky.mesh.ad.jp [50: C4:DD:16:64:20 AP50C4DD166420] AUTH: wl1.0 (2.4GHz): Authenticated (WPA2-PSK) User - 02:0f:b5:cd:18:ff

Jan 11 01:20:11 fl1-111-169-156-137.tky.mesh.ad.jp [50: C4:DD:16:64:20 AP50C4DD166420] WIRELESS: wl1.0 (2.4GHz): DisAssociated User - 02:0f:b5:cd:18:ff

Jan 11 01:45:09 fl1-111-169-156-137.tky.mesh.ad.jp [50: C4:DD:16:64:20 AP50C4DD166420] WIRELESS: wl1.0 (2.4GHz): Associated User - 02:0f:b5:cd:18:ff

Jan 11 01:45:09 fl1-111-169-156-137.tky.mesh.ad.jp [50: C4:DD:16:64:20 AP50C4DD166420] AUTH: wl1.0 (2.4GHz): Authenticated (WPA2-PSK) User - 02:0f:b5:cd:18:ff

Jan 11 01:46:14 fl1-111-169-156-137.tky.mesh.ad.jp [50: C4:DD:16:64:20 AP50C4DD166420] WIRELESS: wl1.0 (2.4GHz): Encryption Key Renewing

Jan 11 01:47:05 fl1-111-169-156-137.tky.mesh.ad.jp [50: C4:DD:16:64:20 AP50C4DD166420] WIRELESS: wl0.0 (5GHz): Encryption Key Renewing

Jan 11 01:51:16 fl1-111-169-156-137.tky.mesh.ad.jp [50: C4:DD:16:64:20 AP50C4DD166420] WIRELESS: wl1.0 (2.4GHz): DisAssociated User - 02:0f:b5:cd:18:ff

Jan 11 02:04:24 fl1-111-169-156-137.tky.mesh.ad.jp [50: C4:DD:16:64:20 AP50C4DD166420] WIRELESS: wl1.0 (2.4GHz): DisAssociated User - 62:84:bd:2a:c3:48

Jan 11 02:04:29 fl1-111-169-156-137.tky.mesh.ad.jp [50: C4:DD:16:64:20 AP50C4DD166420] WIRELESS: wl1.0 (2.4GHz): Associated User - 62:84:bd:2a:c3:48

Jan 11 02:04:29 fl1-111-169-156-137.tky.mesh.ad.jp [50: C4:DD:16:64:20 AP50C4DD166420] AUTH: wl1.0 (2.4GHz): Authenticated (WPA2-PSK) User - 62:84:bd:2a:c3:48

Jan 11 02:15:09 fl1-111-169-156-137.tky.mesh.ad.jp [50: C4:DD:16:64:20 AP50C4DD166420] WIRELESS: wl1.0 (2.4GHz): Associated User - 02:0f:b5:cd:18:ff

Jan 11 02:15:09 fl1-111-169-156-137.tky.mesh.ad.jp [50: C4:DD:16:64:20 AP50C4DD166420] AUTH: wl1.0 (2.4GHz): Authenticated (WPA2-PSK) User - 02:0f:b5:cd:18:ff

Jan 11 02:20:11 fl1-111-169-156-137.tky.mesh.ad.jp [50: C4:DD:16:64:20 AP50C4DD166420] WIRELESS: wl1.0 (2.4GHz): DisAssociated User - 02:0f:b5:cd:18:ff

Jan 11 02:45:09 fl1-111-169-156-137.tky.mesh.ad.jp [50: C4:DD:16:64:20 AP50C4DD166420] WIRELESS: wl1.0 (2.4GHz): Associated User - 02:0f:b5:cd:18:ff

Jan 11 02:45:09 fl1-111-169-156-137.tky.mesh.ad.jp [50: C4:DD:16:64:20 AP50C4DD166420] AUTH: wl1.0 (2.4GHz): Authenticated (WPA2-PSK) User - 02:0f:b5:cd:18:ff

Jan 11 02:46:14 fl1-111-169-156-137.tky.mesh.ad.jp [50: C4:DD:16:64:20 AP50C4DD166420] WIRELESS: wl1.0 (2.4GHz): Encryption Key Renewing

Jan 11 02:47:05 fl1-111-169-156-137.tky.mesh.ad.jp [50: C4:DD:16:64:20 AP50C4DD166420] WIRELESS: wl0.0 (5GHz): Encryption Key Renewing

Jan 11 02:51:17 fl1-111-169-156-137.tky.mesh.ad.jp [50: C4:DD:16:64:20 AP50C4DD166420] WIRELESS: wl1.0 (2.4GHz): DisAssociated User - 02:0f:b5:cd:18:ff

Jan 11 03:09:49 fl1-111-169-156-137.tky.mesh.ad.jp [50: C4:DD:16:64:20 AP50C4DD166420] WIRELESS: wl0.0 (5GHz): DisAssociated User - 50:32:37:bc:e9:1d

Jan 11 03:09:49 fl1-111-169-156-137.tky.mesh.ad.jp [50: C4:DD:16:64:20 AP50C4DD166420] WIRELESS: wl0.0 (5GHz): Associated User - 50:32:37:bc:e9:1d

Jan 11 03:09:49 fl1-111-169-156-137.tky.mesh.ad.jp [50: C4:DD:16:64:20 AP50C4DD166420] AUTH: wl0.0 (5GHz): Authenticated (WPA2-PSK) User - 50:32:37:bc:e9:1d

Jan 11 03:10:15 fl1-111-169-156-137.tky.mesh.ad.jp [50: C4:DD:16:64:20 AP50C4DD166420] WIRELESS: wl0.0 (5GHz): DisAssociated User - 50:32:37:bc:e9:1d

Jan 11 03:10:15 fl1-111-169-156-137.tky.mesh.ad.jp [50: C4:DD:16:64:20 AP50C4DD166420] WIRELESS: wl0.0 (5GHz): Associated User - 50:32:37:bc:e9:1d

Jan 11 03:10:15 fl1-111-169-156-137.tky.mesh.ad.jp [50: C4:DD:16:64:20 AP50C4DD166420] AUTH: wl0.0 (5GHz): Authenticated (WPA2-PSK) User - 50:32:37:bc:e9:1d

Jan 11 03:12:15 fl1-111-169-156-137.tky.mesh.ad.jp [50: C4:DD:16:64:20 AP50C4DD166420] WIRELESS: wl0.0 (5GHz): DisAssociated User - 50:32:37:bc:e9:1d

Jan 11 03:12:15 fl1-111-169-156-137.tky.mesh.ad.jp [50: C4:DD:16:64:20 AP50C4DD166420] WIRELESS: wl0.0 (5GHz): Associated User - 50:32:37:bc:e9:1d

Jan 11 03:12:15 fl1-111-169-156-137.tky.mesh.ad.jp [50: C4:DD:16:64:20 AP50C4DD166420] AUTH: wl0.0 (5GHz): Authenticated (WPA2-PSK) User - 50:32:37:bc:e9:1d

Jan 11 03:12:46 fl1-111-169-156-137.tky.mesh.ad.jp [50: C4:DD:16:64:20 AP50C4DD166420] WIRELESS: wl0.0 (5GHz): DisAssociated User - 50:32:37:bc:e9:1d

Jan 11 03:12:46 fl1-111-169-156-137.tky.mesh.ad.jp [50: C4:DD:16:64:20 AP50C4DD166420] WIRELESS: wl0.0 (5GHz): Associated User - 50:32:37:bc:e9:1d

Jan 11 03:12:46 fl1-111-169-156-137.tky.mesh.ad.jp [50: C4:DD:16:64:20 AP50C4DD166420] AUTH: wl0.0 (5GHz): Authenticated (WPA2-PSK) User - 50:32:37:bc:e9:1d

Jan 11 03:13:12 fl1-111-169-156-137.tky.mesh.ad.jp [50: C4:DD:16:64:20 AP50C4DD166420] WIRELESS: wl0.0 (5GHz): DisAssociated User - 50:32:37:bc:e9:1d

Jan 11 03:13:12 fl1-111-169-156-137.tky.mesh.ad.jp [50: C4:DD:16:64:20 AP50C4DD166420] WIRELESS: wl0.0 (5GHz): Associated User - 50:32:37:bc:e9:1d

Jan 11 03:13:12 fl1-111-169-156-137.tky.mesh.ad.jp [50: C4:DD:16:64:20 AP50C4DD166420] AUTH: wl0.0 (5GHz): Authenticated (WPA2-PSK) User - 50:32:37:bc:e9:1d

Jan 11 03:15:09 fl1-111-169-156-137.tky.mesh.ad.jp [50: C4:DD:16:64:20 AP50C4DD166420] WIRELESS: wl1.0 (2.4GHz): Associated User - 02:0f:b5:cd:18:ff

Jan 11 03:15:09 fl1-111-169-156-137.tky.mesh.ad.jp [50: C4:DD:16:64:20 AP50C4DD166420] AUTH: wl1.0 (2.4GHz): Authenticated (WPA2-PSK) User - 02:0f:b5:cd:18:ff

Jan 11 03:20:11 fl1-111-169-156-137.tky.mesh.ad.jp [50: C4:DD:16:64:20 AP50C4DD166420] WIRELESS: wl1.0 (2.4GHz): DisAssociated User - 02:0f:b5:cd:18:ff

Jan 11 03:27:19 fl1-111-169-156-137.tky.mesh.ad.jp [50: C4:DD:16:64:20 AP50C4DD166420] WIRELESS: wl1.0 (2.4GHz): DisAssociated User - 62:84:bd:2a:c3:48

Jan 11 03:27:21 fl1-111-169-156-137.tky.mesh.ad.jp [50: C4:DD:16:64:20 AP50C4DD166420] WIRELESS: wl1.0 (2.4GHz): Associated User - 62:84:bd:2a:c3:48

Jan 11 03:27:24 fl1-111-169-156-137.tky.mesh.ad.jp [50: C4:DD:16:64:20 AP50C4DD166420] WIRELESS: wl1.0 (2.4GHz): DisAssociated User - 62:84:bd:2a:c3:48

Jan 11 03:27:24 fl1-111-169-156-137.tky.mesh.ad.jp [50: C4:DD:16:64:20 AP50C4DD166420] WIRELESS: wl1.0 (2.4GHz): Associated User - 62:84:bd:2a:c3:48

Jan 11 03:27:24 fl1-111-169-156-137.tky.mesh.ad.jp [50: C4:DD:16:64:20 AP50C4DD166420] AUTH: wl1.0 (2.4GHz): Authenticated (WPA2-PSK) User - 62:84:bd:2a:c3:48

Jan 11 03:27:31 fl1-111-169-156-137.tky.mesh.ad.jp [50: C4:DD:16:64:20 AP50C4DD166420] WIRELESS: wl1.0 (2.4GHz): DisAssociated User - 62:84:bd:2a:c3:48

Jan 11 03:27:31 fl1-111-169-156-137.tky.mesh.ad.jp [50: C4:DD:16:64:20 AP50C4DD166420] WIRELESS: wl1.0 (2.4GHz): Associated User - 62:84:bd:2a:c3:48

Jan 11 03:27:31 fl1-111-169-156-137.tky.mesh.ad.jp [50: C4:DD:16:64:20 AP50C4DD166420] WIRELESS: wl1.0 (2.4GHz): DisAssociated User - 62:84:bd:2a:c3:48

Jan 11 03:27:33 fl1-111-169-156-137.tky.mesh.ad.jp [50: C4:DD:16:64:20 AP50C4DD166420] WIRELESS: wl1.0 (2.4GHz): DisAssociated User - 62:84:bd:2a:c3:48

Jan 11 03:27:33 fl1-111-169-156-137.tky.mesh.ad.jp [50: C4:DD:16:64:20 AP50C4DD166420] WIRELESS: wl1.0 (2.4GHz): Associated User - 62:84:bd:2a:c3:48

Jan 11 03:27:35 fl1-111-169-156-137.tky.mesh.ad.jp [50: C4:DD:16:64:20 AP50C4DD166420] WIRELESS: wl1.0 (2.4GHz): DisAssociated User - 62:84:bd:2a:c3:48

Jan 11 03:27:35 fl1-111-169-156-137.tky.mesh.ad.jp [50: C4:DD:16:64:20 AP50C4DD166420] WIRELESS: wl1.0 (2.4GHz): Associated User - 62:84:bd:2a:c3:48

Jan 11 03:27:37 fl1-111-169-156-137.tky.mesh.ad.jp [50: C4:DD:16:64:20 AP50C4DD166420] WIRELESS: wl1.0 (2.4GHz): Associated User - 62:84:bd:2a:c3:48

Jan 11 03:27:37 fl1-111-169-156-137.tky.mesh.ad.jp [50: C4:DD:16:64:20 AP50C4DD166420] WIRELESS: wl1.0 (2.4GHz): DisAssociated User - 62:84:bd:2a:c3:48

Jan 11 03:27:40 fl1-111-169-156-137.tky.mesh.ad.jp [50: C4:DD:16:64:20 AP50C4DD166420] WIRELESS: wl1.0 (2.4GHz): Associated User - 62:84:bd:2a:c3:48

Jan 11 03:27:41 fl1-111-169-156-137.tky.mesh.ad.jp [50: C4:DD:16:64:20 AP50C4DD166420] AUTH: wl1.0 (2.4GHz): Authenticated (WPA2-PSK) User - 62:84:bd:2a:c3:48

Jan 11 03:27:43 fl1-111-169-156-137.tky.mesh.ad.jp [50: C4:DD:16:64:20 AP50C4DD166420] WIRELESS: wl1.0 (2.4GHz): DisAssociated User - bc:e1:43:c2:26:ca

Jan 11 03:27:43 fl1-111-169-156-137.tky.mesh.ad.jp [50: C4:DD:16:64:20 AP50C4DD166420] WIRELESS: wl1.0 (2.4GHz): Associated User - bc:e1:43:c2:26:ca

Jan 11 03:27:43 fl1-111-169-156-137.tky.mesh.ad.jp [50: C4:DD:16:64:20 AP50C4DD166420] AUTH: wl1.0 (2.4GHz): Authenticated (WPA2-PSK) User - bc:e1:43:c2:26:ca

Jan 11 03:27:46 fl1-111-169-156-137.tky.mesh.ad.jp [50: C4:DD:16:64:20 AP50C4DD166420] WIRELESS: wl1.0 (2.4GHz): DisAssociated User - bc:e1:43:c2:26:ca

Jan 11 03:27:47 fl1-111-169-156-137.tky.mesh.ad.jp [50: C4:DD:16:64:20 AP50C4DD166420] WIRELESS: wl1.0 (2.4GHz): Deleting roamed station - 62:84:bd:2a:c3:48

Jan 11 03:45:09 fl1-111-169-156-137.tky.mesh.ad.jp [50: C4:DD:16:64:20 AP50C4DD166420] AUTH: wl1.0 (2.4GHz): Authenticated (WPA2-PSK) User - 02:0f:b5:cd:18:ff

Jan 11 03:45:09 fl1-111-169-156-137.tky.mesh.ad.jp [50: C4:DD:16:64:20 AP50C4DD166420] WIRELESS: wl1.0 (2.4GHz): Associated User - 02:0f:b5:cd:18:ff

Jan 11 03:46:14 fl1-111-169-156-137.tky.mesh.ad.jp [50: C4:DD:16:64:20 AP50C4DD166420] WIRELESS: wl1.0 (2.4GHz): Encryption Key Renewing

Jan 11 03:46:25 fl1-111-169-156-137.tky.mesh.ad.jp [50: C4:DD:16:64:20 AP50C4DD166420] WIRELESS: wl1.0 (2.4GHz): Encryption Key Renewing failed for User - 62:84:bd:2a:c3:48

Jan 11 03:47:05 fl1-111-169-156-137.tky.mesh.ad.jp [50: C4:DD:16:64:20 AP50C4DD166420] WIRELESS: wl0.0 (5GHz): Encryption Key Renewing

Jan 11 03:51:16 fl1-111-169-156-137.tky.mesh.ad.jp [50: C4:DD:16:64:20 AP50C4DD166420] WIRELESS: wl1.0 (2.4GHz): DisAssociated User - 02:0f:b5:cd:18:ff

Jan 11 04:06:42 fl1-111-169-156-137.tky.mesh.ad.jp [50: C4:DD:16:64:20 AP50C4DD166420] AUTH: wl0.0 (5GHz): Authenticated (WPA2-PSK) User - bc:e1:43:c2:26:ca

Jan 11 04:06:42 fl1-111-169-156-137.tky.mesh.ad.jp [50: C4:DD:16:64:20 AP50C4DD166420] WIRELESS: wl0.0 (5GHz): Associated User - bc:e1:43:c2:26:ca

Jan 11 04:06:43 fl1-111-169-156-137.tky.mesh.ad.jp [50: C4:DD:16:64:20 AP50C4DD166420] WIRELESS: wl1.0 (2.4GHz): Associated User - 62:84:bd:2a:c3:48

Jan 11 04:06:43 fl1-111-169-156-137.tky.mesh.ad.jp [50: C4:DD:16:64:20 AP50C4DD166420] WIRELESS: wl1.0 (2.4GHz): DisAssociated User - 62:84:bd:2a:c3:48

Jan 11 04:06:45 fl1-111-169-156-137.tky.mesh.ad.jp [50: C4:DD:16:64:20 AP50C4DD166420] WIRELESS: wl1.0 (2.4GHz): Associated User - 62:84:bd:2a:c3:48

Jan 11 04:06:45 fl1-111-169-156-137.tky.mesh.ad.jp [50: C4:DD:16:64:20 AP50C4DD166420] WIRELESS: wl1.0 (2.4GHz): DisAssociated User - 62:84:bd:2a:c3:48

Jan 11 04:06:47 fl1-111-169-156-137.tky.mesh.ad.jp [50: C4:DD:16:64:20 AP50C4DD166420] WIRELESS: wl1.0 (2.4GHz): Associated User - 62:84:bd:2a:c3:48

Jan 11 04:06:47 fl1-111-169-156-137.tky.mesh.ad.jp [50: C4:DD:16:64:20 AP50C4DD166420] WIRELESS: wl1.0 (2.4GHz): DisAssociated User - 62:84:bd:2a:c3:48

Jan 11 04:07:15 fl1-111-169-156-137.tky.mesh.ad.jp [50: C4:DD:16:64:20 AP50C4DD166420] WIRELESS: wl1.0 (2.4GHz): Associated User - 62:84:bd:2a:c3:48

Jan 11 04:07:15 fl1-111-169-156-137.tky.mesh.ad.jp [50: C4:DD:16:64:20 AP50C4DD166420] AUTH: wl1.0 (2.4GHz): Authenticated (WPA2-PSK) User - 62:84:bd:2a:c3:48

Jan 11 04:07:29 fl1-111-169-156-137.tky.mesh.ad.jp [50: C4:DD:16:64:20 AP50C4DD166420] WIRELESS: wl1.0 (2.4GHz): DisAssociated User - 62:84:bd:2a:c3:48

Jan 11 04:07:31 fl1-111-169-156-137.tky.mesh.ad.jp [50: C4:DD:16:64:20 AP50C4DD166420] WIRELESS: wl1.0 (2.4GHz): Associated User - 62:84:bd:2a:c3:48

Jan 11 04:07:31 fl1-111-169-156-137.tky.mesh.ad.jp [50: C4:DD:16:64:20 AP50C4DD166420] AUTH: wl1.0 (2.4GHz): Authenticated (WPA2-PSK) User - 62:84:bd:2a:c3:48

Jan 11 04:08:13 fl1-111-169-156-137.tky.mesh.ad.jp [50: C4:DD:16:64:20 AP50C4DD166420] WIRELESS: wl1.0 (2.4GHz): Associated User - bc:e1:43:c2:26:ca

Jan 11 04:08:13 fl1-111-169-156-137.tky.mesh.ad.jp [50: C4:DD:16:64:20 AP50C4DD166420] WIRELESS: wl0.0 (5GHz): Deleting roamed station - bc:e1:43:c2:26:ca

Jan 11 04:08:18 fl1-111-169-156-137.tky.mesh.ad.jp [50: C4:DD:16:64:20 AP50C4DD166420] WIRELESS: wl1.0 (2.4GHz): DisAssociated User - bc:e1:43:c2:26:ca

Jan 11 04:08:22 fl1-111-169-156-137.tky.mesh.ad.jp [50: C4:DD:16:64:20 AP50C4DD166420] WIRELESS: wl1.0 (2.4GHz): DisAssociated User - bc:e1:43:c2:26:ca

Jan 11 04:08:22 fl1-111-169-156-137.tky.mesh.ad.jp [50: C4:DD:16:64:20 AP50C4DD166420] WIRELESS: wl1.0 (2.4GHz): Associated User - bc:e1:43:c2:26:ca

Jan 11 04:15:09 fl1-111-169-156-137.tky.mesh.ad.jp [50: C4:DD:16:64:20 AP50C4DD166420] WIRELESS: wl1.0 (2.4GHz): Associated User - 02:0f:b5:cd:18:ff

Jan 11 04:15:09 fl1-111-169-156-137.tky.mesh.ad.jp [50: C4:DD:16:64:20 AP50C4DD166420] AUTH: wl1.0 (2.4GHz): Authenticated (WPA2-PSK) User - 02:0f:b5:cd:18:ff

Jan 11 04:16:01 fl1-111-169-156-137.tky.mesh.ad.jp [50: C4:DD:16:64:20 AP50C4DD166420] WIRELESS: wl1.0 (2.4GHz): Associated User - bc:e1:43:c2:26:ca

Jan 11 04:16:01 fl1-111-169-156-137.tky.mesh.ad.jp [50: C4:DD:16:64:20 AP50C4DD166420] WIRELESS: wl1.0 (2.4GHz): DisAssociated User - bc:e1:43:c2:26:ca

Jan 11 04:20:11 fl1-111-169-156-137.tky.mesh.ad.jp [50: C4:DD:16:64:20 AP50C4DD166420] WIRELESS: wl1.0 (2.4GHz): DisAssociated User - 02:0f:b5:cd:18:ff

Jan 11 04:31:00 fl1-111-169-156-137.tky.mesh.ad.jp [50: C4:DD:16:64:20 AP50C4DD166420] WIRELESS: wl1.0 (2.4GHz): DisAssociated User - bc:e1:43:c2:26:ca

Jan 11 04:31:00 fl1-111-169-156-137.tky.mesh.ad.jp [50: C4:DD:16:64:20 AP50C4DD166420] WIRELESS: wl1.0 (2.4GHz): Associated User - bc:e1:43:c2:26:ca

Jan 11 04:31:00 fl1-111-169-156-137.tky.mesh.ad.jp [50: C4:DD:16:64:20 AP50C4DD166420] WIRELESS: wl1.0 (2.4GHz): Associated User - bc:e1:43:c2:26:ca

Jan 11 04:31:00 fl1-111-169-156-137.tky.mesh.ad.jp [50: C4:DD:16:64:20 AP50C4DD166420] WIRELESS: wl1.0 (2.4GHz): DisAssociated User - bc:e1:43:c2:26:ca

Jan 11 04:31:00 fl1-111-169-156-137.tky.mesh.ad.jp [50: C4:DD:16:64:20 AP50C4DD166420] WIRELESS: wl0.0 (5GHz): Associated User - bc:e1:43:c2:26:ca

Jan 11 04:31:00 fl1-111-169-156-137.tky.mesh.ad.jp [50: C4:DD:16:64:20 AP50C4DD166420] AUTH: wl0.0 (5GHz): Authenticated (WPA2-PSK) User - bc:e1:43:c2:26:ca

Jan 11 04:32:32 fl1-111-169-156-137.tky.mesh.ad.jp [50: C4:DD:16:64:20 AP50C4DD166420] WIRELESS: wl0.0 (5GHz): DisAssociated User - bc:e1:43:c2:26:ca

Jan 11 04:45:09 fl1-111-169-156-137.tky.mesh.ad.jp [50: C4:DD:16:64:20 AP50C4DD166420] AUTH: wl1.0 (2.4GHz): Authenticated (WPA2-PSK) User - 02:0f:b5:cd:18:ff

Jan 11 04:45:09 fl1-111-169-156-137.tky.mesh.ad.jp [50: C4:DD:16:64:20 AP50C4DD166420] WIRELESS: wl1.0 (2.4GHz): Associated User - 02:0f:b5:cd:18:ff

Jan 11 04:46:14 fl1-111-169-156-137.tky.mesh.ad.jp [50: C4:DD:16:64:20 AP50C4DD166420] WIRELESS: wl1.0 (2.4GHz): Encryption Key Renewing

Jan 11 04:47:05 fl1-111-169-156-137.tky.mesh.ad.jp [50: C4:DD:16:64:20 AP50C4DD166420] WIRELESS: wl0.0 (5GHz): Encryption Key Renewing

Jan 11 04:51:17 fl1-111-169-156-137.tky.mesh.ad.jp [50: C4:DD:16:64:20 AP50C4DD166420] WIRELESS: wl1.0 (2.4GHz): DisAssociated User - 02:0f:b5:cd:18:ff

Jan 11 05:08:06 fl1-111-169-156-137.tky.mesh.ad.jp [50: C4:DD:16:64:20 AP50C4DD166420] WIRELESS: wl1.0 (2.4GHz): DisAssociated User - bc:e1:43:c2:26:ca

Jan 11 05:08:06 fl1-111-169-156-137.tky.mesh.ad.jp [50: C4:DD:16:64:20 AP50C4DD166420] WIRELESS: wl1.0 (2.4GHz): Associated User - bc:e1:43:c2:26:ca

Jan 11 05:08:09 fl1-111-169-156-137.tky.mesh.ad.jp [50: C4:DD:16:64:20 AP50C4DD166420] WIRELESS: wl1.0 (2.4GHz): Associated User - bc:e1:43:c2:26:ca

Jan 11 05:08:10 fl1-111-169-156-137.tky.mesh.ad.jp [50: C4:DD:16:64:20 AP50C4DD166420] AUTH: wl1.0 (2.4GHz): Authenticated (WPA2-PSK) User - bc:e1:43:c2:26:ca

Jan 11 05:09:10 fl1-111-169-156-137.tky.mesh.ad.jp [50: C4:DD:16:64:20 AP50C4DD166420] WIRELESS: wl1.0 (2.4GHz): DisAssociated User - bc:e1:43:c2:26:ca

Jan 11 05:15:09 fl1-111-169-156-137.tky.mesh.ad.jp [50: C4:DD:16:64:20 AP50C4DD166420] AUTH: wl1.0 (2.4GHz): Authenticated (WPA2-PSK) User - 02:0f:b5:cd:18:ff

Jan 11 05:15:09 fl1-111-169-156-137.tky.mesh.ad.jp [50: C4:DD:16:64:20 AP50C4DD166420] WIRELESS: wl1.0 (2.4GHz): Associated User - 02:0f:b5:cd:18:ff

Jan 11 05:20:12 fl1-111-169-156-137.tky.mesh.ad.jp [50: C4:DD:16:64:20 AP50C4DD166420] WIRELESS: wl1.0 (2.4GHz): DisAssociated User - 02:0f:b5:cd:18:ff

Jan 11 05:45:09 fl1-111-169-156-137.tky.mesh.ad.jp [50: C4:DD:16:64:20 AP50C4DD166420] WIRELESS: wl1.0 (2.4GHz): Associated User - 02:0f:b5:cd:18:ff

Jan 11 05:45:09 fl1-111-169-156-137.tky.mesh.ad.jp [50: C4:DD:16:64:20 AP50C4DD166420] AUTH: wl1.0 (2.4GHz): Authenticated (WPA2-PSK) User - 02:0f:b5:cd:18:ff

Jan 11 05:46:14 fl1-111-169-156-137.tky.mesh.ad.jp [50: C4:DD:16:64:20 AP50C4DD166420] WIRELESS: wl1.0 (2.4GHz): Encryption Key Renewing

Jan 11 05:46:56 fl1-111-169-156-137.tky.mesh.ad.jp [50: C4:DD:16:64:20 AP50C4DD166420] WIRELESS: wl1.0 (2.4GHz): DisAssociated User - bc:e1:43:c2:26:ca

Jan 11 05:46:56 fl1-111-169-156-137.tky.mesh.ad.jp [50: C4:DD:16:64:20 AP50C4DD166420] WIRELESS: wl1.0 (2.4GHz): Associated User - bc:e1:43:c2:26:ca

Jan 11 05:46:59 fl1-111-169-156-137.tky.mesh.ad.jp [50: C4:DD:16:64:20 AP50C4DD166420] WIRELESS: wl1.0 (2.4GHz): DisAssociated User - bc:e1:43:c2:26:ca

Jan 11 05:46:59 fl1-111-169-156-137.tky.mesh.ad.jp [50: C4:DD:16:64:20 AP50C4DD166420] WIRELESS: wl1.0 (2.4GHz): Associated User - bc:e1:43:c2:26:ca

Jan 11 05:47:03 fl1-111-169-156-137.tky.mesh.ad.jp [50: C4:DD:16:64:20 AP50C4DD166420] WIRELESS: wl1.0 (2.4GHz): Associated User - bc:e1:43:c2:26:ca

Jan 11 05:47:05 fl1-111-169-156-137.tky.mesh.ad.jp [50: C4:DD:16:64:20 AP50C4DD166420] WIRELESS: wl0.0 (5GHz): Encryption Key Renewing

Jan 11 05:47:07 fl1-111-169-156-137.tky.mesh.ad.jp [50: C4:DD:16:64:20 AP50C4DD166420] WIRELESS: wl1.0 (2.4GHz): DisAssociated User - bc:e1:43:c2:26:ca

Jan 11 05:51:16 fl1-111-169-156-137.tky.mesh.ad.jp [50: C4:DD:16:64:20 AP50C4DD166420] WIRELESS: wl1.0 (2.4GHz): DisAssociated User - 02:0f:b5:cd:18:ff

Jan 11 06:15:09 fl1-111-169-156-137.tky.mesh.ad.jp [50: C4:DD:16:64:20 AP50C4DD166420] WIRELESS: wl1.0 (2.4GHz): Associated User - 02:0f:b5:cd:18:ff

Jan 11 06:15:09 fl1-111-169-156-137.tky.mesh.ad.jp [50: C4:DD:16:64:20 AP50C4DD166420] AUTH: wl1.0 (2.4GHz): Authenticated (WPA2-PSK) User - 02:0f:b5:cd:18:ff

Jan 11 06:20:11 fl1-111-169-156-137.tky.mesh.ad.jp [50: C4:DD:16:64:20 AP50C4DD166420] WIRELESS: wl1.0 (2.4GHz): DisAssociated User - 02:0f:b5:cd:18:ff

Jan 11 06:45:09 fl1-111-169-156-137.tky.mesh.ad.jp [50: C4:DD:16:64:20 AP50C4DD166420] AUTH: wl1.0 (2.4GHz): Authenticated (WPA2-PSK) User - 02:0f:b5:cd:18:ff

Jan 11 06:45:09 fl1-111-169-156-137.tky.mesh.ad.jp [50: C4:DD:16:64:20 AP50C4DD166420] WIRELESS: wl1.0 (2.4GHz): Associated User - 02:0f:b5:cd:18:ff

Jan 11 06:46:15 fl1-111-169-156-137.tky.mesh.ad.jp [50: C4:DD:16:64:20 AP50C4DD166420] WIRELESS: wl1.0 (2.4GHz): Encryption Key Renewing

Jan 11 06:47:05 fl1-111-169-156-137.tky.mesh.ad.jp [50: C4:DD:16:64:20 AP50C4DD166420] WIRELESS: wl0.0 (5GHz): Encryption Key Renewing

Jan 11 06:51:17 fl1-111-169-156-137.tky.mesh.ad.jp [50: C4:DD:16:64:20 AP50C4DD166420] WIRELESS: wl1.0 (2.4GHz): DisAssociated User - 02:0f:b5:cd:18:ff

Jan 11 06:53:09 fl1-111-169-156-137.tky.mesh.ad.jp [50: C4:DD:16:64:20 AP50C4DD166420] WIRELESS: wl1.0 (2.4GHz): DisAssociated User - 02:0f:b5:cd:18:ff

Jan 11 06:53:09 fl1-111-169-156-137.tky.mesh.ad.jp [50: C4:DD:16:64:20 AP50C4DD166420] WIRELESS: wl1.0 (2.4GHz): Associated User - 02:0f:b5:cd:18:ff

Jan 11 06:53:11 fl1-111-169-156-137.tky.mesh.ad.jp [50: C4:DD:16:64:20 AP50C4DD166420] WIRELESS: wl1.0 (2.4GHz): Associated User - 02:0f:b5:cd:18:ff

Jan 11 06:53:11 fl1-111-169-156-137.tky.mesh.ad.jp [50: C4:DD:16:64:20 AP50C4DD166420] AUTH: wl1.0 (2.4GHz): Authenticated (WPA2-PSK) User - 02:0f:b5:cd:18:ff

Jan 11 06:58:13 fl1-111-169-156-137.tky.mesh.ad.jp [50: C4:DD:16:64:20 AP50C4DD166420] WIRELESS: wl1.0 (2.4GHz): DisAssociated User - 02:0f:b5:cd:18:ff

Jan 11 07:13:12 fl1-111-169-156-137.tky.mesh.ad.jp [50: C4:DD:16:64:20 AP50C4DD166420] WIRELESS: wl1.0 (2.4GHz): Associated User - 02:0f:b5:cd:18:ff

Jan 11 07:13:12 fl1-111-169-156-137.tky.mesh.ad.jp [50: C4:DD:16:64:20 AP50C4DD166420] AUTH: wl1.0 (2.4GHz): Authenticated (WPA2-PSK) User - 02:0f:b5:cd:18:ff

Jan 11 07:20:11 fl1-111-169-156-137.tky.mesh.ad.jp [50: C4:DD:16:64:20 AP50C4DD166420] WIRELESS: wl1.0 (2.4GHz): DisAssociated User - 02:0f:b5:cd:18:ff

Jan 11 07:33:14 fl1-111-169-156-137.tky.mesh.ad.jp [50: C4:DD:16:64:20 AP50C4DD166420] WIRELESS: wl1.0 (2.4GHz): Associated User - 02:0f:b5:cd:18:ff

Jan 11 07:33:14 fl1-111-169-156-137.tky.mesh.ad.jp [50: C4:DD:16:64:20 AP50C4DD166420] AUTH: wl1.0 (2.4GHz): Authenticated (WPA2-PSK) User - 02:0f:b5:cd:18:ff

Jan 11 07:38:17 fl1-111-169-156-137.tky.mesh.ad.jp [50: C4:DD:16:64:20 AP50C4DD166420] WIRELESS: wl1.0 (2.4GHz): DisAssociated User - 02:0f:b5:cd:18:ff

Jan 11 07:45:09 fl1-111-169-156-137.tky.mesh.ad.jp [50: C4:DD:16:64:20 AP50C4DD166420] WIRELESS: wl1.0 (2.4GHz): DisAssociated User - 02:0f:b5:cd:18:ff

Jan 11 07:45:09 fl1-111-169-156-137.tky.mesh.ad.jp [50: C4:DD:16:64:20 AP50C4DD166420] WIRELESS: wl1.0 (2.4GHz): Associated User - 02:0f:b5:cd:18:ff

Jan 11 07:46:15 fl1-111-169-156-137.tky.mesh.ad.jp [50: C4:DD:16:64:20 AP50C4DD166420] WIRELESS: wl1.0 (2.4GHz): Encryption Key Renewing

Jan 11 07:47:05 fl1-111-169-156-137.tky.mesh.ad.jp [50: C4:DD:16:64:20 AP50C4DD166420] WIRELESS: wl0.0 (5GHz): Encryption Key Renewing

Jan 11 07:53:16 fl1-111-169-156-137.tky.mesh.ad.jp [50: C4:DD:16:64:20 AP50C4DD166420] WIRELESS: wl1.0 (2.4GHz): Associated User - 02:0f:b5:cd:18:ff

Jan 11 07:53:16 fl1-111-169-156-137.tky.mesh.ad.jp [50: C4:DD:16:64:20 AP50C4DD166420] AUTH: wl1.0 (2.4GHz): Authenticated (WPA2-PSK) User - 02:0f:b5:cd:18:ff

Jan 11 07:58:20 fl1-111-169-156-137.tky.mesh.ad.jp [50: C4:DD:16:64:20 AP50C4DD166420] WIRELESS: wl1.0 (2.4GHz): DisAssociated User - 02:0f:b5:cd:18:ff

Jan 11 08:06:37 fl1-111-169-156-137.tky.mesh.ad.jp [50: C4:DD:16:64:20 AP50C4DD166420] WIRELESS: wl1.0 (2.4GHz): Associated User - f8:95:ea:e3:8d:0f

Jan 11 08:06:37 fl1-111-169-156-137.tky.mesh.ad.jp [50: C4:DD:16:64:20 AP50C4DD166420] AUTH: wl1.0 (2.4GHz): Authenticated (WPA2-PSK) User - f8:95:ea:e3:8d:0f

Jan 11 08:06:39 fl1-111-169-156-137.tky.mesh.ad.jp [50: C4:DD:16:64:20 AP50C4DD166420] WIRELESS: wl1.0 (2.4GHz): DisAssociated User - f8:95:ea:e3:8d:0f

Jan 11 08:06:50 fl1-111-169-156-137.tky.mesh.ad.jp [50: C4:DD:16:64:20 AP50C4DD166420] WIRELESS: wl1.0 (2.4GHz): Associated User - f8:95:ea:e3:8d:0f

Jan 11 08:06:50 fl1-111-169-156-137.tky.mesh.ad.jp [50: C4:DD:16:64:20 AP50C4DD166420] AUTH: wl1.0 (2.4GHz): Authenticated (WPA2-PSK) User - f8:95:ea:e3:8d:0f

Jan 11 08:06:55 fl1-111-169-156-137.tky.mesh.ad.jp [50: C4:DD:16:64:20 AP50C4DD166420] WIRELESS: wl1.0 (2.4GHz): Deleting roamed station - f8:95:ea:e3:8d:0f

Jan 11 08:06:55 fl1-111-169-156-137.tky.mesh.ad.jp [50: C4:DD:16:64:20 AP50C4DD166420] WIRELESS: wl0.0 (5GHz): Associated User - f8:95:ea:e3:8d:0f

Jan 11 08:06:55 fl1-111-169-156-137.tky.mesh.ad.jp [50: C4:DD:16:64:20 AP50C4DD166420] AUTH: wl0.0 (5GHz): Authenticated (WPA2-PSK) User - f8:95:ea:e3:8d:0f

Jan 11 08:33:41 fl1-111-169-156-137.tky.mesh.ad.jp [50: C4:DD:16:64:20 AP50C4DD166420] WIRELESS: wl1.0 (2.4GHz): Associated User - bc:e1:43:c2:26:ca

Jan 11 08:33:41 fl1-111-169-156-137.tky.mesh.ad.jp [50: C4:DD:16:64:20 AP50C4DD166420] WIRELESS: wl1.0 (2.4GHz): DisAssociated User - bc:e1:43:c2:26:ca

Jan 11 08:37:57 fl1-111-169-156-137.tky.mesh.ad.jp [50: C4:DD:16:64:20 AP50C4DD166420] WIRELESS: wl1.0 (2.4GHz): Associated User - 02:0f:b5:cd:18:ff

Jan 11 08:37:57 fl1-111-169-156-137.tky.mesh.ad.jp [50: C4:DD:16:64:20 AP50C4DD166420] AUTH: wl1.0 (2.4GHz): Authenticated (WPA2-PSK) User - 02:0f:b5:cd:18:ff

Jan 11 08:43:37 fl1-111-169-156-137.tky.mesh.ad.jp [50: C4:DD:16:64:20 AP50C4DD166420] WIRELESS: wl1.0 (2.4GHz): DisAssociated User - 02:0f:b5:cd:18:ff

Jan 11 08:46:15 fl1-111-169-156-137.tky.mesh.ad.jp [50: C4:DD:16:64:20 AP50C4DD166420] WIRELESS: wl1.0 (2.4GHz): Encryption Key Renewing

Jan 11 08:46:25 fl1-111-169-156-137.tky.mesh.ad.jp [50: C4:DD:16:64:20 AP50C4DD166420] WIRELESS: wl1.0 (2.4GHz): Encryption Key Renewing failed for User - b2:39:56:cc:18:ff

Jan 11 08:46:25 fl1-111-169-156-137.tky.mesh.ad.jp [50: C4:DD:16:64:20 AP50C4DD166420] WIRELESS: wl1.0 (2.4GHz): DisAssociated User - b2:39:56:cc:18:ff

Jan 11 08:47:05 fl1-111-169-156-137.tky.mesh.ad.jp [50: C4:DD:16:64:20 AP50C4DD166420] WIRELESS: wl0.0 (5GHz): Encryption Key Renewing

Jan 11 08:55:48 fl1-111-169-156-137.tky.mesh.ad.jp [50: C4:DD:16:64:20 AP50C4DD166420] WIRELESS: wl1.0 (2.4GHz): Associated User - bc:e1:43:c2:26:ca

Jan 11 08:55:48 fl1-111-169-156-137.tky.mesh.ad.jp [50: C4:DD:16:64:20 AP50C4DD166420] AUTH: wl1.0 (2.4GHz): Authenticated (WPA2-PSK) User - bc:e1:43:c2:26:ca

Jan 11 09:03:39 fl1-111-169-156-137.tky.mesh.ad.jp [50: C4:DD:16:64:20 AP50C4DD166420] WIRELESS: wl0.0 (5GHz): Associated User - 34:42:62:1e:a7:a8

Jan 11 09:03:39 fl1-111-169-156-137.tky.mesh.ad.jp [50: C4:DD:16:64:20 AP50C4DD166420] AUTH: wl0.0 (5GHz): Authenticated (WPA2-PSK) User - 34:42:62:1e:a7:a8

Jan 11 09:46:15 fl1-111-169-156-137.tky.mesh.ad.jp [50: C4:DD:16:64:20 AP50C4DD166420] WIRELESS: wl1.0 (2.4GHz): Encryption Key Renewing

Jan 11 09:47:05 fl1-111-169-156-137.tky.mesh.ad.jp [50: C4:DD:16:64:20 AP50C4DD166420] WIRELESS: wl0.0 (5GHz): Encryption Key Renewing

Jan 11 10:41:08 fl1-111-169-156-137.tky.mesh.ad.jp [50: C4:DD:16:64:20 AP50C4DD166420] WIRELESS: wl0.0 (5GHz): DisAssociated User - 34:42:62:1e:a7:a8

Jan 11 10:44:01 fl1-111-169-156-137.tky.mesh.ad.jp [50: C4:DD:16:64:20 AP50C4DD166420] WIRELESS: wl1.0 (2.4GHz): DisAssociated User - 62:84:bd:2a:c3:48

Jan 11 10:44:03 fl1-111-169-156-137.tky.mesh.ad.jp [50: C4:DD:16:64:20 AP50C4DD166420] WIRELESS: wl1.0 (2.4GHz): Associated User - 62:84:bd:2a:c3:48

Jan 11 10:44:03 fl1-111-169-156-137.tky.mesh.ad.jp [50: C4:DD:16:64:20 AP50C4DD166420] WIRELESS: wl1.0 (2.4GHz): DisAssociated User - 62:84:bd:2a:c3:48

Jan 11 10:44:07 fl1-111-169-156-137.tky.mesh.ad.jp [50: C4:DD:16:64:20 AP50C4DD166420] WIRELESS: wl1.0 (2.4GHz): Associated User - 62:84:bd:2a:c3:48

Jan 11 10:44:07 fl1-111-169-156-137.tky.mesh.ad.jp [50: C4:DD:16:64:20 AP50C4DD166420] AUTH: wl1.0 (2.4GHz): Authenticated (WPA2-PSK) User - 62:84:bd:2a:c3:48

Jan 11 10:44:07 fl1-111-169-156-137.tky.mesh.ad.jp [50: C4:DD:16:64:20 AP50C4DD166420] WIRELESS: wl1.0 (2.4GHz): DisAssociated User - 62:84:bd:2a:c3:48

Jan 11 10:44:09 fl1-111-169-156-137.tky.mesh.ad.jp [50: C4:DD:16:64:20 AP50C4DD166420] WIRELESS: wl1.0 (2.4GHz): Associated User - 62:84:bd:2a:c3:48

Jan 11 10:44:10 fl1-111-169-156-137.tky.mesh.ad.jp [50: C4:DD:16:64:20 AP50C4DD166420] AUTH: wl1.0 (2.4GHz): Authenticated (WPA2-PSK) User - 62:84:bd:2a:c3:48

Jan 11 10:44:13 fl1-111-169-156-137.tky.mesh.ad.jp [50: C4:DD:16:64:20 AP50C4DD166420] WIRELESS: wl1.0 (2.4GHz): Deleting roamed station - 62:84:bd:2a:c3:48

Jan 11 10:44:20 fl1-111-169-156-137.tky.mesh.ad.jp [50: C4:DD:16:64:20 AP50C4DD166420] WIRELESS: wl1.0 (2.4GHz): Associated User - b2:39:56:cc:18:ff

Jan 11 10:44:20 fl1-111-169-156-137.tky.mesh.ad.jp [50: C4:DD:16:64:20 AP50C4DD166420] AUTH: wl1.0 (2.4GHz): Authenticated (WPA2-PSK) User - b2:39:56:cc:18:ff

Jan 11 10:46:10 fl1-111-169-156-137.tky.mesh.ad.jp [50: C4:DD:16:64:20 AP50C4DD166420] WIRELESS: wl0.0 (5GHz): Deleting roamed station - f8:95:ea:e3:8d:0f

Jan 11 10:46:10 fl1-111-169-156-137.tky.mesh.ad.jp [50: C4:DD:16:64:20 AP50C4DD166420] WIRELESS: wl1.0 (2.4GHz): Associated User - f8:95:ea:e3:8d:0f

Jan 11 10:46:10 fl1-111-169-156-137.tky.mesh.ad.jp [50: C4:DD:16:64:20 AP50C4DD166420] AUTH: wl1.0 (2.4GHz): Authenticated (WPA2-PSK) User - f8:95:ea:e3:8d:0f

Jan 11 10:46:15 fl1-111-169-156-137.tky.mesh.ad.jp [50: C4:DD:16:64:20 AP50C4DD166420] WIRELESS: wl1.0 (2.4GHz): Encryption Key Renewing

Jan 11 10:46:25 fl1-111-169-156-137.tky.mesh.ad.jp [50: C4:DD:16:64:20 AP50C4DD166420] WIRELESS: wl1.0 (2.4GHz): Encryption Key Renewing failed for User - b2:39:56:cc:18:ff

Jan 11 10:46:25 fl1-111-169-156-137.tky.mesh.ad.jp [50: C4:DD:16:64:20 AP50C4DD166420] WIRELESS: wl1.0 (2.4GHz): DisAssociated User - b2:39:56:cc:18:ff

Jan 11 10:46:25 fl1-111-169-156-137.tky.mesh.ad.jp [50: C4:DD:16:64:20 AP50C4DD166420] WIRELESS: wl1.0 (2.4GHz): Encryption Key Renewing failed for User - 62:84:bd:2a:c3:48

Jan 11 10:46:40 fl1-111-169-156-137.tky.mesh.ad.jp [50: C4:DD:16:64:20 AP50C4DD166420] WIRELESS: wl1.0 (2.4GHz): Associated User - b2:39:56:cc:18:ff

Jan 11 10:46:40 fl1-111-169-156-137.tky.mesh.ad.jp [50: C4:DD:16:64:20 AP50C4DD166420] AUTH: wl1.0 (2.4GHz): Authenticated (WPA2-PSK) User - b2:39:56:cc:18:ff

Jan 11 10:47:05 fl1-111-169-156-137.tky.mesh.ad.jp [50: C4:DD:16:64:20 AP50C4DD166420] WIRELESS: wl0.0 (5GHz): Encryption Key Renewing

Jan 11 10:48:50 fl1-111-169-156-137.tky.mesh.ad.jp [50: C4:DD:16:64:20 AP50C4DD166420] WIRELESS: wl0.0 (5GHz): Associated User - f8:95:ea:e3:8d:0f

Jan 11 10:48:50 fl1-111-169-156-137.tky.mesh.ad.jp [50: C4:DD:16:64:20 AP50C4DD166420] WIRELESS: wl1.0 (2.4GHz): Deleting roamed station - f8:95:ea:e3:8d:0f

Jan 11 10:48:50 fl1-111-169-156-137.tky.mesh.ad.jp [50: C4:DD:16:64:20 AP50C4DD166420] AUTH: wl0.0 (5GHz): Authenticated (WPA2-PSK) User - f8:95:ea:e3:8d:0f

Jan 11 10:49:50 fl1-111-169-156-137.tky.mesh.ad.jp [50: C4:DD:16:64:20 AP50C4DD166420] WIRELESS: wl0.0 (5GHz): Deleting roamed station - f8:95:ea:e3:8d:0f

Jan 11 10:49:50 fl1-111-169-156-137.tky.mesh.ad.jp [50: C4:DD:16:64:20 AP50C4DD166420] WIRELESS: wl1.0 (2.4GHz): Associated User - f8:95:ea:e3:8d:0f

Jan 11 10:49:50 fl1-111-169-156-137.tky.mesh.ad.jp [50: C4:DD:16:64:20 AP50C4DD166420] AUTH: wl1.0 (2.4GHz): Authenticated (WPA2-PSK) User - f8:95:ea:e3:8d:0f

Jan 11 10:52:22 fl1-111-169-156-137.tky.mesh.ad.jp [50: C4:DD:16:64:20 AP50C4DD166420] WIRELESS: wl1.0 (2.4GHz): Deleting roamed station - f8:95:ea:e3:8d:0f

Jan 11 10:52:22 fl1-111-169-156-137.tky.mesh.ad.jp [50: C4:DD:16:64:20 AP50C4DD166420] WIRELESS: wl0.0 (5GHz): Associated User - f8:95:ea:e3:8d:0f

Jan 11 10:52:24 fl1-111-169-156-137.tky.mesh.ad.jp [50: C4:DD:16:64:20 AP50C4DD166420] AUTH: wl0.0 (5GHz): Authenticated (WPA2-PSK) User - f8:95:ea:e3:8d:0f

Jan 11 10:53:26 fl1-111-169-156-137.tky.mesh.ad.jp [50: C4:DD:16:64:20 AP50C4DD166420] WIRELESS: wl0.0 (5GHz): DisAssociated User - f8:95:ea:e3:8d:0f

Jan 11 11:15:09 fl1-111-169-156-137.tky.mesh.ad.jp [50: C4:DD:16:64:20 AP50C4DD166420] WIRELESS: wl1.0 (2.4GHz): Associated User - 02:0f:b5:cd:18:ff

Jan 11 11:15:09 fl1-111-169-156-137.tky.mesh.ad.jp [50: C4:DD:16:64:20 AP50C4DD166420] AUTH: wl1.0 (2.4GHz): Authenticated (WPA2-PSK) User - 02:0f:b5:cd:18:ff

Jan 11 11:17:23 fl1-111-169-156-137.tky.mesh.ad.jp [50: C4:DD:16:64:20 AP50C4DD166420] WIRELESS: wl0.0 (5GHz): Associated User - f8:95:ea:e3:8d:0f

Jan 11 11:17:23 fl1-111-169-156-137.tky.mesh.ad.jp [50: C4:DD:16:64:20 AP50C4DD166420] AUTH: wl0.0 (5GHz): Authenticated (WPA2-PSK) User - f8:95:ea:e3:8d:0f

Jan 11 11:18:28 fl1-111-169-156-137.tky.mesh.ad.jp [50: C4:DD:16:64:20 AP50C4DD166420] WIRELESS: wl0.0 (5GHz): DisAssociated User - f8:95:ea:e3:8d:0f

Jan 11 11:19:02 fl1-111-169-156-137.tky.mesh.ad.jp [50: C4:DD:16:64:20 AP50C4DD166420] WIRELESS: wl0.0 (5GHz): Associated User - f8:95:ea:e3:8d:0f

Jan 11 11:19:02 fl1-111-169-156-137.tky.mesh.ad.jp [50: C4:DD:16:64:20 AP50C4DD166420] AUTH: wl0.0 (5GHz): Authenticated (WPA2-PSK) User - f8:95:ea:e3:8d:0f

Jan 11 11:20:17 fl1-111-169-156-137.tky.mesh.ad.jp [50: C4:DD:16:64:20 AP50C4DD166420] WIRELESS: wl1.0 (2.4GHz): DisAssociated User - 02:0f:b5:cd:18:ff

Jan 11 11:34:39 fl1-111-169-156-137.tky.mesh.ad.jp [50: C4:DD:16:64:20 AP50C4DD166420] WIRELESS: wl1.0 (2.4GHz): Associated User - f8:95:ea:e3:8d:0f

Jan 11 11:34:39 fl1-111-169-156-137.tky.mesh.ad.jp [50: C4:DD:16:64:20 AP50C4DD166420] WIRELESS: wl0.0 (5GHz): Deleting roamed station - f8:95:ea:e3:8d:0f

Jan 11 11:34:39 fl1-111-169-156-137.tky.mesh.ad.jp [50: C4:DD:16:64:20 AP50C4DD166420] AUTH: wl1.0 (2.4GHz): Authenticated (WPA2-PSK) User - f8:95:ea:e3:8d:0f

Jan 11 11:38:55 fl1-111-169-156-137.tky.mesh.ad.jp [50: C4:DD:16:64:20 AP50C4DD166420] WIRELESS: wl1.0 (2.4GHz): DisAssociated User - f8:95:ea:e3:8d:0f

Jan 11 11:44:16 fl1-111-169-156-137.tky.mesh.ad.jp [50: C4:DD:16:64:20 AP50C4DD166420] WIRELESS: wl1.0 (2.4GHz): Deleting roamed station - bc:e1:43:c2:26:ca

Jan 11 11:44:16 fl1-111-169-156-137.tky.mesh.ad.jp [50: C4:DD:16:64:20 AP50C4DD166420] WIRELESS: wl0.0 (5GHz): Associated User - bc:e1:43:c2:26:ca

Jan 11 11:44:16 fl1-111-169-156-137.tky.mesh.ad.jp [50: C4:DD:16:64:20 AP50C4DD166420] AUTH: wl0.0 (5GHz): Authenticated (WPA2-PSK) User - bc:e1:43:c2:26:ca

Jan 11 11:44:47 fl1-111-169-156-137.tky.mesh.ad.jp [50: C4:DD:16:64:20 AP50C4DD166420] WIRELESS: wl0.0 (5GHz): Deleting roamed station - bc:e1:43:c2:26:ca

Jan 11 11:44:47 fl1-111-169-156-137.tky.mesh.ad.jp [50: C4:DD:16:64:20 AP50C4DD166420] WIRELESS: wl1.0 (2.4GHz): Associated User - bc:e1:43:c2:26:ca

Jan 11 11:44:48 fl1-111-169-156-137.tky.mesh.ad.jp [50: C4:DD:16:64:20 AP50C4DD166420] WIRELESS: wl1.0 (2.4GHz): Associated User - bc:e1:43:c2:26:ca

Jan 11 11:44:48 fl1-111-169-156-137.tky.mesh.ad.jp [50: C4:DD:16:64:20 AP50C4DD166420] AUTH: wl1.0 (2.4GHz): Authenticated (WPA2-PSK) User - bc:e1:43:c2:26:ca

Jan 11 11:45:00 fl1-111-169-156-137.tky.mesh.ad.jp [50: C4:DD:16:64:20 AP50C4DD166420] WIRELESS: wl0.0 (5GHz): Associated User - bc:e1:43:c2:26:ca

Jan 11 11:45:00 fl1-111-169-156-137.tky.mesh.ad.jp [50: C4:DD:16:64:20 AP50C4DD166420] WIRELESS: wl1.0 (2.4GHz): Deleting roamed station - bc:e1:43:c2:26:ca

Jan 11 11:45:00 fl1-111-169-156-137.tky.mesh.ad.jp [50: C4:DD:16:64:20 AP50C4DD166420] AUTH: wl0.0 (5GHz): Authenticated (WPA2-PSK) User - bc:e1:43:c2:26:ca

Jan 11 11:45:09 fl1-111-169-156-137.tky.mesh.ad.jp [50: C4:DD:16:64:20 AP50C4DD166420] WIRELESS: wl1.0 (2.4GHz): Associated User - 02:0f:b5:cd:18:ff

Jan 11 11:45:09 fl1-111-169-156-137.tky.mesh.ad.jp [50: C4:DD:16:64:20 AP50C4DD166420] AUTH: wl1.0 (2.4GHz): Authenticated (WPA2-PSK) User - 02:0f:b5:cd:18:ff

Jan 11 11:45:32 fl1-111-169-156-137.tky.mesh.ad.jp [50: C4:DD:16:64:20 AP50C4DD166420] WIRELESS: wl0.0 (5GHz): Deleting roamed station - bc:e1:43:c2:26:ca

Jan 11 11:45:32 fl1-111-169-156-137.tky.mesh.ad.jp [50: C4:DD:16:64:20 AP50C4DD166420] WIRELESS: wl1.0 (2.4GHz): Associated User - bc:e1:43:c2:26:ca

Jan 11 11:45:36 fl1-111-169-156-137.tky.mesh.ad.jp [50: C4:DD:16:64:20 AP50C4DD166420] WIRELESS: wl1.0 (2.4GHz): DisAssociated User - bc:e1:43:c2:26:ca

Jan 11 11:45:36 fl1-111-169-156-137.tky.mesh.ad.jp [50: C4:DD:16:64:20 AP50C4DD166420] WIRELESS: wl1.0 (2.4GHz): DisAssociated User - bc:e1:43:c2:26:ca

Jan 11 11:45:36 fl1-111-169-156-137.tky.mesh.ad.jp [50: C4:DD:16:64:20 AP50C4DD166420] WIRELESS: wl1.0 (2.4GHz): Associated User - bc:e1:43:c2:26:ca

Jan 11 11:45:43 fl1-111-169-156-137.tky.mesh.ad.jp [50: C4:DD:16:64:20 AP50C4DD166420] WIRELESS: wl1.0 (2.4GHz): Associated User - bc:e1:43:c2:26:ca

Jan 11 11:45:44 fl1-111-169-156-137.tky.mesh.ad.jp [50: C4:DD:16:64:20 AP50C4DD166420] AUTH: wl1.0 (2.4GHz): Authenticated (WPA2-PSK) User - bc:e1:43:c2:26:ca

Jan 11 11:46:15 fl1-111-169-156-137.tky.mesh.ad.jp [50: C4:DD:16:64:20 AP50C4DD166420] WIRELESS: wl1.0 (2.4GHz): Encryption Key Renewing

Jan 11 11:46:21 fl1-111-169-156-137.tky.mesh.ad.jp [50: C4:DD:16:64:20 AP50C4DD166420] WIRELESS: wl1.0 (2.4GHz): DisAssociated User - bc:e1:43:c2:26:ca

Jan 11 11:47:05 fl1-111-169-156-137.tky.mesh.ad.jp [50: C4:DD:16:64:20 AP50C4DD166420] WIRELESS: wl0.0 (5GHz): Encryption Key Renewing

Jan 11 11:52:08 fl1-111-169-156-137.tky.mesh.ad.jp [50: C4:DD:16:64:20 AP50C4DD166420] WIRELESS: wl1.0 (2.4GHz): DisAssociated User - 02:0f:b5:cd:18:ff

Jan 11 12:15:09 fl1-111-169-156-137.tky.mesh.ad.jp [50: C4:DD:16:64:20 AP50C4DD166420] WIRELESS: wl1.0 (2.4GHz): Associated User - 02:0f:b5:cd:18:ff

Jan 11 12:15:09 fl1-111-169-156-137.tky.mesh.ad.jp [50: C4:DD:16:64:20 AP50C4DD166420] AUTH: wl1.0 (2.4GHz): Authenticated (WPA2-PSK) User - 02:0f:b5:cd:18:ff

Jan 11 12:18:09 fl1-111-169-156-137.tky.mesh.ad.jp [50: C4:DD:16:64:20 AP50C4DD166420] WIRELESS: wl1.0 (2.4GHz): Associated User - bc:e1:43:c2:26:ca

Jan 11 12:18:12 fl1-111-169-156-137.tky.mesh.ad.jp [50: C4:DD:16:64:20 AP50C4DD166420] WIRELESS: wl1.0 (2.4GHz): DisAssociated User - bc:e1:43:c2:26:ca

Jan 11 12:20:12 fl1-111-169-156-137.tky.mesh.ad.jp [50: C4:DD:16:64:20 AP50C4DD166420] WIRELESS: wl1.0 (2.4GHz): DisAssociated User - 02:0f:b5:cd:18:ff

Jan 11 12:31:15 fl1-111-169-156-137.tky.mesh.ad.jp [50: C4:DD:16:64:20 AP50C4DD166420] WIRELESS: wl1.0 (2.4GHz): DisAssociated User - bc:e1:43:c2:26:ca

Jan 11 12:31:15 fl1-111-169-156-137.tky.mesh.ad.jp [50: C4:DD:16:64:20 AP50C4DD166420] WIRELESS: wl1.0 (2.4GHz): Associated User - bc:e1:43:c2:26:ca

Jan 11 12:31:18 fl1-111-169-156-137.tky.mesh.ad.jp [50: C4:DD:16:64:20 AP50C4DD166420] WIRELESS: wl1.0 (2.4GHz): Associated User - bc:e1:43:c2:26:ca

Jan 11 12:31:18 fl1-111-169-156-137.tky.mesh.ad.jp [50: C4:DD:16:64:20 AP50C4DD166420] WIRELESS: wl1.0 (2.4GHz): DisAssociated User - bc:e1:43:c2:26:ca

Jan 11 12:33:24 fl1-111-169-156-137.tky.mesh.ad.jp [50: C4:DD:16:64:20 AP50C4DD166420] WIRELESS: wl1.0 (2.4GHz): DisAssociated User - bc:e1:43:c2:26:ca

Jan 11 12:33:24 fl1-111-169-156-137.tky.mesh.ad.jp [50: C4:DD:16:64:20 AP50C4DD166420] WIRELESS: wl1.0 (2.4GHz): Associated User - bc:e1:43:c2:26:ca

Jan 11 12:46:15 fl1-111-169-156-137.tky.mesh.ad.jp [50: C4:DD:16:64:20 AP50C4DD166420] WIRELESS: wl1.0 (2.4GHz): Encryption Key Renewing

Jan 11 12:46:25 fl1-111-169-156-137.tky.mesh.ad.jp [50: C4:DD:16:64:20 AP50C4DD166420] WIRELESS: wl1.0 (2.4GHz): Encryption Key Renewing failed for User - 02:0f:b5:cd:18:ff

Jan 11 12:46:25 fl1-111-169-156-137.tky.mesh.ad.jp [50: C4:DD:16:64:20 AP50C4DD166420] WIRELESS: wl1.0 (2.4GHz): DisAssociated User - 02:0f:b5:cd:18:ff

Jan 11 12:46:25 fl1-111-169-156-137.tky.mesh.ad.jp [50: C4:DD:16:64:20 AP50C4DD166420] WIRELESS: wl1.0 (2.4GHz): Encryption Key Renewing failed for User - b2:39:56:cc:18:ff

Jan 11 12:46:25 fl1-111-169-156-137.tky.mesh.ad.jp [50: C4:DD:16:64:20 AP50C4DD166420] WIRELESS: wl1.0 (2.4GHz): DisAssociated User - b2:39:56:cc:18:ff

Jan 11 12:47:05 fl1-111-169-156-137.tky.mesh.ad.jp [50: C4:DD:16:64:20 AP50C4DD166420] WIRELESS: wl0.0 (5GHz): Encryption Key Renewing

Jan 11 12:47:30 fl1-111-169-156-137.tky.mesh.ad.jp [50: C4:DD:16:64:20 AP50C4DD166420] WIRELESS: wl1.0 (2.4GHz): Associated User - bc:e1:43:c2:26:ca

Jan 11 12:47:30 fl1-111-169-156-137.tky.mesh.ad.jp [50: C4:DD:16:64:20 AP50C4DD166420] AUTH: wl1.0 (2.4GHz): Authenticated (WPA2-PSK) User - bc:e1:43:c2:26:ca

Jan 11 12:47:36 fl1-111-169-156-137.tky.mesh.ad.jp [50: C4:DD:16:64:20 AP50C4DD166420] WIRELESS: wl1.0 (2.4GHz): DisAssociated User - bc:e1:43:c2:26:ca

Jan 11 12:49:16 fl1-111-169-156-137.tky.mesh.ad.jp [50: C4:DD:16:64:20 AP50C4DD166420] WIRELESS: wl1.0 (2.4GHz): Associated User - b2:39:56:cc:18:ff

Jan 11 12:49:16 fl1-111-169-156-137.tky.mesh.ad.jp [50: C4:DD:16:64:20 AP50C4DD166420] AUTH: wl1.0 (2.4GHz): Authenticated (WPA2-PSK) User - b2:39:56:cc:18:ff

Jan 11 12:51:58 fl1-111-169-156-137.tky.mesh.ad.jp [50: C4:DD:16:64:20 AP50C4DD166420] WIRELESS: wl1.0 (2.4GHz): DisAssociated User - bc:e1:43:c2:26:ca

Jan 11 12:51:58 fl1-111-169-156-137.tky.mesh.ad.jp [50: C4:DD:16:64:20 AP50C4DD166420] WIRELESS: wl1.0 (2.4GHz): Associated User - bc:e1:43:c2:26:ca

Jan 11 12:52:01 fl1-111-169-156-137.tky.mesh.ad.jp [50: C4:DD:16:64:20 AP50C4DD166420] WIRELESS: wl1.0 (2.4GHz): DisAssociated User - bc:e1:43:c2:26:ca

Jan 11 12:52:01 fl1-111-169-156-137.tky.mesh.ad.jp [50: C4:DD:16:64:20 AP50C4DD166420] WIRELESS: wl1.0 (2.4GHz): Associated User - bc:e1:43:c2:26:ca

Jan 11 12:52:05 fl1-111-169-156-137.tky.mesh.ad.jp [50: C4:DD:16:64:20 AP50C4DD166420] WIRELESS: wl1.0 (2.4GHz): Associated User - bc:e1:43:c2:26:ca

Jan 11 12:52:05 fl1-111-169-156-137.tky.mesh.ad.jp [50: C4:DD:16:64:20 AP50C4DD166420] AUTH: wl1.0 (2.4GHz): Authenticated (WPA2-PSK) User - bc:e1:43:c2:26:ca

Jan 11 12:52:13 fl1-111-169-156-137.tky.mesh.ad.jp [50: C4:DD:16:64:20 AP50C4DD166420] WIRELESS: wl1.0 (2.4GHz): DisAssociated User - bc:e1:43:c2:26:ca

Jan 11 12:53:46 fl1-111-169-156-137.tky.mesh.ad.jp [50: C4:DD:16:64:20 AP50C4DD166420] WIRELESS: wl1.0 (2.4GHz): Associated User - 62:84:bd:2a:c3:48

Jan 11 12:53:46 fl1-111-169-156-137.tky.mesh.ad.jp [50: C4:DD:16:64:20 AP50C4DD166420] AUTH: wl1.0 (2.4GHz): Authenticated (WPA2-PSK) User - 62:84:bd:2a:c3:48

Jan 11 12:53:50 fl1-111-169-156-137.tky.mesh.ad.jp [50: C4:DD:16:64:20 AP50C4DD166420] WIRELESS: wl1.0 (2.4GHz): DisAssociated User - 62:84:bd:2a:c3:48

Jan 11 12:53:52 fl1-111-169-156-137.tky.mesh.ad.jp [50: C4:DD:16:64:20 AP50C4DD166420] WIRELESS: wl1.0 (2.4GHz): Associated User - 62:84:bd:2a:c3:48

Jan 11 12:53:52 fl1-111-169-156-137.tky.mesh.ad.jp [50: C4:DD:16:64:20 AP50C4DD166420] AUTH: wl1.0 (2.4GHz): Authenticated (WPA2-PSK) User - 62:84:bd:2a:c3:48

Jan 11 13:25:47 fl1-111-169-156-137.tky.mesh.ad.jp [50: C4:DD:16:64:20 AP50C4DD166420] WIRELESS: wl1.0 (2.4GHz): DisAssociated User - 62:84:bd:2a:c3:48

Jan 11 13:25:53 fl1-111-169-156-137.tky.mesh.ad.jp [50: C4:DD:16:64:20 AP50C4DD166420] WIRELESS: wl1.0 (2.4GHz): Associated User - 62:84:bd:2a:c3:48

Jan 11 13:25:53 fl1-111-169-156-137.tky.mesh.ad.jp [50: C4:DD:16:64:20 AP50C4DD166420] AUTH: wl1.0 (2.4GHz): Authenticated (WPA2-PSK) User - 62:84:bd:2a:c3:48

Jan 11 13:25:55 fl1-111-169-156-137.tky.mesh.ad.jp [50: C4:DD:16:64:20 AP50C4DD166420] WIRELESS: wl1.0 (2.4GHz): DisAssociated User - 62:84:bd:2a:c3:48

Jan 11 13:32:37 fl1-111-169-156-137.tky.mesh.ad.jp [50: C4:DD:16:64:20 AP50C4DD166420] WIRELESS: wl1.0 (2.4GHz): DisAssociated User - bc:e1:43:c2:26:ca

Jan 11 13:32:37 fl1-111-169-156-137.tky.mesh.ad.jp [50: C4:DD:16:64:20 AP50C4DD166420] WIRELESS: wl1.0 (2.4GHz): Associated User - bc:e1:43:c2:26:ca

Jan 11 13:46:15 fl1-111-169-156-137.tky.mesh.ad.jp [50: C4:DD:16:64:20 AP50C4DD166420] WIRELESS: wl1.0 (2.4GHz): Encryption Key Renewing

Jan 11 13:46:25 fl1-111-169-156-137.tky.mesh.ad.jp [50: C4:DD:16:64:20 AP50C4DD166420] WIRELESS: wl1.0 (2.4GHz): Encryption Key Renewing failed for User - b2:39:56:cc:18:ff

Jan 11 13:46:25 fl1-111-169-156-137.tky.mesh.ad.jp [50: C4:DD:16:64:20 AP50C4DD166420] WIRELESS: wl1.0 (2.4GHz): DisAssociated User - b2:39:56:cc:18:ff

Jan 11 13:46:33 fl1-111-169-156-137.tky.mesh.ad.jp [50: C4:DD:16:64:20 AP50C4DD166420] WIRELESS: wl1.0 (2.4GHz): Associated User - b2:39:56:cc:18:ff

Jan 11 13:46:33 fl1-111-169-156-137.tky.mesh.ad.jp [50: C4:DD:16:64:20 AP50C4DD166420] AUTH: wl1.0 (2.4GHz): Authenticated (WPA2-PSK) User - b2:39:56:cc:18:ff

Jan 11 13:47:05 fl1-111-169-156-137.tky.mesh.ad.jp [50: C4:DD:16:64:20 AP50C4DD166420] WIRELESS: wl0.0 (5GHz): Encryption Key Renewing

Jan 11 14:15:09 fl1-111-169-156-137.tky.mesh.ad.jp [50: C4:DD:16:64:20 AP50C4DD166420] WIRELESS: wl1.0 (2.4GHz): Associated User - 02:0f:b5:cd:18:ff

Jan 11 14:15:09 fl1-111-169-156-137.tky.mesh.ad.jp [50: C4:DD:16:64:20 AP50C4DD166420] AUTH: wl1.0 (2.4GHz): Authenticated (WPA2-PSK) User - 02:0f:b5:cd:18:ff

Jan 11 14:20:43 fl1-111-169-156-137.tky.mesh.ad.jp [50: C4:DD:16:64:20 AP50C4DD166420] WIRELESS: wl1.0 (2.4GHz): DisAssociated User - 02:0f:b5:cd:18:ff

Jan 11 14:21:19 fl1-111-169-156-137.tky.mesh.ad.jp [50: C4:DD:16:64:20 AP50C4DD166420] WIRELESS: wl1.0 (2.4GHz): Associated User - 62:84:bd:2a:c3:48

Jan 11 14:21:19 fl1-111-169-156-137.tky.mesh.ad.jp [50: C4:DD:16:64:20 AP50C4DD166420] AUTH: wl1.0 (2.4GHz): Authenticated (WPA2-PSK) User - 62:84:bd:2a:c3:48

Jan 11 14:21:24 fl1-111-169-156-137.tky.mesh.ad.jp [50: C4:DD:16:64:20 AP50C4DD166420] WIRELESS: wl1.0 (2.4GHz): DisAssociated User - 62:84:bd:2a:c3:48

Jan 11 14:21:26 fl1-111-169-156-137.tky.mesh.ad.jp [50: C4:DD:16:64:20 AP50C4DD166420] WIRELESS: wl1.0 (2.4GHz): Associated User - 62:84:bd:2a:c3:48

Jan 11 14:21:26 fl1-111-169-156-137.tky.mesh.ad.jp [50: C4:DD:16:64:20 AP50C4DD166420] AUTH: wl1.0 (2.4GHz): Authenticated (WPA2-PSK) User - 62:84:bd:2a:c3:48

Jan 11 14:45:09 fl1-111-169-156-137.tky.mesh.ad.jp [50: C4:DD:16:64:20 AP50C4DD166420] WIRELESS: wl1.0 (2.4GHz): Associated User - 02:0f:b5:cd:18:ff

Jan 11 14:45:09 fl1-111-169-156-137.tky.mesh.ad.jp [50: C4:DD:16:64:20 AP50C4DD166420] AUTH: wl1.0 (2.4GHz): Authenticated (WPA2-PSK) User - 02:0f:b5:cd:18:ff

Jan 11 14:46:15 fl1-111-169-156-137.tky.mesh.ad.jp [50: C4:DD:16:64:20 AP50C4DD166420] WIRELESS: wl1.0 (2.4GHz): Encryption Key Renewing

Jan 11 14:47:05 fl1-111-169-156-137.tky.mesh.ad.jp [50: C4:DD:16:64:20 AP50C4DD166420] WIRELESS: wl0.0 (5GHz): Encryption Key Renewing

Jan 11 14:51:18 fl1-111-169-156-137.tky.mesh.ad.jp [50: C4:DD:16:64:20 AP50C4DD166420] WIRELESS: wl1.0 (2.4GHz): DisAssociated User - 02:0f:b5:cd:18:ff

Jan 11 15:14:57 fl1-111-169-156-137.tky.mesh.ad.jp [50: C4:DD:16:64:20 AP50C4DD166420] WIRELESS: wl1.0 (2.4GHz): DisAssociated User - 62:84:bd:2a:c3:48

Jan 11 15:15:01 fl1-111-169-156-137.tky.mesh.ad.jp [50: C4:DD:16:64:20 AP50C4DD166420] WIRELESS: wl1.0 (2.4GHz): Associated User - 62:84:bd:2a:c3:48

Jan 11 15:15:01 fl1-111-169-156-137.tky.mesh.ad.jp [50: C4:DD:16:64:20 AP50C4DD166420] AUTH: wl1.0 (2.4GHz): Authenticated (WPA2-PSK) User - 62:84:bd:2a:c3:48

Jan 11 15:15:36 fl1-111-169-156-137.tky.mesh.ad.jp [50: C4:DD:16:64:20 AP50C4DD166420] WIRELESS: wl1.0 (2.4GHz): DisAssociated User - 62:84:bd:2a:c3:48

Jan 11 15:15:36 fl1-111-169-156-137.tky.mesh.ad.jp [50: C4:DD:16:64:20 AP50C4DD166420] WIRELESS: wl1.0 (2.4GHz): Associated User - 62:84:bd:2a:c3:48

Jan 11 15:15:36 fl1-111-169-156-137.tky.mesh.ad.jp [50: C4:DD:16:64:20 AP50C4DD166420] AUTH: wl1.0 (2.4GHz): Authenticated (WPA2-PSK) User - 62:84:bd:2a:c3:48

Jan 11 15:15:41 fl1-111-169-156-137.tky.mesh.ad.jp [50: C4:DD:16:64:20 AP50C4DD166420] WIRELESS: wl1.0 (2.4GHz): DisAssociated User - 62:84:bd:2a:c3:48

Jan 11 15:15:43 fl1-111-169-156-137.tky.mesh.ad.jp [50: C4:DD:16:64:20 AP50C4DD166420] WIRELESS: wl1.0 (2.4GHz): Associated User - 62:84:bd:2a:c3:48

Jan 11 15:15:47 fl1-111-169-156-137.tky.mesh.ad.jp [50: C4:DD:16:64:20 AP50C4DD166420] WIRELESS: wl1.0 (2.4GHz): DisAssociated User - 62:84:bd:2a:c3:48

Jan 11 15:15:47 fl1-111-169-156-137.tky.mesh.ad.jp [50: C4:DD:16:64:20 AP50C4DD166420] WIRELESS: wl1.0 (2.4GHz): Associated User - 62:84:bd:2a:c3:48

Jan 11 15:15:47 fl1-111-169-156-137.tky.mesh.ad.jp [50: C4:DD:16:64:20 AP50C4DD166420] WIRELESS: wl1.0 (2.4GHz): DisAssociated User - 62:84:bd:2a:c3:48

Jan 11 15:15:49 fl1-111-169-156-137.tky.mesh.ad.jp [50: C4:DD:16:64:20 AP50C4DD166420] WIRELESS: wl1.0 (2.4GHz): Associated User - 62:84:bd:2a:c3:48

Jan 11 15:15:49 fl1-111-169-156-137.tky.mesh.ad.jp [50: C4:DD:16:64:20 AP50C4DD166420] WIRELESS: wl1.0 (2.4GHz): DisAssociated User - 62:84:bd:2a:c3:48

Jan 11 15:15:51 fl1-111-169-156-137.tky.mesh.ad.jp [50: C4:DD:16:64:20 AP50C4DD166420] WIRELESS: wl1.0 (2.4GHz): Associated User - 62:84:bd:2a:c3:48

Jan 11 15:15:51 fl1-111-169-156-137.tky.mesh.ad.jp [50: C4:DD:16:64:20 AP50C4DD166420] WIRELESS: wl1.0 (2.4GHz): DisAssociated User - 62:84:bd:2a:c3:48

Jan 11 15:16:20 fl1-111-169-156-137.tky.mesh.ad.jp [50: C4:DD:16:64:20 AP50C4DD166420] WIRELESS: wl1.0 (2.4GHz): Associated User - 62:84:bd:2a:c3:48

Jan 11 15:16:20 fl1-111-169-156-137.tky.mesh.ad.jp [50: C4:DD:16:64:20 AP50C4DD166420] AUTH: wl1.0 (2.4GHz): Authenticated (WPA2-PSK) User - 62:84:bd:2a:c3:48

Jan 11 15:16:34 fl1-111-169-156-137.tky.mesh.ad.jp [50: C4:DD:16:64:20 AP50C4DD166420] WIRELESS: wl1.0 (2.4GHz): DisAssociated User - 62:84:bd:2a:c3:48

Jan 11 15:16:36 fl1-111-169-156-137.tky.mesh.ad.jp [50: C4:DD:16:64:20 AP50C4DD166420] WIRELESS: wl1.0 (2.4GHz): Associated User - 62:84:bd:2a:c3:48

Jan 11 15:16:36 fl1-111-169-156-137.tky.mesh.ad.jp [50: C4:DD:16:64:20 AP50C4DD166420] AUTH: wl1.0 (2.4GHz): Authenticated (WPA2-PSK) User - 62:84:bd:2a:c3:48

Jan 11 15:16:37 fl1-111-169-156-137.tky.mesh.ad.jp [50: C4:DD:16:64:20 AP50C4DD166420] WIRELESS: wl1.0 (2.4GHz): DisAssociated User - 62:84:bd:2a:c3:48

Jan 11 15:16:39 fl1-111-169-156-137.tky.mesh.ad.jp [50: C4:DD:16:64:20 AP50C4DD166420] WIRELESS: wl1.0 (2.4GHz): Associated User - 62:84:bd:2a:c3:48

Jan 11 15:16:39 fl1-111-169-156-137.tky.mesh.ad.jp [50: C4:DD:16:64:20 AP50C4DD166420] AUTH: wl1.0 (2.4GHz): Authenticated (WPA2-PSK) User - 62:84:bd:2a:c3:48

Jan 11 15:45:09 fl1-111-169-156-137.tky.mesh.ad.jp [50: C4:DD:16:64:20 AP50C4DD166420] WIRELESS: wl1.0 (2.4GHz): Associated User - 02:0f:b5:cd:18:ff

Jan 11 15:45:09 fl1-111-169-156-137.tky.mesh.ad.jp [50: C4:DD:16:64:20 AP50C4DD166420] AUTH: wl1.0 (2.4GHz): Authenticated (WPA2-PSK) User - 02:0f:b5:cd:18:ff

Jan 11 15:46:15 fl1-111-169-156-137.tky.mesh.ad.jp [50: C4:DD:16:64:20 AP50C4DD166420] WIRELESS: wl1.0 (2.4GHz): Encryption Key Renewing

Jan 11 15:47:05 fl1-111-169-156-137.tky.mesh.ad.jp [50: C4:DD:16:64:20 AP50C4DD166420] WIRELESS: wl0.0 (5GHz): Encryption Key Renewing

Jan 11 15:51:18 fl1-111-169-156-137.tky.mesh.ad.jp [50: C4:DD:16:64:20 AP50C4DD166420] WIRELESS: wl1.0 (2.4GHz): DisAssociated User - 02:0f:b5:cd:18:ff

Jan 11 15:56:44 fl1-111-169-156-137.tky.mesh.ad.jp [50: C4:DD:16:64:20 AP50C4DD166420] WIRELESS: wl1.0 (2.4GHz): DisAssociated User - 62:84:bd:2a:c3:48

Jan 11 15:56:47 fl1-111-169-156-137.tky.mesh.ad.jp [50: C4:DD:16:64:20 AP50C4DD166420] WIRELESS: wl1.0 (2.4GHz): Associated User - 62:84:bd:2a:c3:48

Jan 11 15:56:47 fl1-111-169-156-137.tky.mesh.ad.jp [50: C4:DD:16:64:20 AP50C4DD166420] AUTH: wl1.0 (2.4GHz): Authenticated (WPA2-PSK) User - 62:84:bd:2a:c3:48

Jan 11 15:56:52 fl1-111-169-156-137.tky.mesh.ad.jp [50: C4:DD:16:64:20 AP50C4DD166420] WIRELESS: wl1.0 (2.4GHz): DisAssociated User - 62:84:bd:2a:c3:48

Jan 11 15:56:56 fl1-111-169-156-137.tky.mesh.ad.jp [50: C4:DD:16:64:20 AP50C4DD166420] WIRELESS: wl1.0 (2.4GHz): Associated User - 62:84:bd:2a:c3:48

Jan 11 15:56:56 fl1-111-169-156-137.tky.mesh.ad.jp [50: C4:DD:16:64:20 AP50C4DD166420] AUTH: wl1.0 (2.4GHz): Authenticated (WPA2-PSK) User - 62:84:bd:2a:c3:48

Jan 11 15:57:30 fl1-111-169-156-137.tky.mesh.ad.jp [50: C4:DD:16:64:20 AP50C4DD166420] WIRELESS: wl1.0 (2.4GHz): DisAssociated User - 62:84:bd:2a:c3:48

Jan 11 15:57:30 fl1-111-169-156-137.tky.mesh.ad.jp [50: C4:DD:16:64:20 AP50C4DD166420] WIRELESS: wl1.0 (2.4GHz): Associated User - 62:84:bd:2a:c3:48

Jan 11 15:57:30 fl1-111-169-156-137.tky.mesh.ad.jp [50: C4:DD:16:64:20 AP50C4DD166420] AUTH: wl1.0 (2.4GHz): Authenticated (WPA2-PSK) User - 62:84:bd:2a:c3:48

Jan 11 15:57:32 fl1-111-169-156-137.tky.mesh.ad.jp [50: C4:DD:16:64:20 AP50C4DD166420] WIRELESS: wl1.0 (2.4GHz): DisAssociated User - 62:84:bd:2a:c3:48

Jan 11 15:57:35 fl1-111-169-156-137.tky.mesh.ad.jp [50: C4:DD:16:64:20 AP50C4DD166420] WIRELESS: wl1.0 (2.4GHz): DisAssociated User - 62:84:bd:2a:c3:48

Jan 11 15:57:35 fl1-111-169-156-137.tky.mesh.ad.jp [50: C4:DD:16:64:20 AP50C4DD166420] WIRELESS: wl1.0 (2.4GHz): Associated User - 62:84:bd:2a:c3:48

Jan 11 15:57:38 fl1-111-169-156-137.tky.mesh.ad.jp [50: C4:DD:16:64:20 AP50C4DD166420] WIRELESS: wl1.0 (2.4GHz): Associated User - 62:84:bd:2a:c3:48

Jan 11 15:57:38 fl1-111-169-156-137.tky.mesh.ad.jp [50: C4:DD:16:64:20 AP50C4DD166420] AUTH: wl1.0 (2.4GHz): Authenticated (WPA2-PSK) User - 62:84:bd:2a:c3:48

Jan 11 15:57:40 fl1-111-169-156-137.tky.mesh.ad.jp [50: C4:DD:16:64:20 AP50C4DD166420] WIRELESS: wl1.0 (2.4GHz): DisAssociated User - 62:84:bd:2a:c3:48

Jan 11 15:57:42 fl1-111-169-156-137.tky.mesh.ad.jp [50: C4:DD:16:64:20 AP50C4DD166420] WIRELESS: wl1.0 (2.4GHz): Associated User - 62:84:bd:2a:c3:48

Jan 11 15:57:42 fl1-111-169-156-137.tky.mesh.ad.jp [50: C4:DD:16:64:20 AP50C4DD166420] WIRELESS: wl1.0 (2.4GHz): DisAssociated User - 62:84:bd:2a:c3:48

Jan 11 15:57:44 fl1-111-169-156-137.tky.mesh.ad.jp [50: C4:DD:16:64:20 AP50C4DD166420] WIRELESS: wl1.0 (2.4GHz): Associated User - 62:84:bd:2a:c3:48

Jan 11 15:57:44 fl1-111-169-156-137.tky.mesh.ad.jp [50: C4:DD:16:64:20 AP50C4DD166420] AUTH: wl1.0 (2.4GHz): Authenticated (WPA2-PSK) User - 62:84:bd:2a:c3:48

Jan 11 15:58:04 fl1-111-169-156-137.tky.mesh.ad.jp [50: C4:DD:16:64:20 AP50C4DD166420] WIRELESS: wl1.0 (2.4GHz): DisAssociated User - 62:84:bd:2a:c3:48

Jan 11 15:58:04 fl1-111-169-156-137.tky.mesh.ad.jp [50: C4:DD:16:64:20 AP50C4DD166420] WIRELESS: wl1.0 (2.4GHz): Associated User - 62:84:bd:2a:c3:48

Jan 11 15:58:04 fl1-111-169-156-137.tky.mesh.ad.jp [50: C4:DD:16:64:20 AP50C4DD166420] AUTH: wl1.0 (2.4GHz): Authenticated (WPA2-PSK) User - 62:84:bd:2a:c3:48

Jan 11 15:58:08 fl1-111-169-156-137.tky.mesh.ad.jp [50: C4:DD:16:64:20 AP50C4DD166420] WIRELESS: wl1.0 (2.4GHz): DisAssociated User - 62:84:bd:2a:c3:48

Jan 11 15:58:10 fl1-111-169-156-137.tky.mesh.ad.jp [50: C4:DD:16:64:20 AP50C4DD166420] WIRELESS: wl1.0 (2.4GHz): Associated User - 62:84:bd:2a:c3:48

Jan 11 15:58:10 fl1-111-169-156-137.tky.mesh.ad.jp [50: C4:DD:16:64:20 AP50C4DD166420] AUTH: wl1.0 (2.4GHz): Authenticated (WPA2-PSK) User - 62:84:bd:2a:c3:48

Jan 11 16:05:16 fl1-111-169-156-137.tky.mesh.ad.jp [50: C4:DD:16:64:20 AP50C4DD166420] WIRELESS: wl1.0 (2.4GHz): DisAssociated User - bc:e1:43:c2:26:ca

Jan 11 16:15:09 fl1-111-169-156-137.tky.mesh.ad.jp [50: C4:DD:16:64:20 AP50C4DD166420] WIRELESS: wl1.0 (2.4GHz): Associated User - 02:0f:b5:cd:18:ff

Jan 11 16:15:09 fl1-111-169-156-137.tky.mesh.ad.jp [50: C4:DD:16:64:20 AP50C4DD166420] AUTH: wl1.0 (2.4GHz): Authenticated (WPA2-PSK) User - 02:0f:b5:cd:18:ff

Jan 11 16:20:11 fl1-111-169-156-137.tky.mesh.ad.jp [50: C4:DD:16:64:20 AP50C4DD166420] WIRELESS: wl1.0 (2.4GHz): DisAssociated User - 02:0f:b5:cd:18:ff

Jan 11 16:45:09 fl1-111-169-156-137.tky.mesh.ad.jp [50: C4:DD:16:64:20 AP50C4DD166420] AUTH: wl1.0 (2.4GHz): Authenticated (WPA2-PSK) User - 02:0f:b5:cd:18:ff

Jan 11 16:45:09 fl1-111-169-156-137.tky.mesh.ad.jp [50: C4:DD:16:64:20 AP50C4DD166420] WIRELESS: wl1.0 (2.4GHz): Associated User - 02:0f:b5:cd:18:ff

Jan 11 16:46:15 fl1-111-169-156-137.tky.mesh.ad.jp [50: C4:DD:16:64:20 AP50C4DD166420] WIRELESS: wl1.0 (2.4GHz): Encryption Key Renewing

Jan 11 16:47:06 fl1-111-169-156-137.tky.mesh.ad.jp [50: C4:DD:16:64:20 AP50C4DD166420] WIRELESS: wl0.0 (5GHz): Encryption Key Renewing

Jan 11 16:51:17 fl1-111-169-156-137.tky.mesh.ad.jp [50: C4:DD:16:64:20 AP50C4DD166420] WIRELESS: wl1.0 (2.4GHz): DisAssociated User - 02:0f:b5:cd:18:ff

Jan 11 17:12:10 fl1-111-169-156-137.tky.mesh.ad.jp [50: C4:DD:16:64:20 AP50C4DD166420] WIRELESS: wl0.0 (5GHz): DisAssociated User - 50:32:37:bc:e9:1d

Jan 11 17:12:10 fl1-111-169-156-137.tky.mesh.ad.jp [50: C4:DD:16:64:20 AP50C4DD166420] WIRELESS: wl0.0 (5GHz): Associated User - 50:32:37:bc:e9:1d

Jan 11 17:12:10 fl1-111-169-156-137.tky.mesh.ad.jp [50: C4:DD:16:64:20 AP50C4DD166420] AUTH: wl0.0 (5GHz): Authenticated (WPA2-PSK) User - 50:32:37:bc:e9:1d

Jan 11 17:12:31 fl1-111-169-156-137.tky.mesh.ad.jp [50: C4:DD:16:64:20 AP50C4DD166420] WIRELESS: wl0.0 (5GHz): DisAssociated User - 50:32:37:bc:e9:1d

Jan 11 17:12:31 fl1-111-169-156-137.tky.mesh.ad.jp [50: C4:DD:16:64:20 AP50C4DD166420] WIRELESS: wl0.0 (5GHz): Associated User - 50:32:37:bc:e9:1d

Jan 11 17:12:31 fl1-111-169-156-137.tky.mesh.ad.jp [50: C4:DD:16:64:20 AP50C4DD166420] AUTH: wl0.0 (5GHz): Authenticated (WPA2-PSK) User - 50:32:37:bc:e9:1d

Jan 11 17:12:34 fl1-111-169-156-137.tky.mesh.ad.jp [50: C4:DD:16:64:20 AP50C4DD166420] WIRELESS: wl1.0 (2.4GHz): DisAssociated User - bc:e1:43:c2:26:ca

Jan 11 17:12:34 fl1-111-169-156-137.tky.mesh.ad.jp [50: C4:DD:16:64:20 AP50C4DD166420] WIRELESS: wl1.0 (2.4GHz): DisAssociated User - bc:e1:43:c2:26:ca

Jan 11 17:12:34 fl1-111-169-156-137.tky.mesh.ad.jp [50: C4:DD:16:64:20 AP50C4DD166420] WIRELESS: wl1.0 (2.4GHz): Associated User - bc:e1:43:c2:26:ca

Jan 11 17:12:37 fl1-111-169-156-137.tky.mesh.ad.jp [50: C4:DD:16:64:20 AP50C4DD166420] WIRELESS: wl1.0 (2.4GHz): DisAssociated User - bc:e1:43:c2:26:ca

Jan 11 17:12:37 fl1-111-169-156-137.tky.mesh.ad.jp [50: C4:DD:16:64:20 AP50C4DD166420] WIRELESS: wl1.0 (2.4GHz): Associated User - bc:e1:43:c2:26:ca

Jan 11 17:12:42 fl1-111-169-156-137.tky.mesh.ad.jp [50: C4:DD:16:64:20 AP50C4DD166420] WIRELESS: wl1.0 (2.4GHz): DisAssociated User - bc:e1:43:c2:26:ca

Jan 11 17:12:42 fl1-111-169-156-137.tky.mesh.ad.jp [50: C4:DD:16:64:20 AP50C4DD166420] WIRELESS: wl1.0 (2.4GHz): Associated User - bc:e1:43:c2:26:ca

Jan 11 17:12:42 fl1-111-169-156-137.tky.mesh.ad.jp [50: C4:DD:16:64:20 AP50C4DD166420] AUTH: wl1.0 (2.4GHz): Authenticated (WPA2-PSK) User - bc:e1:43:c2:26:ca

Jan 11 17:12:50 fl1-111-169-156-137.tky.mesh.ad.jp [50: C4:DD:16:64:20 AP50C4DD166420] WIRELESS: wl1.0 (2.4GHz): DisAssociated User - bc:e1:43:c2:26:ca

Jan 11 17:13:21 fl1-111-169-156-137.tky.mesh.ad.jp [50: C4:DD:16:64:20 AP50C4DD166420] WIRELESS: wl0.0 (5GHz): DisAssociated User - 50:32:37:bc:e9:1d

Jan 11 17:13:21 fl1-111-169-156-137.tky.mesh.ad.jp [50: C4:DD:16:64:20 AP50C4DD166420] WIRELESS: wl0.0 (5GHz): Associated User - 50:32:37:bc:e9:1d

Jan 11 17:13:21 fl1-111-169-156-137.tky.mesh.ad.jp [50: C4:DD:16:64:20 AP50C4DD166420] AUTH: wl0.0 (5GHz): Authenticated (WPA2-PSK) User - 50:32:37:bc:e9:1d

Jan 11 17:14:01 fl1-111-169-156-137.tky.mesh.ad.jp [50: C4:DD:16:64:20 AP50C4DD166420] WIRELESS: wl0.0 (5GHz): DisAssociated User - 50:32:37:bc:e9:1d

Jan 11 17:14:01 fl1-111-169-156-137.tky.mesh.ad.jp [50: C4:DD:16:64:20 AP50C4DD166420] WIRELESS: wl0.0 (5GHz): Associated User - 50:32:37:bc:e9:1d

Jan 11 17:14:01 fl1-111-169-156-137.tky.mesh.ad.jp [50: C4:DD:16:64:20 AP50C4DD166420] AUTH: wl0.0 (5GHz): Authenticated (WPA2-PSK) User - 50:32:37:bc:e9:1d

Jan 11 17:14:23 fl1-111-169-156-137.tky.mesh.ad.jp [50: C4:DD:16:64:20 AP50C4DD166420] WIRELESS: wl0.0 (5GHz): DisAssociated User - 50:32:37:bc:e9:1d

Jan 11 17:14:23 fl1-111-169-156-137.tky.mesh.ad.jp [50: C4:DD:16:64:20 AP50C4DD166420] WIRELESS: wl0.0 (5GHz): Associated User - 50:32:37:bc:e9:1d

Jan 11 17:14:23 fl1-111-169-156-137.tky.mesh.ad.jp [50: C4:DD:16:64:20 AP50C4DD166420] AUTH: wl0.0 (5GHz): Authenticated (WPA2-PSK) User - 50:32:37:bc:e9:1d

Jan 11 17:15:44 fl1-111-169-156-137.tky.mesh.ad.jp [50: C4:DD:16:64:20 AP50C4DD166420] WIRELESS: wl1.0 (2.4GHz): DisAssociated User - 62:84:bd:2a:c3:48

Jan 11 17:15:46 fl1-111-169-156-137.tky.mesh.ad.jp [50: C4:DD:16:64:20 AP50C4DD166420] WIRELESS: wl1.0 (2.4GHz): Associated User - 62:84:bd:2a:c3:48

Jan 11 17:15:46 fl1-111-169-156-137.tky.mesh.ad.jp [50: C4:DD:16:64:20 AP50C4DD166420] AUTH: wl1.0 (2.4GHz): Authenticated (WPA2-PSK) User - 62:84:bd:2a:c3:48

Jan 11 17:15:48 fl1-111-169-156-137.tky.mesh.ad.jp [50: C4:DD:16:64:20 AP50C4DD166420] WIRELESS: wl1.0 (2.4GHz): DisAssociated User - 62:84:bd:2a:c3:48

Jan 11 17:15:51 fl1-111-169-156-137.tky.mesh.ad.jp [50: C4:DD:16:64:20 AP50C4DD166420] WIRELESS: wl1.0 (2.4GHz): Associated User - 62:84:bd:2a:c3:48

Jan 11 17:15:51 fl1-111-169-156-137.tky.mesh.ad.jp [50: C4:DD:16:64:20 AP50C4DD166420] AUTH: wl1.0 (2.4GHz): Authenticated (WPA2-PSK) User - 62:84:bd:2a:c3:48

Jan 11 17:16:15 fl1-111-169-156-137.tky.mesh.ad.jp [50: C4:DD:16:64:20 AP50C4DD166420] WIRELESS: wl1.0 (2.4GHz): DisAssociated User - 62:84:bd:2a:c3:48

Jan 11 17:16:15 fl1-111-169-156-137.tky.mesh.ad.jp [50: C4:DD:16:64:20 AP50C4DD166420] WIRELESS: wl1.0 (2.4GHz): Associated User - 62:84:bd:2a:c3:48

Jan 11 17:16:15 fl1-111-169-156-137.tky.mesh.ad.jp [50: C4:DD:16:64:20 AP50C4DD166420] AUTH: wl1.0 (2.4GHz): Authenticated (WPA2-PSK) User - 62:84:bd:2a:c3:48

Jan 11 17:16:24 fl1-111-169-156-137.tky.mesh.ad.jp [50: C4:DD:16:64:20 AP50C4DD166420] WIRELESS: wl1.0 (2.4GHz): DisAssociated User - 62:84:bd:2a:c3:48

Jan 11 17:16:24 fl1-111-169-156-137.tky.mesh.ad.jp [50: C4:DD:16:64:20 AP50C4DD166420] WIRELESS: wl1.0 (2.4GHz): Associated User - 62:84:bd:2a:c3:48

Jan 11 17:16:24 fl1-111-169-156-137.tky.mesh.ad.jp [50: C4:DD:16:64:20 AP50C4DD166420] AUTH: wl1.0 (2.4GHz): Authenticated (WPA2-PSK) User - 62:84:bd:2a:c3:48

Jan 11 17:16:30 fl1-111-169-156-137.tky.mesh.ad.jp [50: C4:DD:16:64:20 AP50C4DD166420] WIRELESS: wl1.0 (2.4GHz): DisAssociated User - 62:84:bd:2a:c3:48

Jan 11 17:16:30 fl1-111-169-156-137.tky.mesh.ad.jp [50: C4:DD:16:64:20 AP50C4DD166420] WIRELESS: wl1.0 (2.4GHz): Associated User - 62:84:bd:2a:c3:48

Jan 11 17:16:30 fl1-111-169-156-137.tky.mesh.ad.jp [50: C4:DD:16:64:20 AP50C4DD166420] WIRELESS: wl1.0 (2.4GHz): DisAssociated User - 62:84:bd:2a:c3:48

Jan 11 17:16:32 fl1-111-169-156-137.tky.mesh.ad.jp [50: C4:DD:16:64:20 AP50C4DD166420] WIRELESS: wl1.0 (2.4GHz): Associated User - 62:84:bd:2a:c3:48

Jan 11 17:16:32 fl1-111-169-156-137.tky.mesh.ad.jp [50: C4:DD:16:64:20 AP50C4DD166420] WIRELESS: wl1.0 (2.4GHz): DisAssociated User - 62:84:bd:2a:c3:48

Jan 11 17:45:09 fl1-111-169-156-137.tky.mesh.ad.jp [50: C4:DD:16:64:20 AP50C4DD166420] AUTH: wl1.0 (2.4GHz): Authenticated (WPA2-PSK) User - 02:0f:b5:cd:18:ff

Jan 11 17:45:09 fl1-111-169-156-137.tky.mesh.ad.jp [50: C4:DD:16:64:20 AP50C4DD166420] WIRELESS: wl1.0 (2.4GHz): Associated User - 02:0f:b5:cd:18:ff

Jan 11 17:45:48 fl1-111-169-156-137.tky.mesh.ad.jp [50: C4:DD:16:64:20 AP50C4DD166420] WIRELESS: wl1.0 (2.4GHz): Associated User - 62:84:bd:2a:c3:48

Jan 11 17:45:48 fl1-111-169-156-137.tky.mesh.ad.jp [50: C4:DD:16:64:20 AP50C4DD166420] AUTH: wl1.0 (2.4GHz): Authenticated (WPA2-PSK) User - 62:84:bd:2a:c3:48

Jan 11 17:45:53 fl1-111-169-156-137.tky.mesh.ad.jp [50: C4:DD:16:64:20 AP50C4DD166420] WIRELESS: wl1.0 (2.4GHz): DisAssociated User - 62:84:bd:2a:c3:48

Jan 11 17:45:53 fl1-111-169-156-137.tky.mesh.ad.jp [50: C4:DD:16:64:20 AP50C4DD166420] WIRELESS: wl1.0 (2.4GHz): Associated User - 62:84:bd:2a:c3:48

Jan 11 17:45:53 fl1-111-169-156-137.tky.mesh.ad.jp [50: C4:DD:16:64:20 AP50C4DD166420] AUTH: wl1.0 (2.4GHz): Authenticated (WPA2-PSK) User - 62:84:bd:2a:c3:48

Jan 11 17:46:15 fl1-111-169-156-137.tky.mesh.ad.jp [50: C4:DD:16:64:20 AP50C4DD166420] WIRELESS: wl1.0 (2.4GHz): Encryption Key Renewing

Jan 11 17:47:06 fl1-111-169-156-137.tky.mesh.ad.jp [50: C4:DD:16:64:20 AP50C4DD166420] WIRELESS: wl0.0 (5GHz): Encryption Key Renewing

Jan 11 17:51:17 fl1-111-169-156-137.tky.mesh.ad.jp [50: C4:DD:16:64:20 AP50C4DD166420] WIRELESS: wl1.0 (2.4GHz): DisAssociated User - 02:0f:b5:cd:18:ff

Jan 11 18:15:09 fl1-111-169-156-137.tky.mesh.ad.jp [50: C4:DD:16:64:20 AP50C4DD166420] WIRELESS: wl1.0 (2.4GHz): Associated User - 02:0f:b5:cd:18:ff

Jan 11 18:15:09 fl1-111-169-156-137.tky.mesh.ad.jp [50: C4:DD:16:64:20 AP50C4DD166420] AUTH: wl1.0 (2.4GHz): Authenticated (WPA2-PSK) User - 02:0f:b5:cd:18:ff

Jan 11 18:20:11 fl1-111-169-156-137.tky.mesh.ad.jp [50: C4:DD:16:64:20 AP50C4DD166420] WIRELESS: wl1.0 (2.4GHz): DisAssociated User - 02:0f:b5:cd:18:ff

Jan 11 18:45:09 fl1-111-169-156-137.tky.mesh.ad.jp [50: C4:DD:16:64:20 AP50C4DD166420] WIRELESS: wl1.0 (2.4GHz): Associated User - 02:0f:b5:cd:18:ff

Jan 11 18:45:09 fl1-111-169-156-137.tky.mesh.ad.jp [50: C4:DD:16:64:20 AP50C4DD166420] AUTH: wl1.0 (2.4GHz): Authenticated (WPA2-PSK) User - 02:0f:b5:cd:18:ff

Jan 11 18:46:15 fl1-111-169-156-137.tky.mesh.ad.jp [50: C4:DD:16:64:20 AP50C4DD166420] WIRELESS: wl1.0 (2.4GHz): Encryption Key Renewing

Jan 11 18:47:06 fl1-111-169-156-137.tky.mesh.ad.jp [50: C4:DD:16:64:20 AP50C4DD166420] WIRELESS: wl0.0 (5GHz): Encryption Key Renewing

Jan 11 18:51:17 fl1-111-169-156-137.tky.mesh.ad.jp [50: C4:DD:16:64:20 AP50C4DD166420] WIRELESS: wl1.0 (2.4GHz): DisAssociated User - 02:0f:b5:cd:18:ff

Jan 11 19:43:05 fl1-111-169-156-137.tky.mesh.ad.jp [50: C4:DD:16:64:20 AP50C4DD166420] AUTH: wl1.0 (2.4GHz): Authenticated (WPA2-PSK) User - bc:e1:43:c2:26:ca

Jan 11 19:43:05 fl1-111-169-156-137.tky.mesh.ad.jp [50: C4:DD:16:64:20 AP50C4DD166420] WIRELESS: wl1.0 (2.4GHz): DisAssociated User - bc:e1:43:c2:26:ca

Jan 11 19:43:05 fl1-111-169-156-137.tky.mesh.ad.jp [50: C4:DD:16:64:20 AP50C4DD166420] WIRELESS: wl1.0 (2.4GHz): Associated User - bc:e1:43:c2:26:ca

Jan 11 19:46:15 fl1-111-169-156-137.tky.mesh.ad.jp [50: C4:DD:16:64:20 AP50C4DD166420] WIRELESS: wl1.0 (2.4GHz): Encryption Key Renewing

Jan 11 19:46:25 fl1-111-169-156-137.tky.mesh.ad.jp [50: C4:DD:16:64:20 AP50C4DD166420] WIRELESS: wl1.0 (2.4GHz): Encryption Key Renewing failed for User - b2:39:56:cc:18:ff

Jan 11 19:46:25 fl1-111-169-156-137.tky.mesh.ad.jp [50: C4:DD:16:64:20 AP50C4DD166420] WIRELESS: wl1.0 (2.4GHz): DisAssociated User - b2:39:56:cc:18:ff

Jan 11 19:46:41 fl1-111-169-156-137.tky.mesh.ad.jp [50: C4:DD:16:64:20 AP50C4DD166420] WIRELESS: wl1.0 (2.4GHz): Associated User - b2:39:56:cc:18:ff

Jan 11 19:46:41 fl1-111-169-156-137.tky.mesh.ad.jp [50: C4:DD:16:64:20 AP50C4DD166420] AUTH: wl1.0 (2.4GHz): Authenticated (WPA2-PSK) User - b2:39:56:cc:18:ff

Jan 11 19:47:06 fl1-111-169-156-137.tky.mesh.ad.jp [50: C4:DD:16:64:20 AP50C4DD166420] WIRELESS: wl0.0 (5GHz): Encryption Key Renewing

Jan 11 20:46:15 fl1-111-169-156-137.tky.mesh.ad.jp [50: C4:DD:16:64:20 AP50C4DD166420] WIRELESS: wl1.0 (2.4GHz): Encryption Key Renewing

Jan 11 20:46:25 fl1-111-169-156-137.tky.mesh.ad.jp [50: C4:DD:16:64:20 AP50C4DD166420] WIRELESS: wl1.0 (2.4GHz): Encryption Key Renewing failed for User - b2:39:56:cc:18:ff

Jan 11 20:46:25 fl1-111-169-156-137.tky.mesh.ad.jp [50: C4:DD:16:64:20 AP50C4DD166420] WIRELESS: wl1.0 (2.4GHz): DisAssociated User - b2:39:56:cc:18:ff

Jan 11 20:46:35 fl1-111-169-156-137.tky.mesh.ad.jp [50: C4:DD:16:64:20 AP50C4DD166420] WIRELESS: wl1.0 (2.4GHz): Associated User - b2:39:56:cc:18:ff

Jan 11 20:46:35 fl1-111-169-156-137.tky.mesh.ad.jp [50: C4:DD:16:64:20 AP50C4DD166420] AUTH: wl1.0 (2.4GHz): Authenticated (WPA2-PSK) User - b2:39:56:cc:18:ff

Jan 11 20:47:06 fl1-111-169-156-137.tky.mesh.ad.jp [50: C4:DD:16:64:20 AP50C4DD166420] WIRELESS: wl0.0 (5GHz): Encryption Key Renewing

Jan 11 21:15:10 fl1-111-169-156-137.tky.mesh.ad.jp [50: C4:DD:16:64:20 AP50C4DD166420] AUTH: wl1.0 (2.4GHz): Authenticated (WPA2-PSK) User - 02:0f:b5:cd:18:ff

Jan 11 21:15:10 fl1-111-169-156-137.tky.mesh.ad.jp [50: C4:DD:16:64:20 AP50C4DD166420] WIRELESS: wl1.0 (2.4GHz): Associated User - 02:0f:b5:cd:18:ff

Jan 11 21:20:11 fl1-111-169-156-137.tky.mesh.ad.jp [50: C4:DD:16:64:20 AP50C4DD166420] WIRELESS: wl1.0 (2.4GHz): DisAssociated User - 02:0f:b5:cd:18:ff

Jan 11 21:45:10 fl1-111-169-156-137.tky.mesh.ad.jp [50: C4:DD:16:64:20 AP50C4DD166420] WIRELESS: wl1.0 (2.4GHz): Associated User - 02:0f:b5:cd:18:ff

Jan 11 21:45:10 fl1-111-169-156-137.tky.mesh.ad.jp [50: C4:DD:16:64:20 AP50C4DD166420] AUTH: wl1.0 (2.4GHz): Authenticated (WPA2-PSK) User - 02:0f:b5:cd:18:ff

Jan 11 21:46:15 fl1-111-169-156-137.tky.mesh.ad.jp [50: C4:DD:16:64:20 AP50C4DD166420] WIRELESS: wl1.0 (2.4GHz): Encryption Key Renewing

Jan 11 21:47:06 fl1-111-169-156-137.tky.mesh.ad.jp [50: C4:DD:16:64:20 AP50C4DD166420] WIRELESS: wl0.0 (5GHz): Encryption Key Renewing

Jan 11 21:51:17 fl1-111-169-156-137.tky.mesh.ad.jp [50: C4:DD:16:64:20 AP50C4DD166420] WIRELESS: wl1.0 (2.4GHz): DisAssociated User - 02:0f:b5:cd:18:ff

Jan 11 22:15:10 fl1-111-169-156-137.tky.mesh.ad.jp [50: C4:DD:16:64:20 AP50C4DD166420] WIRELESS: wl1.0 (2.4GHz): Associated User - 02:0f:b5:cd:18:ff

Jan 11 22:15:10 fl1-111-169-156-137.tky.mesh.ad.jp [50: C4:DD:16:64:20 AP50C4DD166420] AUTH: wl1.0 (2.4GHz): Authenticated (WPA2-PSK) User - 02:0f:b5:cd:18:ff

Jan 11 22:20:12 fl1-111-169-156-137.tky.mesh.ad.jp [50: C4:DD:16:64:20 AP50C4DD166420] WIRELESS: wl1.0 (2.4GHz): DisAssociated User - 02:0f:b5:cd:18:ff

Jan 11 22:42:38 fl1-111-169-156-137.tky.mesh.ad.jp [50: C4:DD:16:64:20 AP50C4DD166420] WIRELESS: wl1.0 (2.4GHz): DisAssociated User - bc:e1:43:c2:26:ca

Jan 11 22:43:07 fl1-111-169-156-137.tky.mesh.ad.jp [50: C4:DD:16:64:20 AP50C4DD166420] WIRELESS: wl1.0 (2.4GHz): DisAssociated User - bc:e1:43:c2:26:ca

Jan 11 22:43:08 fl1-111-169-156-137.tky.mesh.ad.jp [50: C4:DD:16:64:20 AP50C4DD166420] WIRELESS: wl1.0 (2.4GHz): DisAssociated User - bc:e1:43:c2:26:ca

Jan 11 22:43:13 fl1-111-169-156-137.tky.mesh.ad.jp [50: C4:DD:16:64:20 AP50C4DD166420] WIRELESS: wl1.0 (2.4GHz): Associated User - bc:e1:43:c2:26:ca

Jan 11 22:43:13 fl1-111-169-156-137.tky.mesh.ad.jp [50: C4:DD:16:64:20 AP50C4DD166420] AUTH: wl1.0 (2.4GHz): Authenticated (WPA2-PSK) User - bc:e1:43:c2:26:ca

Jan 11 22:45:10 fl1-111-169-156-137.tky.mesh.ad.jp [50: C4:DD:16:64:20 AP50C4DD166420] WIRELESS: wl1.0 (2.4GHz): Associated User - 02:0f:b5:cd:18:ff

Jan 11 22:45:10 fl1-111-169-156-137.tky.mesh.ad.jp [50: C4:DD:16:64:20 AP50C4DD166420] AUTH: wl1.0 (2.4GHz): Authenticated (WPA2-PSK) User - 02:0f:b5:cd:18:ff

Jan 11 22:46:15 fl1-111-169-156-137.tky.mesh.ad.jp [50: C4:DD:16:64:20 AP50C4DD166420] WIRELESS: wl1.0 (2.4GHz): Encryption Key Renewing

Jan 11 22:47:06 fl1-111-169-156-137.tky.mesh.ad.jp [50: C4:DD:16:64:20 AP50C4DD166420] WIRELESS: wl0.0 (5GHz): Encryption Key Renewing

Jan 11 22:51:18 fl1-111-169-156-137.tky.mesh.ad.jp [50: C4:DD:16:64:20 AP50C4DD166420] WIRELESS: wl1.0 (2.4GHz): DisAssociated User - 02:0f:b5:cd:18:ff

Jan 11 23:15:10 fl1-111-169-156-137.tky.mesh.ad.jp [50: C4:DD:16:64:20 AP50C4DD166420] WIRELESS: wl1.0 (2.4GHz): Associated User - 02:0f:b5:cd:18:ff

Jan 11 23:15:10 fl1-111-169-156-137.tky.mesh.ad.jp [50: C4:DD:16:64:20 AP50C4DD166420] AUTH: wl1.0 (2.4GHz): Authenticated (WPA2-PSK) User - 02:0f:b5:cd:18:ff

Jan 11 23:20:11 fl1-111-169-156-137.tky.mesh.ad.jp [50: C4:DD:16:64:20 AP50C4DD166420] WIRELESS: wl1.0 (2.4GHz): DisAssociated User - 02:0f:b5:cd:18:ff

Jan 11 23:45:10 fl1-111-169-156-137.tky.mesh.ad.jp [50: C4:DD:16:64:20 AP50C4DD166420] WIRELESS: wl1.0 (2.4GHz): Associated User - 02:0f:b5:cd:18:ff

Jan 11 23:45:10 fl1-111-169-156-137.tky.mesh.ad.jp [50: C4:DD:16:64:20 AP50C4DD166420] AUTH: wl1.0 (2.4GHz): Authenticated (WPA2-PSK) User - 02:0f:b5:cd:18:ff

Jan 11 23:46:16 fl1-111-169-156-137.tky.mesh.ad.jp [50: C4:DD:16:64:20 AP50C4DD166420] WIRELESS: wl1.0 (2.4GHz): Encryption Key Renewing

Jan 11 23:47:06 fl1-111-169-156-137.tky.mesh.ad.jp [50: C4:DD:16:64:20 AP50C4DD166420] WIRELESS: wl0.0 (5GHz): Encryption Key Renewing

Jan 11 23:51:17 fl1-111-169-156-137.tky.mesh.ad.jp [50: C4:DD:16:64:20 AP50C4DD166420] WIRELESS: wl1.0 (2.4GHz): DisAssociated User - 02:0f:b5:cd:18:ff

