Jan 18 00:15:13 fl1-111-169-156-137.tky.mesh.ad.jp [50: C4:DD:16:64:20 AP50C4DD166420] WIRELESS: wl1.0 (2.4GHz): Associated User - 02:0f:b5:cd:18:ff

Jan 18 00:15:13 fl1-111-169-156-137.tky.mesh.ad.jp [50: C4:DD:16:64:20 AP50C4DD166420] AUTH: wl1.0 (2.4GHz): Authenticated (WPA2-PSK) User - 02:0f:b5:cd:18:ff

Jan 18 00:20:15 fl1-111-169-156-137.tky.mesh.ad.jp [50: C4:DD:16:64:20 AP50C4DD166420] WIRELESS: wl1.0 (2.4GHz): DisAssociated User - 02:0f:b5:cd:18:ff

Jan 18 00:45:13 fl1-111-169-156-137.tky.mesh.ad.jp [50: C4:DD:16:64:20 AP50C4DD166420] WIRELESS: wl1.0 (2.4GHz): Associated User - 02:0f:b5:cd:18:ff

Jan 18 00:45:13 fl1-111-169-156-137.tky.mesh.ad.jp [50: C4:DD:16:64:20 AP50C4DD166420] AUTH: wl1.0 (2.4GHz): Authenticated (WPA2-PSK) User - 02:0f:b5:cd:18:ff

Jan 18 00:46:23 fl1-111-169-156-137.tky.mesh.ad.jp [50: C4:DD:16:64:20 AP50C4DD166420] WIRELESS: wl1.0 (2.4GHz): Encryption Key Renewing

Jan 18 00:47:18 fl1-111-169-156-137.tky.mesh.ad.jp [50: C4:DD:16:64:20 AP50C4DD166420] WIRELESS: wl0.0 (5GHz): Encryption Key Renewing

Jan 18 00:51:25 fl1-111-169-156-137.tky.mesh.ad.jp [50: C4:DD:16:64:20 AP50C4DD166420] WIRELESS: wl1.0 (2.4GHz): DisAssociated User - 02:0f:b5:cd:18:ff

Jan 18 01:12:24 fl1-111-169-156-137.tky.mesh.ad.jp [50: C4:DD:16:64:20 AP50C4DD166420] WIRELESS: wl0.0 (5GHz): DisAssociated User - 50:32:37:bc:e9:1d

Jan 18 01:12:24 fl1-111-169-156-137.tky.mesh.ad.jp [50: C4:DD:16:64:20 AP50C4DD166420] WIRELESS: wl0.0 (5GHz): Associated User - 50:32:37:bc:e9:1d

Jan 18 01:12:24 fl1-111-169-156-137.tky.mesh.ad.jp [50: C4:DD:16:64:20 AP50C4DD166420] AUTH: wl0.0 (5GHz): Authenticated (WPA2-PSK) User - 50:32:37:bc:e9:1d

Jan 18 01:13:12 fl1-111-169-156-137.tky.mesh.ad.jp [50: C4:DD:16:64:20 AP50C4DD166420] WIRELESS: wl0.0 (5GHz): DisAssociated User - 50:32:37:bc:e9:1d

Jan 18 01:13:12 fl1-111-169-156-137.tky.mesh.ad.jp [50: C4:DD:16:64:20 AP50C4DD166420] WIRELESS: wl0.0 (5GHz): Associated User - 50:32:37:bc:e9:1d

Jan 18 01:13:12 fl1-111-169-156-137.tky.mesh.ad.jp [50: C4:DD:16:64:20 AP50C4DD166420] AUTH: wl0.0 (5GHz): Authenticated (WPA2-PSK) User - 50:32:37:bc:e9:1d

Jan 18 01:15:13 fl1-111-169-156-137.tky.mesh.ad.jp [50: C4:DD:16:64:20 AP50C4DD166420] WIRELESS: wl1.0 (2.4GHz): Associated User - 02:0f:b5:cd:18:ff

Jan 18 01:15:13 fl1-111-169-156-137.tky.mesh.ad.jp [50: C4:DD:16:64:20 AP50C4DD166420] AUTH: wl1.0 (2.4GHz): Authenticated (WPA2-PSK) User - 02:0f:b5:cd:18:ff

Jan 18 01:20:15 fl1-111-169-156-137.tky.mesh.ad.jp [50: C4:DD:16:64:20 AP50C4DD166420] WIRELESS: wl1.0 (2.4GHz): DisAssociated User - 02:0f:b5:cd:18:ff

Jan 18 01:45:13 fl1-111-169-156-137.tky.mesh.ad.jp [50: C4:DD:16:64:20 AP50C4DD166420] WIRELESS: wl1.0 (2.4GHz): Associated User - 02:0f:b5:cd:18:ff

Jan 18 01:45:13 fl1-111-169-156-137.tky.mesh.ad.jp [50: C4:DD:16:64:20 AP50C4DD166420] AUTH: wl1.0 (2.4GHz): Authenticated (WPA2-PSK) User - 02:0f:b5:cd:18:ff

Jan 18 01:46:23 fl1-111-169-156-137.tky.mesh.ad.jp [50: C4:DD:16:64:20 AP50C4DD166420] WIRELESS: wl1.0 (2.4GHz): Encryption Key Renewing

Jan 18 01:47:18 fl1-111-169-156-137.tky.mesh.ad.jp [50: C4:DD:16:64:20 AP50C4DD166420] WIRELESS: wl0.0 (5GHz): Encryption Key Renewing

Jan 18 01:51:25 fl1-111-169-156-137.tky.mesh.ad.jp [50: C4:DD:16:64:20 AP50C4DD166420] WIRELESS: wl1.0 (2.4GHz): DisAssociated User - 02:0f:b5:cd:18:ff

Jan 18 02:15:13 fl1-111-169-156-137.tky.mesh.ad.jp [50: C4:DD:16:64:20 AP50C4DD166420] WIRELESS: wl1.0 (2.4GHz): Associated User - 02:0f:b5:cd:18:ff

Jan 18 02:15:13 fl1-111-169-156-137.tky.mesh.ad.jp [50: C4:DD:16:64:20 AP50C4DD166420] AUTH: wl1.0 (2.4GHz): Authenticated (WPA2-PSK) User - 02:0f:b5:cd:18:ff

Jan 18 02:20:15 fl1-111-169-156-137.tky.mesh.ad.jp [50: C4:DD:16:64:20 AP50C4DD166420] WIRELESS: wl1.0 (2.4GHz): DisAssociated User - 02:0f:b5:cd:18:ff

Jan 18 02:45:13 fl1-111-169-156-137.tky.mesh.ad.jp [50: C4:DD:16:64:20 AP50C4DD166420] WIRELESS: wl1.0 (2.4GHz): DisAssociated User - 02:0f:b5:cd:18:ff

Jan 18 02:45:13 fl1-111-169-156-137.tky.mesh.ad.jp [50: C4:DD:16:64:20 AP50C4DD166420] WIRELESS: wl1.0 (2.4GHz): Associated User - 02:0f:b5:cd:18:ff

Jan 18 02:46:23 fl1-111-169-156-137.tky.mesh.ad.jp [50: C4:DD:16:64:20 AP50C4DD166420] WIRELESS: wl1.0 (2.4GHz): Encryption Key Renewing

Jan 18 02:47:18 fl1-111-169-156-137.tky.mesh.ad.jp [50: C4:DD:16:64:20 AP50C4DD166420] WIRELESS: wl0.0 (5GHz): Encryption Key Renewing

Jan 18 03:15:13 fl1-111-169-156-137.tky.mesh.ad.jp [50: C4:DD:16:64:20 AP50C4DD166420] AUTH: wl1.0 (2.4GHz): Authenticated (WPA2-PSK) User - 02:0f:b5:cd:18:ff

Jan 18 03:15:13 fl1-111-169-156-137.tky.mesh.ad.jp [50: C4:DD:16:64:20 AP50C4DD166420] WIRELESS: wl1.0 (2.4GHz): Associated User - 02:0f:b5:cd:18:ff

Jan 18 03:20:15 fl1-111-169-156-137.tky.mesh.ad.jp [50: C4:DD:16:64:20 AP50C4DD166420] WIRELESS: wl1.0 (2.4GHz): DisAssociated User - 02:0f:b5:cd:18:ff

Jan 18 03:45:13 fl1-111-169-156-137.tky.mesh.ad.jp [50: C4:DD:16:64:20 AP50C4DD166420] WIRELESS: wl1.0 (2.4GHz): DisAssociated User - 02:0f:b5:cd:18:ff

Jan 18 03:45:13 fl1-111-169-156-137.tky.mesh.ad.jp [50: C4:DD:16:64:20 AP50C4DD166420] WIRELESS: wl1.0 (2.4GHz): Associated User - 02:0f:b5:cd:18:ff

Jan 18 03:46:23 fl1-111-169-156-137.tky.mesh.ad.jp [50: C4:DD:16:64:20 AP50C4DD166420] WIRELESS: wl1.0 (2.4GHz): Encryption Key Renewing

Jan 18 03:47:18 fl1-111-169-156-137.tky.mesh.ad.jp [50: C4:DD:16:64:20 AP50C4DD166420] WIRELESS: wl0.0 (5GHz): Encryption Key Renewing

Jan 18 04:15:13 fl1-111-169-156-137.tky.mesh.ad.jp [50: C4:DD:16:64:20 AP50C4DD166420] WIRELESS: wl1.0 (2.4GHz): Associated User - 02:0f:b5:cd:18:ff

Jan 18 04:15:13 fl1-111-169-156-137.tky.mesh.ad.jp [50: C4:DD:16:64:20 AP50C4DD166420] AUTH: wl1.0 (2.4GHz): Authenticated (WPA2-PSK) User - 02:0f:b5:cd:18:ff

Jan 18 04:20:15 fl1-111-169-156-137.tky.mesh.ad.jp [50: C4:DD:16:64:20 AP50C4DD166420] WIRELESS: wl1.0 (2.4GHz): DisAssociated User - 02:0f:b5:cd:18:ff

Jan 18 04:45:13 fl1-111-169-156-137.tky.mesh.ad.jp [50: C4:DD:16:64:20 AP50C4DD166420] WIRELESS: wl1.0 (2.4GHz): Associated User - 02:0f:b5:cd:18:ff

Jan 18 04:45:13 fl1-111-169-156-137.tky.mesh.ad.jp [50: C4:DD:16:64:20 AP50C4DD166420] AUTH: wl1.0 (2.4GHz): Authenticated (WPA2-PSK) User - 02:0f:b5:cd:18:ff

Jan 18 04:46:23 fl1-111-169-156-137.tky.mesh.ad.jp [50: C4:DD:16:64:20 AP50C4DD166420] WIRELESS: wl1.0 (2.4GHz): Encryption Key Renewing

Jan 18 04:47:18 fl1-111-169-156-137.tky.mesh.ad.jp [50: C4:DD:16:64:20 AP50C4DD166420] WIRELESS: wl0.0 (5GHz): Encryption Key Renewing

Jan 18 04:51:25 fl1-111-169-156-137.tky.mesh.ad.jp [50: C4:DD:16:64:20 AP50C4DD166420] WIRELESS: wl1.0 (2.4GHz): DisAssociated User - 02:0f:b5:cd:18:ff

Jan 18 05:15:13 fl1-111-169-156-137.tky.mesh.ad.jp [50: C4:DD:16:64:20 AP50C4DD166420] WIRELESS: wl1.0 (2.4GHz): Associated User - 02:0f:b5:cd:18:ff

Jan 18 05:15:13 fl1-111-169-156-137.tky.mesh.ad.jp [50: C4:DD:16:64:20 AP50C4DD166420] AUTH: wl1.0 (2.4GHz): Authenticated (WPA2-PSK) User - 02:0f:b5:cd:18:ff

Jan 18 05:20:15 fl1-111-169-156-137.tky.mesh.ad.jp [50: C4:DD:16:64:20 AP50C4DD166420] WIRELESS: wl1.0 (2.4GHz): DisAssociated User - 02:0f:b5:cd:18:ff

Jan 18 05:45:13 fl1-111-169-156-137.tky.mesh.ad.jp [50: C4:DD:16:64:20 AP50C4DD166420] WIRELESS: wl1.0 (2.4GHz): Associated User - 02:0f:b5:cd:18:ff

Jan 18 05:45:13 fl1-111-169-156-137.tky.mesh.ad.jp [50: C4:DD:16:64:20 AP50C4DD166420] WIRELESS: wl1.0 (2.4GHz): DisAssociated User - 02:0f:b5:cd:18:ff

Jan 18 05:46:23 fl1-111-169-156-137.tky.mesh.ad.jp [50: C4:DD:16:64:20 AP50C4DD166420] WIRELESS: wl1.0 (2.4GHz): Encryption Key Renewing

Jan 18 05:47:18 fl1-111-169-156-137.tky.mesh.ad.jp [50: C4:DD:16:64:20 AP50C4DD166420] WIRELESS: wl0.0 (5GHz): Encryption Key Renewing

Jan 18 06:15:13 fl1-111-169-156-137.tky.mesh.ad.jp [50: C4:DD:16:64:20 AP50C4DD166420] WIRELESS: wl1.0 (2.4GHz): Associated User - 02:0f:b5:cd:18:ff

Jan 18 06:15:13 fl1-111-169-156-137.tky.mesh.ad.jp [50: C4:DD:16:64:20 AP50C4DD166420] AUTH: wl1.0 (2.4GHz): Authenticated (WPA2-PSK) User - 02:0f:b5:cd:18:ff

Jan 18 06:20:16 fl1-111-169-156-137.tky.mesh.ad.jp [50: C4:DD:16:64:20 AP50C4DD166420] WIRELESS: wl1.0 (2.4GHz): DisAssociated User - 02:0f:b5:cd:18:ff

Jan 18 06:45:13 fl1-111-169-156-137.tky.mesh.ad.jp [50: C4:DD:16:64:20 AP50C4DD166420] AUTH: wl1.0 (2.4GHz): Authenticated (WPA2-PSK) User - 02:0f:b5:cd:18:ff

Jan 18 06:45:13 fl1-111-169-156-137.tky.mesh.ad.jp [50: C4:DD:16:64:20 AP50C4DD166420] WIRELESS: wl1.0 (2.4GHz): Associated User - 02:0f:b5:cd:18:ff

Jan 18 06:46:23 fl1-111-169-156-137.tky.mesh.ad.jp [50: C4:DD:16:64:20 AP50C4DD166420] WIRELESS: wl1.0 (2.4GHz): Encryption Key Renewing

Jan 18 06:47:18 fl1-111-169-156-137.tky.mesh.ad.jp [50: C4:DD:16:64:20 AP50C4DD166420] WIRELESS: wl0.0 (5GHz): Encryption Key Renewing

Jan 18 06:51:25 fl1-111-169-156-137.tky.mesh.ad.jp [50: C4:DD:16:64:20 AP50C4DD166420] WIRELESS: wl1.0 (2.4GHz): DisAssociated User - 02:0f:b5:cd:18:ff

Jan 18 07:15:13 fl1-111-169-156-137.tky.mesh.ad.jp [50: C4:DD:16:64:20 AP50C4DD166420] WIRELESS: wl1.0 (2.4GHz): DisAssociated User - 02:0f:b5:cd:18:ff

Jan 18 07:15:13 fl1-111-169-156-137.tky.mesh.ad.jp [50: C4:DD:16:64:20 AP50C4DD166420] WIRELESS: wl1.0 (2.4GHz): Associated User - 02:0f:b5:cd:18:ff

Jan 18 07:45:13 fl1-111-169-156-137.tky.mesh.ad.jp [50: C4:DD:16:64:20 AP50C4DD166420] WIRELESS: wl1.0 (2.4GHz): Associated User - 02:0f:b5:cd:18:ff

Jan 18 07:45:13 fl1-111-169-156-137.tky.mesh.ad.jp [50: C4:DD:16:64:20 AP50C4DD166420] AUTH: wl1.0 (2.4GHz): Authenticated (WPA2-PSK) User - 02:0f:b5:cd:18:ff

Jan 18 07:46:23 fl1-111-169-156-137.tky.mesh.ad.jp [50: C4:DD:16:64:20 AP50C4DD166420] WIRELESS: wl1.0 (2.4GHz): Encryption Key Renewing

Jan 18 07:47:18 fl1-111-169-156-137.tky.mesh.ad.jp [50: C4:DD:16:64:20 AP50C4DD166420] WIRELESS: wl0.0 (5GHz): Encryption Key Renewing

Jan 18 07:51:25 fl1-111-169-156-137.tky.mesh.ad.jp [50: C4:DD:16:64:20 AP50C4DD166420] WIRELESS: wl1.0 (2.4GHz): DisAssociated User - 02:0f:b5:cd:18:ff

Jan 18 08:15:13 fl1-111-169-156-137.tky.mesh.ad.jp [50: C4:DD:16:64:20 AP50C4DD166420] WIRELESS: wl1.0 (2.4GHz): Associated User - 02:0f:b5:cd:18:ff

Jan 18 08:15:13 fl1-111-169-156-137.tky.mesh.ad.jp [50: C4:DD:16:64:20 AP50C4DD166420] AUTH: wl1.0 (2.4GHz): Authenticated (WPA2-PSK) User - 02:0f:b5:cd:18:ff

Jan 18 08:20:15 fl1-111-169-156-137.tky.mesh.ad.jp [50: C4:DD:16:64:20 AP50C4DD166420] WIRELESS: wl1.0 (2.4GHz): DisAssociated User - 02:0f:b5:cd:18:ff

Jan 18 08:38:46 fl1-111-169-156-137.tky.mesh.ad.jp [50: C4:DD:16:64:20 AP50C4DD166420] WIRELESS: wl0.0 (5GHz): DisAssociated User - 50:32:37:bc:e9:1d

Jan 18 08:38:46 fl1-111-169-156-137.tky.mesh.ad.jp [50: C4:DD:16:64:20 AP50C4DD166420] WIRELESS: wl0.0 (5GHz): Associated User - 50:32:37:bc:e9:1d

Jan 18 08:38:46 fl1-111-169-156-137.tky.mesh.ad.jp [50: C4:DD:16:64:20 AP50C4DD166420] AUTH: wl0.0 (5GHz): Authenticated (WPA2-PSK) User - 50:32:37:bc:e9:1d

Jan 18 08:39:44 fl1-111-169-156-137.tky.mesh.ad.jp [50: C4:DD:16:64:20 AP50C4DD166420] WIRELESS: wl0.0 (5GHz): DisAssociated User - 50:32:37:bc:e9:1d

Jan 18 08:39:44 fl1-111-169-156-137.tky.mesh.ad.jp [50: C4:DD:16:64:20 AP50C4DD166420] WIRELESS: wl0.0 (5GHz): Associated User - 50:32:37:bc:e9:1d

Jan 18 08:39:44 fl1-111-169-156-137.tky.mesh.ad.jp [50: C4:DD:16:64:20 AP50C4DD166420] AUTH: wl0.0 (5GHz): Authenticated (WPA2-PSK) User - 50:32:37:bc:e9:1d

Jan 18 08:45:13 fl1-111-169-156-137.tky.mesh.ad.jp [50: C4:DD:16:64:20 AP50C4DD166420] WIRELESS: wl1.0 (2.4GHz): Associated User - 02:0f:b5:cd:18:ff

Jan 18 08:45:13 fl1-111-169-156-137.tky.mesh.ad.jp [50: C4:DD:16:64:20 AP50C4DD166420] AUTH: wl1.0 (2.4GHz): Authenticated (WPA2-PSK) User - 02:0f:b5:cd:18:ff

Jan 18 08:46:23 fl1-111-169-156-137.tky.mesh.ad.jp [50: C4:DD:16:64:20 AP50C4DD166420] WIRELESS: wl1.0 (2.4GHz): Encryption Key Renewing

Jan 18 08:47:18 fl1-111-169-156-137.tky.mesh.ad.jp [50: C4:DD:16:64:20 AP50C4DD166420] WIRELESS: wl0.0 (5GHz): Encryption Key Renewing

Jan 18 08:51:31 fl1-111-169-156-137.tky.mesh.ad.jp [50: C4:DD:16:64:20 AP50C4DD166420] WIRELESS: wl1.0 (2.4GHz): DisAssociated User - 02:0f:b5:cd:18:ff

Jan 18 09:15:13 fl1-111-169-156-137.tky.mesh.ad.jp [50: C4:DD:16:64:20 AP50C4DD166420] WIRELESS: wl1.0 (2.4GHz): Associated User - 02:0f:b5:cd:18:ff

Jan 18 09:15:13 fl1-111-169-156-137.tky.mesh.ad.jp [50: C4:DD:16:64:20 AP50C4DD166420] AUTH: wl1.0 (2.4GHz): Authenticated (WPA2-PSK) User - 02:0f:b5:cd:18:ff

Jan 18 09:20:15 fl1-111-169-156-137.tky.mesh.ad.jp [50: C4:DD:16:64:20 AP50C4DD166420] WIRELESS: wl1.0 (2.4GHz): DisAssociated User - 02:0f:b5:cd:18:ff

Jan 18 09:45:13 fl1-111-169-156-137.tky.mesh.ad.jp [50: C4:DD:16:64:20 AP50C4DD166420] WIRELESS: wl1.0 (2.4GHz): DisAssociated User - 02:0f:b5:cd:18:ff

Jan 18 09:45:13 fl1-111-169-156-137.tky.mesh.ad.jp [50: C4:DD:16:64:20 AP50C4DD166420] WIRELESS: wl1.0 (2.4GHz): Associated User - 02:0f:b5:cd:18:ff

Jan 18 09:46:23 fl1-111-169-156-137.tky.mesh.ad.jp [50: C4:DD:16:64:20 AP50C4DD166420] WIRELESS: wl1.0 (2.4GHz): Encryption Key Renewing

Jan 18 09:47:18 fl1-111-169-156-137.tky.mesh.ad.jp [50: C4:DD:16:64:20 AP50C4DD166420] WIRELESS: wl0.0 (5GHz): Encryption Key Renewing

Jan 18 10:15:13 fl1-111-169-156-137.tky.mesh.ad.jp [50: C4:DD:16:64:20 AP50C4DD166420] WIRELESS: wl1.0 (2.4GHz): Associated User - 02:0f:b5:cd:18:ff

Jan 18 10:15:13 fl1-111-169-156-137.tky.mesh.ad.jp [50: C4:DD:16:64:20 AP50C4DD166420] AUTH: wl1.0 (2.4GHz): Authenticated (WPA2-PSK) User - 02:0f:b5:cd:18:ff

Jan 18 10:20:15 fl1-111-169-156-137.tky.mesh.ad.jp [50: C4:DD:16:64:20 AP50C4DD166420] WIRELESS: wl1.0 (2.4GHz): DisAssociated User - 02:0f:b5:cd:18:ff

Jan 18 10:45:13 fl1-111-169-156-137.tky.mesh.ad.jp [50: C4:DD:16:64:20 AP50C4DD166420] WIRELESS: wl1.0 (2.4GHz): Associated User - 02:0f:b5:cd:18:ff

Jan 18 10:45:13 fl1-111-169-156-137.tky.mesh.ad.jp [50: C4:DD:16:64:20 AP50C4DD166420] AUTH: wl1.0 (2.4GHz): Authenticated (WPA2-PSK) User - 02:0f:b5:cd:18:ff

Jan 18 10:46:23 fl1-111-169-156-137.tky.mesh.ad.jp [50: C4:DD:16:64:20 AP50C4DD166420] WIRELESS: wl1.0 (2.4GHz): Encryption Key Renewing

Jan 18 10:47:18 fl1-111-169-156-137.tky.mesh.ad.jp [50: C4:DD:16:64:20 AP50C4DD166420] WIRELESS: wl0.0 (5GHz): Encryption Key Renewing

Jan 18 10:51:26 fl1-111-169-156-137.tky.mesh.ad.jp [50: C4:DD:16:64:20 AP50C4DD166420] WIRELESS: wl1.0 (2.4GHz): DisAssociated User - 02:0f:b5:cd:18:ff

Jan 18 11:15:13 fl1-111-169-156-137.tky.mesh.ad.jp [50: C4:DD:16:64:20 AP50C4DD166420] WIRELESS: wl1.0 (2.4GHz): Associated User - 02:0f:b5:cd:18:ff

Jan 18 11:15:13 fl1-111-169-156-137.tky.mesh.ad.jp [50: C4:DD:16:64:20 AP50C4DD166420] AUTH: wl1.0 (2.4GHz): Authenticated (WPA2-PSK) User - 02:0f:b5:cd:18:ff

Jan 18 11:20:16 fl1-111-169-156-137.tky.mesh.ad.jp [50: C4:DD:16:64:20 AP50C4DD166420] WIRELESS: wl1.0 (2.4GHz): DisAssociated User - 02:0f:b5:cd:18:ff

Jan 18 11:45:13 fl1-111-169-156-137.tky.mesh.ad.jp [50: C4:DD:16:64:20 AP50C4DD166420] WIRELESS: wl1.0 (2.4GHz): Associated User - 02:0f:b5:cd:18:ff

Jan 18 11:45:13 fl1-111-169-156-137.tky.mesh.ad.jp [50: C4:DD:16:64:20 AP50C4DD166420] AUTH: wl1.0 (2.4GHz): Authenticated (WPA2-PSK) User - 02:0f:b5:cd:18:ff

Jan 18 11:46:23 fl1-111-169-156-137.tky.mesh.ad.jp [50: C4:DD:16:64:20 AP50C4DD166420] WIRELESS: wl1.0 (2.4GHz): Encryption Key Renewing

Jan 18 11:47:18 fl1-111-169-156-137.tky.mesh.ad.jp [50: C4:DD:16:64:20 AP50C4DD166420] WIRELESS: wl0.0 (5GHz): Encryption Key Renewing

Jan 18 11:51:25 fl1-111-169-156-137.tky.mesh.ad.jp [50: C4:DD:16:64:20 AP50C4DD166420] WIRELESS: wl1.0 (2.4GHz): DisAssociated User - 02:0f:b5:cd:18:ff

Jan 18 12:10:27 fl1-111-169-156-137.tky.mesh.ad.jp [50: C4:DD:16:64:20 AP50C4DD166420] AUTH: wl1.0 (2.4GHz): Authenticated (WPA2-PSK) User - 02:0f:b5:cd:18:ff

Jan 18 12:10:27 fl1-111-169-156-137.tky.mesh.ad.jp [50: C4:DD:16:64:20 AP50C4DD166420] WIRELESS: wl1.0 (2.4GHz): Associated User - 02:0f:b5:cd:18:ff

Jan 18 12:20:15 fl1-111-169-156-137.tky.mesh.ad.jp [50: C4:DD:16:64:20 AP50C4DD166420] WIRELESS: wl1.0 (2.4GHz): DisAssociated User - 02:0f:b5:cd:18:ff

Jan 18 12:30:31 fl1-111-169-156-137.tky.mesh.ad.jp [50: C4:DD:16:64:20 AP50C4DD166420] WIRELESS: wl1.0 (2.4GHz): Associated User - 02:0f:b5:cd:18:ff

Jan 18 12:30:31 fl1-111-169-156-137.tky.mesh.ad.jp [50: C4:DD:16:64:20 AP50C4DD166420] AUTH: wl1.0 (2.4GHz): Authenticated (WPA2-PSK) User - 02:0f:b5:cd:18:ff

Jan 18 12:35:33 fl1-111-169-156-137.tky.mesh.ad.jp [50: C4:DD:16:64:20 AP50C4DD166420] WIRELESS: wl1.0 (2.4GHz): DisAssociated User - 02:0f:b5:cd:18:ff

Jan 18 12:45:13 fl1-111-169-156-137.tky.mesh.ad.jp [50: C4:DD:16:64:20 AP50C4DD166420] WIRELESS: wl1.0 (2.4GHz): Associated User - 02:0f:b5:cd:18:ff

Jan 18 12:45:13 fl1-111-169-156-137.tky.mesh.ad.jp [50: C4:DD:16:64:20 AP50C4DD166420] AUTH: wl1.0 (2.4GHz): Authenticated (WPA2-PSK) User - 02:0f:b5:cd:18:ff

Jan 18 12:46:23 fl1-111-169-156-137.tky.mesh.ad.jp [50: C4:DD:16:64:20 AP50C4DD166420] WIRELESS: wl1.0 (2.4GHz): Encryption Key Renewing

Jan 18 12:47:18 fl1-111-169-156-137.tky.mesh.ad.jp [50: C4:DD:16:64:20 AP50C4DD166420] WIRELESS: wl0.0 (5GHz): Encryption Key Renewing

Jan 18 12:55:33 fl1-111-169-156-137.tky.mesh.ad.jp [50: C4:DD:16:64:20 AP50C4DD166420] WIRELESS: wl1.0 (2.4GHz): DisAssociated User - 02:0f:b5:cd:18:ff

Jan 18 13:10:32 fl1-111-169-156-137.tky.mesh.ad.jp [50: C4:DD:16:64:20 AP50C4DD166420] WIRELESS: wl1.0 (2.4GHz): Associated User - 02:0f:b5:cd:18:ff

Jan 18 13:10:32 fl1-111-169-156-137.tky.mesh.ad.jp [50: C4:DD:16:64:20 AP50C4DD166420] AUTH: wl1.0 (2.4GHz): Authenticated (WPA2-PSK) User - 02:0f:b5:cd:18:ff

Jan 18 13:20:17 fl1-111-169-156-137.tky.mesh.ad.jp [50: C4:DD:16:64:20 AP50C4DD166420] WIRELESS: wl1.0 (2.4GHz): DisAssociated User - 02:0f:b5:cd:18:ff

Jan 18 13:46:23 fl1-111-169-156-137.tky.mesh.ad.jp [50: C4:DD:16:64:20 AP50C4DD166420] WIRELESS: wl1.0 (2.4GHz): Encryption Key Renewing

Jan 18 13:47:18 fl1-111-169-156-137.tky.mesh.ad.jp [50: C4:DD:16:64:20 AP50C4DD166420] WIRELESS: wl0.0 (5GHz): Encryption Key Renewing

Jan 18 14:15:13 fl1-111-169-156-137.tky.mesh.ad.jp [50: C4:DD:16:64:20 AP50C4DD166420] WIRELESS: wl1.0 (2.4GHz): Associated User - 02:0f:b5:cd:18:ff

Jan 18 14:15:13 fl1-111-169-156-137.tky.mesh.ad.jp [50: C4:DD:16:64:20 AP50C4DD166420] AUTH: wl1.0 (2.4GHz): Authenticated (WPA2-PSK) User - 02:0f:b5:cd:18:ff

Jan 18 14:20:15 fl1-111-169-156-137.tky.mesh.ad.jp [50: C4:DD:16:64:20 AP50C4DD166420] WIRELESS: wl1.0 (2.4GHz): DisAssociated User - 02:0f:b5:cd:18:ff

Jan 18 14:45:13 fl1-111-169-156-137.tky.mesh.ad.jp [50: C4:DD:16:64:20 AP50C4DD166420] AUTH: wl1.0 (2.4GHz): Authenticated (WPA2-PSK) User - 02:0f:b5:cd:18:ff

Jan 18 14:45:13 fl1-111-169-156-137.tky.mesh.ad.jp [50: C4:DD:16:64:20 AP50C4DD166420] WIRELESS: wl1.0 (2.4GHz): Associated User - 02:0f:b5:cd:18:ff

Jan 18 14:46:23 fl1-111-169-156-137.tky.mesh.ad.jp [50: C4:DD:16:64:20 AP50C4DD166420] WIRELESS: wl1.0 (2.4GHz): Encryption Key Renewing

Jan 18 14:47:18 fl1-111-169-156-137.tky.mesh.ad.jp [50: C4:DD:16:64:20 AP50C4DD166420] WIRELESS: wl0.0 (5GHz): Encryption Key Renewing

Jan 18 14:51:25 fl1-111-169-156-137.tky.mesh.ad.jp [50: C4:DD:16:64:20 AP50C4DD166420] WIRELESS: wl1.0 (2.4GHz): DisAssociated User - 02:0f:b5:cd:18:ff

Jan 18 15:45:13 fl1-111-169-156-137.tky.mesh.ad.jp [50: C4:DD:16:64:20 AP50C4DD166420] WIRELESS: wl1.0 (2.4GHz): Associated User - 02:0f:b5:cd:18:ff

Jan 18 15:45:13 fl1-111-169-156-137.tky.mesh.ad.jp [50: C4:DD:16:64:20 AP50C4DD166420] AUTH: wl1.0 (2.4GHz): Authenticated (WPA2-PSK) User - 02:0f:b5:cd:18:ff

Jan 18 15:46:23 fl1-111-169-156-137.tky.mesh.ad.jp [50: C4:DD:16:64:20 AP50C4DD166420] WIRELESS: wl1.0 (2.4GHz): Encryption Key Renewing

Jan 18 15:47:19 fl1-111-169-156-137.tky.mesh.ad.jp [50: C4:DD:16:64:20 AP50C4DD166420] WIRELESS: wl0.0 (5GHz): Encryption Key Renewing

Jan 18 15:51:26 fl1-111-169-156-137.tky.mesh.ad.jp [50: C4:DD:16:64:20 AP50C4DD166420] WIRELESS: wl1.0 (2.4GHz): DisAssociated User - 02:0f:b5:cd:18:ff

Jan 18 16:15:13 fl1-111-169-156-137.tky.mesh.ad.jp [50: C4:DD:16:64:20 AP50C4DD166420] AUTH: wl1.0 (2.4GHz): Authenticated (WPA2-PSK) User - 02:0f:b5:cd:18:ff

Jan 18 16:15:13 fl1-111-169-156-137.tky.mesh.ad.jp [50: C4:DD:16:64:20 AP50C4DD166420] WIRELESS: wl1.0 (2.4GHz): Associated User - 02:0f:b5:cd:18:ff

Jan 18 16:20:15 fl1-111-169-156-137.tky.mesh.ad.jp [50: C4:DD:16:64:20 AP50C4DD166420] WIRELESS: wl1.0 (2.4GHz): DisAssociated User - 02:0f:b5:cd:18:ff

Jan 18 16:45:13 fl1-111-169-156-137.tky.mesh.ad.jp [50: C4:DD:16:64:20 AP50C4DD166420] WIRELESS: wl1.0 (2.4GHz): Associated User - 02:0f:b5:cd:18:ff

Jan 18 16:45:13 fl1-111-169-156-137.tky.mesh.ad.jp [50: C4:DD:16:64:20 AP50C4DD166420] AUTH: wl1.0 (2.4GHz): Authenticated (WPA2-PSK) User - 02:0f:b5:cd:18:ff

Jan 18 16:46:23 fl1-111-169-156-137.tky.mesh.ad.jp [50: C4:DD:16:64:20 AP50C4DD166420] WIRELESS: wl1.0 (2.4GHz): Encryption Key Renewing

Jan 18 16:47:19 fl1-111-169-156-137.tky.mesh.ad.jp [50: C4:DD:16:64:20 AP50C4DD166420] WIRELESS: wl0.0 (5GHz): Encryption Key Renewing

Jan 18 16:51:25 fl1-111-169-156-137.tky.mesh.ad.jp [50: C4:DD:16:64:20 AP50C4DD166420] WIRELESS: wl1.0 (2.4GHz): DisAssociated User - 02:0f:b5:cd:18:ff

Jan 18 17:15:13 fl1-111-169-156-137.tky.mesh.ad.jp [50: C4:DD:16:64:20 AP50C4DD166420] AUTH: wl1.0 (2.4GHz): Authenticated (WPA2-PSK) User - 02:0f:b5:cd:18:ff

Jan 18 17:15:13 fl1-111-169-156-137.tky.mesh.ad.jp [50: C4:DD:16:64:20 AP50C4DD166420] WIRELESS: wl1.0 (2.4GHz): Associated User - 02:0f:b5:cd:18:ff

Jan 18 17:20:15 fl1-111-169-156-137.tky.mesh.ad.jp [50: C4:DD:16:64:20 AP50C4DD166420] WIRELESS: wl1.0 (2.4GHz): DisAssociated User - 02:0f:b5:cd:18:ff

Jan 18 17:24:15 fl1-111-169-156-137.tky.mesh.ad.jp [50: C4:DD:16:64:20 AP50C4DD166420] WIRELESS: wl0.0 (5GHz): Associated User - 5c:09:47:54:13:65

Jan 18 17:24:15 fl1-111-169-156-137.tky.mesh.ad.jp [50: C4:DD:16:64:20 AP50C4DD166420] AUTH: wl0.0 (5GHz): Authenticated (WPA2-PSK) User - 5c:09:47:54:13:65

Jan 18 17:25:32 fl1-111-169-156-137.tky.mesh.ad.jp [50: C4:DD:16:64:20 AP50C4DD166420] WIRELESS: wl1.0 (2.4GHz): Associated User - f8:95:ea:e2:95:bf

Jan 18 17:25:32 fl1-111-169-156-137.tky.mesh.ad.jp [50: C4:DD:16:64:20 AP50C4DD166420] AUTH: wl1.0 (2.4GHz): Authenticated (WPA2-PSK) User - f8:95:ea:e2:95:bf

Jan 18 17:25:35 fl1-111-169-156-137.tky.mesh.ad.jp [50: C4:DD:16:64:20 AP50C4DD166420] WIRELESS: wl1.0 (2.4GHz): DisAssociated User - f8:95:ea:e2:95:bf

Jan 18 17:26:01 fl1-111-169-156-137.tky.mesh.ad.jp [50: C4:DD:16:64:20 AP50C4DD166420] WIRELESS: wl0.0 (5GHz): Associated User - f8:95:ea:e2:95:bf

Jan 18 17:26:01 fl1-111-169-156-137.tky.mesh.ad.jp [50: C4:DD:16:64:20 AP50C4DD166420] WIRELESS: wl0.0 (5GHz): DisAssociated User - f8:95:ea:e2:95:bf

Jan 18 17:26:01 fl1-111-169-156-137.tky.mesh.ad.jp [50: C4:DD:16:64:20 AP50C4DD166420] WIRELESS: wl0.0 (5GHz): Associated User - f8:95:ea:e2:95:bf

Jan 18 17:26:02 fl1-111-169-156-137.tky.mesh.ad.jp [50: C4:DD:16:64:20 AP50C4DD166420] AUTH: wl0.0 (5GHz): Authenticated (WPA2-PSK) User - f8:95:ea:e2:95:bf

Jan 18 17:27:37 fl1-111-169-156-137.tky.mesh.ad.jp [50: C4:DD:16:64:20 AP50C4DD166420] WIRELESS: wl0.0 (5GHz): DisAssociated User - 5c:09:47:54:13:65

Jan 18 17:30:42 fl1-111-169-156-137.tky.mesh.ad.jp [50: C4:DD:16:64:20 AP50C4DD166420] AUTH: wl0.0 (5GHz): Authenticated (WPA2-PSK) User - 5c:09:47:54:13:65

Jan 18 17:30:42 fl1-111-169-156-137.tky.mesh.ad.jp [50: C4:DD:16:64:20 AP50C4DD166420] WIRELESS: wl0.0 (5GHz): Associated User - 5c:09:47:54:13:65

Jan 18 17:30:57 fl1-111-169-156-137.tky.mesh.ad.jp [50: C4:DD:16:64:20 AP50C4DD166420] WIRELESS: wl0.0 (5GHz): Deleting roamed station - 5c:09:47:54:13:65

Jan 18 17:30:57 fl1-111-169-156-137.tky.mesh.ad.jp [50: C4:DD:16:64:20 AP50C4DD166420] AUTH: wl1.0 (2.4GHz): Authenticated (WPA2-PSK) User - 5c:09:47:54:13:65

Jan 18 17:44:25 fl1-111-169-156-137.tky.mesh.ad.jp [50: C4:DD:16:64:20 AP50C4DD166420] WIRELESS: wl0.0 (5GHz): Associated User - 50:32:37:bc:e9:1d

Jan 18 17:44:25 fl1-111-169-156-137.tky.mesh.ad.jp [50: C4:DD:16:64:20 AP50C4DD166420] AUTH: wl0.0 (5GHz): Authenticated (WPA2-PSK) User - 50:32:37:bc:e9:1d

Jan 18 17:44:25 fl1-111-169-156-137.tky.mesh.ad.jp [50: C4:DD:16:64:20 AP50C4DD166420] WIRELESS: wl0.0 (5GHz): DisAssociated User - 50:32:37:bc:e9:1d

Jan 18 17:45:13 fl1-111-169-156-137.tky.mesh.ad.jp [50: C4:DD:16:64:20 AP50C4DD166420] WIRELESS: wl1.0 (2.4GHz): Associated User - 02:0f:b5:cd:18:ff

Jan 18 17:45:13 fl1-111-169-156-137.tky.mesh.ad.jp [50: C4:DD:16:64:20 AP50C4DD166420] AUTH: wl1.0 (2.4GHz): Authenticated (WPA2-PSK) User - 02:0f:b5:cd:18:ff

Jan 18 17:46:23 fl1-111-169-156-137.tky.mesh.ad.jp [50: C4:DD:16:64:20 AP50C4DD166420] WIRELESS: wl1.0 (2.4GHz): Encryption Key Renewing

Jan 18 17:47:19 fl1-111-169-156-137.tky.mesh.ad.jp [50: C4:DD:16:64:20 AP50C4DD166420] WIRELESS: wl0.0 (5GHz): Encryption Key Renewing

Jan 18 17:51:49 fl1-111-169-156-137.tky.mesh.ad.jp [50: C4:DD:16:64:20 AP50C4DD166420] WIRELESS: wl1.0 (2.4GHz): DisAssociated User - 02:0f:b5:cd:18:ff

Jan 18 17:55:21 fl1-111-169-156-137.tky.mesh.ad.jp [50: C4:DD:16:64:20 AP50C4DD166420] WIRELESS: wl0.0 (5GHz): Deleting roamed station - f8:95:ea:e2:95:bf

Jan 18 17:55:21 fl1-111-169-156-137.tky.mesh.ad.jp [50: C4:DD:16:64:20 AP50C4DD166420] WIRELESS: wl1.0 (2.4GHz): Associated User - f8:95:ea:e2:95:bf

Jan 18 17:55:21 fl1-111-169-156-137.tky.mesh.ad.jp [50: C4:DD:16:64:20 AP50C4DD166420] AUTH: wl1.0 (2.4GHz): Authenticated (WPA2-PSK) User - f8:95:ea:e2:95:bf

Jan 18 18:01:28 fl1-111-169-156-137.tky.mesh.ad.jp [50: C4:DD:16:64:20 AP50C4DD166420] WIRELESS: wl1.0 (2.4GHz): Deleting roamed station - 5c:09:47:54:13:65

Jan 18 18:01:28 fl1-111-169-156-137.tky.mesh.ad.jp [50: C4:DD:16:64:20 AP50C4DD166420] WIRELESS: wl0.0 (5GHz): Associated User - 5c:09:47:54:13:65

Jan 18 18:01:28 fl1-111-169-156-137.tky.mesh.ad.jp [50: C4:DD:16:64:20 AP50C4DD166420] AUTH: wl0.0 (5GHz): Authenticated (WPA2-PSK) User - 5c:09:47:54:13:65

Jan 18 18:05:11 fl1-111-169-156-137.tky.mesh.ad.jp [50: C4:DD:16:64:20 AP50C4DD166420] WIRELESS: wl0.0 (5GHz): Associated User - f8:95:ea:e2:95:bf

Jan 18 18:05:11 fl1-111-169-156-137.tky.mesh.ad.jp [50: C4:DD:16:64:20 AP50C4DD166420] WIRELESS: wl1.0 (2.4GHz): Deleting roamed station - f8:95:ea:e2:95:bf

Jan 18 18:05:11 fl1-111-169-156-137.tky.mesh.ad.jp [50: C4:DD:16:64:20 AP50C4DD166420] AUTH: wl0.0 (5GHz): Authenticated (WPA2-PSK) User - f8:95:ea:e2:95:bf

Jan 18 18:15:13 fl1-111-169-156-137.tky.mesh.ad.jp [50: C4:DD:16:64:20 AP50C4DD166420] WIRELESS: wl1.0 (2.4GHz): DisAssociated User - 02:0f:b5:cd:18:ff

Jan 18 18:15:13 fl1-111-169-156-137.tky.mesh.ad.jp [50: C4:DD:16:64:20 AP50C4DD166420] WIRELESS: wl1.0 (2.4GHz): Associated User - 02:0f:b5:cd:18:ff

Jan 18 18:39:47 fl1-111-169-156-137.tky.mesh.ad.jp [50: C4:DD:16:64:20 AP50C4DD166420] WIRELESS: wl1.0 (2.4GHz): Associated User - f8:95:ea:e2:95:bf

Jan 18 18:39:47 fl1-111-169-156-137.tky.mesh.ad.jp [50: C4:DD:16:64:20 AP50C4DD166420] WIRELESS: wl0.0 (5GHz): Deleting roamed station - f8:95:ea:e2:95:bf

Jan 18 18:39:47 fl1-111-169-156-137.tky.mesh.ad.jp [50: C4:DD:16:64:20 AP50C4DD166420] AUTH: wl1.0 (2.4GHz): Authenticated (WPA2-PSK) User - f8:95:ea:e2:95:bf

Jan 18 18:40:51 fl1-111-169-156-137.tky.mesh.ad.jp [50: C4:DD:16:64:20 AP50C4DD166420] WIRELESS: wl1.0 (2.4GHz): Associated User - 5c:09:47:54:13:65

Jan 18 18:40:51 fl1-111-169-156-137.tky.mesh.ad.jp [50: C4:DD:16:64:20 AP50C4DD166420] WIRELESS: wl0.0 (5GHz): Deleting roamed station - 5c:09:47:54:13:65

Jan 18 18:40:51 fl1-111-169-156-137.tky.mesh.ad.jp [50: C4:DD:16:64:20 AP50C4DD166420] AUTH: wl1.0 (2.4GHz): Authenticated (WPA2-PSK) User - 5c:09:47:54:13:65

Jan 18 18:44:24 fl1-111-169-156-137.tky.mesh.ad.jp [50: C4:DD:16:64:20 AP50C4DD166420] WIRELESS: wl1.0 (2.4GHz): DisAssociated User - f8:95:ea:e2:95:bf

Jan 18 18:44:55 fl1-111-169-156-137.tky.mesh.ad.jp [50: C4:DD:16:64:20 AP50C4DD166420] WIRELESS: wl1.0 (2.4GHz): DisAssociated User - 5c:09:47:54:13:65

Jan 18 18:45:13 fl1-111-169-156-137.tky.mesh.ad.jp [50: C4:DD:16:64:20 AP50C4DD166420] WIRELESS: wl1.0 (2.4GHz): Associated User - 02:0f:b5:cd:18:ff

Jan 18 18:45:13 fl1-111-169-156-137.tky.mesh.ad.jp [50: C4:DD:16:64:20 AP50C4DD166420] AUTH: wl1.0 (2.4GHz): Authenticated (WPA2-PSK) User - 02:0f:b5:cd:18:ff

Jan 18 18:46:24 fl1-111-169-156-137.tky.mesh.ad.jp [50: C4:DD:16:64:20 AP50C4DD166420] WIRELESS: wl1.0 (2.4GHz): Encryption Key Renewing

Jan 18 18:47:19 fl1-111-169-156-137.tky.mesh.ad.jp [50: C4:DD:16:64:20 AP50C4DD166420] WIRELESS: wl0.0 (5GHz): Encryption Key Renewing

Jan 18 18:51:26 fl1-111-169-156-137.tky.mesh.ad.jp [50: C4:DD:16:64:20 AP50C4DD166420] WIRELESS: wl1.0 (2.4GHz): DisAssociated User - 02:0f:b5:cd:18:ff

Jan 18 19:15:13 fl1-111-169-156-137.tky.mesh.ad.jp [50: C4:DD:16:64:20 AP50C4DD166420] WIRELESS: wl1.0 (2.4GHz): Associated User - 02:0f:b5:cd:18:ff

Jan 18 19:15:13 fl1-111-169-156-137.tky.mesh.ad.jp [50: C4:DD:16:64:20 AP50C4DD166420] AUTH: wl1.0 (2.4GHz): Authenticated (WPA2-PSK) User - 02:0f:b5:cd:18:ff

Jan 18 19:20:15 fl1-111-169-156-137.tky.mesh.ad.jp [50: C4:DD:16:64:20 AP50C4DD166420] WIRELESS: wl1.0 (2.4GHz): DisAssociated User - 02:0f:b5:cd:18:ff

Jan 18 19:45:13 fl1-111-169-156-137.tky.mesh.ad.jp [50: C4:DD:16:64:20 AP50C4DD166420] WIRELESS: wl1.0 (2.4GHz): Associated User - 02:0f:b5:cd:18:ff

Jan 18 19:45:13 fl1-111-169-156-137.tky.mesh.ad.jp [50: C4:DD:16:64:20 AP50C4DD166420] AUTH: wl1.0 (2.4GHz): Authenticated (WPA2-PSK) User - 02:0f:b5:cd:18:ff

Jan 18 19:46:24 fl1-111-169-156-137.tky.mesh.ad.jp [50: C4:DD:16:64:20 AP50C4DD166420] WIRELESS: wl1.0 (2.4GHz): Encryption Key Renewing

Jan 18 19:47:19 fl1-111-169-156-137.tky.mesh.ad.jp [50: C4:DD:16:64:20 AP50C4DD166420] WIRELESS: wl0.0 (5GHz): Encryption Key Renewing

Jan 18 19:51:25 fl1-111-169-156-137.tky.mesh.ad.jp [50: C4:DD:16:64:20 AP50C4DD166420] WIRELESS: wl1.0 (2.4GHz): DisAssociated User - 02:0f:b5:cd:18:ff

Jan 18 20:15:13 fl1-111-169-156-137.tky.mesh.ad.jp [50: C4:DD:16:64:20 AP50C4DD166420] WIRELESS: wl1.0 (2.4GHz): Associated User - 02:0f:b5:cd:18:ff

Jan 18 20:15:13 fl1-111-169-156-137.tky.mesh.ad.jp [50: C4:DD:16:64:20 AP50C4DD166420] AUTH: wl1.0 (2.4GHz): Authenticated (WPA2-PSK) User - 02:0f:b5:cd:18:ff

Jan 18 20:20:15 fl1-111-169-156-137.tky.mesh.ad.jp [50: C4:DD:16:64:20 AP50C4DD166420] WIRELESS: wl1.0 (2.4GHz): DisAssociated User - 02:0f:b5:cd:18:ff

Jan 18 20:45:13 fl1-111-169-156-137.tky.mesh.ad.jp [50: C4:DD:16:64:20 AP50C4DD166420] AUTH: wl1.0 (2.4GHz): Authenticated (WPA2-PSK) User - 02:0f:b5:cd:18:ff

Jan 18 20:45:13 fl1-111-169-156-137.tky.mesh.ad.jp [50: C4:DD:16:64:20 AP50C4DD166420] WIRELESS: wl1.0 (2.4GHz): Associated User - 02:0f:b5:cd:18:ff

Jan 18 20:46:24 fl1-111-169-156-137.tky.mesh.ad.jp [50: C4:DD:16:64:20 AP50C4DD166420] WIRELESS: wl1.0 (2.4GHz): Encryption Key Renewing

Jan 18 20:47:19 fl1-111-169-156-137.tky.mesh.ad.jp [50: C4:DD:16:64:20 AP50C4DD166420] WIRELESS: wl0.0 (5GHz): Encryption Key Renewing

Jan 18 20:51:26 fl1-111-169-156-137.tky.mesh.ad.jp [50: C4:DD:16:64:20 AP50C4DD166420] WIRELESS: wl1.0 (2.4GHz): DisAssociated User - 02:0f:b5:cd:18:ff

Jan 18 21:15:13 fl1-111-169-156-137.tky.mesh.ad.jp [50: C4:DD:16:64:20 AP50C4DD166420] WIRELESS: wl1.0 (2.4GHz): Associated User - 02:0f:b5:cd:18:ff

Jan 18 21:15:13 fl1-111-169-156-137.tky.mesh.ad.jp [50: C4:DD:16:64:20 AP50C4DD166420] AUTH: wl1.0 (2.4GHz): Authenticated (WPA2-PSK) User - 02:0f:b5:cd:18:ff

Jan 18 21:20:16 fl1-111-169-156-137.tky.mesh.ad.jp [50: C4:DD:16:64:20 AP50C4DD166420] WIRELESS: wl1.0 (2.4GHz): DisAssociated User - 02:0f:b5:cd:18:ff

Jan 18 21:45:13 fl1-111-169-156-137.tky.mesh.ad.jp [50: C4:DD:16:64:20 AP50C4DD166420] WIRELESS: wl1.0 (2.4GHz): Associated User - 02:0f:b5:cd:18:ff

Jan 18 21:45:13 fl1-111-169-156-137.tky.mesh.ad.jp [50: C4:DD:16:64:20 AP50C4DD166420] AUTH: wl1.0 (2.4GHz): Authenticated (WPA2-PSK) User - 02:0f:b5:cd:18:ff

Jan 18 21:46:24 fl1-111-169-156-137.tky.mesh.ad.jp [50: C4:DD:16:64:20 AP50C4DD166420] WIRELESS: wl1.0 (2.4GHz): Encryption Key Renewing

Jan 18 21:47:19 fl1-111-169-156-137.tky.mesh.ad.jp [50: C4:DD:16:64:20 AP50C4DD166420] WIRELESS: wl0.0 (5GHz): Encryption Key Renewing

Jan 18 21:51:25 fl1-111-169-156-137.tky.mesh.ad.jp [50: C4:DD:16:64:20 AP50C4DD166420] WIRELESS: wl1.0 (2.4GHz): DisAssociated User - 02:0f:b5:cd:18:ff

Jan 18 22:15:13 fl1-111-169-156-137.tky.mesh.ad.jp [50: C4:DD:16:64:20 AP50C4DD166420] WIRELESS: wl1.0 (2.4GHz): Associated User - 02:0f:b5:cd:18:ff

Jan 18 22:15:13 fl1-111-169-156-137.tky.mesh.ad.jp [50: C4:DD:16:64:20 AP50C4DD166420] AUTH: wl1.0 (2.4GHz): Authenticated (WPA2-PSK) User - 02:0f:b5:cd:18:ff

Jan 18 22:20:15 fl1-111-169-156-137.tky.mesh.ad.jp [50: C4:DD:16:64:20 AP50C4DD166420] WIRELESS: wl1.0 (2.4GHz): DisAssociated User - 02:0f:b5:cd:18:ff

Jan 18 22:45:14 fl1-111-169-156-137.tky.mesh.ad.jp [50: C4:DD:16:64:20 AP50C4DD166420] WIRELESS: wl1.0 (2.4GHz): Associated User - 02:0f:b5:cd:18:ff

Jan 18 22:45:14 fl1-111-169-156-137.tky.mesh.ad.jp [50: C4:DD:16:64:20 AP50C4DD166420] AUTH: wl1.0 (2.4GHz): Authenticated (WPA2-PSK) User - 02:0f:b5:cd:18:ff

Jan 18 22:46:24 fl1-111-169-156-137.tky.mesh.ad.jp [50: C4:DD:16:64:20 AP50C4DD166420] WIRELESS: wl1.0 (2.4GHz): Encryption Key Renewing

Jan 18 22:47:19 fl1-111-169-156-137.tky.mesh.ad.jp [50: C4:DD:16:64:20 AP50C4DD166420] WIRELESS: wl0.0 (5GHz): Encryption Key Renewing

Jan 18 22:51:26 fl1-111-169-156-137.tky.mesh.ad.jp [50: C4:DD:16:64:20 AP50C4DD166420] WIRELESS: wl1.0 (2.4GHz): DisAssociated User - 02:0f:b5:cd:18:ff

Jan 18 23:15:14 fl1-111-169-156-137.tky.mesh.ad.jp [50: C4:DD:16:64:20 AP50C4DD166420] AUTH: wl1.0 (2.4GHz): Authenticated (WPA2-PSK) User - 02:0f:b5:cd:18:ff

Jan 18 23:15:14 fl1-111-169-156-137.tky.mesh.ad.jp [50: C4:DD:16:64:20 AP50C4DD166420] WIRELESS: wl1.0 (2.4GHz): Associated User - 02:0f:b5:cd:18:ff

Jan 18 23:20:17 fl1-111-169-156-137.tky.mesh.ad.jp [50: C4:DD:16:64:20 AP50C4DD166420] WIRELESS: wl1.0 (2.4GHz): DisAssociated User - 02:0f:b5:cd:18:ff

Jan 18 23:27:44 fl1-111-169-156-137.tky.mesh.ad.jp [50: C4:DD:16:64:20 AP50C4DD166420] WIRELESS: wl0.0 (5GHz): Associated User - 50:32:37:bc:e9:1d

Jan 18 23:27:44 fl1-111-169-156-137.tky.mesh.ad.jp [50: C4:DD:16:64:20 AP50C4DD166420] WIRELESS: wl0.0 (5GHz): DisAssociated User - 50:32:37:bc:e9:1d

Jan 18 23:27:44 fl1-111-169-156-137.tky.mesh.ad.jp [50: C4:DD:16:64:20 AP50C4DD166420] AUTH: wl0.0 (5GHz): Authenticated (WPA2-PSK) User - 50:32:37:bc:e9:1d

Jan 18 23:27:57 fl1-111-169-156-137.tky.mesh.ad.jp [50: C4:DD:16:64:20 AP50C4DD166420] WIRELESS: wl0.0 (5GHz): DisAssociated User - 50:32:37:bc:e9:1d

Jan 18 23:27:57 fl1-111-169-156-137.tky.mesh.ad.jp [50: C4:DD:16:64:20 AP50C4DD166420] WIRELESS: wl0.0 (5GHz): Associated User - 50:32:37:bc:e9:1d

Jan 18 23:27:57 fl1-111-169-156-137.tky.mesh.ad.jp [50: C4:DD:16:64:20 AP50C4DD166420] AUTH: wl0.0 (5GHz): Authenticated (WPA2-PSK) User - 50:32:37:bc:e9:1d

Jan 18 23:34:42 fl1-111-169-156-137.tky.mesh.ad.jp [50: C4:DD:16:64:20 AP50C4DD166420] WIRELESS: wl1.0 (2.4GHz): Associated User - 02:0f:b5:cd:18:ff

Jan 18 23:34:42 fl1-111-169-156-137.tky.mesh.ad.jp [50: C4:DD:16:64:20 AP50C4DD166420] AUTH: wl1.0 (2.4GHz): Authenticated (WPA2-PSK) User - 02:0f:b5:cd:18:ff

Jan 18 23:43:10 fl1-111-169-156-137.tky.mesh.ad.jp [50: C4:DD:16:64:20 AP50C4DD166420] WIRELESS: wl1.0 (2.4GHz): DisAssociated User - 02:0f:b5:cd:18:ff

Jan 18 23:45:13 fl1-111-169-156-137.tky.mesh.ad.jp [50: C4:DD:16:64:20 AP50C4DD166420] WIRELESS: wl1.0 (2.4GHz): Associated User - 02:0f:b5:cd:18:ff

Jan 18 23:45:13 fl1-111-169-156-137.tky.mesh.ad.jp [50: C4:DD:16:64:20 AP50C4DD166420] AUTH: wl1.0 (2.4GHz): Authenticated (WPA2-PSK) User - 02:0f:b5:cd:18:ff

Jan 18 23:46:24 fl1-111-169-156-137.tky.mesh.ad.jp [50: C4:DD:16:64:20 AP50C4DD166420] WIRELESS: wl1.0 (2.4GHz): Encryption Key Renewing

Jan 18 23:47:19 fl1-111-169-156-137.tky.mesh.ad.jp [50: C4:DD:16:64:20 AP50C4DD166420] WIRELESS: wl0.0 (5GHz): Encryption Key Renewing

Jan 18 23:55:36 fl1-111-169-156-137.tky.mesh.ad.jp [50: C4:DD:16:64:20 AP50C4DD166420] WIRELESS: wl1.0 (2.4GHz): DisAssociated User - 02:0f:b5:cd:18:ff

