Jan 11 00:02:14 fl1-111-169-156-137.tky.mesh.ad.jp [50: C4:DD:0F:4D:E0 AP50C4DD0F4DE0] WIRELESS: wl1.0 (2.4GHz): Deleting roamed station - 78:88:6d:c3:a3:2c

Jan 11 00:02:14 fl1-111-169-156-137.tky.mesh.ad.jp [50: C4:DD:0F:4D:E0 AP50C4DD0F4DE0] WIRELESS: wl0.0 (5GHz): Associated User - 78:88:6d:c3:a3:2c

Jan 11 00:02:15 fl1-111-169-156-137.tky.mesh.ad.jp [50: C4:DD:0F:4D:E0 AP50C4DD0F4DE0] AUTH: wl0.0 (5GHz): Authenticated (WPA2-PSK) User - 78:88:6d:c3:a3:2c

Jan 11 00:03:28 fl1-111-169-156-137.tky.mesh.ad.jp [50: C4:DD:0F:4D:E0 AP50C4DD0F4DE0] WIRELESS: wl1.0 (2.4GHz): DisAssociated User - 78:88:6d:c3:a3:2c

Jan 11 00:03:28 fl1-111-169-156-137.tky.mesh.ad.jp [50: C4:DD:0F:4D:E0 AP50C4DD0F4DE0] WIRELESS: wl1.0 (2.4GHz): Associated User - 78:88:6d:c3:a3:2c

Jan 11 00:03:58 fl1-111-169-156-137.tky.mesh.ad.jp [50: C4:DD:0F:4D:E0 AP50C4DD0F4DE0] WIRELESS: wl0.0 (5GHz): DisAssociated User - 78:88:6d:c3:a3:2c

Jan 11 00:03:59 fl1-111-169-156-137.tky.mesh.ad.jp [50: C4:DD:0F:4D:E0 AP50C4DD0F4DE0] WIRELESS: wl0.0 (5GHz): Associated User - 78:88:6d:c3:a3:2c

Jan 11 00:03:59 fl1-111-169-156-137.tky.mesh.ad.jp [50: C4:DD:0F:4D:E0 AP50C4DD0F4DE0] AUTH: wl0.0 (5GHz): Authenticated (WPA2-PSK) User - 78:88:6d:c3:a3:2c

Jan 11 00:10:23 fl1-111-169-156-137.tky.mesh.ad.jp [50: C4:DD:0F:4D:E0 AP50C4DD0F4DE0] WIRELESS: wl1.0 (2.4GHz): Associated User - 78:88:6d:c3:a3:2c

Jan 11 00:10:23 fl1-111-169-156-137.tky.mesh.ad.jp [50: C4:DD:0F:4D:E0 AP50C4DD0F4DE0] WIRELESS: wl0.0 (5GHz): Deleting roamed station - 78:88:6d:c3:a3:2c

Jan 11 00:10:23 fl1-111-169-156-137.tky.mesh.ad.jp [50: C4:DD:0F:4D:E0 AP50C4DD0F4DE0] AUTH: wl1.0 (2.4GHz): Authenticated (WPA2-PSK) User - 78:88:6d:c3:a3:2c

Jan 11 00:10:54 fl1-111-169-156-137.tky.mesh.ad.jp [50: C4:DD:0F:4D:E0 AP50C4DD0F4DE0] WIRELESS: wl1.0 (2.4GHz): Deleting roamed station - 78:88:6d:c3:a3:2c

Jan 11 00:10:54 fl1-111-169-156-137.tky.mesh.ad.jp [50: C4:DD:0F:4D:E0 AP50C4DD0F4DE0] WIRELESS: wl0.0 (5GHz): Associated User - 78:88:6d:c3:a3:2c

Jan 11 00:10:54 fl1-111-169-156-137.tky.mesh.ad.jp [50: C4:DD:0F:4D:E0 AP50C4DD0F4DE0] AUTH: wl0.0 (5GHz): Authenticated (WPA2-PSK) User - 78:88:6d:c3:a3:2c

Jan 11 00:16:39 fl1-111-169-156-137.tky.mesh.ad.jp [50: C4:DD:0F:4D:E0 AP50C4DD0F4DE0] WIRELESS: wl0.0 (5GHz): DisAssociated User - 78:88:6d:c3:a3:2c

Jan 11 00:45:15 fl1-111-169-156-137.tky.mesh.ad.jp [50: C4:DD:0F:4D:E0 AP50C4DD0F4DE0] WIRELESS: wl1.0 (2.4GHz): Encryption Key Renewing

Jan 11 00:45:30 fl1-111-169-156-137.tky.mesh.ad.jp [50: C4:DD:0F:4D:E0 AP50C4DD0F4DE0] WIRELESS: wl0.0 (5GHz): Encryption Key Renewing

Jan 11 01:45:15 fl1-111-169-156-137.tky.mesh.ad.jp [50: C4:DD:0F:4D:E0 AP50C4DD0F4DE0] WIRELESS: wl1.0 (2.4GHz): Encryption Key Renewing

Jan 11 01:45:30 fl1-111-169-156-137.tky.mesh.ad.jp [50: C4:DD:0F:4D:E0 AP50C4DD0F4DE0] WIRELESS: wl0.0 (5GHz): Encryption Key Renewing

Jan 11 02:45:15 fl1-111-169-156-137.tky.mesh.ad.jp [50: C4:DD:0F:4D:E0 AP50C4DD0F4DE0] WIRELESS: wl1.0 (2.4GHz): Encryption Key Renewing

Jan 11 02:45:30 fl1-111-169-156-137.tky.mesh.ad.jp [50: C4:DD:0F:4D:E0 AP50C4DD0F4DE0] WIRELESS: wl0.0 (5GHz): Encryption Key Renewing

Jan 11 03:45:15 fl1-111-169-156-137.tky.mesh.ad.jp [50: C4:DD:0F:4D:E0 AP50C4DD0F4DE0] WIRELESS: wl1.0 (2.4GHz): Encryption Key Renewing

Jan 11 03:45:30 fl1-111-169-156-137.tky.mesh.ad.jp [50: C4:DD:0F:4D:E0 AP50C4DD0F4DE0] WIRELESS: wl0.0 (5GHz): Encryption Key Renewing

Jan 11 04:45:15 fl1-111-169-156-137.tky.mesh.ad.jp [50: C4:DD:0F:4D:E0 AP50C4DD0F4DE0] WIRELESS: wl1.0 (2.4GHz): Encryption Key Renewing

Jan 11 04:45:30 fl1-111-169-156-137.tky.mesh.ad.jp [50: C4:DD:0F:4D:E0 AP50C4DD0F4DE0] WIRELESS: wl0.0 (5GHz): Encryption Key Renewing

Jan 11 05:45:15 fl1-111-169-156-137.tky.mesh.ad.jp [50: C4:DD:0F:4D:E0 AP50C4DD0F4DE0] WIRELESS: wl1.0 (2.4GHz): Encryption Key Renewing

Jan 11 05:45:30 fl1-111-169-156-137.tky.mesh.ad.jp [50: C4:DD:0F:4D:E0 AP50C4DD0F4DE0] WIRELESS: wl0.0 (5GHz): Encryption Key Renewing

Jan 11 06:45:15 fl1-111-169-156-137.tky.mesh.ad.jp [50: C4:DD:0F:4D:E0 AP50C4DD0F4DE0] WIRELESS: wl1.0 (2.4GHz): Encryption Key Renewing

Jan 11 06:45:30 fl1-111-169-156-137.tky.mesh.ad.jp [50: C4:DD:0F:4D:E0 AP50C4DD0F4DE0] WIRELESS: wl0.0 (5GHz): Encryption Key Renewing

Jan 11 07:29:40 fl1-111-169-156-137.tky.mesh.ad.jp [50: C4:DD:0F:4D:E0 AP50C4DD0F4DE0] WIRELESS: wl0.0 (5GHz): Associated User - 78:88:6d:c3:a3:2c

Jan 11 07:29:40 fl1-111-169-156-137.tky.mesh.ad.jp [50: C4:DD:0F:4D:E0 AP50C4DD0F4DE0] AUTH: wl0.0 (5GHz): Authenticated (WPA2-PSK) User - 78:88:6d:c3:a3:2c

Jan 11 07:45:15 fl1-111-169-156-137.tky.mesh.ad.jp [50: C4:DD:0F:4D:E0 AP50C4DD0F4DE0] WIRELESS: wl1.0 (2.4GHz): Encryption Key Renewing

Jan 11 07:45:30 fl1-111-169-156-137.tky.mesh.ad.jp [50: C4:DD:0F:4D:E0 AP50C4DD0F4DE0] WIRELESS: wl0.0 (5GHz): Encryption Key Renewing

Jan 11 07:54:51 fl1-111-169-156-137.tky.mesh.ad.jp [50: C4:DD:0F:4D:E0 AP50C4DD0F4DE0] WIRELESS: wl0.0 (5GHz): DisAssociated User - 78:88:6d:c3:a3:2c

Jan 11 08:45:15 fl1-111-169-156-137.tky.mesh.ad.jp [50: C4:DD:0F:4D:E0 AP50C4DD0F4DE0] WIRELESS: wl1.0 (2.4GHz): Encryption Key Renewing

Jan 11 08:45:30 fl1-111-169-156-137.tky.mesh.ad.jp [50: C4:DD:0F:4D:E0 AP50C4DD0F4DE0] WIRELESS: wl0.0 (5GHz): Encryption Key Renewing

Jan 11 09:45:15 fl1-111-169-156-137.tky.mesh.ad.jp [50: C4:DD:0F:4D:E0 AP50C4DD0F4DE0] WIRELESS: wl1.0 (2.4GHz): Encryption Key Renewing

Jan 11 09:45:30 fl1-111-169-156-137.tky.mesh.ad.jp [50: C4:DD:0F:4D:E0 AP50C4DD0F4DE0] WIRELESS: wl0.0 (5GHz): Encryption Key Renewing

Jan 11 10:44:13 fl1-111-169-156-137.tky.mesh.ad.jp [50: C4:DD:0F:4D:E0 AP50C4DD0F4DE0] WIRELESS: wl1.0 (2.4GHz): Associated User - 62:84:bd:2a:c3:48

Jan 11 10:44:13 fl1-111-169-156-137.tky.mesh.ad.jp [50: C4:DD:0F:4D:E0 AP50C4DD0F4DE0] AUTH: wl1.0 (2.4GHz): Authenticated (WPA2-PSK) User - 62:84:bd:2a:c3:48

Jan 11 10:44:20 fl1-111-169-156-137.tky.mesh.ad.jp [50: C4:DD:0F:4D:E0 AP50C4DD0F4DE0] WIRELESS: wl1.0 (2.4GHz): DisAssociated User - 62:84:bd:2a:c3:48

Jan 11 10:44:20 fl1-111-169-156-137.tky.mesh.ad.jp [50: C4:DD:0F:4D:E0 AP50C4DD0F4DE0] WIRELESS: wl1.0 (2.4GHz): Associated User - 62:84:bd:2a:c3:48

Jan 11 10:44:20 fl1-111-169-156-137.tky.mesh.ad.jp [50: C4:DD:0F:4D:E0 AP50C4DD0F4DE0] AUTH: wl1.0 (2.4GHz): Authenticated (WPA2-PSK) User - 62:84:bd:2a:c3:48

Jan 11 10:45:15 fl1-111-169-156-137.tky.mesh.ad.jp [50: C4:DD:0F:4D:E0 AP50C4DD0F4DE0] WIRELESS: wl1.0 (2.4GHz): Encryption Key Renewing

Jan 11 10:45:30 fl1-111-169-156-137.tky.mesh.ad.jp [50: C4:DD:0F:4D:E0 AP50C4DD0F4DE0] WIRELESS: wl0.0 (5GHz): Encryption Key Renewing

Jan 11 11:38:46 fl1-111-169-156-137.tky.mesh.ad.jp [50: C4:DD:0F:4D:E0 AP50C4DD0F4DE0] WIRELESS: wl1.0 (2.4GHz): DisAssociated User - 62:84:bd:2a:c3:48

Jan 11 11:38:46 fl1-111-169-156-137.tky.mesh.ad.jp [50: C4:DD:0F:4D:E0 AP50C4DD0F4DE0] WIRELESS: wl1.0 (2.4GHz): DisAssociated User - 62:84:bd:2a:c3:48

Jan 11 11:38:47 fl1-111-169-156-137.tky.mesh.ad.jp [50: C4:DD:0F:4D:E0 AP50C4DD0F4DE0] WIRELESS: wl1.0 (2.4GHz): DisAssociated User - 62:84:bd:2a:c3:48

Jan 11 11:38:47 fl1-111-169-156-137.tky.mesh.ad.jp [50: C4:DD:0F:4D:E0 AP50C4DD0F4DE0] WIRELESS: wl1.0 (2.4GHz): DisAssociated User - 62:84:bd:2a:c3:48

Jan 11 11:38:49 fl1-111-169-156-137.tky.mesh.ad.jp [50: C4:DD:0F:4D:E0 AP50C4DD0F4DE0] WIRELESS: wl1.0 (2.4GHz): Associated User - 62:84:bd:2a:c3:48

Jan 11 11:38:49 fl1-111-169-156-137.tky.mesh.ad.jp [50: C4:DD:0F:4D:E0 AP50C4DD0F4DE0] AUTH: wl1.0 (2.4GHz): Authenticated (WPA2-PSK) User - 62:84:bd:2a:c3:48

Jan 11 11:45:15 fl1-111-169-156-137.tky.mesh.ad.jp [50: C4:DD:0F:4D:E0 AP50C4DD0F4DE0] WIRELESS: wl1.0 (2.4GHz): Encryption Key Renewing

Jan 11 11:45:30 fl1-111-169-156-137.tky.mesh.ad.jp [50: C4:DD:0F:4D:E0 AP50C4DD0F4DE0] WIRELESS: wl0.0 (5GHz): Encryption Key Renewing

Jan 11 12:34:07 fl1-111-169-156-137.tky.mesh.ad.jp [50: C4:DD:0F:4D:E0 AP50C4DD0F4DE0] WIRELESS: wl1 (2.4GHz): Detect interference(59per) [with Non-802.11] on channel 11.

Jan 11 12:45:15 fl1-111-169-156-137.tky.mesh.ad.jp [50: C4:DD:0F:4D:E0 AP50C4DD0F4DE0] WIRELESS: wl1.0 (2.4GHz): Encryption Key Renewing

Jan 11 12:45:30 fl1-111-169-156-137.tky.mesh.ad.jp [50: C4:DD:0F:4D:E0 AP50C4DD0F4DE0] WIRELESS: wl0.0 (5GHz): Encryption Key Renewing

Jan 11 12:53:02 fl1-111-169-156-137.tky.mesh.ad.jp [50: C4:DD:0F:4D:E0 AP50C4DD0F4DE0] WIRELESS: wl1.0 (2.4GHz): DisAssociated User - 62:84:bd:2a:c3:48

Jan 11 12:53:02 fl1-111-169-156-137.tky.mesh.ad.jp [50: C4:DD:0F:4D:E0 AP50C4DD0F4DE0] WIRELESS: wl1.0 (2.4GHz): Associated User - 62:84:bd:2a:c3:48

Jan 11 12:53:02 fl1-111-169-156-137.tky.mesh.ad.jp [50: C4:DD:0F:4D:E0 AP50C4DD0F4DE0] AUTH: wl1.0 (2.4GHz): Authenticated (WPA2-PSK) User - 62:84:bd:2a:c3:48

Jan 11 12:53:06 fl1-111-169-156-137.tky.mesh.ad.jp [50: C4:DD:0F:4D:E0 AP50C4DD0F4DE0] WIRELESS: wl1.0 (2.4GHz): DisAssociated User - 62:84:bd:2a:c3:48

Jan 11 12:53:06 fl1-111-169-156-137.tky.mesh.ad.jp [50: C4:DD:0F:4D:E0 AP50C4DD0F4DE0] WIRELESS: wl1.0 (2.4GHz): Associated User - 62:84:bd:2a:c3:48

Jan 11 12:53:07 fl1-111-169-156-137.tky.mesh.ad.jp [50: C4:DD:0F:4D:E0 AP50C4DD0F4DE0] AUTH: wl1.0 (2.4GHz): Authenticated (WPA2-PSK) User - 62:84:bd:2a:c3:48

Jan 11 12:53:08 fl1-111-169-156-137.tky.mesh.ad.jp [50: C4:DD:0F:4D:E0 AP50C4DD0F4DE0] WIRELESS: wl1.0 (2.4GHz): DisAssociated User - 62:84:bd:2a:c3:48

Jan 11 12:53:10 fl1-111-169-156-137.tky.mesh.ad.jp [50: C4:DD:0F:4D:E0 AP50C4DD0F4DE0] WIRELESS: wl1.0 (2.4GHz): Associated User - 62:84:bd:2a:c3:48

Jan 11 12:53:10 fl1-111-169-156-137.tky.mesh.ad.jp [50: C4:DD:0F:4D:E0 AP50C4DD0F4DE0] AUTH: wl1.0 (2.4GHz): Authenticated (WPA2-PSK) User - 62:84:bd:2a:c3:48

Jan 11 12:53:14 fl1-111-169-156-137.tky.mesh.ad.jp [50: C4:DD:0F:4D:E0 AP50C4DD0F4DE0] WIRELESS: wl1.0 (2.4GHz): DisAssociated User - 62:84:bd:2a:c3:48

Jan 11 12:53:14 fl1-111-169-156-137.tky.mesh.ad.jp [50: C4:DD:0F:4D:E0 AP50C4DD0F4DE0] WIRELESS: wl1.0 (2.4GHz): Associated User - 62:84:bd:2a:c3:48

Jan 11 12:53:15 fl1-111-169-156-137.tky.mesh.ad.jp [50: C4:DD:0F:4D:E0 AP50C4DD0F4DE0] AUTH: wl1.0 (2.4GHz): Authenticated (WPA2-PSK) User - 62:84:bd:2a:c3:48

Jan 11 12:53:24 fl1-111-169-156-137.tky.mesh.ad.jp [50: C4:DD:0F:4D:E0 AP50C4DD0F4DE0] WIRELESS: wl1.0 (2.4GHz): DisAssociated User - 62:84:bd:2a:c3:48

Jan 11 12:53:24 fl1-111-169-156-137.tky.mesh.ad.jp [50: C4:DD:0F:4D:E0 AP50C4DD0F4DE0] WIRELESS: wl1.0 (2.4GHz): Associated User - 62:84:bd:2a:c3:48

Jan 11 12:53:24 fl1-111-169-156-137.tky.mesh.ad.jp [50: C4:DD:0F:4D:E0 AP50C4DD0F4DE0] AUTH: wl1.0 (2.4GHz): Authenticated (WPA2-PSK) User - 62:84:bd:2a:c3:48

Jan 11 12:53:24 fl1-111-169-156-137.tky.mesh.ad.jp [50: C4:DD:0F:4D:E0 AP50C4DD0F4DE0] WIRELESS: wl1.0 (2.4GHz): DisAssociated User - 62:84:bd:2a:c3:48

Jan 11 12:53:28 fl1-111-169-156-137.tky.mesh.ad.jp [50: C4:DD:0F:4D:E0 AP50C4DD0F4DE0] WIRELESS: wl1.0 (2.4GHz): Associated User - 62:84:bd:2a:c3:48

Jan 11 12:53:28 fl1-111-169-156-137.tky.mesh.ad.jp [50: C4:DD:0F:4D:E0 AP50C4DD0F4DE0] AUTH: wl1.0 (2.4GHz): Authenticated (WPA2-PSK) User - 62:84:bd:2a:c3:48

Jan 11 12:53:30 fl1-111-169-156-137.tky.mesh.ad.jp [50: C4:DD:0F:4D:E0 AP50C4DD0F4DE0] WIRELESS: wl1.0 (2.4GHz): DisAssociated User - 62:84:bd:2a:c3:48

Jan 11 12:53:30 fl1-111-169-156-137.tky.mesh.ad.jp [50: C4:DD:0F:4D:E0 AP50C4DD0F4DE0] WIRELESS: wl1.0 (2.4GHz): Associated User - 62:84:bd:2a:c3:48

Jan 11 12:53:30 fl1-111-169-156-137.tky.mesh.ad.jp [50: C4:DD:0F:4D:E0 AP50C4DD0F4DE0] AUTH: wl1.0 (2.4GHz): Authenticated (WPA2-PSK) User - 62:84:bd:2a:c3:48

Jan 11 12:53:36 fl1-111-169-156-137.tky.mesh.ad.jp [50: C4:DD:0F:4D:E0 AP50C4DD0F4DE0] WIRELESS: wl1.0 (2.4GHz): DisAssociated User - 62:84:bd:2a:c3:48

Jan 11 12:53:43 fl1-111-169-156-137.tky.mesh.ad.jp [50: C4:DD:0F:4D:E0 AP50C4DD0F4DE0] WIRELESS: wl1.0 (2.4GHz): Associated User - 62:84:bd:2a:c3:48

Jan 11 12:53:43 fl1-111-169-156-137.tky.mesh.ad.jp [50: C4:DD:0F:4D:E0 AP50C4DD0F4DE0] WIRELESS: wl1.0 (2.4GHz): Associated User - 62:84:bd:2a:c3:48

Jan 11 12:53:45 fl1-111-169-156-137.tky.mesh.ad.jp [50: C4:DD:0F:4D:E0 AP50C4DD0F4DE0] WIRELESS: wl1.0 (2.4GHz): DisAssociated User - 62:84:bd:2a:c3:48

Jan 11 13:45:15 fl1-111-169-156-137.tky.mesh.ad.jp [50: C4:DD:0F:4D:E0 AP50C4DD0F4DE0] WIRELESS: wl1.0 (2.4GHz): Encryption Key Renewing

Jan 11 13:45:30 fl1-111-169-156-137.tky.mesh.ad.jp [50: C4:DD:0F:4D:E0 AP50C4DD0F4DE0] WIRELESS: wl0.0 (5GHz): Encryption Key Renewing

Jan 11 14:45:15 fl1-111-169-156-137.tky.mesh.ad.jp [50: C4:DD:0F:4D:E0 AP50C4DD0F4DE0] WIRELESS: wl1.0 (2.4GHz): Encryption Key Renewing

Jan 11 14:45:30 fl1-111-169-156-137.tky.mesh.ad.jp [50: C4:DD:0F:4D:E0 AP50C4DD0F4DE0] WIRELESS: wl0.0 (5GHz): Encryption Key Renewing

Jan 11 15:45:15 fl1-111-169-156-137.tky.mesh.ad.jp [50: C4:DD:0F:4D:E0 AP50C4DD0F4DE0] WIRELESS: wl1.0 (2.4GHz): Encryption Key Renewing

Jan 11 15:45:30 fl1-111-169-156-137.tky.mesh.ad.jp [50: C4:DD:0F:4D:E0 AP50C4DD0F4DE0] WIRELESS: wl0.0 (5GHz): Encryption Key Renewing

Jan 11 16:45:15 fl1-111-169-156-137.tky.mesh.ad.jp [50: C4:DD:0F:4D:E0 AP50C4DD0F4DE0] WIRELESS: wl1.0 (2.4GHz): Encryption Key Renewing

Jan 11 16:45:30 fl1-111-169-156-137.tky.mesh.ad.jp [50: C4:DD:0F:4D:E0 AP50C4DD0F4DE0] WIRELESS: wl0.0 (5GHz): Encryption Key Renewing

Jan 11 16:53:39 fl1-111-169-156-137.tky.mesh.ad.jp [50: C4:DD:0F:4D:E0 AP50C4DD0F4DE0] WIRELESS: wl1.0 (2.4GHz): Associated User - f8:95:ea:df:ee:b0

Jan 11 16:53:39 fl1-111-169-156-137.tky.mesh.ad.jp [50: C4:DD:0F:4D:E0 AP50C4DD0F4DE0] AUTH: wl1.0 (2.4GHz): Authenticated (WPA2-PSK) User - f8:95:ea:df:ee:b0

Jan 11 16:53:43 fl1-111-169-156-137.tky.mesh.ad.jp [50: C4:DD:0F:4D:E0 AP50C4DD0F4DE0] WIRELESS: wl1.0 (2.4GHz): DisAssociated User - a8:7d:12:c9:d7:d1

Jan 11 16:53:43 fl1-111-169-156-137.tky.mesh.ad.jp [50: C4:DD:0F:4D:E0 AP50C4DD0F4DE0] WIRELESS: wl1.0 (2.4GHz): Associated User - a8:7d:12:c9:d7:d1

Jan 11 16:53:44 fl1-111-169-156-137.tky.mesh.ad.jp [50: C4:DD:0F:4D:E0 AP50C4DD0F4DE0] WIRELESS: wl1.0 (2.4GHz): DisAssociated User - a8:7d:12:c9:d7:d1

Jan 11 16:53:44 fl1-111-169-156-137.tky.mesh.ad.jp [50: C4:DD:0F:4D:E0 AP50C4DD0F4DE0] WIRELESS: wl1.0 (2.4GHz): Associated User - a8:7d:12:c9:d7:d1

Jan 11 16:53:44 fl1-111-169-156-137.tky.mesh.ad.jp [50: C4:DD:0F:4D:E0 AP50C4DD0F4DE0] WIRELESS: wl1.0 (2.4GHz): DisAssociated User - a8:7d:12:c9:d7:d1

Jan 11 16:53:44 fl1-111-169-156-137.tky.mesh.ad.jp [50: C4:DD:0F:4D:E0 AP50C4DD0F4DE0] WIRELESS: wl1.0 (2.4GHz): Associated User - a8:7d:12:c9:d7:d1

Jan 11 16:53:44 fl1-111-169-156-137.tky.mesh.ad.jp [50: C4:DD:0F:4D:E0 AP50C4DD0F4DE0] WIRELESS: wl1.0 (2.4GHz): DisAssociated User - a8:7d:12:c9:d7:d1

Jan 11 16:53:44 fl1-111-169-156-137.tky.mesh.ad.jp [50: C4:DD:0F:4D:E0 AP50C4DD0F4DE0] WIRELESS: wl1.0 (2.4GHz): Associated User - a8:7d:12:c9:d7:d1

Jan 11 16:53:44 fl1-111-169-156-137.tky.mesh.ad.jp [50: C4:DD:0F:4D:E0 AP50C4DD0F4DE0] WIRELESS: wl1.0 (2.4GHz): Associated User - a8:7d:12:c9:d7:d1

Jan 11 16:53:44 fl1-111-169-156-137.tky.mesh.ad.jp [50: C4:DD:0F:4D:E0 AP50C4DD0F4DE0] WIRELESS: wl1.0 (2.4GHz): DisAssociated User - a8:7d:12:c9:d7:d1

Jan 11 16:53:47 fl1-111-169-156-137.tky.mesh.ad.jp [50: C4:DD:0F:4D:E0 AP50C4DD0F4DE0] WIRELESS: wl1.0 (2.4GHz): DisAssociated User - a8:7d:12:c9:d7:d1

Jan 11 16:53:47 fl1-111-169-156-137.tky.mesh.ad.jp [50: C4:DD:0F:4D:E0 AP50C4DD0F4DE0] WIRELESS: wl1.0 (2.4GHz): Associated User - a8:7d:12:c9:d7:d1

Jan 11 16:53:47 fl1-111-169-156-137.tky.mesh.ad.jp [50: C4:DD:0F:4D:E0 AP50C4DD0F4DE0] WIRELESS: wl1.0 (2.4GHz): DisAssociated User - a8:7d:12:c9:d7:d1

Jan 11 16:53:47 fl1-111-169-156-137.tky.mesh.ad.jp [50: C4:DD:0F:4D:E0 AP50C4DD0F4DE0] WIRELESS: wl1.0 (2.4GHz): Associated User - a8:7d:12:c9:d7:d1

Jan 11 16:53:47 fl1-111-169-156-137.tky.mesh.ad.jp [50: C4:DD:0F:4D:E0 AP50C4DD0F4DE0] WIRELESS: wl1.0 (2.4GHz): DisAssociated User - a8:7d:12:c9:d7:d1

Jan 11 16:53:47 fl1-111-169-156-137.tky.mesh.ad.jp [50: C4:DD:0F:4D:E0 AP50C4DD0F4DE0] WIRELESS: wl1.0 (2.4GHz): Associated User - a8:7d:12:c9:d7:d1

Jan 11 16:53:48 fl1-111-169-156-137.tky.mesh.ad.jp [50: C4:DD:0F:4D:E0 AP50C4DD0F4DE0] WIRELESS: wl1.0 (2.4GHz): DisAssociated User - a8:7d:12:c9:d7:d1

Jan 11 16:53:48 fl1-111-169-156-137.tky.mesh.ad.jp [50: C4:DD:0F:4D:E0 AP50C4DD0F4DE0] WIRELESS: wl1.0 (2.4GHz): Associated User - a8:7d:12:c9:d7:d1

Jan 11 16:53:48 fl1-111-169-156-137.tky.mesh.ad.jp [50: C4:DD:0F:4D:E0 AP50C4DD0F4DE0] WIRELESS: wl1.0 (2.4GHz): DisAssociated User - a8:7d:12:c9:d7:d1

Jan 11 16:53:48 fl1-111-169-156-137.tky.mesh.ad.jp [50: C4:DD:0F:4D:E0 AP50C4DD0F4DE0] WIRELESS: wl1.0 (2.4GHz): Associated User - a8:7d:12:c9:d7:d1

Jan 11 16:53:51 fl1-111-169-156-137.tky.mesh.ad.jp [50: C4:DD:0F:4D:E0 AP50C4DD0F4DE0] WIRELESS: wl1.0 (2.4GHz): Associated User - a8:7d:12:c9:d7:d1

Jan 11 16:53:51 fl1-111-169-156-137.tky.mesh.ad.jp [50: C4:DD:0F:4D:E0 AP50C4DD0F4DE0] AUTH: wl1.0 (2.4GHz): Authenticated (WPA2-PSK) User - a8:7d:12:c9:d7:d1

Jan 11 17:16:35 fl1-111-169-156-137.tky.mesh.ad.jp [50: C4:DD:0F:4D:E0 AP50C4DD0F4DE0] WIRELESS: wl1.0 (2.4GHz): Associated User - 62:84:bd:2a:c3:48

Jan 11 17:16:35 fl1-111-169-156-137.tky.mesh.ad.jp [50: C4:DD:0F:4D:E0 AP50C4DD0F4DE0] AUTH: wl1.0 (2.4GHz): Authenticated (WPA2-PSK) User - 62:84:bd:2a:c3:48

Jan 11 17:16:39 fl1-111-169-156-137.tky.mesh.ad.jp [50: C4:DD:0F:4D:E0 AP50C4DD0F4DE0] WIRELESS: wl1.0 (2.4GHz): DisAssociated User - 62:84:bd:2a:c3:48

Jan 11 17:16:41 fl1-111-169-156-137.tky.mesh.ad.jp [50: C4:DD:0F:4D:E0 AP50C4DD0F4DE0] WIRELESS: wl1.0 (2.4GHz): Associated User - 62:84:bd:2a:c3:48

Jan 11 17:16:41 fl1-111-169-156-137.tky.mesh.ad.jp [50: C4:DD:0F:4D:E0 AP50C4DD0F4DE0] AUTH: wl1.0 (2.4GHz): Authenticated (WPA2-PSK) User - 62:84:bd:2a:c3:48

Jan 11 17:45:14 fl1-111-169-156-137.tky.mesh.ad.jp [50: C4:DD:0F:4D:E0 AP50C4DD0F4DE0] WIRELESS: wl1.0 (2.4GHz): DisAssociated User - 62:84:bd:2a:c3:48

Jan 11 17:45:15 fl1-111-169-156-137.tky.mesh.ad.jp [50: C4:DD:0F:4D:E0 AP50C4DD0F4DE0] WIRELESS: wl1.0 (2.4GHz): Encryption Key Renewing

Jan 11 17:45:16 fl1-111-169-156-137.tky.mesh.ad.jp [50: C4:DD:0F:4D:E0 AP50C4DD0F4DE0] WIRELESS: wl1.0 (2.4GHz): Associated User - 62:84:bd:2a:c3:48

Jan 11 17:45:16 fl1-111-169-156-137.tky.mesh.ad.jp [50: C4:DD:0F:4D:E0 AP50C4DD0F4DE0] AUTH: wl1.0 (2.4GHz): Authenticated (WPA2-PSK) User - 62:84:bd:2a:c3:48

Jan 11 17:45:30 fl1-111-169-156-137.tky.mesh.ad.jp [50: C4:DD:0F:4D:E0 AP50C4DD0F4DE0] WIRELESS: wl0.0 (5GHz): Encryption Key Renewing

Jan 11 17:45:36 fl1-111-169-156-137.tky.mesh.ad.jp [50: C4:DD:0F:4D:E0 AP50C4DD0F4DE0] WIRELESS: wl1.0 (2.4GHz): DisAssociated User - 62:84:bd:2a:c3:48

Jan 11 17:45:42 fl1-111-169-156-137.tky.mesh.ad.jp [50: C4:DD:0F:4D:E0 AP50C4DD0F4DE0] WIRELESS: wl1.0 (2.4GHz): Associated User - 62:84:bd:2a:c3:48

Jan 11 17:45:42 fl1-111-169-156-137.tky.mesh.ad.jp [50: C4:DD:0F:4D:E0 AP50C4DD0F4DE0] AUTH: wl1.0 (2.4GHz): Authenticated (WPA2-PSK) User - 62:84:bd:2a:c3:48

Jan 11 17:45:48 fl1-111-169-156-137.tky.mesh.ad.jp [50: C4:DD:0F:4D:E0 AP50C4DD0F4DE0] WIRELESS: wl1.0 (2.4GHz): Deleting roamed station - 62:84:bd:2a:c3:48

Jan 11 17:54:07 fl1-111-169-156-137.tky.mesh.ad.jp [50: C4:DD:0F:4D:E0 AP50C4DD0F4DE0] WIRELESS: wl1.0 (2.4GHz): DisAssociated User - a8:7d:12:c9:d7:d1

Jan 11 17:54:10 fl1-111-169-156-137.tky.mesh.ad.jp [50: C4:DD:0F:4D:E0 AP50C4DD0F4DE0] WIRELESS: wl1.0 (2.4GHz): DisAssociated User - f8:95:ea:df:ee:b0

Jan 11 18:45:15 fl1-111-169-156-137.tky.mesh.ad.jp [50: C4:DD:0F:4D:E0 AP50C4DD0F4DE0] WIRELESS: wl1.0 (2.4GHz): Encryption Key Renewing

Jan 11 18:45:25 fl1-111-169-156-137.tky.mesh.ad.jp [50: C4:DD:0F:4D:E0 AP50C4DD0F4DE0] WIRELESS: wl1.0 (2.4GHz): Encryption Key Renewing failed for User - 62:84:bd:2a:c3:48

Jan 11 18:45:30 fl1-111-169-156-137.tky.mesh.ad.jp [50: C4:DD:0F:4D:E0 AP50C4DD0F4DE0] WIRELESS: wl0.0 (5GHz): Encryption Key Renewing

Jan 11 19:45:10 fl1-111-169-156-137.tky.mesh.ad.jp [50: C4:DD:0F:4D:E0 AP50C4DD0F4DE0] AUTH: wl0.0 (5GHz): Authenticated (WPA2-PSK) User - 78:88:6d:c3:a3:2c

Jan 11 19:45:10 fl1-111-169-156-137.tky.mesh.ad.jp [50: C4:DD:0F:4D:E0 AP50C4DD0F4DE0] WIRELESS: wl0.0 (5GHz): Associated User - 78:88:6d:c3:a3:2c

Jan 11 19:45:15 fl1-111-169-156-137.tky.mesh.ad.jp [50: C4:DD:0F:4D:E0 AP50C4DD0F4DE0] WIRELESS: wl1.0 (2.4GHz): Encryption Key Renewing

Jan 11 19:45:29 fl1-111-169-156-137.tky.mesh.ad.jp [50: C4:DD:0F:4D:E0 AP50C4DD0F4DE0] WIRELESS: wl0.0 (5GHz): Encryption Key Renewing

Jan 11 20:19:13 fl1-111-169-156-137.tky.mesh.ad.jp [50: C4:DD:0F:4D:E0 AP50C4DD0F4DE0] WIRELESS: wl1.0 (2.4GHz): Associated User - 78:88:6d:c3:a3:2c

Jan 11 20:19:13 fl1-111-169-156-137.tky.mesh.ad.jp [50: C4:DD:0F:4D:E0 AP50C4DD0F4DE0] AUTH: wl1.0 (2.4GHz): Authenticated (WPA2-PSK) User - 78:88:6d:c3:a3:2c

Jan 11 20:19:13 fl1-111-169-156-137.tky.mesh.ad.jp [50: C4:DD:0F:4D:E0 AP50C4DD0F4DE0] WIRELESS: wl0.0 (5GHz): Deleting roamed station - 78:88:6d:c3:a3:2c

Jan 11 20:20:17 fl1-111-169-156-137.tky.mesh.ad.jp [50: C4:DD:0F:4D:E0 AP50C4DD0F4DE0] WIRELESS: wl0.0 (5GHz): Associated User - 78:88:6d:c3:a3:2c

Jan 11 20:20:17 fl1-111-169-156-137.tky.mesh.ad.jp [50: C4:DD:0F:4D:E0 AP50C4DD0F4DE0] WIRELESS: wl1.0 (2.4GHz): Deleting roamed station - 78:88:6d:c3:a3:2c

Jan 11 20:20:17 fl1-111-169-156-137.tky.mesh.ad.jp [50: C4:DD:0F:4D:E0 AP50C4DD0F4DE0] AUTH: wl0.0 (5GHz): Authenticated (WPA2-PSK) User - 78:88:6d:c3:a3:2c

Jan 11 20:24:39 fl1-111-169-156-137.tky.mesh.ad.jp [50: C4:DD:0F:4D:E0 AP50C4DD0F4DE0] WIRELESS: wl1 (2.4GHz): Detect interference(59per) [with Non-802.11] on channel 11.

Jan 11 20:27:40 fl1-111-169-156-137.tky.mesh.ad.jp [50: C4:DD:0F:4D:E0 AP50C4DD0F4DE0] WIRELESS: wl1 (2.4GHz): Detect interference(57per) [with Non-802.11] on channel 11.

Jan 11 20:31:08 fl1-111-169-156-137.tky.mesh.ad.jp [50: C4:DD:0F:4D:E0 AP50C4DD0F4DE0] WIRELESS: wl1 (2.4GHz): Detect interference(57per) [with Non-802.11] on channel 11.

Jan 11 20:45:15 fl1-111-169-156-137.tky.mesh.ad.jp [50: C4:DD:0F:4D:E0 AP50C4DD0F4DE0] WIRELESS: wl1.0 (2.4GHz): Encryption Key Renewing

Jan 11 20:45:30 fl1-111-169-156-137.tky.mesh.ad.jp [50: C4:DD:0F:4D:E0 AP50C4DD0F4DE0] WIRELESS: wl0.0 (5GHz): Encryption Key Renewing

Jan 11 21:14:40 fl1-111-169-156-137.tky.mesh.ad.jp [50: C4:DD:0F:4D:E0 AP50C4DD0F4DE0] WIRELESS: wl0.0 (5GHz): Deleting roamed station - 78:88:6d:c3:a3:2c

Jan 11 21:14:40 fl1-111-169-156-137.tky.mesh.ad.jp [50: C4:DD:0F:4D:E0 AP50C4DD0F4DE0] WIRELESS: wl1.0 (2.4GHz): Associated User - 78:88:6d:c3:a3:2c

Jan 11 21:14:40 fl1-111-169-156-137.tky.mesh.ad.jp [50: C4:DD:0F:4D:E0 AP50C4DD0F4DE0] AUTH: wl1.0 (2.4GHz): Authenticated (WPA2-PSK) User - 78:88:6d:c3:a3:2c

Jan 11 21:14:55 fl1-111-169-156-137.tky.mesh.ad.jp [50: C4:DD:0F:4D:E0 AP50C4DD0F4DE0] WIRELESS: wl1.0 (2.4GHz): Deleting roamed station - 78:88:6d:c3:a3:2c

Jan 11 21:14:55 fl1-111-169-156-137.tky.mesh.ad.jp [50: C4:DD:0F:4D:E0 AP50C4DD0F4DE0] WIRELESS: wl0.0 (5GHz): Associated User - 78:88:6d:c3:a3:2c

Jan 11 21:14:55 fl1-111-169-156-137.tky.mesh.ad.jp [50: C4:DD:0F:4D:E0 AP50C4DD0F4DE0] AUTH: wl0.0 (5GHz): Authenticated (WPA2-PSK) User - 78:88:6d:c3:a3:2c

Jan 11 21:19:06 fl1-111-169-156-137.tky.mesh.ad.jp [50: C4:DD:0F:4D:E0 AP50C4DD0F4DE0] WIRELESS: wl1.0 (2.4GHz): Associated User - 78:88:6d:c3:a3:2c

Jan 11 21:19:06 fl1-111-169-156-137.tky.mesh.ad.jp [50: C4:DD:0F:4D:E0 AP50C4DD0F4DE0] WIRELESS: wl0.0 (5GHz): Deleting roamed station - 78:88:6d:c3:a3:2c

Jan 11 21:19:06 fl1-111-169-156-137.tky.mesh.ad.jp [50: C4:DD:0F:4D:E0 AP50C4DD0F4DE0] AUTH: wl1.0 (2.4GHz): Authenticated (WPA2-PSK) User - 78:88:6d:c3:a3:2c

Jan 11 21:21:12 fl1-111-169-156-137.tky.mesh.ad.jp [50: C4:DD:0F:4D:E0 AP50C4DD0F4DE0] WIRELESS: wl0.0 (5GHz): Associated User - 78:88:6d:c3:a3:2c

Jan 11 21:21:12 fl1-111-169-156-137.tky.mesh.ad.jp [50: C4:DD:0F:4D:E0 AP50C4DD0F4DE0] WIRELESS: wl1.0 (2.4GHz): Deleting roamed station - 78:88:6d:c3:a3:2c

Jan 11 21:21:12 fl1-111-169-156-137.tky.mesh.ad.jp [50: C4:DD:0F:4D:E0 AP50C4DD0F4DE0] AUTH: wl0.0 (5GHz): Authenticated (WPA2-PSK) User - 78:88:6d:c3:a3:2c

Jan 11 21:45:15 fl1-111-169-156-137.tky.mesh.ad.jp [50: C4:DD:0F:4D:E0 AP50C4DD0F4DE0] WIRELESS: wl1.0 (2.4GHz): Encryption Key Renewing

Jan 11 21:45:30 fl1-111-169-156-137.tky.mesh.ad.jp [50: C4:DD:0F:4D:E0 AP50C4DD0F4DE0] WIRELESS: wl0.0 (5GHz): Encryption Key Renewing

Jan 11 22:03:44 fl1-111-169-156-137.tky.mesh.ad.jp [50: C4:DD:0F:4D:E0 AP50C4DD0F4DE0] WIRELESS: wl1.0 (2.4GHz): Associated User - 78:88:6d:c3:a3:2c

Jan 11 22:03:44 fl1-111-169-156-137.tky.mesh.ad.jp [50: C4:DD:0F:4D:E0 AP50C4DD0F4DE0] WIRELESS: wl0.0 (5GHz): Deleting roamed station - 78:88:6d:c3:a3:2c

Jan 11 22:03:44 fl1-111-169-156-137.tky.mesh.ad.jp [50: C4:DD:0F:4D:E0 AP50C4DD0F4DE0] AUTH: wl1.0 (2.4GHz): Authenticated (WPA2-PSK) User - 78:88:6d:c3:a3:2c

Jan 11 22:09:54 fl1-111-169-156-137.tky.mesh.ad.jp [50: C4:DD:0F:4D:E0 AP50C4DD0F4DE0] WIRELESS: wl0.0 (5GHz): Associated User - 78:88:6d:c3:a3:2c

Jan 11 22:09:54 fl1-111-169-156-137.tky.mesh.ad.jp [50: C4:DD:0F:4D:E0 AP50C4DD0F4DE0] AUTH: wl0.0 (5GHz): Authenticated (WPA2-PSK) User - 78:88:6d:c3:a3:2c

Jan 11 22:09:54 fl1-111-169-156-137.tky.mesh.ad.jp [50: C4:DD:0F:4D:E0 AP50C4DD0F4DE0] WIRELESS: wl1.0 (2.4GHz): Deleting roamed station - 78:88:6d:c3:a3:2c

Jan 11 22:45:15 fl1-111-169-156-137.tky.mesh.ad.jp [50: C4:DD:0F:4D:E0 AP50C4DD0F4DE0] WIRELESS: wl1.0 (2.4GHz): Encryption Key Renewing

Jan 11 22:45:30 fl1-111-169-156-137.tky.mesh.ad.jp [50: C4:DD:0F:4D:E0 AP50C4DD0F4DE0] WIRELESS: wl0.0 (5GHz): Encryption Key Renewing

Jan 11 23:06:15 fl1-111-169-156-137.tky.mesh.ad.jp [50: C4:DD:0F:4D:E0 AP50C4DD0F4DE0] WIRELESS: wl0.0 (5GHz): DisAssociated User - 78:88:6d:c3:a3:2c

Jan 11 23:06:23 fl1-111-169-156-137.tky.mesh.ad.jp [50: C4:DD:0F:4D:E0 AP50C4DD0F4DE0] WIRELESS: wl0.0 (5GHz): Associated User - 78:88:6d:c3:a3:2c

Jan 11 23:06:23 fl1-111-169-156-137.tky.mesh.ad.jp [50: C4:DD:0F:4D:E0 AP50C4DD0F4DE0] AUTH: wl0.0 (5GHz): Authenticated (WPA2-PSK) User - 78:88:6d:c3:a3:2c

Jan 11 23:45:15 fl1-111-169-156-137.tky.mesh.ad.jp [50: C4:DD:0F:4D:E0 AP50C4DD0F4DE0] WIRELESS: wl1.0 (2.4GHz): Encryption Key Renewing

Jan 11 23:45:30 fl1-111-169-156-137.tky.mesh.ad.jp [50: C4:DD:0F:4D:E0 AP50C4DD0F4DE0] WIRELESS: wl0.0 (5GHz): Encryption Key Renewing

