Jan 10 00:39:43 fl1-111-169-156-137.tky.mesh.ad.jp [50: C4:DD:0F:4D:E0 AP50C4DD0F4DE0] WIRELESS: wl1.0 (2.4GHz): Associated User - 78:88:6d:c3:a3:2c

Jan 10 00:39:43 fl1-111-169-156-137.tky.mesh.ad.jp [50: C4:DD:0F:4D:E0 AP50C4DD0F4DE0] AUTH: wl1.0 (2.4GHz): Authenticated (WPA2-PSK) User - 78:88:6d:c3:a3:2c

Jan 10 00:39:43 fl1-111-169-156-137.tky.mesh.ad.jp [50: C4:DD:0F:4D:E0 AP50C4DD0F4DE0] WIRELESS: wl0.0 (5GHz): Deleting roamed station - 78:88:6d:c3:a3:2c

Jan 10 00:39:57 fl1-111-169-156-137.tky.mesh.ad.jp [50: C4:DD:0F:4D:E0 AP50C4DD0F4DE0] WIRELESS: wl0.0 (5GHz): Associated User - 78:88:6d:c3:a3:2c

Jan 10 00:39:57 fl1-111-169-156-137.tky.mesh.ad.jp [50: C4:DD:0F:4D:E0 AP50C4DD0F4DE0] WIRELESS: wl1.0 (2.4GHz): Deleting roamed station - 78:88:6d:c3:a3:2c

Jan 10 00:39:57 fl1-111-169-156-137.tky.mesh.ad.jp [50: C4:DD:0F:4D:E0 AP50C4DD0F4DE0] AUTH: wl0.0 (5GHz): Authenticated (WPA2-PSK) User - 78:88:6d:c3:a3:2c

Jan 10 00:40:16 fl1-111-169-156-137.tky.mesh.ad.jp [50: C4:DD:0F:4D:E0 AP50C4DD0F4DE0] WIRELESS: wl0.0 (5GHz): Deleting roamed station - 78:88:6d:c3:a3:2c

Jan 10 00:40:16 fl1-111-169-156-137.tky.mesh.ad.jp [50: C4:DD:0F:4D:E0 AP50C4DD0F4DE0] WIRELESS: wl1.0 (2.4GHz): Associated User - 78:88:6d:c3:a3:2c

Jan 10 00:40:16 fl1-111-169-156-137.tky.mesh.ad.jp [50: C4:DD:0F:4D:E0 AP50C4DD0F4DE0] AUTH: wl1.0 (2.4GHz): Authenticated (WPA2-PSK) User - 78:88:6d:c3:a3:2c

Jan 10 00:40:31 fl1-111-169-156-137.tky.mesh.ad.jp [50: C4:DD:0F:4D:E0 AP50C4DD0F4DE0] WIRELESS: wl1.0 (2.4GHz): Deleting roamed station - 78:88:6d:c3:a3:2c

Jan 10 00:40:31 fl1-111-169-156-137.tky.mesh.ad.jp [50: C4:DD:0F:4D:E0 AP50C4DD0F4DE0] WIRELESS: wl0.0 (5GHz): Associated User - 78:88:6d:c3:a3:2c

Jan 10 00:40:31 fl1-111-169-156-137.tky.mesh.ad.jp [50: C4:DD:0F:4D:E0 AP50C4DD0F4DE0] AUTH: wl0.0 (5GHz): Authenticated (WPA2-PSK) User - 78:88:6d:c3:a3:2c

Jan 10 00:41:04 fl1-111-169-156-137.tky.mesh.ad.jp [50: C4:DD:0F:4D:E0 AP50C4DD0F4DE0] WIRELESS: wl1.0 (2.4GHz): Associated User - 78:88:6d:c3:a3:2c

Jan 10 00:41:04 fl1-111-169-156-137.tky.mesh.ad.jp [50: C4:DD:0F:4D:E0 AP50C4DD0F4DE0] WIRELESS: wl0.0 (5GHz): Deleting roamed station - 78:88:6d:c3:a3:2c

Jan 10 00:41:04 fl1-111-169-156-137.tky.mesh.ad.jp [50: C4:DD:0F:4D:E0 AP50C4DD0F4DE0] AUTH: wl1.0 (2.4GHz): Authenticated (WPA2-PSK) User - 78:88:6d:c3:a3:2c

Jan 10 00:41:16 fl1-111-169-156-137.tky.mesh.ad.jp [50: C4:DD:0F:4D:E0 AP50C4DD0F4DE0] WIRELESS: wl1.0 (2.4GHz): Deleting roamed station - 78:88:6d:c3:a3:2c

Jan 10 00:41:16 fl1-111-169-156-137.tky.mesh.ad.jp [50: C4:DD:0F:4D:E0 AP50C4DD0F4DE0] WIRELESS: wl0.0 (5GHz): Associated User - 78:88:6d:c3:a3:2c

Jan 10 00:41:16 fl1-111-169-156-137.tky.mesh.ad.jp [50: C4:DD:0F:4D:E0 AP50C4DD0F4DE0] AUTH: wl0.0 (5GHz): Authenticated (WPA2-PSK) User - 78:88:6d:c3:a3:2c

Jan 10 00:45:15 fl1-111-169-156-137.tky.mesh.ad.jp [50: C4:DD:0F:4D:E0 AP50C4DD0F4DE0] WIRELESS: wl1.0 (2.4GHz): Encryption Key Renewing

Jan 10 00:45:30 fl1-111-169-156-137.tky.mesh.ad.jp [50: C4:DD:0F:4D:E0 AP50C4DD0F4DE0] WIRELESS: wl0.0 (5GHz): Encryption Key Renewing

Jan 10 01:24:05 fl1-111-169-156-137.tky.mesh.ad.jp [50: C4:DD:0F:4D:E0 AP50C4DD0F4DE0] WIRELESS: wl1.0 (2.4GHz): DisAssociated User - 78:88:6d:c3:a3:2c

Jan 10 01:24:05 fl1-111-169-156-137.tky.mesh.ad.jp [50: C4:DD:0F:4D:E0 AP50C4DD0F4DE0] WIRELESS: wl1.0 (2.4GHz): Associated User - 78:88:6d:c3:a3:2c

Jan 10 01:24:05 fl1-111-169-156-137.tky.mesh.ad.jp [50: C4:DD:0F:4D:E0 AP50C4DD0F4DE0] WIRELESS: wl0.0 (5GHz): Deleting roamed station - 78:88:6d:c3:a3:2c

Jan 10 01:24:05 fl1-111-169-156-137.tky.mesh.ad.jp [50: C4:DD:0F:4D:E0 AP50C4DD0F4DE0] WIRELESS: wl1.0 (2.4GHz): Associated User - 78:88:6d:c3:a3:2c

Jan 10 01:24:05 fl1-111-169-156-137.tky.mesh.ad.jp [50: C4:DD:0F:4D:E0 AP50C4DD0F4DE0] AUTH: wl1.0 (2.4GHz): Authenticated (WPA2-PSK) User - 78:88:6d:c3:a3:2c

Jan 10 01:25:33 fl1-111-169-156-137.tky.mesh.ad.jp [50: C4:DD:0F:4D:E0 AP50C4DD0F4DE0] WIRELESS: wl1.0 (2.4GHz): Deleting roamed station - 78:88:6d:c3:a3:2c

Jan 10 01:25:33 fl1-111-169-156-137.tky.mesh.ad.jp [50: C4:DD:0F:4D:E0 AP50C4DD0F4DE0] WIRELESS: wl0.0 (5GHz): Associated User - 78:88:6d:c3:a3:2c

Jan 10 01:25:33 fl1-111-169-156-137.tky.mesh.ad.jp [50: C4:DD:0F:4D:E0 AP50C4DD0F4DE0] AUTH: wl0.0 (5GHz): Authenticated (WPA2-PSK) User - 78:88:6d:c3:a3:2c

Jan 10 01:29:46 fl1-111-169-156-137.tky.mesh.ad.jp [50: C4:DD:0F:4D:E0 AP50C4DD0F4DE0] WIRELESS: wl1.0 (2.4GHz): Associated User - 78:88:6d:c3:a3:2c

Jan 10 01:29:46 fl1-111-169-156-137.tky.mesh.ad.jp [50: C4:DD:0F:4D:E0 AP50C4DD0F4DE0] WIRELESS: wl0.0 (5GHz): Deleting roamed station - 78:88:6d:c3:a3:2c

Jan 10 01:29:46 fl1-111-169-156-137.tky.mesh.ad.jp [50: C4:DD:0F:4D:E0 AP50C4DD0F4DE0] AUTH: wl1.0 (2.4GHz): Authenticated (WPA2-PSK) User - 78:88:6d:c3:a3:2c

Jan 10 01:32:50 fl1-111-169-156-137.tky.mesh.ad.jp [50: C4:DD:0F:4D:E0 AP50C4DD0F4DE0] WIRELESS: wl1.0 (2.4GHz): Deleting roamed station - 78:88:6d:c3:a3:2c

Jan 10 01:32:50 fl1-111-169-156-137.tky.mesh.ad.jp [50: C4:DD:0F:4D:E0 AP50C4DD0F4DE0] WIRELESS: wl0.0 (5GHz): Associated User - 78:88:6d:c3:a3:2c

Jan 10 01:32:50 fl1-111-169-156-137.tky.mesh.ad.jp [50: C4:DD:0F:4D:E0 AP50C4DD0F4DE0] AUTH: wl0.0 (5GHz): Authenticated (WPA2-PSK) User - 78:88:6d:c3:a3:2c

Jan 10 01:45:15 fl1-111-169-156-137.tky.mesh.ad.jp [50: C4:DD:0F:4D:E0 AP50C4DD0F4DE0] WIRELESS: wl1.0 (2.4GHz): Encryption Key Renewing

Jan 10 01:45:30 fl1-111-169-156-137.tky.mesh.ad.jp [50: C4:DD:0F:4D:E0 AP50C4DD0F4DE0] WIRELESS: wl0.0 (5GHz): Encryption Key Renewing

Jan 10 02:45:15 fl1-111-169-156-137.tky.mesh.ad.jp [50: C4:DD:0F:4D:E0 AP50C4DD0F4DE0] WIRELESS: wl1.0 (2.4GHz): Encryption Key Renewing

Jan 10 02:45:30 fl1-111-169-156-137.tky.mesh.ad.jp [50: C4:DD:0F:4D:E0 AP50C4DD0F4DE0] WIRELESS: wl0.0 (5GHz): Encryption Key Renewing

Jan 10 03:45:15 fl1-111-169-156-137.tky.mesh.ad.jp [50: C4:DD:0F:4D:E0 AP50C4DD0F4DE0] WIRELESS: wl1.0 (2.4GHz): Encryption Key Renewing

Jan 10 03:45:30 fl1-111-169-156-137.tky.mesh.ad.jp [50: C4:DD:0F:4D:E0 AP50C4DD0F4DE0] WIRELESS: wl0.0 (5GHz): Encryption Key Renewing

Jan 10 04:45:15 fl1-111-169-156-137.tky.mesh.ad.jp [50: C4:DD:0F:4D:E0 AP50C4DD0F4DE0] WIRELESS: wl1.0 (2.4GHz): Encryption Key Renewing

Jan 10 04:45:30 fl1-111-169-156-137.tky.mesh.ad.jp [50: C4:DD:0F:4D:E0 AP50C4DD0F4DE0] WIRELESS: wl0.0 (5GHz): Encryption Key Renewing

Jan 10 05:45:15 fl1-111-169-156-137.tky.mesh.ad.jp [50: C4:DD:0F:4D:E0 AP50C4DD0F4DE0] WIRELESS: wl1.0 (2.4GHz): Encryption Key Renewing

Jan 10 05:45:30 fl1-111-169-156-137.tky.mesh.ad.jp [50: C4:DD:0F:4D:E0 AP50C4DD0F4DE0] WIRELESS: wl0.0 (5GHz): Encryption Key Renewing

Jan 10 06:45:15 fl1-111-169-156-137.tky.mesh.ad.jp [50: C4:DD:0F:4D:E0 AP50C4DD0F4DE0] WIRELESS: wl1.0 (2.4GHz): Encryption Key Renewing

Jan 10 06:45:30 fl1-111-169-156-137.tky.mesh.ad.jp [50: C4:DD:0F:4D:E0 AP50C4DD0F4DE0] WIRELESS: wl0.0 (5GHz): Encryption Key Renewing

Jan 10 07:11:24 fl1-111-169-156-137.tky.mesh.ad.jp [50: C4:DD:0F:4D:E0 AP50C4DD0F4DE0] WIRELESS: wl0.0 (5GHz): Deleting roamed station - 78:88:6d:c3:a3:2c

Jan 10 07:11:24 fl1-111-169-156-137.tky.mesh.ad.jp [50: C4:DD:0F:4D:E0 AP50C4DD0F4DE0] AUTH: wl1.0 (2.4GHz): Authenticated (WPA2-PSK) User - 78:88:6d:c3:a3:2c

Jan 10 07:11:24 fl1-111-169-156-137.tky.mesh.ad.jp [50: C4:DD:0F:4D:E0 AP50C4DD0F4DE0] WIRELESS: wl1.0 (2.4GHz): Associated User - 78:88:6d:c3:a3:2c

Jan 10 07:13:05 fl1-111-169-156-137.tky.mesh.ad.jp [50: C4:DD:0F:4D:E0 AP50C4DD0F4DE0] WIRELESS: wl1.0 (2.4GHz): Deleting roamed station - 78:88:6d:c3:a3:2c

Jan 10 07:13:05 fl1-111-169-156-137.tky.mesh.ad.jp [50: C4:DD:0F:4D:E0 AP50C4DD0F4DE0] WIRELESS: wl0.0 (5GHz): Associated User - 78:88:6d:c3:a3:2c

Jan 10 07:13:05 fl1-111-169-156-137.tky.mesh.ad.jp [50: C4:DD:0F:4D:E0 AP50C4DD0F4DE0] AUTH: wl0.0 (5GHz): Authenticated (WPA2-PSK) User - 78:88:6d:c3:a3:2c

Jan 10 07:19:23 fl1-111-169-156-137.tky.mesh.ad.jp [50: C4:DD:0F:4D:E0 AP50C4DD0F4DE0] WIRELESS: wl1.0 (2.4GHz): Associated User - 78:88:6d:c3:a3:2c

Jan 10 07:19:23 fl1-111-169-156-137.tky.mesh.ad.jp [50: C4:DD:0F:4D:E0 AP50C4DD0F4DE0] WIRELESS: wl0.0 (5GHz): Deleting roamed station - 78:88:6d:c3:a3:2c

Jan 10 07:19:23 fl1-111-169-156-137.tky.mesh.ad.jp [50: C4:DD:0F:4D:E0 AP50C4DD0F4DE0] AUTH: wl1.0 (2.4GHz): Authenticated (WPA2-PSK) User - 78:88:6d:c3:a3:2c

Jan 10 07:23:35 fl1-111-169-156-137.tky.mesh.ad.jp [50: C4:DD:0F:4D:E0 AP50C4DD0F4DE0] WIRELESS: wl1.0 (2.4GHz): Deleting roamed station - 78:88:6d:c3:a3:2c

Jan 10 07:23:35 fl1-111-169-156-137.tky.mesh.ad.jp [50: C4:DD:0F:4D:E0 AP50C4DD0F4DE0] WIRELESS: wl0.0 (5GHz): Associated User - 78:88:6d:c3:a3:2c

Jan 10 07:23:35 fl1-111-169-156-137.tky.mesh.ad.jp [50: C4:DD:0F:4D:E0 AP50C4DD0F4DE0] AUTH: wl0.0 (5GHz): Authenticated (WPA2-PSK) User - 78:88:6d:c3:a3:2c

Jan 10 07:33:05 fl1-111-169-156-137.tky.mesh.ad.jp [50: C4:DD:0F:4D:E0 AP50C4DD0F4DE0] AUTH: wl1.0 (2.4GHz): Authenticated (WPA2-PSK) User - d4:61:9d:7e:86:aa

Jan 10 07:33:05 fl1-111-169-156-137.tky.mesh.ad.jp [50: C4:DD:0F:4D:E0 AP50C4DD0F4DE0] WIRELESS: wl1.0 (2.4GHz): Associated User - d4:61:9d:7e:86:aa

Jan 10 07:33:16 fl1-111-169-156-137.tky.mesh.ad.jp [50: C4:DD:0F:4D:E0 AP50C4DD0F4DE0] WIRELESS: wl1.0 (2.4GHz): DisAssociated User - d4:61:9d:7e:86:aa

Jan 10 07:33:31 fl1-111-169-156-137.tky.mesh.ad.jp [50: C4:DD:0F:4D:E0 AP50C4DD0F4DE0] WIRELESS: wl0.0 (5GHz): Associated User - 3c:2e:f9:b5:9f:26

Jan 10 07:33:31 fl1-111-169-156-137.tky.mesh.ad.jp [50: C4:DD:0F:4D:E0 AP50C4DD0F4DE0] AUTH: wl0.0 (5GHz): Authenticated (WPA2-PSK) User - 3c:2e:f9:b5:9f:26

Jan 10 07:34:06 fl1-111-169-156-137.tky.mesh.ad.jp [50: C4:DD:0F:4D:E0 AP50C4DD0F4DE0] WIRELESS: wl0.0 (5GHz): Deleting roamed station - 3c:2e:f9:b5:9f:26

Jan 10 07:34:42 fl1-111-169-156-137.tky.mesh.ad.jp [50: C4:DD:0F:4D:E0 AP50C4DD0F4DE0] WIRELESS: wl0.0 (5GHz): Deleting roamed station - 78:88:6d:c3:a3:2c

Jan 10 07:34:42 fl1-111-169-156-137.tky.mesh.ad.jp [50: C4:DD:0F:4D:E0 AP50C4DD0F4DE0] WIRELESS: wl1.0 (2.4GHz): Associated User - 78:88:6d:c3:a3:2c

Jan 10 07:34:42 fl1-111-169-156-137.tky.mesh.ad.jp [50: C4:DD:0F:4D:E0 AP50C4DD0F4DE0] AUTH: wl1.0 (2.4GHz): Authenticated (WPA2-PSK) User - 78:88:6d:c3:a3:2c

Jan 10 07:35:55 fl1-111-169-156-137.tky.mesh.ad.jp [50: C4:DD:0F:4D:E0 AP50C4DD0F4DE0] WIRELESS: wl1.0 (2.4GHz): Associated User - d4:61:9d:7e:86:aa

Jan 10 07:35:55 fl1-111-169-156-137.tky.mesh.ad.jp [50: C4:DD:0F:4D:E0 AP50C4DD0F4DE0] AUTH: wl1.0 (2.4GHz): Authenticated (WPA2-PSK) User - d4:61:9d:7e:86:aa

Jan 10 07:36:01 fl1-111-169-156-137.tky.mesh.ad.jp [50: C4:DD:0F:4D:E0 AP50C4DD0F4DE0] WIRELESS: wl1.0 (2.4GHz): DisAssociated User - d4:61:9d:7e:86:aa

Jan 10 07:36:02 fl1-111-169-156-137.tky.mesh.ad.jp [50: C4:DD:0F:4D:E0 AP50C4DD0F4DE0] WIRELESS: wl1.0 (2.4GHz): Associated User - d4:61:9d:7e:86:aa

Jan 10 07:36:02 fl1-111-169-156-137.tky.mesh.ad.jp [50: C4:DD:0F:4D:E0 AP50C4DD0F4DE0] AUTH: wl1.0 (2.4GHz): Authenticated (WPA2-PSK) User - d4:61:9d:7e:86:aa

Jan 10 07:36:04 fl1-111-169-156-137.tky.mesh.ad.jp [50: C4:DD:0F:4D:E0 AP50C4DD0F4DE0] WIRELESS: wl1.0 (2.4GHz): Deleting roamed station - 78:88:6d:c3:a3:2c

Jan 10 07:36:04 fl1-111-169-156-137.tky.mesh.ad.jp [50: C4:DD:0F:4D:E0 AP50C4DD0F4DE0] WIRELESS: wl0.0 (5GHz): Associated User - 78:88:6d:c3:a3:2c

Jan 10 07:36:04 fl1-111-169-156-137.tky.mesh.ad.jp [50: C4:DD:0F:4D:E0 AP50C4DD0F4DE0] AUTH: wl0.0 (5GHz): Authenticated (WPA2-PSK) User - 78:88:6d:c3:a3:2c

Jan 10 07:36:13 fl1-111-169-156-137.tky.mesh.ad.jp [50: C4:DD:0F:4D:E0 AP50C4DD0F4DE0] WIRELESS: wl1.0 (2.4GHz): DisAssociated User - d4:61:9d:7e:86:aa

Jan 10 07:36:33 fl1-111-169-156-137.tky.mesh.ad.jp [50: C4:DD:0F:4D:E0 AP50C4DD0F4DE0] WIRELESS: wl1.0 (2.4GHz): Associated User - d4:61:9d:7e:86:aa

Jan 10 07:36:33 fl1-111-169-156-137.tky.mesh.ad.jp [50: C4:DD:0F:4D:E0 AP50C4DD0F4DE0] AUTH: wl1.0 (2.4GHz): Authenticated (WPA2-PSK) User - d4:61:9d:7e:86:aa

Jan 10 07:36:45 fl1-111-169-156-137.tky.mesh.ad.jp [50: C4:DD:0F:4D:E0 AP50C4DD0F4DE0] WIRELESS: wl1.0 (2.4GHz): DisAssociated User - 78:88:6d:c3:a3:2c

Jan 10 07:36:45 fl1-111-169-156-137.tky.mesh.ad.jp [50: C4:DD:0F:4D:E0 AP50C4DD0F4DE0] WIRELESS: wl1.0 (2.4GHz): Associated User - 78:88:6d:c3:a3:2c

Jan 10 07:37:15 fl1-111-169-156-137.tky.mesh.ad.jp [50: C4:DD:0F:4D:E0 AP50C4DD0F4DE0] WIRELESS: wl0.0 (5GHz): DisAssociated User - 78:88:6d:c3:a3:2c

Jan 10 07:37:16 fl1-111-169-156-137.tky.mesh.ad.jp [50: C4:DD:0F:4D:E0 AP50C4DD0F4DE0] WIRELESS: wl0.0 (5GHz): Associated User - 78:88:6d:c3:a3:2c

Jan 10 07:37:16 fl1-111-169-156-137.tky.mesh.ad.jp [50: C4:DD:0F:4D:E0 AP50C4DD0F4DE0] AUTH: wl0.0 (5GHz): Authenticated (WPA2-PSK) User - 78:88:6d:c3:a3:2c

Jan 10 07:37:37 fl1-111-169-156-137.tky.mesh.ad.jp [50: C4:DD:0F:4D:E0 AP50C4DD0F4DE0] WIRELESS: wl1.0 (2.4GHz): DisAssociated User - d4:61:9d:7e:86:aa

Jan 10 07:42:40 fl1-111-169-156-137.tky.mesh.ad.jp [50: C4:DD:0F:4D:E0 AP50C4DD0F4DE0] WIRELESS: wl0.0 (5GHz): Deleting roamed station - 78:88:6d:c3:a3:2c

Jan 10 07:42:40 fl1-111-169-156-137.tky.mesh.ad.jp [50: C4:DD:0F:4D:E0 AP50C4DD0F4DE0] WIRELESS: wl1.0 (2.4GHz): Associated User - 78:88:6d:c3:a3:2c

Jan 10 07:42:40 fl1-111-169-156-137.tky.mesh.ad.jp [50: C4:DD:0F:4D:E0 AP50C4DD0F4DE0] AUTH: wl1.0 (2.4GHz): Authenticated (WPA2-PSK) User - 78:88:6d:c3:a3:2c

Jan 10 07:43:56 fl1-111-169-156-137.tky.mesh.ad.jp [50: C4:DD:0F:4D:E0 AP50C4DD0F4DE0] WIRELESS: wl1.0 (2.4GHz): Deleting roamed station - 78:88:6d:c3:a3:2c

Jan 10 07:43:56 fl1-111-169-156-137.tky.mesh.ad.jp [50: C4:DD:0F:4D:E0 AP50C4DD0F4DE0] WIRELESS: wl0.0 (5GHz): Associated User - 78:88:6d:c3:a3:2c

Jan 10 07:43:56 fl1-111-169-156-137.tky.mesh.ad.jp [50: C4:DD:0F:4D:E0 AP50C4DD0F4DE0] AUTH: wl0.0 (5GHz): Authenticated (WPA2-PSK) User - 78:88:6d:c3:a3:2c

Jan 10 07:44:55 fl1-111-169-156-137.tky.mesh.ad.jp [50: C4:DD:0F:4D:E0 AP50C4DD0F4DE0] WIRELESS: wl0.0 (5GHz): Associated User - 3c:2e:f9:b5:9f:26

Jan 10 07:44:55 fl1-111-169-156-137.tky.mesh.ad.jp [50: C4:DD:0F:4D:E0 AP50C4DD0F4DE0] AUTH: wl0.0 (5GHz): Authenticated (WPA2-PSK) User - 3c:2e:f9:b5:9f:26

Jan 10 07:44:56 fl1-111-169-156-137.tky.mesh.ad.jp [50: C4:DD:0F:4D:E0 AP50C4DD0F4DE0] WIRELESS: wl0.0 (5GHz): DisAssociated User - 3c:2e:f9:b5:9f:26

Jan 10 07:45:14 fl1-111-169-156-137.tky.mesh.ad.jp [50: C4:DD:0F:4D:E0 AP50C4DD0F4DE0] WIRELESS: wl0.0 (5GHz): Deleting roamed station - 78:88:6d:c3:a3:2c

Jan 10 07:45:15 fl1-111-169-156-137.tky.mesh.ad.jp [50: C4:DD:0F:4D:E0 AP50C4DD0F4DE0] WIRELESS: wl1.0 (2.4GHz): Encryption Key Renewing

Jan 10 07:45:30 fl1-111-169-156-137.tky.mesh.ad.jp [50: C4:DD:0F:4D:E0 AP50C4DD0F4DE0] WIRELESS: wl0.0 (5GHz): Encryption Key Renewing

Jan 10 07:45:40 fl1-111-169-156-137.tky.mesh.ad.jp [50: C4:DD:0F:4D:E0 AP50C4DD0F4DE0] WIRELESS: wl0.0 (5GHz): Encryption Key Renewing failed for User - 78:88:6d:c3:a3:2c

Jan 10 07:58:40 fl1-111-169-156-137.tky.mesh.ad.jp [50: C4:DD:0F:4D:E0 AP50C4DD0F4DE0] WIRELESS: wl1.0 (2.4GHz): DisAssociated User - bc:e1:43:c2:26:ca

Jan 10 07:58:40 fl1-111-169-156-137.tky.mesh.ad.jp [50: C4:DD:0F:4D:E0 AP50C4DD0F4DE0] WIRELESS: wl1.0 (2.4GHz): Associated User - bc:e1:43:c2:26:ca

Jan 10 07:58:57 fl1-111-169-156-137.tky.mesh.ad.jp [50: C4:DD:0F:4D:E0 AP50C4DD0F4DE0] WIRELESS: wl1.0 (2.4GHz): Associated User - bc:e1:43:c2:26:ca

Jan 10 07:58:57 fl1-111-169-156-137.tky.mesh.ad.jp [50: C4:DD:0F:4D:E0 AP50C4DD0F4DE0] AUTH: wl1.0 (2.4GHz): Authenticated (WPA2-PSK) User - bc:e1:43:c2:26:ca

Jan 10 08:00:33 fl1-111-169-156-137.tky.mesh.ad.jp [50: C4:DD:0F:4D:E0 AP50C4DD0F4DE0] WIRELESS: wl1.0 (2.4GHz): Associated User - 3c:2e:f9:b5:9f:26

Jan 10 08:00:33 fl1-111-169-156-137.tky.mesh.ad.jp [50: C4:DD:0F:4D:E0 AP50C4DD0F4DE0] AUTH: wl1.0 (2.4GHz): Authenticated (WPA2-PSK) User - 3c:2e:f9:b5:9f:26

Jan 10 08:01:48 fl1-111-169-156-137.tky.mesh.ad.jp [50: C4:DD:0F:4D:E0 AP50C4DD0F4DE0] WIRELESS: wl1.0 (2.4GHz): DisAssociated User - bc:e1:43:c2:26:ca

Jan 10 08:01:59 fl1-111-169-156-137.tky.mesh.ad.jp [50: C4:DD:0F:4D:E0 AP50C4DD0F4DE0] WIRELESS: wl1.0 (2.4GHz): DisAssociated User - 3c:2e:f9:b5:9f:26

Jan 10 08:08:14 fl1-111-169-156-137.tky.mesh.ad.jp [50: C4:DD:0F:4D:E0 AP50C4DD0F4DE0] WIRELESS: wl1.0 (2.4GHz): DisAssociated User - 40:83:1d:80:28:15

Jan 10 08:08:14 fl1-111-169-156-137.tky.mesh.ad.jp [50: C4:DD:0F:4D:E0 AP50C4DD0F4DE0] WIRELESS: wl1.0 (2.4GHz): Associated User - 40:83:1d:80:28:15

Jan 10 08:17:25 fl1-111-169-156-137.tky.mesh.ad.jp [50: C4:DD:0F:4D:E0 AP50C4DD0F4DE0] WIRELESS: wl1.0 (2.4GHz): Associated User - f8:95:ea:de:67:65

Jan 10 08:17:25 fl1-111-169-156-137.tky.mesh.ad.jp [50: C4:DD:0F:4D:E0 AP50C4DD0F4DE0] AUTH: wl1.0 (2.4GHz): Authenticated (WPA2-PSK) User - f8:95:ea:de:67:65

Jan 10 08:18:26 fl1-111-169-156-137.tky.mesh.ad.jp [50: C4:DD:0F:4D:E0 AP50C4DD0F4DE0] WIRELESS: wl1.0 (2.4GHz): DisAssociated User - f8:95:ea:de:67:65

Jan 10 08:28:56 fl1-111-169-156-137.tky.mesh.ad.jp [50: C4:DD:0F:4D:E0 AP50C4DD0F4DE0] WIRELESS: wl0.0 (5GHz): Associated User - cc:08:8d:72:12:a1

Jan 10 08:28:56 fl1-111-169-156-137.tky.mesh.ad.jp [50: C4:DD:0F:4D:E0 AP50C4DD0F4DE0] AUTH: wl0.0 (5GHz): Authenticated (WPA2-PSK) User - cc:08:8d:72:12:a1

Jan 10 08:30:11 fl1-111-169-156-137.tky.mesh.ad.jp [50: C4:DD:0F:4D:E0 AP50C4DD0F4DE0] WIRELESS: wl0.0 (5GHz): DisAssociated User - cc:08:8d:72:12:a1

Jan 10 08:45:15 fl1-111-169-156-137.tky.mesh.ad.jp [50: C4:DD:0F:4D:E0 AP50C4DD0F4DE0] WIRELESS: wl1.0 (2.4GHz): Encryption Key Renewing

Jan 10 08:45:30 fl1-111-169-156-137.tky.mesh.ad.jp [50: C4:DD:0F:4D:E0 AP50C4DD0F4DE0] WIRELESS: wl0.0 (5GHz): Encryption Key Renewing

Jan 10 08:55:42 fl1-111-169-156-137.tky.mesh.ad.jp [50: C4:DD:0F:4D:E0 AP50C4DD0F4DE0] WIRELESS: wl1.0 (2.4GHz): Associated User - 40:83:1d:80:28:15

Jan 10 08:55:42 fl1-111-169-156-137.tky.mesh.ad.jp [50: C4:DD:0F:4D:E0 AP50C4DD0F4DE0] AUTH: wl1.0 (2.4GHz): Authenticated (WPA2-PSK) User - 40:83:1d:80:28:15

Jan 10 08:58:48 fl1-111-169-156-137.tky.mesh.ad.jp [50: C4:DD:0F:4D:E0 AP50C4DD0F4DE0] WIRELESS: wl1.0 (2.4GHz): DisAssociated User - 40:83:1d:80:28:15

Jan 10 09:01:53 fl1-111-169-156-137.tky.mesh.ad.jp [50: C4:DD:0F:4D:E0 AP50C4DD0F4DE0] WIRELESS: wl0.0 (5GHz): Associated User - 40:83:1d:80:28:15

Jan 10 09:01:53 fl1-111-169-156-137.tky.mesh.ad.jp [50: C4:DD:0F:4D:E0 AP50C4DD0F4DE0] AUTH: wl0.0 (5GHz): Authenticated (WPA2-PSK) User - 40:83:1d:80:28:15

Jan 10 09:01:54 fl1-111-169-156-137.tky.mesh.ad.jp [50: C4:DD:0F:4D:E0 AP50C4DD0F4DE0] WIRELESS: wl0.0 (5GHz): Deleting roamed station - 40:83:1d:80:28:15

Jan 10 09:01:54 fl1-111-169-156-137.tky.mesh.ad.jp [50: C4:DD:0F:4D:E0 AP50C4DD0F4DE0] WIRELESS: wl1.0 (2.4GHz): Associated User - 40:83:1d:80:28:15

Jan 10 09:01:54 fl1-111-169-156-137.tky.mesh.ad.jp [50: C4:DD:0F:4D:E0 AP50C4DD0F4DE0] WIRELESS: wl1.0 (2.4GHz): DisAssociated User - 40:83:1d:80:28:15

Jan 10 09:01:54 fl1-111-169-156-137.tky.mesh.ad.jp [50: C4:DD:0F:4D:E0 AP50C4DD0F4DE0] WIRELESS: wl1.0 (2.4GHz): Associated User - 40:83:1d:80:28:15

Jan 10 09:04:30 fl1-111-169-156-137.tky.mesh.ad.jp [50: C4:DD:0F:4D:E0 AP50C4DD0F4DE0] WIRELESS: wl1.0 (2.4GHz): Associated User - 40:83:1d:80:28:15

Jan 10 09:04:37 fl1-111-169-156-137.tky.mesh.ad.jp [50: C4:DD:0F:4D:E0 AP50C4DD0F4DE0] WIRELESS: wl1.0 (2.4GHz): DisAssociated User - 40:83:1d:80:28:15

Jan 10 09:04:37 fl1-111-169-156-137.tky.mesh.ad.jp [50: C4:DD:0F:4D:E0 AP50C4DD0F4DE0] WIRELESS: wl1.0 (2.4GHz): Associated User - 40:83:1d:80:28:15

Jan 10 09:04:41 fl1-111-169-156-137.tky.mesh.ad.jp [50: C4:DD:0F:4D:E0 AP50C4DD0F4DE0] WIRELESS: wl1.0 (2.4GHz): Associated User - 40:83:1d:80:28:15

Jan 10 09:04:41 fl1-111-169-156-137.tky.mesh.ad.jp [50: C4:DD:0F:4D:E0 AP50C4DD0F4DE0] AUTH: wl1.0 (2.4GHz): Authenticated (WPA2-PSK) User - 40:83:1d:80:28:15

Jan 10 09:06:12 fl1-111-169-156-137.tky.mesh.ad.jp [50: C4:DD:0F:4D:E0 AP50C4DD0F4DE0] WIRELESS: wl1.0 (2.4GHz): DisAssociated User - 40:83:1d:80:28:15

Jan 10 09:07:23 fl1-111-169-156-137.tky.mesh.ad.jp [50: C4:DD:0F:4D:E0 AP50C4DD0F4DE0] AUTH: wl1.0 (2.4GHz): Authenticated (WPA2-PSK) User - 40:83:1d:80:28:15

Jan 10 09:07:23 fl1-111-169-156-137.tky.mesh.ad.jp [50: C4:DD:0F:4D:E0 AP50C4DD0F4DE0] WIRELESS: wl1.0 (2.4GHz): Associated User - 40:83:1d:80:28:15

Jan 10 09:11:06 fl1-111-169-156-137.tky.mesh.ad.jp [50: C4:DD:0F:4D:E0 AP50C4DD0F4DE0] WIRELESS: wl1.0 (2.4GHz): DisAssociated User - 40:83:1d:80:28:15

Jan 10 09:14:06 fl1-111-169-156-137.tky.mesh.ad.jp [50: C4:DD:0F:4D:E0 AP50C4DD0F4DE0] WIRELESS: wl1.0 (2.4GHz): Associated User - f0:9f:fc:84:82:b3

Jan 10 09:14:08 fl1-111-169-156-137.tky.mesh.ad.jp [50: C4:DD:0F:4D:E0 AP50C4DD0F4DE0] AUTH: wl1.0 (2.4GHz): Authenticated (WPA2-PSK) User - f0:9f:fc:84:82:b3

Jan 10 09:14:17 fl1-111-169-156-137.tky.mesh.ad.jp [50: C4:DD:0F:4D:E0 AP50C4DD0F4DE0] WIRELESS: wl1.0 (2.4GHz): Associated User - 40:83:1d:80:28:15

Jan 10 09:14:17 fl1-111-169-156-137.tky.mesh.ad.jp [50: C4:DD:0F:4D:E0 AP50C4DD0F4DE0] AUTH: wl1.0 (2.4GHz): Authenticated (WPA2-PSK) User - 40:83:1d:80:28:15

Jan 10 09:16:40 fl1-111-169-156-137.tky.mesh.ad.jp [50: C4:DD:0F:4D:E0 AP50C4DD0F4DE0] WIRELESS: wl1.0 (2.4GHz): DisAssociated User - 40:83:1d:80:28:15

Jan 10 09:23:48 fl1-111-169-156-137.tky.mesh.ad.jp [50: C4:DD:0F:4D:E0 AP50C4DD0F4DE0] WIRELESS: wl1.0 (2.4GHz): DisAssociated User - f0:9f:fc:84:82:b3

Jan 10 09:29:01 fl1-111-169-156-137.tky.mesh.ad.jp [50: C4:DD:0F:4D:E0 AP50C4DD0F4DE0] AUTH: wl1.0 (2.4GHz): Authenticated (WPA2-PSK) User - f8:95:ea:e2:95:bf

Jan 10 09:29:01 fl1-111-169-156-137.tky.mesh.ad.jp [50: C4:DD:0F:4D:E0 AP50C4DD0F4DE0] WIRELESS: wl1.0 (2.4GHz): Associated User - f8:95:ea:e2:95:bf

Jan 10 09:29:21 fl1-111-169-156-137.tky.mesh.ad.jp [50: C4:DD:0F:4D:E0 AP50C4DD0F4DE0] WIRELESS: wl1.0 (2.4GHz): Deleting roamed station - f8:95:ea:e2:95:bf

Jan 10 09:29:52 fl1-111-169-156-137.tky.mesh.ad.jp [50: C4:DD:0F:4D:E0 AP50C4DD0F4DE0] WIRELESS: wl1.0 (2.4GHz): Associated User - f8:95:ea:e2:95:bf

Jan 10 09:29:52 fl1-111-169-156-137.tky.mesh.ad.jp [50: C4:DD:0F:4D:E0 AP50C4DD0F4DE0] AUTH: wl1.0 (2.4GHz): Authenticated (WPA2-PSK) User - f8:95:ea:e2:95:bf

Jan 10 09:30:18 fl1-111-169-156-137.tky.mesh.ad.jp [50: C4:DD:0F:4D:E0 AP50C4DD0F4DE0] WIRELESS: wl1.0 (2.4GHz): Associated User - 40:83:1d:80:28:15

Jan 10 09:30:18 fl1-111-169-156-137.tky.mesh.ad.jp [50: C4:DD:0F:4D:E0 AP50C4DD0F4DE0] AUTH: wl1.0 (2.4GHz): Authenticated (WPA2-PSK) User - 40:83:1d:80:28:15

Jan 10 09:30:54 fl1-111-169-156-137.tky.mesh.ad.jp [50: C4:DD:0F:4D:E0 AP50C4DD0F4DE0] WIRELESS: wl1.0 (2.4GHz): DisAssociated User - f8:95:ea:e2:95:bf

Jan 10 09:31:22 fl1-111-169-156-137.tky.mesh.ad.jp [50: C4:DD:0F:4D:E0 AP50C4DD0F4DE0] WIRELESS: wl1.0 (2.4GHz): DisAssociated User - 40:83:1d:80:28:15

Jan 10 09:44:22 fl1-111-169-156-137.tky.mesh.ad.jp [50: C4:DD:0F:4D:E0 AP50C4DD0F4DE0] WIRELESS: wl0.0 (5GHz): Associated User - d4:61:9d:7e:86:aa

Jan 10 09:44:22 fl1-111-169-156-137.tky.mesh.ad.jp [50: C4:DD:0F:4D:E0 AP50C4DD0F4DE0] AUTH: wl0.0 (5GHz): Authenticated (WPA2-PSK) User - d4:61:9d:7e:86:aa

Jan 10 09:44:33 fl1-111-169-156-137.tky.mesh.ad.jp [50: C4:DD:0F:4D:E0 AP50C4DD0F4DE0] WIRELESS: wl1.0 (2.4GHz): Associated User - d4:61:9d:7e:86:aa

Jan 10 09:44:33 fl1-111-169-156-137.tky.mesh.ad.jp [50: C4:DD:0F:4D:E0 AP50C4DD0F4DE0] WIRELESS: wl0.0 (5GHz): Deleting roamed station - d4:61:9d:7e:86:aa

Jan 10 09:44:33 fl1-111-169-156-137.tky.mesh.ad.jp [50: C4:DD:0F:4D:E0 AP50C4DD0F4DE0] AUTH: wl1.0 (2.4GHz): Authenticated (WPA2-PSK) User - d4:61:9d:7e:86:aa

Jan 10 09:45:15 fl1-111-169-156-137.tky.mesh.ad.jp [50: C4:DD:0F:4D:E0 AP50C4DD0F4DE0] WIRELESS: wl1.0 (2.4GHz): Encryption Key Renewing

Jan 10 09:45:30 fl1-111-169-156-137.tky.mesh.ad.jp [50: C4:DD:0F:4D:E0 AP50C4DD0F4DE0] WIRELESS: wl0.0 (5GHz): Encryption Key Renewing

Jan 10 09:59:37 fl1-111-169-156-137.tky.mesh.ad.jp [50: C4:DD:0F:4D:E0 AP50C4DD0F4DE0] AUTH: wl1.0 (2.4GHz): Authenticated (WPA2-PSK) User - 40:83:1d:80:28:15

Jan 10 09:59:37 fl1-111-169-156-137.tky.mesh.ad.jp [50: C4:DD:0F:4D:E0 AP50C4DD0F4DE0] WIRELESS: wl1.0 (2.4GHz): Associated User - 40:83:1d:80:28:15

Jan 10 10:00:49 fl1-111-169-156-137.tky.mesh.ad.jp [50: C4:DD:0F:4D:E0 AP50C4DD0F4DE0] WIRELESS: wl1.0 (2.4GHz): DisAssociated User - 40:83:1d:80:28:15

Jan 10 10:09:46 fl1-111-169-156-137.tky.mesh.ad.jp [50: C4:DD:0F:4D:E0 AP50C4DD0F4DE0] WIRELESS: wl1.0 (2.4GHz): DisAssociated User - d4:61:9d:7e:86:aa

Jan 10 10:14:35 fl1-111-169-156-137.tky.mesh.ad.jp [50: C4:DD:0F:4D:E0 AP50C4DD0F4DE0] WIRELESS: wl1.0 (2.4GHz): Associated User - d4:61:9d:7e:86:aa

Jan 10 10:14:35 fl1-111-169-156-137.tky.mesh.ad.jp [50: C4:DD:0F:4D:E0 AP50C4DD0F4DE0] AUTH: wl1.0 (2.4GHz): Authenticated (WPA2-PSK) User - d4:61:9d:7e:86:aa

Jan 10 10:15:40 fl1-111-169-156-137.tky.mesh.ad.jp [50: C4:DD:0F:4D:E0 AP50C4DD0F4DE0] WIRELESS: wl1.0 (2.4GHz): DisAssociated User - d4:61:9d:7e:86:aa

Jan 10 10:29:58 fl1-111-169-156-137.tky.mesh.ad.jp [50: C4:DD:0F:4D:E0 AP50C4DD0F4DE0] WIRELESS: wl1.0 (2.4GHz): DisAssociated User - 40:83:1d:80:28:15

Jan 10 10:29:58 fl1-111-169-156-137.tky.mesh.ad.jp [50: C4:DD:0F:4D:E0 AP50C4DD0F4DE0] WIRELESS: wl1.0 (2.4GHz): Associated User - 40:83:1d:80:28:15

Jan 10 10:30:07 fl1-111-169-156-137.tky.mesh.ad.jp [50: C4:DD:0F:4D:E0 AP50C4DD0F4DE0] WIRELESS: wl0.0 (5GHz): Associated User - 40:83:1d:80:28:15

Jan 10 10:30:07 fl1-111-169-156-137.tky.mesh.ad.jp [50: C4:DD:0F:4D:E0 AP50C4DD0F4DE0] AUTH: wl0.0 (5GHz): Authenticated (WPA2-PSK) User - 40:83:1d:80:28:15

Jan 10 10:32:17 fl1-111-169-156-137.tky.mesh.ad.jp [50: C4:DD:0F:4D:E0 AP50C4DD0F4DE0] WIRELESS: wl0.0 (5GHz): Associated User - c8:d0:83:73:94:f0

Jan 10 10:32:17 fl1-111-169-156-137.tky.mesh.ad.jp [50: C4:DD:0F:4D:E0 AP50C4DD0F4DE0] AUTH: wl0.0 (5GHz): Authenticated (WPA2-PSK) User - c8:d0:83:73:94:f0

Jan 10 10:32:20 fl1-111-169-156-137.tky.mesh.ad.jp [50: C4:DD:0F:4D:E0 AP50C4DD0F4DE0] WIRELESS: wl0.0 (5GHz): DisAssociated User - c8:d0:83:73:94:f0

Jan 10 10:32:27 fl1-111-169-156-137.tky.mesh.ad.jp [50: C4:DD:0F:4D:E0 AP50C4DD0F4DE0] WIRELESS: wl0.0 (5GHz): DisAssociated User - 40:83:1d:80:28:15

Jan 10 10:44:58 fl1-111-169-156-137.tky.mesh.ad.jp [50: C4:DD:0F:4D:E0 AP50C4DD0F4DE0] WIRELESS: wl0.0 (5GHz): Associated User - f8:95:ea:de:67:65

Jan 10 10:44:58 fl1-111-169-156-137.tky.mesh.ad.jp [50: C4:DD:0F:4D:E0 AP50C4DD0F4DE0] AUTH: wl0.0 (5GHz): Authenticated (WPA2-PSK) User - f8:95:ea:de:67:65

Jan 10 10:45:15 fl1-111-169-156-137.tky.mesh.ad.jp [50: C4:DD:0F:4D:E0 AP50C4DD0F4DE0] WIRELESS: wl1.0 (2.4GHz): Encryption Key Renewing

Jan 10 10:45:30 fl1-111-169-156-137.tky.mesh.ad.jp [50: C4:DD:0F:4D:E0 AP50C4DD0F4DE0] WIRELESS: wl0.0 (5GHz): Encryption Key Renewing

Jan 10 10:45:36 fl1-111-169-156-137.tky.mesh.ad.jp [50: C4:DD:0F:4D:E0 AP50C4DD0F4DE0] WIRELESS: wl0.0 (5GHz): DisAssociated User - f8:95:ea:de:67:65

Jan 10 10:52:46 fl1-111-169-156-137.tky.mesh.ad.jp [50: C4:DD:0F:4D:E0 AP50C4DD0F4DE0] WIRELESS: wl1.0 (2.4GHz): DisAssociated User - f8:95:ea:e2:95:bf

Jan 10 10:52:46 fl1-111-169-156-137.tky.mesh.ad.jp [50: C4:DD:0F:4D:E0 AP50C4DD0F4DE0] WIRELESS: wl1.0 (2.4GHz): Associated User - f8:95:ea:e2:95:bf

Jan 10 10:52:47 fl1-111-169-156-137.tky.mesh.ad.jp [50: C4:DD:0F:4D:E0 AP50C4DD0F4DE0] WIRELESS: wl1.0 (2.4GHz): Associated User - f8:95:ea:e2:95:bf

Jan 10 10:52:47 fl1-111-169-156-137.tky.mesh.ad.jp [50: C4:DD:0F:4D:E0 AP50C4DD0F4DE0] AUTH: wl1.0 (2.4GHz): Authenticated (WPA2-PSK) User - f8:95:ea:e2:95:bf

Jan 10 10:55:30 fl1-111-169-156-137.tky.mesh.ad.jp [50: C4:DD:0F:4D:E0 AP50C4DD0F4DE0] WIRELESS: wl1.0 (2.4GHz): DisAssociated User - f8:95:ea:e2:95:bf

Jan 10 11:06:35 fl1-111-169-156-137.tky.mesh.ad.jp [50: C4:DD:0F:4D:E0 AP50C4DD0F4DE0] WIRELESS: wl1 (2.4GHz): Detect interference(57per) [with Non-802.11] on channel 11.

Jan 10 11:13:08 fl1-111-169-156-137.tky.mesh.ad.jp [50: C4:DD:0F:4D:E0 AP50C4DD0F4DE0] WIRELESS: wl1 (2.4GHz): Detect interference(56per) [with Non-802.11] on channel 11.

Jan 10 11:16:04 fl1-111-169-156-137.tky.mesh.ad.jp [50: C4:DD:0F:4D:E0 AP50C4DD0F4DE0] WIRELESS: wl0.0 (5GHz): Associated User - 40:83:1d:80:28:15

Jan 10 11:16:04 fl1-111-169-156-137.tky.mesh.ad.jp [50: C4:DD:0F:4D:E0 AP50C4DD0F4DE0] AUTH: wl0.0 (5GHz): Authenticated (WPA2-PSK) User - 40:83:1d:80:28:15

Jan 10 11:17:15 fl1-111-169-156-137.tky.mesh.ad.jp [50: C4:DD:0F:4D:E0 AP50C4DD0F4DE0] WIRELESS: wl1 (2.4GHz): Detect interference(67per) [with Non-802.11] on channel 11.

Jan 10 11:17:26 fl1-111-169-156-137.tky.mesh.ad.jp [50: C4:DD:0F:4D:E0 AP50C4DD0F4DE0] WIRELESS: wl0.0 (5GHz): DisAssociated User - 40:83:1d:80:28:15

Jan 10 11:35:52 fl1-111-169-156-137.tky.mesh.ad.jp [50: C4:DD:0F:4D:E0 AP50C4DD0F4DE0] WIRELESS: wl1 (2.4GHz): Detect interference(58per) [with Non-802.11] on channel 11.

Jan 10 11:45:15 fl1-111-169-156-137.tky.mesh.ad.jp [50: C4:DD:0F:4D:E0 AP50C4DD0F4DE0] WIRELESS: wl1.0 (2.4GHz): Encryption Key Renewing

Jan 10 11:45:30 fl1-111-169-156-137.tky.mesh.ad.jp [50: C4:DD:0F:4D:E0 AP50C4DD0F4DE0] WIRELESS: wl0.0 (5GHz): Encryption Key Renewing

Jan 10 12:22:19 fl1-111-169-156-137.tky.mesh.ad.jp [50: C4:DD:0F:4D:E0 AP50C4DD0F4DE0] WIRELESS: wl1 (2.4GHz): Detect interference(57per) [with Non-802.11] on channel 11.

Jan 10 12:30:29 fl1-111-169-156-137.tky.mesh.ad.jp [50: C4:DD:0F:4D:E0 AP50C4DD0F4DE0] WIRELESS: wl1 (2.4GHz): Detect interference(74per) [with Non-802.11] on channel 11.

Jan 10 12:45:15 fl1-111-169-156-137.tky.mesh.ad.jp [50: C4:DD:0F:4D:E0 AP50C4DD0F4DE0] WIRELESS: wl1.0 (2.4GHz): Encryption Key Renewing

Jan 10 12:45:30 fl1-111-169-156-137.tky.mesh.ad.jp [50: C4:DD:0F:4D:E0 AP50C4DD0F4DE0] WIRELESS: wl0.0 (5GHz): Encryption Key Renewing

Jan 10 12:55:36 fl1-111-169-156-137.tky.mesh.ad.jp [50: C4:DD:0F:4D:E0 AP50C4DD0F4DE0] WIRELESS: wl1.0 (2.4GHz): Associated User - d4:61:9d:7e:86:aa

Jan 10 12:55:36 fl1-111-169-156-137.tky.mesh.ad.jp [50: C4:DD:0F:4D:E0 AP50C4DD0F4DE0] AUTH: wl1.0 (2.4GHz): Authenticated (WPA2-PSK) User - d4:61:9d:7e:86:aa

Jan 10 12:58:47 fl1-111-169-156-137.tky.mesh.ad.jp [50: C4:DD:0F:4D:E0 AP50C4DD0F4DE0] WIRELESS: wl1.0 (2.4GHz): DisAssociated User - a8:7d:12:c9:d7:d1

Jan 10 12:58:47 fl1-111-169-156-137.tky.mesh.ad.jp [50: C4:DD:0F:4D:E0 AP50C4DD0F4DE0] WIRELESS: wl1.0 (2.4GHz): Associated User - a8:7d:12:c9:d7:d1

Jan 10 12:58:47 fl1-111-169-156-137.tky.mesh.ad.jp [50: C4:DD:0F:4D:E0 AP50C4DD0F4DE0] WIRELESS: wl1.0 (2.4GHz): Associated User - a8:7d:12:c9:d7:d1

Jan 10 12:58:47 fl1-111-169-156-137.tky.mesh.ad.jp [50: C4:DD:0F:4D:E0 AP50C4DD0F4DE0] WIRELESS: wl1.0 (2.4GHz): DisAssociated User - a8:7d:12:c9:d7:d1

Jan 10 12:58:47 fl1-111-169-156-137.tky.mesh.ad.jp [50: C4:DD:0F:4D:E0 AP50C4DD0F4DE0] WIRELESS: wl1.0 (2.4GHz): DisAssociated User - a8:7d:12:c9:d7:d1

Jan 10 12:58:47 fl1-111-169-156-137.tky.mesh.ad.jp [50: C4:DD:0F:4D:E0 AP50C4DD0F4DE0] WIRELESS: wl1.0 (2.4GHz): Associated User - a8:7d:12:c9:d7:d1

Jan 10 12:58:47 fl1-111-169-156-137.tky.mesh.ad.jp [50: C4:DD:0F:4D:E0 AP50C4DD0F4DE0] WIRELESS: wl1.0 (2.4GHz): DisAssociated User - a8:7d:12:c9:d7:d1

Jan 10 12:58:47 fl1-111-169-156-137.tky.mesh.ad.jp [50: C4:DD:0F:4D:E0 AP50C4DD0F4DE0] WIRELESS: wl1.0 (2.4GHz): Associated User - a8:7d:12:c9:d7:d1

Jan 10 12:58:47 fl1-111-169-156-137.tky.mesh.ad.jp [50: C4:DD:0F:4D:E0 AP50C4DD0F4DE0] WIRELESS: wl1.0 (2.4GHz): DisAssociated User - a8:7d:12:c9:d7:d1

Jan 10 12:58:47 fl1-111-169-156-137.tky.mesh.ad.jp [50: C4:DD:0F:4D:E0 AP50C4DD0F4DE0] WIRELESS: wl1.0 (2.4GHz): Associated User - a8:7d:12:c9:d7:d1

Jan 10 12:58:48 fl1-111-169-156-137.tky.mesh.ad.jp [50: C4:DD:0F:4D:E0 AP50C4DD0F4DE0] WIRELESS: wl1.0 (2.4GHz): Associated User - a8:7d:12:c9:d7:d1

Jan 10 12:58:48 fl1-111-169-156-137.tky.mesh.ad.jp [50: C4:DD:0F:4D:E0 AP50C4DD0F4DE0] WIRELESS: wl1.0 (2.4GHz): DisAssociated User - a8:7d:12:c9:d7:d1

Jan 10 13:00:42 fl1-111-169-156-137.tky.mesh.ad.jp [50: C4:DD:0F:4D:E0 AP50C4DD0F4DE0] WIRELESS: wl1.0 (2.4GHz): Deleting roamed station - d4:61:9d:7e:86:aa

Jan 10 13:07:40 fl1-111-169-156-137.tky.mesh.ad.jp [50: C4:DD:0F:4D:E0 AP50C4DD0F4DE0] WIRELESS: wl1 (2.4GHz): Detect interference(72per) [with Non-802.11] on channel 11.

Jan 10 13:42:43 fl1-111-169-156-137.tky.mesh.ad.jp [50: C4:DD:0F:4D:E0 AP50C4DD0F4DE0] WIRELESS: wl1.0 (2.4GHz): Associated User - f8:95:ea:d6:5d:c4

Jan 10 13:42:43 fl1-111-169-156-137.tky.mesh.ad.jp [50: C4:DD:0F:4D:E0 AP50C4DD0F4DE0] AUTH: wl1.0 (2.4GHz): Authenticated (WPA2-PSK) User - f8:95:ea:d6:5d:c4

Jan 10 13:43:40 fl1-111-169-156-137.tky.mesh.ad.jp [50: C4:DD:0F:4D:E0 AP50C4DD0F4DE0] WIRELESS: wl1.0 (2.4GHz): Deleting roamed station - f8:95:ea:d6:5d:c4

Jan 10 13:44:59 fl1-111-169-156-137.tky.mesh.ad.jp [50: C4:DD:0F:4D:E0 AP50C4DD0F4DE0] WIRELESS: wl1.0 (2.4GHz): Associated User - f8:95:ea:d6:5d:c4

Jan 10 13:44:59 fl1-111-169-156-137.tky.mesh.ad.jp [50: C4:DD:0F:4D:E0 AP50C4DD0F4DE0] WIRELESS: wl1.0 (2.4GHz): DisAssociated User - f8:95:ea:d6:5d:c4

Jan 10 13:44:59 fl1-111-169-156-137.tky.mesh.ad.jp [50: C4:DD:0F:4D:E0 AP50C4DD0F4DE0] WIRELESS: wl1.0 (2.4GHz): Associated User - f8:95:ea:d6:5d:c4

Jan 10 13:45:02 fl1-111-169-156-137.tky.mesh.ad.jp [50: C4:DD:0F:4D:E0 AP50C4DD0F4DE0] AUTH: wl1.0 (2.4GHz): Authenticated (WPA2-PSK) User - f8:95:ea:d6:5d:c4

Jan 10 13:45:15 fl1-111-169-156-137.tky.mesh.ad.jp [50: C4:DD:0F:4D:E0 AP50C4DD0F4DE0] WIRELESS: wl1.0 (2.4GHz): Encryption Key Renewing

Jan 10 13:45:25 fl1-111-169-156-137.tky.mesh.ad.jp [50: C4:DD:0F:4D:E0 AP50C4DD0F4DE0] WIRELESS: wl1.0 (2.4GHz): Encryption Key Renewing failed for User - f8:95:ea:d6:5d:c4

Jan 10 13:45:25 fl1-111-169-156-137.tky.mesh.ad.jp [50: C4:DD:0F:4D:E0 AP50C4DD0F4DE0] WIRELESS: wl1.0 (2.4GHz): Encryption Key Renewing failed for User - d4:61:9d:7e:86:aa

Jan 10 13:51:55 fl1-111-169-156-137.tky.mesh.ad.jp [50: C4:DD:0F:4D:E0 AP50C4DD0F4DE0] WIRELESS: wl1.0 (2.4GHz): Associated User - f8:95:ea:de:67:65

Jan 10 13:51:55 fl1-111-169-156-137.tky.mesh.ad.jp [50: C4:DD:0F:4D:E0 AP50C4DD0F4DE0] AUTH: wl1.0 (2.4GHz): Authenticated (WPA2-PSK) User - f8:95:ea:de:67:65

Jan 10 13:53:25 fl1-111-169-156-137.tky.mesh.ad.jp [50: C4:DD:0F:4D:E0 AP50C4DD0F4DE0] WIRELESS: wl1.0 (2.4GHz): DisAssociated User - f8:95:ea:de:67:65

Jan 10 14:45:15 fl1-111-169-156-137.tky.mesh.ad.jp [50: C4:DD:0F:4D:E0 AP50C4DD0F4DE0] WIRELESS: wl1.0 (2.4GHz): Encryption Key Renewing

Jan 10 14:45:30 fl1-111-169-156-137.tky.mesh.ad.jp [50: C4:DD:0F:4D:E0 AP50C4DD0F4DE0] WIRELESS: wl0.0 (5GHz): Encryption Key Renewing

Jan 10 15:00:06 fl1-111-169-156-137.tky.mesh.ad.jp [50: C4:DD:0F:4D:E0 AP50C4DD0F4DE0] WIRELESS: wl0.0 (5GHz): Associated User - 40:83:1d:80:28:15

Jan 10 15:00:06 fl1-111-169-156-137.tky.mesh.ad.jp [50: C4:DD:0F:4D:E0 AP50C4DD0F4DE0] AUTH: wl0.0 (5GHz): Authenticated (WPA2-PSK) User - 40:83:1d:80:28:15

Jan 10 15:00:09 fl1-111-169-156-137.tky.mesh.ad.jp [50: C4:DD:0F:4D:E0 AP50C4DD0F4DE0] WIRELESS: wl0.0 (5GHz): Deleting roamed station - 40:83:1d:80:28:15

Jan 10 15:00:09 fl1-111-169-156-137.tky.mesh.ad.jp [50: C4:DD:0F:4D:E0 AP50C4DD0F4DE0] WIRELESS: wl1.0 (2.4GHz): Associated User - 40:83:1d:80:28:15

Jan 10 15:00:09 fl1-111-169-156-137.tky.mesh.ad.jp [50: C4:DD:0F:4D:E0 AP50C4DD0F4DE0] AUTH: wl1.0 (2.4GHz): Authenticated (WPA2-PSK) User - 40:83:1d:80:28:15

Jan 10 15:02:05 fl1-111-169-156-137.tky.mesh.ad.jp [50: C4:DD:0F:4D:E0 AP50C4DD0F4DE0] WIRELESS: wl1.0 (2.4GHz): DisAssociated User - 40:83:1d:80:28:15

Jan 10 15:06:45 fl1-111-169-156-137.tky.mesh.ad.jp [50: C4:DD:0F:4D:E0 AP50C4DD0F4DE0] WIRELESS: wl1.0 (2.4GHz): Associated User - 40:83:1d:80:28:15

Jan 10 15:06:45 fl1-111-169-156-137.tky.mesh.ad.jp [50: C4:DD:0F:4D:E0 AP50C4DD0F4DE0] AUTH: wl1.0 (2.4GHz): Authenticated (WPA2-PSK) User - 40:83:1d:80:28:15

Jan 10 15:08:06 fl1-111-169-156-137.tky.mesh.ad.jp [50: C4:DD:0F:4D:E0 AP50C4DD0F4DE0] WIRELESS: wl1.0 (2.4GHz): DisAssociated User - 40:83:1d:80:28:15

Jan 10 15:08:07 fl1-111-169-156-137.tky.mesh.ad.jp [50: C4:DD:0F:4D:E0 AP50C4DD0F4DE0] WIRELESS: wl1.0 (2.4GHz): Associated User - 40:83:1d:80:28:15

Jan 10 15:08:07 fl1-111-169-156-137.tky.mesh.ad.jp [50: C4:DD:0F:4D:E0 AP50C4DD0F4DE0] WIRELESS: wl1.0 (2.4GHz): DisAssociated User - 40:83:1d:80:28:15

Jan 10 15:08:38 fl1-111-169-156-137.tky.mesh.ad.jp [50: C4:DD:0F:4D:E0 AP50C4DD0F4DE0] WIRELESS: wl1.0 (2.4GHz): Associated User - f8:95:ea:de:67:65

Jan 10 15:08:38 fl1-111-169-156-137.tky.mesh.ad.jp [50: C4:DD:0F:4D:E0 AP50C4DD0F4DE0] AUTH: wl1.0 (2.4GHz): Authenticated (WPA2-PSK) User - f8:95:ea:de:67:65

Jan 10 15:08:45 fl1-111-169-156-137.tky.mesh.ad.jp [50: C4:DD:0F:4D:E0 AP50C4DD0F4DE0] WIRELESS: wl0.0 (5GHz): Associated User - d4:61:9d:7e:86:aa

Jan 10 15:08:45 fl1-111-169-156-137.tky.mesh.ad.jp [50: C4:DD:0F:4D:E0 AP50C4DD0F4DE0] AUTH: wl0.0 (5GHz): Authenticated (WPA2-PSK) User - d4:61:9d:7e:86:aa

Jan 10 15:10:08 fl1-111-169-156-137.tky.mesh.ad.jp [50: C4:DD:0F:4D:E0 AP50C4DD0F4DE0] WIRELESS: wl0.0 (5GHz): Deleting roamed station - d4:61:9d:7e:86:aa

Jan 10 15:11:14 fl1-111-169-156-137.tky.mesh.ad.jp [50: C4:DD:0F:4D:E0 AP50C4DD0F4DE0] WIRELESS: wl1.0 (2.4GHz): Deleting roamed station - f8:95:ea:de:67:65

Jan 10 15:12:32 fl1-111-169-156-137.tky.mesh.ad.jp [50: C4:DD:0F:4D:E0 AP50C4DD0F4DE0] WIRELESS: wl0.0 (5GHz): Associated User - f8:95:ea:de:67:65

Jan 10 15:12:33 fl1-111-169-156-137.tky.mesh.ad.jp [50: C4:DD:0F:4D:E0 AP50C4DD0F4DE0] AUTH: wl0.0 (5GHz): Authenticated (WPA2-PSK) User - f8:95:ea:de:67:65

Jan 10 15:12:39 fl1-111-169-156-137.tky.mesh.ad.jp [50: C4:DD:0F:4D:E0 AP50C4DD0F4DE0] WIRELESS: wl1.0 (2.4GHz): Associated User - f8:95:ea:de:67:65

Jan 10 15:12:39 fl1-111-169-156-137.tky.mesh.ad.jp [50: C4:DD:0F:4D:E0 AP50C4DD0F4DE0] WIRELESS: wl0.0 (5GHz): Deleting roamed station - f8:95:ea:de:67:65

Jan 10 15:12:39 fl1-111-169-156-137.tky.mesh.ad.jp [50: C4:DD:0F:4D:E0 AP50C4DD0F4DE0] AUTH: wl1.0 (2.4GHz): Authenticated (WPA2-PSK) User - f8:95:ea:de:67:65

Jan 10 15:15:19 fl1-111-169-156-137.tky.mesh.ad.jp [50: C4:DD:0F:4D:E0 AP50C4DD0F4DE0] WIRELESS: wl1.0 (2.4GHz): DisAssociated User - f8:95:ea:de:67:65

Jan 10 15:45:15 fl1-111-169-156-137.tky.mesh.ad.jp [50: C4:DD:0F:4D:E0 AP50C4DD0F4DE0] WIRELESS: wl1.0 (2.4GHz): Encryption Key Renewing

Jan 10 15:45:30 fl1-111-169-156-137.tky.mesh.ad.jp [50: C4:DD:0F:4D:E0 AP50C4DD0F4DE0] WIRELESS: wl0.0 (5GHz): Encryption Key Renewing

Jan 10 15:45:40 fl1-111-169-156-137.tky.mesh.ad.jp [50: C4:DD:0F:4D:E0 AP50C4DD0F4DE0] WIRELESS: wl0.0 (5GHz): Encryption Key Renewing failed for User - d4:61:9d:7e:86:aa

Jan 10 16:19:32 fl1-111-169-156-137.tky.mesh.ad.jp [50: C4:DD:0F:4D:E0 AP50C4DD0F4DE0] WIRELESS: wl0.0 (5GHz): Associated User - d4:61:9d:7e:86:aa

Jan 10 16:19:32 fl1-111-169-156-137.tky.mesh.ad.jp [50: C4:DD:0F:4D:E0 AP50C4DD0F4DE0] AUTH: wl0.0 (5GHz): Authenticated (WPA2-PSK) User - d4:61:9d:7e:86:aa

Jan 10 16:20:42 fl1-111-169-156-137.tky.mesh.ad.jp [50: C4:DD:0F:4D:E0 AP50C4DD0F4DE0] WIRELESS: wl0.0 (5GHz): Deleting roamed station - d4:61:9d:7e:86:aa

Jan 10 16:43:26 fl1-111-169-156-137.tky.mesh.ad.jp [50: C4:DD:0F:4D:E0 AP50C4DD0F4DE0] WIRELESS: wl1.0 (2.4GHz): Associated User - 5c:09:47:54:13:65

Jan 10 16:43:26 fl1-111-169-156-137.tky.mesh.ad.jp [50: C4:DD:0F:4D:E0 AP50C4DD0F4DE0] AUTH: wl1.0 (2.4GHz): Authenticated (WPA2-PSK) User - 5c:09:47:54:13:65

Jan 10 16:45:15 fl1-111-169-156-137.tky.mesh.ad.jp [50: C4:DD:0F:4D:E0 AP50C4DD0F4DE0] WIRELESS: wl1.0 (2.4GHz): Encryption Key Renewing

Jan 10 16:45:20 fl1-111-169-156-137.tky.mesh.ad.jp [50: C4:DD:0F:4D:E0 AP50C4DD0F4DE0] WIRELESS: wl1.0 (2.4GHz): DisAssociated User - 5c:09:47:54:13:65

Jan 10 16:45:30 fl1-111-169-156-137.tky.mesh.ad.jp [50: C4:DD:0F:4D:E0 AP50C4DD0F4DE0] WIRELESS: wl0.0 (5GHz): Encryption Key Renewing

Jan 10 16:45:40 fl1-111-169-156-137.tky.mesh.ad.jp [50: C4:DD:0F:4D:E0 AP50C4DD0F4DE0] WIRELESS: wl0.0 (5GHz): Encryption Key Renewing failed for User - d4:61:9d:7e:86:aa

Jan 10 17:16:18 fl1-111-169-156-137.tky.mesh.ad.jp [50: C4:DD:0F:4D:E0 AP50C4DD0F4DE0] WIRELESS: wl0.0 (5GHz): Associated User - 78:88:6d:c3:a3:2c

Jan 10 17:16:18 fl1-111-169-156-137.tky.mesh.ad.jp [50: C4:DD:0F:4D:E0 AP50C4DD0F4DE0] AUTH: wl0.0 (5GHz): Authenticated (WPA2-PSK) User - 78:88:6d:c3:a3:2c

Jan 10 17:43:55 fl1-111-169-156-137.tky.mesh.ad.jp [50: C4:DD:0F:4D:E0 AP50C4DD0F4DE0] AUTH: wl1.0 (2.4GHz): Authenticated (WPA2-PSK) User - a8:7d:12:c9:d7:d1

Jan 10 17:43:55 fl1-111-169-156-137.tky.mesh.ad.jp [50: C4:DD:0F:4D:E0 AP50C4DD0F4DE0] WIRELESS: wl1.0 (2.4GHz): Associated User - a8:7d:12:c9:d7:d1

Jan 10 17:45:15 fl1-111-169-156-137.tky.mesh.ad.jp [50: C4:DD:0F:4D:E0 AP50C4DD0F4DE0] WIRELESS: wl1.0 (2.4GHz): Encryption Key Renewing

Jan 10 17:45:17 fl1-111-169-156-137.tky.mesh.ad.jp [50: C4:DD:0F:4D:E0 AP50C4DD0F4DE0] WIRELESS: wl1.0 (2.4GHz): Associated User - f8:95:ea:df:ee:b0

Jan 10 17:45:17 fl1-111-169-156-137.tky.mesh.ad.jp [50: C4:DD:0F:4D:E0 AP50C4DD0F4DE0] AUTH: wl1.0 (2.4GHz): Authenticated (WPA2-PSK) User - f8:95:ea:df:ee:b0

Jan 10 17:45:30 fl1-111-169-156-137.tky.mesh.ad.jp [50: C4:DD:0F:4D:E0 AP50C4DD0F4DE0] WIRELESS: wl0.0 (5GHz): Encryption Key Renewing

Jan 10 18:18:34 fl1-111-169-156-137.tky.mesh.ad.jp [50: C4:DD:0F:4D:E0 AP50C4DD0F4DE0] WIRELESS: wl0.0 (5GHz): Deleting roamed station - 78:88:6d:c3:a3:2c

Jan 10 18:18:34 fl1-111-169-156-137.tky.mesh.ad.jp [50: C4:DD:0F:4D:E0 AP50C4DD0F4DE0] AUTH: wl1.0 (2.4GHz): Authenticated (WPA2-PSK) User - 78:88:6d:c3:a3:2c

Jan 10 18:18:34 fl1-111-169-156-137.tky.mesh.ad.jp [50: C4:DD:0F:4D:E0 AP50C4DD0F4DE0] WIRELESS: wl1.0 (2.4GHz): Associated User - 78:88:6d:c3:a3:2c

Jan 10 18:19:35 fl1-111-169-156-137.tky.mesh.ad.jp [50: C4:DD:0F:4D:E0 AP50C4DD0F4DE0] WIRELESS: wl1.0 (2.4GHz): Deleting roamed station - 78:88:6d:c3:a3:2c

Jan 10 18:19:35 fl1-111-169-156-137.tky.mesh.ad.jp [50: C4:DD:0F:4D:E0 AP50C4DD0F4DE0] WIRELESS: wl0.0 (5GHz): Associated User - 78:88:6d:c3:a3:2c

Jan 10 18:19:35 fl1-111-169-156-137.tky.mesh.ad.jp [50: C4:DD:0F:4D:E0 AP50C4DD0F4DE0] AUTH: wl0.0 (5GHz): Authenticated (WPA2-PSK) User - 78:88:6d:c3:a3:2c

Jan 10 18:45:15 fl1-111-169-156-137.tky.mesh.ad.jp [50: C4:DD:0F:4D:E0 AP50C4DD0F4DE0] WIRELESS: wl1.0 (2.4GHz): Encryption Key Renewing

Jan 10 18:45:30 fl1-111-169-156-137.tky.mesh.ad.jp [50: C4:DD:0F:4D:E0 AP50C4DD0F4DE0] WIRELESS: wl0.0 (5GHz): Encryption Key Renewing

Jan 10 18:54:07 fl1-111-169-156-137.tky.mesh.ad.jp [50: C4:DD:0F:4D:E0 AP50C4DD0F4DE0] WIRELESS: wl1.0 (2.4GHz): DisAssociated User - f8:95:ea:df:ee:b0

Jan 10 18:54:08 fl1-111-169-156-137.tky.mesh.ad.jp [50: C4:DD:0F:4D:E0 AP50C4DD0F4DE0] WIRELESS: wl1.0 (2.4GHz): DisAssociated User - a8:7d:12:c9:d7:d1

Jan 10 18:59:32 fl1-111-169-156-137.tky.mesh.ad.jp [50: C4:DD:0F:4D:E0 AP50C4DD0F4DE0] WIRELESS: wl1 (2.4GHz): Detect interference(60per) [with Non-802.11] on channel 11.

Jan 10 19:45:15 fl1-111-169-156-137.tky.mesh.ad.jp [50: C4:DD:0F:4D:E0 AP50C4DD0F4DE0] WIRELESS: wl1.0 (2.4GHz): Encryption Key Renewing

Jan 10 19:45:30 fl1-111-169-156-137.tky.mesh.ad.jp [50: C4:DD:0F:4D:E0 AP50C4DD0F4DE0] WIRELESS: wl0.0 (5GHz): Encryption Key Renewing

Jan 10 20:45:15 fl1-111-169-156-137.tky.mesh.ad.jp [50: C4:DD:0F:4D:E0 AP50C4DD0F4DE0] WIRELESS: wl1.0 (2.4GHz): Encryption Key Renewing

Jan 10 20:45:30 fl1-111-169-156-137.tky.mesh.ad.jp [50: C4:DD:0F:4D:E0 AP50C4DD0F4DE0] WIRELESS: wl0.0 (5GHz): Encryption Key Renewing

Jan 10 20:48:35 fl1-111-169-156-137.tky.mesh.ad.jp [50: C4:DD:0F:4D:E0 AP50C4DD0F4DE0] WIRELESS: wl0.0 (5GHz): Associated User - 34:ab:37:80:3c:8d

Jan 10 20:48:35 fl1-111-169-156-137.tky.mesh.ad.jp [50: C4:DD:0F:4D:E0 AP50C4DD0F4DE0] AUTH: wl0.0 (5GHz): Authenticated (WPA2-PSK) User - 34:ab:37:80:3c:8d

Jan 10 20:50:11 fl1-111-169-156-137.tky.mesh.ad.jp [50: C4:DD:0F:4D:E0 AP50C4DD0F4DE0] WIRELESS: wl0.0 (5GHz): DisAssociated User - 34:ab:37:80:3c:8d

Jan 10 21:00:11 fl1-111-169-156-137.tky.mesh.ad.jp [50: C4:DD:0F:4D:E0 AP50C4DD0F4DE0] WIRELESS: wl1.0 (2.4GHz): DisAssociated User - 34:ab:37:80:3c:8d

Jan 10 21:00:11 fl1-111-169-156-137.tky.mesh.ad.jp [50: C4:DD:0F:4D:E0 AP50C4DD0F4DE0] WIRELESS: wl1.0 (2.4GHz): DisAssociated User - 34:ab:37:80:3c:8d

Jan 10 21:00:11 fl1-111-169-156-137.tky.mesh.ad.jp [50: C4:DD:0F:4D:E0 AP50C4DD0F4DE0] WIRELESS: wl1.0 (2.4GHz): Associated User - 34:ab:37:80:3c:8d

Jan 10 21:45:15 fl1-111-169-156-137.tky.mesh.ad.jp [50: C4:DD:0F:4D:E0 AP50C4DD0F4DE0] WIRELESS: wl1.0 (2.4GHz): Encryption Key Renewing

Jan 10 21:45:30 fl1-111-169-156-137.tky.mesh.ad.jp [50: C4:DD:0F:4D:E0 AP50C4DD0F4DE0] WIRELESS: wl0.0 (5GHz): Encryption Key Renewing

Jan 10 22:33:12 fl1-111-169-156-137.tky.mesh.ad.jp [50: C4:DD:0F:4D:E0 AP50C4DD0F4DE0] WIRELESS: wl0.0 (5GHz): Deleting roamed station - 78:88:6d:c3:a3:2c

Jan 10 22:33:12 fl1-111-169-156-137.tky.mesh.ad.jp [50: C4:DD:0F:4D:E0 AP50C4DD0F4DE0] WIRELESS: wl1.0 (2.4GHz): Associated User - 78:88:6d:c3:a3:2c

Jan 10 22:33:12 fl1-111-169-156-137.tky.mesh.ad.jp [50: C4:DD:0F:4D:E0 AP50C4DD0F4DE0] AUTH: wl1.0 (2.4GHz): Authenticated (WPA2-PSK) User - 78:88:6d:c3:a3:2c

Jan 10 22:36:17 fl1-111-169-156-137.tky.mesh.ad.jp [50: C4:DD:0F:4D:E0 AP50C4DD0F4DE0] WIRELESS: wl1.0 (2.4GHz): Deleting roamed station - 78:88:6d:c3:a3:2c

Jan 10 22:36:17 fl1-111-169-156-137.tky.mesh.ad.jp [50: C4:DD:0F:4D:E0 AP50C4DD0F4DE0] WIRELESS: wl0.0 (5GHz): Associated User - 78:88:6d:c3:a3:2c

Jan 10 22:36:17 fl1-111-169-156-137.tky.mesh.ad.jp [50: C4:DD:0F:4D:E0 AP50C4DD0F4DE0] AUTH: wl0.0 (5GHz): Authenticated (WPA2-PSK) User - 78:88:6d:c3:a3:2c

Jan 10 22:45:15 fl1-111-169-156-137.tky.mesh.ad.jp [50: C4:DD:0F:4D:E0 AP50C4DD0F4DE0] WIRELESS: wl1.0 (2.4GHz): Encryption Key Renewing

Jan 10 22:45:30 fl1-111-169-156-137.tky.mesh.ad.jp [50: C4:DD:0F:4D:E0 AP50C4DD0F4DE0] WIRELESS: wl0.0 (5GHz): Encryption Key Renewing

Jan 10 23:18:01 fl1-111-169-156-137.tky.mesh.ad.jp [50: C4:DD:0F:4D:E0 AP50C4DD0F4DE0] WIRELESS: wl1.0 (2.4GHz): Associated User - 78:88:6d:c3:a3:2c

Jan 10 23:18:01 fl1-111-169-156-137.tky.mesh.ad.jp [50: C4:DD:0F:4D:E0 AP50C4DD0F4DE0] WIRELESS: wl0.0 (5GHz): Deleting roamed station - 78:88:6d:c3:a3:2c

Jan 10 23:18:01 fl1-111-169-156-137.tky.mesh.ad.jp [50: C4:DD:0F:4D:E0 AP50C4DD0F4DE0] AUTH: wl1.0 (2.4GHz): Authenticated (WPA2-PSK) User - 78:88:6d:c3:a3:2c

Jan 10 23:21:06 fl1-111-169-156-137.tky.mesh.ad.jp [50: C4:DD:0F:4D:E0 AP50C4DD0F4DE0] WIRELESS: wl0.0 (5GHz): Associated User - 78:88:6d:c3:a3:2c

Jan 10 23:21:06 fl1-111-169-156-137.tky.mesh.ad.jp [50: C4:DD:0F:4D:E0 AP50C4DD0F4DE0] WIRELESS: wl1.0 (2.4GHz): Deleting roamed station - 78:88:6d:c3:a3:2c

Jan 10 23:21:06 fl1-111-169-156-137.tky.mesh.ad.jp [50: C4:DD:0F:4D:E0 AP50C4DD0F4DE0] AUTH: wl0.0 (5GHz): Authenticated (WPA2-PSK) User - 78:88:6d:c3:a3:2c

Jan 10 23:30:46 fl1-111-169-156-137.tky.mesh.ad.jp [50: C4:DD:0F:4D:E0 AP50C4DD0F4DE0] AUTH: wl1.0 (2.4GHz): Authenticated (WPA2-PSK) User - 78:88:6d:c3:a3:2c

Jan 10 23:30:46 fl1-111-169-156-137.tky.mesh.ad.jp [50: C4:DD:0F:4D:E0 AP50C4DD0F4DE0] WIRELESS: wl0.0 (5GHz): Deleting roamed station - 78:88:6d:c3:a3:2c

Jan 10 23:30:46 fl1-111-169-156-137.tky.mesh.ad.jp [50: C4:DD:0F:4D:E0 AP50C4DD0F4DE0] WIRELESS: wl1.0 (2.4GHz): Associated User - 78:88:6d:c3:a3:2c

Jan 10 23:43:12 fl1-111-169-156-137.tky.mesh.ad.jp [50: C4:DD:0F:4D:E0 AP50C4DD0F4DE0] WIRELESS: wl1.0 (2.4GHz): Deleting roamed station - 78:88:6d:c3:a3:2c

Jan 10 23:43:12 fl1-111-169-156-137.tky.mesh.ad.jp [50: C4:DD:0F:4D:E0 AP50C4DD0F4DE0] WIRELESS: wl0.0 (5GHz): Associated User - 78:88:6d:c3:a3:2c

Jan 10 23:43:12 fl1-111-169-156-137.tky.mesh.ad.jp [50: C4:DD:0F:4D:E0 AP50C4DD0F4DE0] AUTH: wl0.0 (5GHz): Authenticated (WPA2-PSK) User - 78:88:6d:c3:a3:2c

Jan 10 23:45:09 fl1-111-169-156-137.tky.mesh.ad.jp [50: C4:DD:0F:4D:E0 AP50C4DD0F4DE0] WIRELESS: wl1.0 (2.4GHz): Associated User - 78:88:6d:c3:a3:2c

Jan 10 23:45:09 fl1-111-169-156-137.tky.mesh.ad.jp [50: C4:DD:0F:4D:E0 AP50C4DD0F4DE0] WIRELESS: wl0.0 (5GHz): Deleting roamed station - 78:88:6d:c3:a3:2c

Jan 10 23:45:09 fl1-111-169-156-137.tky.mesh.ad.jp [50: C4:DD:0F:4D:E0 AP50C4DD0F4DE0] AUTH: wl1.0 (2.4GHz): Authenticated (WPA2-PSK) User - 78:88:6d:c3:a3:2c

Jan 10 23:45:15 fl1-111-169-156-137.tky.mesh.ad.jp [50: C4:DD:0F:4D:E0 AP50C4DD0F4DE0] WIRELESS: wl1.0 (2.4GHz): Encryption Key Renewing

Jan 10 23:45:30 fl1-111-169-156-137.tky.mesh.ad.jp [50: C4:DD:0F:4D:E0 AP50C4DD0F4DE0] WIRELESS: wl0.0 (5GHz): Encryption Key Renewing

Jan 10 23:48:14 fl1-111-169-156-137.tky.mesh.ad.jp [50: C4:DD:0F:4D:E0 AP50C4DD0F4DE0] WIRELESS: wl1.0 (2.4GHz): Deleting roamed station - 78:88:6d:c3:a3:2c

Jan 10 23:48:14 fl1-111-169-156-137.tky.mesh.ad.jp [50: C4:DD:0F:4D:E0 AP50C4DD0F4DE0] AUTH: wl0.0 (5GHz): Authenticated (WPA2-PSK) User - 78:88:6d:c3:a3:2c

Jan 10 23:48:14 fl1-111-169-156-137.tky.mesh.ad.jp [50: C4:DD:0F:4D:E0 AP50C4DD0F4DE0] WIRELESS: wl0.0 (5GHz): Associated User - 78:88:6d:c3:a3:2c

Jan 10 23:50:28 fl1-111-169-156-137.tky.mesh.ad.jp [50: C4:DD:0F:4D:E0 AP50C4DD0F4DE0] WIRELESS: wl0.0 (5GHz): Deleting roamed station - 78:88:6d:c3:a3:2c

Jan 10 23:50:28 fl1-111-169-156-137.tky.mesh.ad.jp [50: C4:DD:0F:4D:E0 AP50C4DD0F4DE0] WIRELESS: wl1.0 (2.4GHz): Associated User - 78:88:6d:c3:a3:2c

Jan 10 23:50:28 fl1-111-169-156-137.tky.mesh.ad.jp [50: C4:DD:0F:4D:E0 AP50C4DD0F4DE0] AUTH: wl1.0 (2.4GHz): Authenticated (WPA2-PSK) User - 78:88:6d:c3:a3:2c

Jan 10 23:53:33 fl1-111-169-156-137.tky.mesh.ad.jp [50: C4:DD:0F:4D:E0 AP50C4DD0F4DE0] WIRELESS: wl1.0 (2.4GHz): Deleting roamed station - 78:88:6d:c3:a3:2c

Jan 10 23:53:33 fl1-111-169-156-137.tky.mesh.ad.jp [50: C4:DD:0F:4D:E0 AP50C4DD0F4DE0] AUTH: wl0.0 (5GHz): Authenticated (WPA2-PSK) User - 78:88:6d:c3:a3:2c

Jan 10 23:53:33 fl1-111-169-156-137.tky.mesh.ad.jp [50: C4:DD:0F:4D:E0 AP50C4DD0F4DE0] WIRELESS: wl0.0 (5GHz): Associated User - 78:88:6d:c3:a3:2c

Jan 10 23:53:41 fl1-111-169-156-137.tky.mesh.ad.jp [50: C4:DD:0F:4D:E0 AP50C4DD0F4DE0] WIRELESS: wl0.0 (5GHz): Deleting roamed station - 78:88:6d:c3:a3:2c

Jan 10 23:53:41 fl1-111-169-156-137.tky.mesh.ad.jp [50: C4:DD:0F:4D:E0 AP50C4DD0F4DE0] WIRELESS: wl1.0 (2.4GHz): Associated User - 78:88:6d:c3:a3:2c

Jan 10 23:53:41 fl1-111-169-156-137.tky.mesh.ad.jp [50: C4:DD:0F:4D:E0 AP50C4DD0F4DE0] AUTH: wl1.0 (2.4GHz): Authenticated (WPA2-PSK) User - 78:88:6d:c3:a3:2c

Jan 10 23:56:46 fl1-111-169-156-137.tky.mesh.ad.jp [50: C4:DD:0F:4D:E0 AP50C4DD0F4DE0] WIRELESS: wl1.0 (2.4GHz): Deleting roamed station - 78:88:6d:c3:a3:2c

Jan 10 23:56:46 fl1-111-169-156-137.tky.mesh.ad.jp [50: C4:DD:0F:4D:E0 AP50C4DD0F4DE0] WIRELESS: wl0.0 (5GHz): Associated User - 78:88:6d:c3:a3:2c

Jan 10 23:56:46 fl1-111-169-156-137.tky.mesh.ad.jp [50: C4:DD:0F:4D:E0 AP50C4DD0F4DE0] AUTH: wl0.0 (5GHz): Authenticated (WPA2-PSK) User - 78:88:6d:c3:a3:2c

Jan 10 23:59:11 fl1-111-169-156-137.tky.mesh.ad.jp [50: C4:DD:0F:4D:E0 AP50C4DD0F4DE0] WIRELESS: wl0.0 (5GHz): Deleting roamed station - 78:88:6d:c3:a3:2c

Jan 10 23:59:11 fl1-111-169-156-137.tky.mesh.ad.jp [50: C4:DD:0F:4D:E0 AP50C4DD0F4DE0] WIRELESS: wl1.0 (2.4GHz): Associated User - 78:88:6d:c3:a3:2c

Jan 10 23:59:11 fl1-111-169-156-137.tky.mesh.ad.jp [50: C4:DD:0F:4D:E0 AP50C4DD0F4DE0] AUTH: wl1.0 (2.4GHz): Authenticated (WPA2-PSK) User - 78:88:6d:c3:a3:2c

