Jan  8 06:25:13 fl1-111-169-156-137.tky.mesh.ad.jp [50: C4:DD:0F:4D:E0 AP50C4DD0F4DE0] WIRELESS: wl1.0 (2.4GHz): Associated User - 78:88:6d:c3:a3:2c

Jan  8 06:25:13 fl1-111-169-156-137.tky.mesh.ad.jp [50: C4:DD:0F:4D:E0 AP50C4DD0F4DE0] WIRELESS: wl0.0 (5GHz): Deleting roamed station - 78:88:6d:c3:a3:2c

Jan  8 06:25:13 fl1-111-169-156-137.tky.mesh.ad.jp [50: C4:DD:0F:4D:E0 AP50C4DD0F4DE0] AUTH: wl1.0 (2.4GHz): Authenticated (WPA2-PSK) User - 78:88:6d:c3:a3:2c

Jan  8 06:36:47 fl1-111-169-156-137.tky.mesh.ad.jp [50: C4:DD:0F:4D:E0 AP50C4DD0F4DE0] WIRELESS: wl0.0 (5GHz): Associated User - 78:88:6d:c3:a3:2c

Jan  8 06:36:47 fl1-111-169-156-137.tky.mesh.ad.jp [50: C4:DD:0F:4D:E0 AP50C4DD0F4DE0] WIRELESS: wl1.0 (2.4GHz): Deleting roamed station - 78:88:6d:c3:a3:2c

Jan  8 06:36:47 fl1-111-169-156-137.tky.mesh.ad.jp [50: C4:DD:0F:4D:E0 AP50C4DD0F4DE0] AUTH: wl0.0 (5GHz): Authenticated (WPA2-PSK) User - 78:88:6d:c3:a3:2c

Jan  8 06:45:15 fl1-111-169-156-137.tky.mesh.ad.jp [50: C4:DD:0F:4D:E0 AP50C4DD0F4DE0] WIRELESS: wl1.0 (2.4GHz): Encryption Key Renewing

Jan  8 06:45:30 fl1-111-169-156-137.tky.mesh.ad.jp [50: C4:DD:0F:4D:E0 AP50C4DD0F4DE0] WIRELESS: wl0.0 (5GHz): Encryption Key Renewing

Jan  8 06:54:59 fl1-111-169-156-137.tky.mesh.ad.jp [50: C4:DD:0F:4D:E0 AP50C4DD0F4DE0] WIRELESS: wl1.0 (2.4GHz): DisAssociated User - 78:88:6d:c3:a3:2c

Jan  8 06:54:59 fl1-111-169-156-137.tky.mesh.ad.jp [50: C4:DD:0F:4D:E0 AP50C4DD0F4DE0] WIRELESS: wl1.0 (2.4GHz): Associated User - 78:88:6d:c3:a3:2c

Jan  8 06:55:29 fl1-111-169-156-137.tky.mesh.ad.jp [50: C4:DD:0F:4D:E0 AP50C4DD0F4DE0] WIRELESS: wl0.0 (5GHz): DisAssociated User - 78:88:6d:c3:a3:2c

Jan  8 06:55:29 fl1-111-169-156-137.tky.mesh.ad.jp [50: C4:DD:0F:4D:E0 AP50C4DD0F4DE0] WIRELESS: wl0.0 (5GHz): Associated User - 78:88:6d:c3:a3:2c

Jan  8 06:55:29 fl1-111-169-156-137.tky.mesh.ad.jp [50: C4:DD:0F:4D:E0 AP50C4DD0F4DE0] AUTH: wl0.0 (5GHz): Authenticated (WPA2-PSK) User - 78:88:6d:c3:a3:2c

Jan  8 06:59:09 fl1-111-169-156-137.tky.mesh.ad.jp [50: C4:DD:0F:4D:E0 AP50C4DD0F4DE0] WIRELESS: wl1.0 (2.4GHz): Associated User - 78:88:6d:c3:a3:2c

Jan  8 06:59:09 fl1-111-169-156-137.tky.mesh.ad.jp [50: C4:DD:0F:4D:E0 AP50C4DD0F4DE0] WIRELESS: wl0.0 (5GHz): Deleting roamed station - 78:88:6d:c3:a3:2c

Jan  8 06:59:09 fl1-111-169-156-137.tky.mesh.ad.jp [50: C4:DD:0F:4D:E0 AP50C4DD0F4DE0] AUTH: wl1.0 (2.4GHz): Authenticated (WPA2-PSK) User - 78:88:6d:c3:a3:2c

Jan  8 07:02:09 fl1-111-169-156-137.tky.mesh.ad.jp [50: C4:DD:0F:4D:E0 AP50C4DD0F4DE0] WIRELESS: wl1.0 (2.4GHz): Deleting roamed station - 78:88:6d:c3:a3:2c

Jan  8 07:02:09 fl1-111-169-156-137.tky.mesh.ad.jp [50: C4:DD:0F:4D:E0 AP50C4DD0F4DE0] WIRELESS: wl0.0 (5GHz): Associated User - 78:88:6d:c3:a3:2c

Jan  8 07:02:09 fl1-111-169-156-137.tky.mesh.ad.jp [50: C4:DD:0F:4D:E0 AP50C4DD0F4DE0] AUTH: wl0.0 (5GHz): Authenticated (WPA2-PSK) User - 78:88:6d:c3:a3:2c

Jan  8 07:42:18 fl1-111-169-156-137.tky.mesh.ad.jp [50: C4:DD:0F:4D:E0 AP50C4DD0F4DE0] WIRELESS: wl1.0 (2.4GHz): Associated User - d4:61:9d:7e:86:aa

Jan  8 07:42:18 fl1-111-169-156-137.tky.mesh.ad.jp [50: C4:DD:0F:4D:E0 AP50C4DD0F4DE0] AUTH: wl1.0 (2.4GHz): Authenticated (WPA2-PSK) User - d4:61:9d:7e:86:aa

Jan  8 07:43:41 fl1-111-169-156-137.tky.mesh.ad.jp [50: C4:DD:0F:4D:E0 AP50C4DD0F4DE0] WIRELESS: wl1.0 (2.4GHz): DisAssociated User - d4:61:9d:7e:86:aa

Jan  8 07:43:41 fl1-111-169-156-137.tky.mesh.ad.jp [50: C4:DD:0F:4D:E0 AP50C4DD0F4DE0] WIRELESS: wl1.0 (2.4GHz): Associated User - d4:61:9d:7e:86:aa

Jan  8 07:43:41 fl1-111-169-156-137.tky.mesh.ad.jp [50: C4:DD:0F:4D:E0 AP50C4DD0F4DE0] AUTH: wl1.0 (2.4GHz): Authenticated (WPA2-PSK) User - d4:61:9d:7e:86:aa

Jan  8 07:44:52 fl1-111-169-156-137.tky.mesh.ad.jp [50: C4:DD:0F:4D:E0 AP50C4DD0F4DE0] WIRELESS: wl1.0 (2.4GHz): DisAssociated User - d4:61:9d:7e:86:aa

Jan  8 07:45:15 fl1-111-169-156-137.tky.mesh.ad.jp [50: C4:DD:0F:4D:E0 AP50C4DD0F4DE0] WIRELESS: wl1.0 (2.4GHz): Encryption Key Renewing

Jan  8 07:45:30 fl1-111-169-156-137.tky.mesh.ad.jp [50: C4:DD:0F:4D:E0 AP50C4DD0F4DE0] WIRELESS: wl0.0 (5GHz): Encryption Key Renewing

Jan  8 07:58:37 fl1-111-169-156-137.tky.mesh.ad.jp [50: C4:DD:0F:4D:E0 AP50C4DD0F4DE0] WIRELESS: wl1.0 (2.4GHz): Associated User - cc:08:8d:72:12:a1

Jan  8 07:58:41 fl1-111-169-156-137.tky.mesh.ad.jp [50: C4:DD:0F:4D:E0 AP50C4DD0F4DE0] WIRELESS: wl1.0 (2.4GHz): DisAssociated User - cc:08:8d:72:12:a1

Jan  8 07:58:59 fl1-111-169-156-137.tky.mesh.ad.jp [50: C4:DD:0F:4D:E0 AP50C4DD0F4DE0] WIRELESS: wl1.0 (2.4GHz): Associated User - cc:08:8d:72:12:a1

Jan  8 07:58:59 fl1-111-169-156-137.tky.mesh.ad.jp [50: C4:DD:0F:4D:E0 AP50C4DD0F4DE0] AUTH: wl1.0 (2.4GHz): Authenticated (WPA2-PSK) User - cc:08:8d:72:12:a1

Jan  8 07:59:07 fl1-111-169-156-137.tky.mesh.ad.jp [50: C4:DD:0F:4D:E0 AP50C4DD0F4DE0] WIRELESS: wl1.0 (2.4GHz): Associated User - 3c:2e:f9:b5:9f:26

Jan  8 07:59:07 fl1-111-169-156-137.tky.mesh.ad.jp [50: C4:DD:0F:4D:E0 AP50C4DD0F4DE0] AUTH: wl1.0 (2.4GHz): Authenticated (WPA2-PSK) User - 3c:2e:f9:b5:9f:26

Jan  8 08:00:09 fl1-111-169-156-137.tky.mesh.ad.jp [50: C4:DD:0F:4D:E0 AP50C4DD0F4DE0] WIRELESS: wl1.0 (2.4GHz): DisAssociated User - 3c:2e:f9:b5:9f:26

Jan  8 08:01:56 fl1-111-169-156-137.tky.mesh.ad.jp [50: C4:DD:0F:4D:E0 AP50C4DD0F4DE0] WIRELESS: wl1.0 (2.4GHz): DisAssociated User - cc:08:8d:72:12:a1

Jan  8 08:25:27 fl1-111-169-156-137.tky.mesh.ad.jp [50: C4:DD:0F:4D:E0 AP50C4DD0F4DE0] WIRELESS: wl0.0 (5GHz): Associated User - cc:08:8d:72:12:a1

Jan  8 08:25:27 fl1-111-169-156-137.tky.mesh.ad.jp [50: C4:DD:0F:4D:E0 AP50C4DD0F4DE0] AUTH: wl0.0 (5GHz): Authenticated (WPA2-PSK) User - cc:08:8d:72:12:a1

Jan  8 08:26:37 fl1-111-169-156-137.tky.mesh.ad.jp [50: C4:DD:0F:4D:E0 AP50C4DD0F4DE0] WIRELESS: wl0.0 (5GHz): DisAssociated User - cc:08:8d:72:12:a1

Jan  8 08:28:09 fl1-111-169-156-137.tky.mesh.ad.jp [50: C4:DD:0F:4D:E0 AP50C4DD0F4DE0] WIRELESS: wl0.0 (5GHz): Associated User - a8:7d:12:c9:d7:d1

Jan  8 08:28:09 fl1-111-169-156-137.tky.mesh.ad.jp [50: C4:DD:0F:4D:E0 AP50C4DD0F4DE0] AUTH: wl0.0 (5GHz): Authenticated (WPA2-PSK) User - a8:7d:12:c9:d7:d1

Jan  8 08:29:02 fl1-111-169-156-137.tky.mesh.ad.jp [50: C4:DD:0F:4D:E0 AP50C4DD0F4DE0] WIRELESS: wl0.0 (5GHz): DisAssociated User - a8:7d:12:c9:d7:d1

Jan  8 08:43:57 fl1-111-169-156-137.tky.mesh.ad.jp [50: C4:DD:0F:4D:E0 AP50C4DD0F4DE0] WIRELESS: wl1.0 (2.4GHz): Associated User - 78:88:6d:c3:a3:2c

Jan  8 08:43:57 fl1-111-169-156-137.tky.mesh.ad.jp [50: C4:DD:0F:4D:E0 AP50C4DD0F4DE0] AUTH: wl1.0 (2.4GHz): Authenticated (WPA2-PSK) User - 78:88:6d:c3:a3:2c

Jan  8 08:43:57 fl1-111-169-156-137.tky.mesh.ad.jp [50: C4:DD:0F:4D:E0 AP50C4DD0F4DE0] WIRELESS: wl0.0 (5GHz): Deleting roamed station - 78:88:6d:c3:a3:2c

Jan  8 08:44:07 fl1-111-169-156-137.tky.mesh.ad.jp [50: C4:DD:0F:4D:E0 AP50C4DD0F4DE0] WIRELESS: wl1.0 (2.4GHz): Associated User - f0:9f:fc:84:82:b3

Jan  8 08:44:07 fl1-111-169-156-137.tky.mesh.ad.jp [50: C4:DD:0F:4D:E0 AP50C4DD0F4DE0] AUTH: wl1.0 (2.4GHz): Authenticated (WPA2-PSK) User - f0:9f:fc:84:82:b3

Jan  8 08:44:19 fl1-111-169-156-137.tky.mesh.ad.jp [50: C4:DD:0F:4D:E0 AP50C4DD0F4DE0] WIRELESS: wl1.0 (2.4GHz): Deleting roamed station - 78:88:6d:c3:a3:2c

Jan  8 08:44:19 fl1-111-169-156-137.tky.mesh.ad.jp [50: C4:DD:0F:4D:E0 AP50C4DD0F4DE0] WIRELESS: wl0.0 (5GHz): Associated User - 78:88:6d:c3:a3:2c

Jan  8 08:44:19 fl1-111-169-156-137.tky.mesh.ad.jp [50: C4:DD:0F:4D:E0 AP50C4DD0F4DE0] AUTH: wl0.0 (5GHz): Authenticated (WPA2-PSK) User - 78:88:6d:c3:a3:2c

Jan  8 08:45:11 fl1-111-169-156-137.tky.mesh.ad.jp [50: C4:DD:0F:4D:E0 AP50C4DD0F4DE0] WIRELESS: wl1.0 (2.4GHz): DisAssociated User - f0:9f:fc:84:82:b3

Jan  8 08:45:15 fl1-111-169-156-137.tky.mesh.ad.jp [50: C4:DD:0F:4D:E0 AP50C4DD0F4DE0] WIRELESS: wl1.0 (2.4GHz): Encryption Key Renewing

Jan  8 08:45:30 fl1-111-169-156-137.tky.mesh.ad.jp [50: C4:DD:0F:4D:E0 AP50C4DD0F4DE0] WIRELESS: wl0.0 (5GHz): Encryption Key Renewing

Jan  8 08:45:34 fl1-111-169-156-137.tky.mesh.ad.jp [50: C4:DD:0F:4D:E0 AP50C4DD0F4DE0] WIRELESS: wl0.0 (5GHz): Deleting roamed station - 78:88:6d:c3:a3:2c

Jan  8 08:45:34 fl1-111-169-156-137.tky.mesh.ad.jp [50: C4:DD:0F:4D:E0 AP50C4DD0F4DE0] WIRELESS: wl1.0 (2.4GHz): Associated User - 78:88:6d:c3:a3:2c

Jan  8 08:45:34 fl1-111-169-156-137.tky.mesh.ad.jp [50: C4:DD:0F:4D:E0 AP50C4DD0F4DE0] AUTH: wl1.0 (2.4GHz): Authenticated (WPA2-PSK) User - 78:88:6d:c3:a3:2c

Jan  8 08:45:49 fl1-111-169-156-137.tky.mesh.ad.jp [50: C4:DD:0F:4D:E0 AP50C4DD0F4DE0] WIRELESS: wl0.0 (5GHz): Associated User - 78:88:6d:c3:a3:2c

Jan  8 08:45:49 fl1-111-169-156-137.tky.mesh.ad.jp [50: C4:DD:0F:4D:E0 AP50C4DD0F4DE0] WIRELESS: wl1.0 (2.4GHz): Deleting roamed station - 78:88:6d:c3:a3:2c

Jan  8 08:45:49 fl1-111-169-156-137.tky.mesh.ad.jp [50: C4:DD:0F:4D:E0 AP50C4DD0F4DE0] AUTH: wl0.0 (5GHz): Authenticated (WPA2-PSK) User - 78:88:6d:c3:a3:2c

Jan  8 08:46:14 fl1-111-169-156-137.tky.mesh.ad.jp [50: C4:DD:0F:4D:E0 AP50C4DD0F4DE0] WIRELESS: wl1.0 (2.4GHz): Associated User - f0:9f:fc:84:82:b3

Jan  8 08:46:15 fl1-111-169-156-137.tky.mesh.ad.jp [50: C4:DD:0F:4D:E0 AP50C4DD0F4DE0] AUTH: wl1.0 (2.4GHz): Authenticated (WPA2-PSK) User - f0:9f:fc:84:82:b3

Jan  8 08:48:03 fl1-111-169-156-137.tky.mesh.ad.jp [50: C4:DD:0F:4D:E0 AP50C4DD0F4DE0] WIRELESS: wl1.0 (2.4GHz): Associated User - 6c:21:a2:c2:62:be

Jan  8 08:48:04 fl1-111-169-156-137.tky.mesh.ad.jp [50: C4:DD:0F:4D:E0 AP50C4DD0F4DE0] AUTH: wl1.0 (2.4GHz): Authenticated (WPA2-PSK) User - 6c:21:a2:c2:62:be

Jan  8 08:48:11 fl1-111-169-156-137.tky.mesh.ad.jp [50: C4:DD:0F:4D:E0 AP50C4DD0F4DE0] WIRELESS: wl1.0 (2.4GHz): DisAssociated User - 6c:21:a2:c2:62:be

Jan  8 08:49:13 fl1-111-169-156-137.tky.mesh.ad.jp [50: C4:DD:0F:4D:E0 AP50C4DD0F4DE0] WIRELESS: wl0.0 (5GHz): Deleting roamed station - 78:88:6d:c3:a3:2c

Jan  8 08:49:13 fl1-111-169-156-137.tky.mesh.ad.jp [50: C4:DD:0F:4D:E0 AP50C4DD0F4DE0] WIRELESS: wl1.0 (2.4GHz): Associated User - 78:88:6d:c3:a3:2c

Jan  8 08:49:13 fl1-111-169-156-137.tky.mesh.ad.jp [50: C4:DD:0F:4D:E0 AP50C4DD0F4DE0] AUTH: wl1.0 (2.4GHz): Authenticated (WPA2-PSK) User - 78:88:6d:c3:a3:2c

Jan  8 08:49:20 fl1-111-169-156-137.tky.mesh.ad.jp [50: C4:DD:0F:4D:E0 AP50C4DD0F4DE0] WIRELESS: wl1.0 (2.4GHz): DisAssociated User - f0:9f:fc:84:82:b3

Jan  8 08:52:59 fl1-111-169-156-137.tky.mesh.ad.jp [50: C4:DD:0F:4D:E0 AP50C4DD0F4DE0] WIRELESS: wl1.0 (2.4GHz): Deleting roamed station - 78:88:6d:c3:a3:2c

Jan  8 08:52:59 fl1-111-169-156-137.tky.mesh.ad.jp [50: C4:DD:0F:4D:E0 AP50C4DD0F4DE0] WIRELESS: wl0.0 (5GHz): Associated User - 78:88:6d:c3:a3:2c

Jan  8 08:52:59 fl1-111-169-156-137.tky.mesh.ad.jp [50: C4:DD:0F:4D:E0 AP50C4DD0F4DE0] AUTH: wl0.0 (5GHz): Authenticated (WPA2-PSK) User - 78:88:6d:c3:a3:2c

Jan  8 08:53:48 fl1-111-169-156-137.tky.mesh.ad.jp [50: C4:DD:0F:4D:E0 AP50C4DD0F4DE0] WIRELESS: wl1.0 (2.4GHz): DisAssociated User - f0:9f:fc:84:82:b3

Jan  8 08:53:48 fl1-111-169-156-137.tky.mesh.ad.jp [50: C4:DD:0F:4D:E0 AP50C4DD0F4DE0] WIRELESS: wl1.0 (2.4GHz): Associated User - f0:9f:fc:84:82:b3

Jan  8 08:55:22 fl1-111-169-156-137.tky.mesh.ad.jp [50: C4:DD:0F:4D:E0 AP50C4DD0F4DE0] WIRELESS: wl1.0 (2.4GHz): Associated User - 78:88:6d:c3:a3:2c

Jan  8 08:55:22 fl1-111-169-156-137.tky.mesh.ad.jp [50: C4:DD:0F:4D:E0 AP50C4DD0F4DE0] WIRELESS: wl0.0 (5GHz): Deleting roamed station - 78:88:6d:c3:a3:2c

Jan  8 08:55:22 fl1-111-169-156-137.tky.mesh.ad.jp [50: C4:DD:0F:4D:E0 AP50C4DD0F4DE0] AUTH: wl1.0 (2.4GHz): Authenticated (WPA2-PSK) User - 78:88:6d:c3:a3:2c

Jan  8 08:57:24 fl1-111-169-156-137.tky.mesh.ad.jp [50: C4:DD:0F:4D:E0 AP50C4DD0F4DE0] WIRELESS: wl1.0 (2.4GHz): Deleting roamed station - 78:88:6d:c3:a3:2c

Jan  8 08:57:24 fl1-111-169-156-137.tky.mesh.ad.jp [50: C4:DD:0F:4D:E0 AP50C4DD0F4DE0] WIRELESS: wl0.0 (5GHz): Associated User - 78:88:6d:c3:a3:2c

Jan  8 08:57:24 fl1-111-169-156-137.tky.mesh.ad.jp [50: C4:DD:0F:4D:E0 AP50C4DD0F4DE0] AUTH: wl0.0 (5GHz): Authenticated (WPA2-PSK) User - 78:88:6d:c3:a3:2c

Jan  8 09:06:01 fl1-111-169-156-137.tky.mesh.ad.jp [50: C4:DD:0F:4D:E0 AP50C4DD0F4DE0] WIRELESS: wl1.0 (2.4GHz): Associated User - 78:88:6d:c3:a3:2c

Jan  8 09:06:01 fl1-111-169-156-137.tky.mesh.ad.jp [50: C4:DD:0F:4D:E0 AP50C4DD0F4DE0] WIRELESS: wl0.0 (5GHz): Deleting roamed station - 78:88:6d:c3:a3:2c

Jan  8 09:06:01 fl1-111-169-156-137.tky.mesh.ad.jp [50: C4:DD:0F:4D:E0 AP50C4DD0F4DE0] AUTH: wl1.0 (2.4GHz): Authenticated (WPA2-PSK) User - 78:88:6d:c3:a3:2c

Jan  8 09:10:10 fl1-111-169-156-137.tky.mesh.ad.jp [50: C4:DD:0F:4D:E0 AP50C4DD0F4DE0] WIRELESS: wl1.0 (2.4GHz): Deleting roamed station - 78:88:6d:c3:a3:2c

Jan  8 09:10:10 fl1-111-169-156-137.tky.mesh.ad.jp [50: C4:DD:0F:4D:E0 AP50C4DD0F4DE0] WIRELESS: wl0.0 (5GHz): Associated User - 78:88:6d:c3:a3:2c

Jan  8 09:10:10 fl1-111-169-156-137.tky.mesh.ad.jp [50: C4:DD:0F:4D:E0 AP50C4DD0F4DE0] AUTH: wl0.0 (5GHz): Authenticated (WPA2-PSK) User - 78:88:6d:c3:a3:2c

Jan  8 09:45:15 fl1-111-169-156-137.tky.mesh.ad.jp [50: C4:DD:0F:4D:E0 AP50C4DD0F4DE0] WIRELESS: wl1.0 (2.4GHz): Encryption Key Renewing

Jan  8 09:45:30 fl1-111-169-156-137.tky.mesh.ad.jp [50: C4:DD:0F:4D:E0 AP50C4DD0F4DE0] WIRELESS: wl0.0 (5GHz): Encryption Key Renewing

Jan  8 09:48:43 fl1-111-169-156-137.tky.mesh.ad.jp [50: C4:DD:0F:4D:E0 AP50C4DD0F4DE0] WIRELESS: wl1.0 (2.4GHz): Associated User - 78:88:6d:c3:a3:2c

Jan  8 09:48:43 fl1-111-169-156-137.tky.mesh.ad.jp [50: C4:DD:0F:4D:E0 AP50C4DD0F4DE0] WIRELESS: wl0.0 (5GHz): Deleting roamed station - 78:88:6d:c3:a3:2c

Jan  8 09:48:43 fl1-111-169-156-137.tky.mesh.ad.jp [50: C4:DD:0F:4D:E0 AP50C4DD0F4DE0] AUTH: wl1.0 (2.4GHz): Authenticated (WPA2-PSK) User - 78:88:6d:c3:a3:2c

Jan  8 09:49:05 fl1-111-169-156-137.tky.mesh.ad.jp [50: C4:DD:0F:4D:E0 AP50C4DD0F4DE0] WIRELESS: wl1.0 (2.4GHz): Deleting roamed station - 78:88:6d:c3:a3:2c

Jan  8 09:49:05 fl1-111-169-156-137.tky.mesh.ad.jp [50: C4:DD:0F:4D:E0 AP50C4DD0F4DE0] WIRELESS: wl0.0 (5GHz): Associated User - 78:88:6d:c3:a3:2c

Jan  8 09:49:05 fl1-111-169-156-137.tky.mesh.ad.jp [50: C4:DD:0F:4D:E0 AP50C4DD0F4DE0] AUTH: wl0.0 (5GHz): Authenticated (WPA2-PSK) User - 78:88:6d:c3:a3:2c

Jan  8 10:03:57 fl1-111-169-156-137.tky.mesh.ad.jp [50: C4:DD:0F:4D:E0 AP50C4DD0F4DE0] AUTH: wl1.0 (2.4GHz): Authenticated (WPA2-PSK) User - 78:88:6d:c3:a3:2c

Jan  8 10:03:57 fl1-111-169-156-137.tky.mesh.ad.jp [50: C4:DD:0F:4D:E0 AP50C4DD0F4DE0] WIRELESS: wl0.0 (5GHz): Deleting roamed station - 78:88:6d:c3:a3:2c

Jan  8 10:03:57 fl1-111-169-156-137.tky.mesh.ad.jp [50: C4:DD:0F:4D:E0 AP50C4DD0F4DE0] WIRELESS: wl1.0 (2.4GHz): Associated User - 78:88:6d:c3:a3:2c

Jan  8 10:04:49 fl1-111-169-156-137.tky.mesh.ad.jp [50: C4:DD:0F:4D:E0 AP50C4DD0F4DE0] WIRELESS: wl1.0 (2.4GHz): Deleting roamed station - 78:88:6d:c3:a3:2c

Jan  8 10:04:49 fl1-111-169-156-137.tky.mesh.ad.jp [50: C4:DD:0F:4D:E0 AP50C4DD0F4DE0] WIRELESS: wl0.0 (5GHz): Associated User - 78:88:6d:c3:a3:2c

Jan  8 10:04:49 fl1-111-169-156-137.tky.mesh.ad.jp [50: C4:DD:0F:4D:E0 AP50C4DD0F4DE0] AUTH: wl0.0 (5GHz): Authenticated (WPA2-PSK) User - 78:88:6d:c3:a3:2c

Jan  8 10:06:31 fl1-111-169-156-137.tky.mesh.ad.jp [50: C4:DD:0F:4D:E0 AP50C4DD0F4DE0] WIRELESS: wl1.0 (2.4GHz): Associated User - d4:61:9d:7e:86:aa

Jan  8 10:06:31 fl1-111-169-156-137.tky.mesh.ad.jp [50: C4:DD:0F:4D:E0 AP50C4DD0F4DE0] AUTH: wl1.0 (2.4GHz): Authenticated (WPA2-PSK) User - d4:61:9d:7e:86:aa

Jan  8 10:07:35 fl1-111-169-156-137.tky.mesh.ad.jp [50: C4:DD:0F:4D:E0 AP50C4DD0F4DE0] WIRELESS: wl1.0 (2.4GHz): DisAssociated User - d4:61:9d:7e:86:aa

Jan  8 10:17:40 fl1-111-169-156-137.tky.mesh.ad.jp [50: C4:DD:0F:4D:E0 AP50C4DD0F4DE0] WIRELESS: wl0.0 (5GHz): Deleting roamed station - 78:88:6d:c3:a3:2c

Jan  8 10:17:40 fl1-111-169-156-137.tky.mesh.ad.jp [50: C4:DD:0F:4D:E0 AP50C4DD0F4DE0] AUTH: wl1.0 (2.4GHz): Authenticated (WPA2-PSK) User - 78:88:6d:c3:a3:2c

Jan  8 10:17:40 fl1-111-169-156-137.tky.mesh.ad.jp [50: C4:DD:0F:4D:E0 AP50C4DD0F4DE0] WIRELESS: wl1.0 (2.4GHz): Associated User - 78:88:6d:c3:a3:2c

Jan  8 10:23:43 fl1-111-169-156-137.tky.mesh.ad.jp [50: C4:DD:0F:4D:E0 AP50C4DD0F4DE0] WIRELESS: wl1.0 (2.4GHz): Deleting roamed station - 78:88:6d:c3:a3:2c

Jan  8 10:23:43 fl1-111-169-156-137.tky.mesh.ad.jp [50: C4:DD:0F:4D:E0 AP50C4DD0F4DE0] WIRELESS: wl0.0 (5GHz): Associated User - 78:88:6d:c3:a3:2c

Jan  8 10:23:43 fl1-111-169-156-137.tky.mesh.ad.jp [50: C4:DD:0F:4D:E0 AP50C4DD0F4DE0] AUTH: wl0.0 (5GHz): Authenticated (WPA2-PSK) User - 78:88:6d:c3:a3:2c

Jan  8 10:27:33 fl1-111-169-156-137.tky.mesh.ad.jp [50: C4:DD:0F:4D:E0 AP50C4DD0F4DE0] WIRELESS: wl1.0 (2.4GHz): Associated User - d4:61:9d:7e:86:aa

Jan  8 10:27:33 fl1-111-169-156-137.tky.mesh.ad.jp [50: C4:DD:0F:4D:E0 AP50C4DD0F4DE0] AUTH: wl1.0 (2.4GHz): Authenticated (WPA2-PSK) User - d4:61:9d:7e:86:aa

Jan  8 10:28:03 fl1-111-169-156-137.tky.mesh.ad.jp [50: C4:DD:0F:4D:E0 AP50C4DD0F4DE0] WIRELESS: wl1.0 (2.4GHz): Deleting roamed station - d4:61:9d:7e:86:aa

Jan  8 10:32:25 fl1-111-169-156-137.tky.mesh.ad.jp [50: C4:DD:0F:4D:E0 AP50C4DD0F4DE0] WIRELESS: wl0.0 (5GHz): Deleting roamed station - 78:88:6d:c3:a3:2c

Jan  8 10:32:25 fl1-111-169-156-137.tky.mesh.ad.jp [50: C4:DD:0F:4D:E0 AP50C4DD0F4DE0] WIRELESS: wl1.0 (2.4GHz): Associated User - 78:88:6d:c3:a3:2c

Jan  8 10:32:25 fl1-111-169-156-137.tky.mesh.ad.jp [50: C4:DD:0F:4D:E0 AP50C4DD0F4DE0] AUTH: wl1.0 (2.4GHz): Authenticated (WPA2-PSK) User - 78:88:6d:c3:a3:2c

Jan  8 10:35:29 fl1-111-169-156-137.tky.mesh.ad.jp [50: C4:DD:0F:4D:E0 AP50C4DD0F4DE0] WIRELESS: wl0.0 (5GHz): Associated User - 78:88:6d:c3:a3:2c

Jan  8 10:35:29 fl1-111-169-156-137.tky.mesh.ad.jp [50: C4:DD:0F:4D:E0 AP50C4DD0F4DE0] WIRELESS: wl1.0 (2.4GHz): Deleting roamed station - 78:88:6d:c3:a3:2c

Jan  8 10:35:29 fl1-111-169-156-137.tky.mesh.ad.jp [50: C4:DD:0F:4D:E0 AP50C4DD0F4DE0] AUTH: wl0.0 (5GHz): Authenticated (WPA2-PSK) User - 78:88:6d:c3:a3:2c

Jan  8 10:41:18 fl1-111-169-156-137.tky.mesh.ad.jp [50: C4:DD:0F:4D:E0 AP50C4DD0F4DE0] WIRELESS: wl1.0 (2.4GHz): Associated User - 78:88:6d:c3:a3:2c

Jan  8 10:41:18 fl1-111-169-156-137.tky.mesh.ad.jp [50: C4:DD:0F:4D:E0 AP50C4DD0F4DE0] WIRELESS: wl0.0 (5GHz): Deleting roamed station - 78:88:6d:c3:a3:2c

Jan  8 10:41:18 fl1-111-169-156-137.tky.mesh.ad.jp [50: C4:DD:0F:4D:E0 AP50C4DD0F4DE0] AUTH: wl1.0 (2.4GHz): Authenticated (WPA2-PSK) User - 78:88:6d:c3:a3:2c

Jan  8 10:44:22 fl1-111-169-156-137.tky.mesh.ad.jp [50: C4:DD:0F:4D:E0 AP50C4DD0F4DE0] WIRELESS: wl1.0 (2.4GHz): Deleting roamed station - 78:88:6d:c3:a3:2c

Jan  8 10:44:22 fl1-111-169-156-137.tky.mesh.ad.jp [50: C4:DD:0F:4D:E0 AP50C4DD0F4DE0] WIRELESS: wl0.0 (5GHz): Associated User - 78:88:6d:c3:a3:2c

Jan  8 10:44:22 fl1-111-169-156-137.tky.mesh.ad.jp [50: C4:DD:0F:4D:E0 AP50C4DD0F4DE0] AUTH: wl0.0 (5GHz): Authenticated (WPA2-PSK) User - 78:88:6d:c3:a3:2c

Jan  8 10:45:15 fl1-111-169-156-137.tky.mesh.ad.jp [50: C4:DD:0F:4D:E0 AP50C4DD0F4DE0] WIRELESS: wl1.0 (2.4GHz): Encryption Key Renewing

Jan  8 10:45:25 fl1-111-169-156-137.tky.mesh.ad.jp [50: C4:DD:0F:4D:E0 AP50C4DD0F4DE0] WIRELESS: wl1.0 (2.4GHz): Encryption Key Renewing failed for User - d4:61:9d:7e:86:aa

Jan  8 10:45:30 fl1-111-169-156-137.tky.mesh.ad.jp [50: C4:DD:0F:4D:E0 AP50C4DD0F4DE0] WIRELESS: wl0.0 (5GHz): Encryption Key Renewing

Jan  8 10:49:42 fl1-111-169-156-137.tky.mesh.ad.jp [50: C4:DD:0F:4D:E0 AP50C4DD0F4DE0] WIRELESS: wl0.0 (5GHz): Deleting roamed station - 78:88:6d:c3:a3:2c

Jan  8 10:49:42 fl1-111-169-156-137.tky.mesh.ad.jp [50: C4:DD:0F:4D:E0 AP50C4DD0F4DE0] WIRELESS: wl1.0 (2.4GHz): Associated User - 78:88:6d:c3:a3:2c

Jan  8 10:49:42 fl1-111-169-156-137.tky.mesh.ad.jp [50: C4:DD:0F:4D:E0 AP50C4DD0F4DE0] AUTH: wl1.0 (2.4GHz): Authenticated (WPA2-PSK) User - 78:88:6d:c3:a3:2c

Jan  8 10:49:50 fl1-111-169-156-137.tky.mesh.ad.jp [50: C4:DD:0F:4D:E0 AP50C4DD0F4DE0] WIRELESS: wl0.0 (5GHz): Associated User - 78:88:6d:c3:a3:2c

Jan  8 10:49:50 fl1-111-169-156-137.tky.mesh.ad.jp [50: C4:DD:0F:4D:E0 AP50C4DD0F4DE0] WIRELESS: wl1.0 (2.4GHz): Deleting roamed station - 78:88:6d:c3:a3:2c

Jan  8 10:49:50 fl1-111-169-156-137.tky.mesh.ad.jp [50: C4:DD:0F:4D:E0 AP50C4DD0F4DE0] AUTH: wl0.0 (5GHz): Authenticated (WPA2-PSK) User - 78:88:6d:c3:a3:2c

Jan  8 10:52:14 fl1-111-169-156-137.tky.mesh.ad.jp [50: C4:DD:0F:4D:E0 AP50C4DD0F4DE0] WIRELESS: wl1.0 (2.4GHz): Associated User - 78:88:6d:c3:a3:2c

Jan  8 10:52:14 fl1-111-169-156-137.tky.mesh.ad.jp [50: C4:DD:0F:4D:E0 AP50C4DD0F4DE0] WIRELESS: wl0.0 (5GHz): Deleting roamed station - 78:88:6d:c3:a3:2c

Jan  8 10:52:14 fl1-111-169-156-137.tky.mesh.ad.jp [50: C4:DD:0F:4D:E0 AP50C4DD0F4DE0] AUTH: wl1.0 (2.4GHz): Authenticated (WPA2-PSK) User - 78:88:6d:c3:a3:2c

Jan  8 10:53:08 fl1-111-169-156-137.tky.mesh.ad.jp [50: C4:DD:0F:4D:E0 AP50C4DD0F4DE0] WIRELESS: wl1.0 (2.4GHz): Deleting roamed station - 78:88:6d:c3:a3:2c

Jan  8 10:53:08 fl1-111-169-156-137.tky.mesh.ad.jp [50: C4:DD:0F:4D:E0 AP50C4DD0F4DE0] WIRELESS: wl0.0 (5GHz): Associated User - 78:88:6d:c3:a3:2c

Jan  8 10:53:08 fl1-111-169-156-137.tky.mesh.ad.jp [50: C4:DD:0F:4D:E0 AP50C4DD0F4DE0] AUTH: wl0.0 (5GHz): Authenticated (WPA2-PSK) User - 78:88:6d:c3:a3:2c

Jan  8 10:55:00 fl1-111-169-156-137.tky.mesh.ad.jp [50: C4:DD:0F:4D:E0 AP50C4DD0F4DE0] WIRELESS: wl0.0 (5GHz): Deleting roamed station - 78:88:6d:c3:a3:2c

Jan  8 10:55:00 fl1-111-169-156-137.tky.mesh.ad.jp [50: C4:DD:0F:4D:E0 AP50C4DD0F4DE0] WIRELESS: wl1.0 (2.4GHz): Associated User - 78:88:6d:c3:a3:2c

Jan  8 10:55:00 fl1-111-169-156-137.tky.mesh.ad.jp [50: C4:DD:0F:4D:E0 AP50C4DD0F4DE0] AUTH: wl1.0 (2.4GHz): Authenticated (WPA2-PSK) User - 78:88:6d:c3:a3:2c

Jan  8 10:57:41 fl1-111-169-156-137.tky.mesh.ad.jp [50: C4:DD:0F:4D:E0 AP50C4DD0F4DE0] WIRELESS: wl1.0 (2.4GHz): Deleting roamed station - 78:88:6d:c3:a3:2c

Jan  8 10:57:41 fl1-111-169-156-137.tky.mesh.ad.jp [50: C4:DD:0F:4D:E0 AP50C4DD0F4DE0] WIRELESS: wl0.0 (5GHz): Associated User - 78:88:6d:c3:a3:2c

Jan  8 10:57:41 fl1-111-169-156-137.tky.mesh.ad.jp [50: C4:DD:0F:4D:E0 AP50C4DD0F4DE0] AUTH: wl0.0 (5GHz): Authenticated (WPA2-PSK) User - 78:88:6d:c3:a3:2c

Jan  8 11:07:54 fl1-111-169-156-137.tky.mesh.ad.jp [50: C4:DD:0F:4D:E0 AP50C4DD0F4DE0] WIRELESS: wl1.0 (2.4GHz): Associated User - 78:88:6d:c3:a3:2c

Jan  8 11:07:54 fl1-111-169-156-137.tky.mesh.ad.jp [50: C4:DD:0F:4D:E0 AP50C4DD0F4DE0] WIRELESS: wl0.0 (5GHz): Deleting roamed station - 78:88:6d:c3:a3:2c

Jan  8 11:07:54 fl1-111-169-156-137.tky.mesh.ad.jp [50: C4:DD:0F:4D:E0 AP50C4DD0F4DE0] AUTH: wl1.0 (2.4GHz): Authenticated (WPA2-PSK) User - 78:88:6d:c3:a3:2c

Jan  8 11:08:10 fl1-111-169-156-137.tky.mesh.ad.jp [50: C4:DD:0F:4D:E0 AP50C4DD0F4DE0] WIRELESS: wl1.0 (2.4GHz): Deleting roamed station - 78:88:6d:c3:a3:2c

Jan  8 11:08:10 fl1-111-169-156-137.tky.mesh.ad.jp [50: C4:DD:0F:4D:E0 AP50C4DD0F4DE0] WIRELESS: wl0.0 (5GHz): Associated User - 78:88:6d:c3:a3:2c

Jan  8 11:08:10 fl1-111-169-156-137.tky.mesh.ad.jp [50: C4:DD:0F:4D:E0 AP50C4DD0F4DE0] AUTH: wl0.0 (5GHz): Authenticated (WPA2-PSK) User - 78:88:6d:c3:a3:2c

Jan  8 11:11:21 fl1-111-169-156-137.tky.mesh.ad.jp [50: C4:DD:0F:4D:E0 AP50C4DD0F4DE0] WIRELESS: wl0.0 (5GHz): Deleting roamed station - 78:88:6d:c3:a3:2c

Jan  8 11:11:21 fl1-111-169-156-137.tky.mesh.ad.jp [50: C4:DD:0F:4D:E0 AP50C4DD0F4DE0] WIRELESS: wl1.0 (2.4GHz): Associated User - 78:88:6d:c3:a3:2c

Jan  8 11:11:21 fl1-111-169-156-137.tky.mesh.ad.jp [50: C4:DD:0F:4D:E0 AP50C4DD0F4DE0] AUTH: wl1.0 (2.4GHz): Authenticated (WPA2-PSK) User - 78:88:6d:c3:a3:2c

Jan  8 11:14:26 fl1-111-169-156-137.tky.mesh.ad.jp [50: C4:DD:0F:4D:E0 AP50C4DD0F4DE0] WIRELESS: wl0.0 (5GHz): Associated User - 78:88:6d:c3:a3:2c

Jan  8 11:14:26 fl1-111-169-156-137.tky.mesh.ad.jp [50: C4:DD:0F:4D:E0 AP50C4DD0F4DE0] WIRELESS: wl1.0 (2.4GHz): Deleting roamed station - 78:88:6d:c3:a3:2c

Jan  8 11:14:26 fl1-111-169-156-137.tky.mesh.ad.jp [50: C4:DD:0F:4D:E0 AP50C4DD0F4DE0] AUTH: wl0.0 (5GHz): Authenticated (WPA2-PSK) User - 78:88:6d:c3:a3:2c

Jan  8 11:21:11 fl1-111-169-156-137.tky.mesh.ad.jp [50: C4:DD:0F:4D:E0 AP50C4DD0F4DE0] WIRELESS: wl1.0 (2.4GHz): Associated User - 3c:2e:f9:b5:9f:26

Jan  8 11:21:11 fl1-111-169-156-137.tky.mesh.ad.jp [50: C4:DD:0F:4D:E0 AP50C4DD0F4DE0] AUTH: wl1.0 (2.4GHz): Authenticated (WPA2-PSK) User - 3c:2e:f9:b5:9f:26

Jan  8 11:22:02 fl1-111-169-156-137.tky.mesh.ad.jp [50: C4:DD:0F:4D:E0 AP50C4DD0F4DE0] WIRELESS: wl1.0 (2.4GHz): Deleting roamed station - 3c:2e:f9:b5:9f:26

Jan  8 11:23:20 fl1-111-169-156-137.tky.mesh.ad.jp [50: C4:DD:0F:4D:E0 AP50C4DD0F4DE0] WIRELESS: wl0.0 (5GHz): Deleting roamed station - 78:88:6d:c3:a3:2c

Jan  8 11:23:20 fl1-111-169-156-137.tky.mesh.ad.jp [50: C4:DD:0F:4D:E0 AP50C4DD0F4DE0] WIRELESS: wl1.0 (2.4GHz): Associated User - 78:88:6d:c3:a3:2c

Jan  8 11:23:20 fl1-111-169-156-137.tky.mesh.ad.jp [50: C4:DD:0F:4D:E0 AP50C4DD0F4DE0] AUTH: wl1.0 (2.4GHz): Authenticated (WPA2-PSK) User - 78:88:6d:c3:a3:2c

Jan  8 11:23:35 fl1-111-169-156-137.tky.mesh.ad.jp [50: C4:DD:0F:4D:E0 AP50C4DD0F4DE0] WIRELESS: wl0.0 (5GHz): Associated User - 78:88:6d:c3:a3:2c

Jan  8 11:23:35 fl1-111-169-156-137.tky.mesh.ad.jp [50: C4:DD:0F:4D:E0 AP50C4DD0F4DE0] WIRELESS: wl1.0 (2.4GHz): Deleting roamed station - 78:88:6d:c3:a3:2c

Jan  8 11:23:35 fl1-111-169-156-137.tky.mesh.ad.jp [50: C4:DD:0F:4D:E0 AP50C4DD0F4DE0] AUTH: wl0.0 (5GHz): Authenticated (WPA2-PSK) User - 78:88:6d:c3:a3:2c

Jan  8 11:41:04 fl1-111-169-156-137.tky.mesh.ad.jp [50: C4:DD:0F:4D:E0 AP50C4DD0F4DE0] WIRELESS: wl1.0 (2.4GHz): Associated User - d4:61:9d:7e:86:aa

Jan  8 11:41:04 fl1-111-169-156-137.tky.mesh.ad.jp [50: C4:DD:0F:4D:E0 AP50C4DD0F4DE0] AUTH: wl1.0 (2.4GHz): Authenticated (WPA2-PSK) User - d4:61:9d:7e:86:aa

Jan  8 11:41:50 fl1-111-169-156-137.tky.mesh.ad.jp [50: C4:DD:0F:4D:E0 AP50C4DD0F4DE0] WIRELESS: wl1.0 (2.4GHz): Deleting roamed station - d4:61:9d:7e:86:aa

Jan  8 11:45:15 fl1-111-169-156-137.tky.mesh.ad.jp [50: C4:DD:0F:4D:E0 AP50C4DD0F4DE0] WIRELESS: wl1.0 (2.4GHz): Encryption Key Renewing

Jan  8 11:45:25 fl1-111-169-156-137.tky.mesh.ad.jp [50: C4:DD:0F:4D:E0 AP50C4DD0F4DE0] WIRELESS: wl1.0 (2.4GHz): Encryption Key Renewing failed for User - d4:61:9d:7e:86:aa

Jan  8 11:45:25 fl1-111-169-156-137.tky.mesh.ad.jp [50: C4:DD:0F:4D:E0 AP50C4DD0F4DE0] WIRELESS: wl1.0 (2.4GHz): Encryption Key Renewing failed for User - 3c:2e:f9:b5:9f:26

Jan  8 11:45:30 fl1-111-169-156-137.tky.mesh.ad.jp [50: C4:DD:0F:4D:E0 AP50C4DD0F4DE0] WIRELESS: wl0.0 (5GHz): Encryption Key Renewing

Jan  8 11:48:03 fl1-111-169-156-137.tky.mesh.ad.jp [50: C4:DD:0F:4D:E0 AP50C4DD0F4DE0] WIRELESS: wl0.0 (5GHz): Deleting roamed station - 78:88:6d:c3:a3:2c

Jan  8 11:48:03 fl1-111-169-156-137.tky.mesh.ad.jp [50: C4:DD:0F:4D:E0 AP50C4DD0F4DE0] WIRELESS: wl1.0 (2.4GHz): Associated User - 78:88:6d:c3:a3:2c

Jan  8 11:48:03 fl1-111-169-156-137.tky.mesh.ad.jp [50: C4:DD:0F:4D:E0 AP50C4DD0F4DE0] AUTH: wl1.0 (2.4GHz): Authenticated (WPA2-PSK) User - 78:88:6d:c3:a3:2c

Jan  8 11:51:08 fl1-111-169-156-137.tky.mesh.ad.jp [50: C4:DD:0F:4D:E0 AP50C4DD0F4DE0] WIRELESS: wl0.0 (5GHz): Associated User - 78:88:6d:c3:a3:2c

Jan  8 11:51:08 fl1-111-169-156-137.tky.mesh.ad.jp [50: C4:DD:0F:4D:E0 AP50C4DD0F4DE0] WIRELESS: wl1.0 (2.4GHz): Deleting roamed station - 78:88:6d:c3:a3:2c

Jan  8 11:51:08 fl1-111-169-156-137.tky.mesh.ad.jp [50: C4:DD:0F:4D:E0 AP50C4DD0F4DE0] AUTH: wl0.0 (5GHz): Authenticated (WPA2-PSK) User - 78:88:6d:c3:a3:2c

Jan  8 11:51:12 fl1-111-169-156-137.tky.mesh.ad.jp [50: C4:DD:0F:4D:E0 AP50C4DD0F4DE0] WIRELESS: wl1.0 (2.4GHz): Associated User - d4:61:9d:7e:86:aa

Jan  8 11:51:12 fl1-111-169-156-137.tky.mesh.ad.jp [50: C4:DD:0F:4D:E0 AP50C4DD0F4DE0] AUTH: wl1.0 (2.4GHz): Authenticated (WPA2-PSK) User - d4:61:9d:7e:86:aa

Jan  8 11:52:27 fl1-111-169-156-137.tky.mesh.ad.jp [50: C4:DD:0F:4D:E0 AP50C4DD0F4DE0] WIRELESS: wl1.0 (2.4GHz): DisAssociated User - d4:61:9d:7e:86:aa

Jan  8 11:55:11 fl1-111-169-156-137.tky.mesh.ad.jp [50: C4:DD:0F:4D:E0 AP50C4DD0F4DE0] WIRELESS: wl1.0 (2.4GHz): Associated User - 78:88:6d:c3:a3:2c

Jan  8 11:55:11 fl1-111-169-156-137.tky.mesh.ad.jp [50: C4:DD:0F:4D:E0 AP50C4DD0F4DE0] WIRELESS: wl0.0 (5GHz): Deleting roamed station - 78:88:6d:c3:a3:2c

Jan  8 11:55:11 fl1-111-169-156-137.tky.mesh.ad.jp [50: C4:DD:0F:4D:E0 AP50C4DD0F4DE0] AUTH: wl1.0 (2.4GHz): Authenticated (WPA2-PSK) User - 78:88:6d:c3:a3:2c

Jan  8 11:58:16 fl1-111-169-156-137.tky.mesh.ad.jp [50: C4:DD:0F:4D:E0 AP50C4DD0F4DE0] WIRELESS: wl1.0 (2.4GHz): Deleting roamed station - 78:88:6d:c3:a3:2c

Jan  8 11:58:16 fl1-111-169-156-137.tky.mesh.ad.jp [50: C4:DD:0F:4D:E0 AP50C4DD0F4DE0] WIRELESS: wl0.0 (5GHz): Associated User - 78:88:6d:c3:a3:2c

Jan  8 11:58:16 fl1-111-169-156-137.tky.mesh.ad.jp [50: C4:DD:0F:4D:E0 AP50C4DD0F4DE0] AUTH: wl0.0 (5GHz): Authenticated (WPA2-PSK) User - 78:88:6d:c3:a3:2c

Jan  8 12:06:38 fl1-111-169-156-137.tky.mesh.ad.jp [50: C4:DD:0F:4D:E0 AP50C4DD0F4DE0] WIRELESS: wl1.0 (2.4GHz): Associated User - d4:61:9d:7e:86:aa

Jan  8 12:06:38 fl1-111-169-156-137.tky.mesh.ad.jp [50: C4:DD:0F:4D:E0 AP50C4DD0F4DE0] AUTH: wl1.0 (2.4GHz): Authenticated (WPA2-PSK) User - d4:61:9d:7e:86:aa

Jan  8 12:09:14 fl1-111-169-156-137.tky.mesh.ad.jp [50: C4:DD:0F:4D:E0 AP50C4DD0F4DE0] WIRELESS: wl1.0 (2.4GHz): DisAssociated User - 3c:2e:f9:b5:9f:26

Jan  8 12:09:24 fl1-111-169-156-137.tky.mesh.ad.jp [50: C4:DD:0F:4D:E0 AP50C4DD0F4DE0] WIRELESS: wl1.0 (2.4GHz): Deleting roamed station - d4:61:9d:7e:86:aa

Jan  8 12:13:38 fl1-111-169-156-137.tky.mesh.ad.jp [50: C4:DD:0F:4D:E0 AP50C4DD0F4DE0] WIRELESS: wl0.0 (5GHz): Deleting roamed station - 78:88:6d:c3:a3:2c

Jan  8 12:13:38 fl1-111-169-156-137.tky.mesh.ad.jp [50: C4:DD:0F:4D:E0 AP50C4DD0F4DE0] WIRELESS: wl1.0 (2.4GHz): Associated User - 78:88:6d:c3:a3:2c

Jan  8 12:13:38 fl1-111-169-156-137.tky.mesh.ad.jp [50: C4:DD:0F:4D:E0 AP50C4DD0F4DE0] AUTH: wl1.0 (2.4GHz): Authenticated (WPA2-PSK) User - 78:88:6d:c3:a3:2c

Jan  8 12:13:49 fl1-111-169-156-137.tky.mesh.ad.jp [50: C4:DD:0F:4D:E0 AP50C4DD0F4DE0] WIRELESS: wl0.0 (5GHz): Associated User - 78:88:6d:c3:a3:2c

Jan  8 12:13:49 fl1-111-169-156-137.tky.mesh.ad.jp [50: C4:DD:0F:4D:E0 AP50C4DD0F4DE0] WIRELESS: wl1.0 (2.4GHz): Deleting roamed station - 78:88:6d:c3:a3:2c

Jan  8 12:13:49 fl1-111-169-156-137.tky.mesh.ad.jp [50: C4:DD:0F:4D:E0 AP50C4DD0F4DE0] AUTH: wl0.0 (5GHz): Authenticated (WPA2-PSK) User - 78:88:6d:c3:a3:2c

Jan  8 12:20:30 fl1-111-169-156-137.tky.mesh.ad.jp [50: C4:DD:0F:4D:E0 AP50C4DD0F4DE0] WIRELESS: wl1.0 (2.4GHz): Associated User - 78:88:6d:c3:a3:2c

Jan  8 12:20:30 fl1-111-169-156-137.tky.mesh.ad.jp [50: C4:DD:0F:4D:E0 AP50C4DD0F4DE0] WIRELESS: wl0.0 (5GHz): Deleting roamed station - 78:88:6d:c3:a3:2c

Jan  8 12:20:30 fl1-111-169-156-137.tky.mesh.ad.jp [50: C4:DD:0F:4D:E0 AP50C4DD0F4DE0] AUTH: wl1.0 (2.4GHz): Authenticated (WPA2-PSK) User - 78:88:6d:c3:a3:2c

Jan  8 12:23:36 fl1-111-169-156-137.tky.mesh.ad.jp [50: C4:DD:0F:4D:E0 AP50C4DD0F4DE0] WIRELESS: wl1.0 (2.4GHz): Deleting roamed station - 78:88:6d:c3:a3:2c

Jan  8 12:23:36 fl1-111-169-156-137.tky.mesh.ad.jp [50: C4:DD:0F:4D:E0 AP50C4DD0F4DE0] WIRELESS: wl0.0 (5GHz): Associated User - 78:88:6d:c3:a3:2c

Jan  8 12:23:36 fl1-111-169-156-137.tky.mesh.ad.jp [50: C4:DD:0F:4D:E0 AP50C4DD0F4DE0] AUTH: wl0.0 (5GHz): Authenticated (WPA2-PSK) User - 78:88:6d:c3:a3:2c

Jan  8 12:45:15 fl1-111-169-156-137.tky.mesh.ad.jp [50: C4:DD:0F:4D:E0 AP50C4DD0F4DE0] WIRELESS: wl1.0 (2.4GHz): Encryption Key Renewing

Jan  8 12:45:25 fl1-111-169-156-137.tky.mesh.ad.jp [50: C4:DD:0F:4D:E0 AP50C4DD0F4DE0] WIRELESS: wl1.0 (2.4GHz): Encryption Key Renewing failed for User - d4:61:9d:7e:86:aa

Jan  8 12:45:30 fl1-111-169-156-137.tky.mesh.ad.jp [50: C4:DD:0F:4D:E0 AP50C4DD0F4DE0] WIRELESS: wl0.0 (5GHz): Encryption Key Renewing

Jan  8 12:52:10 fl1-111-169-156-137.tky.mesh.ad.jp [50: C4:DD:0F:4D:E0 AP50C4DD0F4DE0] WIRELESS: wl0.0 (5GHz): Deleting roamed station - 78:88:6d:c3:a3:2c

Jan  8 12:52:10 fl1-111-169-156-137.tky.mesh.ad.jp [50: C4:DD:0F:4D:E0 AP50C4DD0F4DE0] AUTH: wl1.0 (2.4GHz): Authenticated (WPA2-PSK) User - 78:88:6d:c3:a3:2c

Jan  8 12:52:10 fl1-111-169-156-137.tky.mesh.ad.jp [50: C4:DD:0F:4D:E0 AP50C4DD0F4DE0] WIRELESS: wl1.0 (2.4GHz): Associated User - 78:88:6d:c3:a3:2c

Jan  8 12:52:57 fl1-111-169-156-137.tky.mesh.ad.jp [50: C4:DD:0F:4D:E0 AP50C4DD0F4DE0] WIRELESS: wl0.0 (5GHz): Associated User - 78:88:6d:c3:a3:2c

Jan  8 12:52:57 fl1-111-169-156-137.tky.mesh.ad.jp [50: C4:DD:0F:4D:E0 AP50C4DD0F4DE0] WIRELESS: wl1.0 (2.4GHz): Deleting roamed station - 78:88:6d:c3:a3:2c

Jan  8 12:52:57 fl1-111-169-156-137.tky.mesh.ad.jp [50: C4:DD:0F:4D:E0 AP50C4DD0F4DE0] AUTH: wl0.0 (5GHz): Authenticated (WPA2-PSK) User - 78:88:6d:c3:a3:2c

Jan  8 13:40:32 fl1-111-169-156-137.tky.mesh.ad.jp [50: C4:DD:0F:4D:E0 AP50C4DD0F4DE0] WIRELESS: wl1.0 (2.4GHz): Associated User - f8:95:ea:e2:95:bf

Jan  8 13:40:32 fl1-111-169-156-137.tky.mesh.ad.jp [50: C4:DD:0F:4D:E0 AP50C4DD0F4DE0] AUTH: wl1.0 (2.4GHz): Authenticated (WPA2-PSK) User - f8:95:ea:e2:95:bf

Jan  8 13:41:18 fl1-111-169-156-137.tky.mesh.ad.jp [50: C4:DD:0F:4D:E0 AP50C4DD0F4DE0] WIRELESS: wl1.0 (2.4GHz): Deleting roamed station - f8:95:ea:e2:95:bf

Jan  8 13:42:31 fl1-111-169-156-137.tky.mesh.ad.jp [50: C4:DD:0F:4D:E0 AP50C4DD0F4DE0] WIRELESS: wl1.0 (2.4GHz): Associated User - 78:88:6d:c3:a3:2c

Jan  8 13:42:31 fl1-111-169-156-137.tky.mesh.ad.jp [50: C4:DD:0F:4D:E0 AP50C4DD0F4DE0] WIRELESS: wl0.0 (5GHz): Deleting roamed station - 78:88:6d:c3:a3:2c

Jan  8 13:42:31 fl1-111-169-156-137.tky.mesh.ad.jp [50: C4:DD:0F:4D:E0 AP50C4DD0F4DE0] WIRELESS: wl1.0 (2.4GHz): Associated User - 78:88:6d:c3:a3:2c

Jan  8 13:42:31 fl1-111-169-156-137.tky.mesh.ad.jp [50: C4:DD:0F:4D:E0 AP50C4DD0F4DE0] AUTH: wl1.0 (2.4GHz): Authenticated (WPA2-PSK) User - 78:88:6d:c3:a3:2c

Jan  8 13:45:15 fl1-111-169-156-137.tky.mesh.ad.jp [50: C4:DD:0F:4D:E0 AP50C4DD0F4DE0] WIRELESS: wl1.0 (2.4GHz): Encryption Key Renewing

Jan  8 13:45:25 fl1-111-169-156-137.tky.mesh.ad.jp [50: C4:DD:0F:4D:E0 AP50C4DD0F4DE0] WIRELESS: wl1.0 (2.4GHz): Encryption Key Renewing failed for User - f8:95:ea:e2:95:bf

Jan  8 13:45:30 fl1-111-169-156-137.tky.mesh.ad.jp [50: C4:DD:0F:4D:E0 AP50C4DD0F4DE0] WIRELESS: wl0.0 (5GHz): Encryption Key Renewing

Jan  8 13:47:37 fl1-111-169-156-137.tky.mesh.ad.jp [50: C4:DD:0F:4D:E0 AP50C4DD0F4DE0] WIRELESS: wl0.0 (5GHz): Associated User - 78:88:6d:c3:a3:2c

Jan  8 13:47:37 fl1-111-169-156-137.tky.mesh.ad.jp [50: C4:DD:0F:4D:E0 AP50C4DD0F4DE0] WIRELESS: wl1.0 (2.4GHz): Deleting roamed station - 78:88:6d:c3:a3:2c

Jan  8 13:47:37 fl1-111-169-156-137.tky.mesh.ad.jp [50: C4:DD:0F:4D:E0 AP50C4DD0F4DE0] AUTH: wl0.0 (5GHz): Authenticated (WPA2-PSK) User - 78:88:6d:c3:a3:2c

Jan  8 13:50:20 fl1-111-169-156-137.tky.mesh.ad.jp [50: C4:DD:0F:4D:E0 AP50C4DD0F4DE0] WIRELESS: wl1.0 (2.4GHz): Associated User - 78:88:6d:c3:a3:2c

Jan  8 13:50:20 fl1-111-169-156-137.tky.mesh.ad.jp [50: C4:DD:0F:4D:E0 AP50C4DD0F4DE0] WIRELESS: wl0.0 (5GHz): Deleting roamed station - 78:88:6d:c3:a3:2c

Jan  8 13:50:20 fl1-111-169-156-137.tky.mesh.ad.jp [50: C4:DD:0F:4D:E0 AP50C4DD0F4DE0] AUTH: wl1.0 (2.4GHz): Authenticated (WPA2-PSK) User - 78:88:6d:c3:a3:2c

Jan  8 13:53:26 fl1-111-169-156-137.tky.mesh.ad.jp [50: C4:DD:0F:4D:E0 AP50C4DD0F4DE0] WIRELESS: wl0.0 (5GHz): Associated User - 78:88:6d:c3:a3:2c

Jan  8 13:53:26 fl1-111-169-156-137.tky.mesh.ad.jp [50: C4:DD:0F:4D:E0 AP50C4DD0F4DE0] WIRELESS: wl1.0 (2.4GHz): Deleting roamed station - 78:88:6d:c3:a3:2c

Jan  8 13:53:26 fl1-111-169-156-137.tky.mesh.ad.jp [50: C4:DD:0F:4D:E0 AP50C4DD0F4DE0] AUTH: wl0.0 (5GHz): Authenticated (WPA2-PSK) User - 78:88:6d:c3:a3:2c

Jan  8 14:05:59 fl1-111-169-156-137.tky.mesh.ad.jp [50: C4:DD:0F:4D:E0 AP50C4DD0F4DE0] WIRELESS: wl0.0 (5GHz): Deleting roamed station - 78:88:6d:c3:a3:2c

Jan  8 14:05:59 fl1-111-169-156-137.tky.mesh.ad.jp [50: C4:DD:0F:4D:E0 AP50C4DD0F4DE0] WIRELESS: wl1.0 (2.4GHz): Associated User - 78:88:6d:c3:a3:2c

Jan  8 14:05:59 fl1-111-169-156-137.tky.mesh.ad.jp [50: C4:DD:0F:4D:E0 AP50C4DD0F4DE0] AUTH: wl1.0 (2.4GHz): Authenticated (WPA2-PSK) User - 78:88:6d:c3:a3:2c

Jan  8 14:06:08 fl1-111-169-156-137.tky.mesh.ad.jp [50: C4:DD:0F:4D:E0 AP50C4DD0F4DE0] WIRELESS: wl1.0 (2.4GHz): Deleting roamed station - 78:88:6d:c3:a3:2c

Jan  8 14:06:08 fl1-111-169-156-137.tky.mesh.ad.jp [50: C4:DD:0F:4D:E0 AP50C4DD0F4DE0] WIRELESS: wl0.0 (5GHz): Associated User - 78:88:6d:c3:a3:2c

Jan  8 14:06:08 fl1-111-169-156-137.tky.mesh.ad.jp [50: C4:DD:0F:4D:E0 AP50C4DD0F4DE0] AUTH: wl0.0 (5GHz): Authenticated (WPA2-PSK) User - 78:88:6d:c3:a3:2c

Jan  8 14:10:52 fl1-111-169-156-137.tky.mesh.ad.jp [50: C4:DD:0F:4D:E0 AP50C4DD0F4DE0] WIRELESS: wl0.0 (5GHz): Associated User - d4:61:9d:7e:86:aa

Jan  8 14:10:52 fl1-111-169-156-137.tky.mesh.ad.jp [50: C4:DD:0F:4D:E0 AP50C4DD0F4DE0] AUTH: wl0.0 (5GHz): Authenticated (WPA2-PSK) User - d4:61:9d:7e:86:aa

Jan  8 14:11:02 fl1-111-169-156-137.tky.mesh.ad.jp [50: C4:DD:0F:4D:E0 AP50C4DD0F4DE0] WIRELESS: wl1.0 (2.4GHz): Associated User - d4:61:9d:7e:86:aa

Jan  8 14:11:02 fl1-111-169-156-137.tky.mesh.ad.jp [50: C4:DD:0F:4D:E0 AP50C4DD0F4DE0] WIRELESS: wl0.0 (5GHz): Deleting roamed station - d4:61:9d:7e:86:aa

Jan  8 14:11:02 fl1-111-169-156-137.tky.mesh.ad.jp [50: C4:DD:0F:4D:E0 AP50C4DD0F4DE0] AUTH: wl1.0 (2.4GHz): Authenticated (WPA2-PSK) User - d4:61:9d:7e:86:aa

Jan  8 14:13:07 fl1-111-169-156-137.tky.mesh.ad.jp [50: C4:DD:0F:4D:E0 AP50C4DD0F4DE0] WIRELESS: wl1.0 (2.4GHz): DisAssociated User - d4:61:9d:7e:86:aa

Jan  8 14:15:43 fl1-111-169-156-137.tky.mesh.ad.jp [50: C4:DD:0F:4D:E0 AP50C4DD0F4DE0] WIRELESS: wl1.0 (2.4GHz): Associated User - 78:88:6d:c3:a3:2c

Jan  8 14:15:43 fl1-111-169-156-137.tky.mesh.ad.jp [50: C4:DD:0F:4D:E0 AP50C4DD0F4DE0] WIRELESS: wl0.0 (5GHz): Deleting roamed station - 78:88:6d:c3:a3:2c

Jan  8 14:15:43 fl1-111-169-156-137.tky.mesh.ad.jp [50: C4:DD:0F:4D:E0 AP50C4DD0F4DE0] AUTH: wl1.0 (2.4GHz): Authenticated (WPA2-PSK) User - 78:88:6d:c3:a3:2c

Jan  8 14:16:30 fl1-111-169-156-137.tky.mesh.ad.jp [50: C4:DD:0F:4D:E0 AP50C4DD0F4DE0] WIRELESS: wl1.0 (2.4GHz): Deleting roamed station - 78:88:6d:c3:a3:2c

Jan  8 14:16:30 fl1-111-169-156-137.tky.mesh.ad.jp [50: C4:DD:0F:4D:E0 AP50C4DD0F4DE0] WIRELESS: wl0.0 (5GHz): Associated User - 78:88:6d:c3:a3:2c

Jan  8 14:16:30 fl1-111-169-156-137.tky.mesh.ad.jp [50: C4:DD:0F:4D:E0 AP50C4DD0F4DE0] AUTH: wl0.0 (5GHz): Authenticated (WPA2-PSK) User - 78:88:6d:c3:a3:2c

Jan  8 14:19:35 fl1-111-169-156-137.tky.mesh.ad.jp [50: C4:DD:0F:4D:E0 AP50C4DD0F4DE0] WIRELESS: wl1.0 (2.4GHz): Associated User - 78:88:6d:c3:a3:2c

Jan  8 14:19:35 fl1-111-169-156-137.tky.mesh.ad.jp [50: C4:DD:0F:4D:E0 AP50C4DD0F4DE0] WIRELESS: wl0.0 (5GHz): Deleting roamed station - 78:88:6d:c3:a3:2c

Jan  8 14:19:35 fl1-111-169-156-137.tky.mesh.ad.jp [50: C4:DD:0F:4D:E0 AP50C4DD0F4DE0] AUTH: wl1.0 (2.4GHz): Authenticated (WPA2-PSK) User - 78:88:6d:c3:a3:2c

Jan  8 14:22:41 fl1-111-169-156-137.tky.mesh.ad.jp [50: C4:DD:0F:4D:E0 AP50C4DD0F4DE0] WIRELESS: wl0.0 (5GHz): Associated User - 78:88:6d:c3:a3:2c

Jan  8 14:22:41 fl1-111-169-156-137.tky.mesh.ad.jp [50: C4:DD:0F:4D:E0 AP50C4DD0F4DE0] WIRELESS: wl1.0 (2.4GHz): Deleting roamed station - 78:88:6d:c3:a3:2c

Jan  8 14:22:41 fl1-111-169-156-137.tky.mesh.ad.jp [50: C4:DD:0F:4D:E0 AP50C4DD0F4DE0] AUTH: wl0.0 (5GHz): Authenticated (WPA2-PSK) User - 78:88:6d:c3:a3:2c

Jan  8 14:45:15 fl1-111-169-156-137.tky.mesh.ad.jp [50: C4:DD:0F:4D:E0 AP50C4DD0F4DE0] AUTH: wl1.0 (2.4GHz): Authenticated (WPA2-PSK) User - d4:61:9d:7e:86:aa

Jan  8 14:45:15 fl1-111-169-156-137.tky.mesh.ad.jp [50: C4:DD:0F:4D:E0 AP50C4DD0F4DE0] WIRELESS: wl1.0 (2.4GHz): Associated User - d4:61:9d:7e:86:aa

Jan  8 14:45:15 fl1-111-169-156-137.tky.mesh.ad.jp [50: C4:DD:0F:4D:E0 AP50C4DD0F4DE0] WIRELESS: wl1.0 (2.4GHz): Encryption Key Renewing

Jan  8 14:45:30 fl1-111-169-156-137.tky.mesh.ad.jp [50: C4:DD:0F:4D:E0 AP50C4DD0F4DE0] WIRELESS: wl0.0 (5GHz): Encryption Key Renewing

Jan  8 15:10:03 fl1-111-169-156-137.tky.mesh.ad.jp [50: C4:DD:0F:4D:E0 AP50C4DD0F4DE0] WIRELESS: wl1.0 (2.4GHz): Deleting roamed station - d4:61:9d:7e:86:aa

Jan  8 15:45:15 fl1-111-169-156-137.tky.mesh.ad.jp [50: C4:DD:0F:4D:E0 AP50C4DD0F4DE0] WIRELESS: wl1.0 (2.4GHz): Encryption Key Renewing

Jan  8 15:45:25 fl1-111-169-156-137.tky.mesh.ad.jp [50: C4:DD:0F:4D:E0 AP50C4DD0F4DE0] WIRELESS: wl1.0 (2.4GHz): Encryption Key Renewing failed for User - d4:61:9d:7e:86:aa

Jan  8 15:45:30 fl1-111-169-156-137.tky.mesh.ad.jp [50: C4:DD:0F:4D:E0 AP50C4DD0F4DE0] WIRELESS: wl0.0 (5GHz): Encryption Key Renewing

Jan  8 16:02:29 fl1-111-169-156-137.tky.mesh.ad.jp [50: C4:DD:0F:4D:E0 AP50C4DD0F4DE0] WIRELESS: wl0.0 (5GHz): Associated User - f0:9f:fc:84:82:b3

Jan  8 16:02:29 fl1-111-169-156-137.tky.mesh.ad.jp [50: C4:DD:0F:4D:E0 AP50C4DD0F4DE0] AUTH: wl0.0 (5GHz): Authenticated (WPA2-PSK) User - f0:9f:fc:84:82:b3

Jan  8 16:06:36 fl1-111-169-156-137.tky.mesh.ad.jp [50: C4:DD:0F:4D:E0 AP50C4DD0F4DE0] WIRELESS: wl0.0 (5GHz): DisAssociated User - f0:9f:fc:84:82:b3

Jan  8 16:13:14 fl1-111-169-156-137.tky.mesh.ad.jp [50: C4:DD:0F:4D:E0 AP50C4DD0F4DE0] WIRELESS: wl1.0 (2.4GHz): DisAssociated User - f0:9f:fc:84:82:b3

Jan  8 16:13:14 fl1-111-169-156-137.tky.mesh.ad.jp [50: C4:DD:0F:4D:E0 AP50C4DD0F4DE0] WIRELESS: wl1.0 (2.4GHz): Associated User - f0:9f:fc:84:82:b3

Jan  8 16:13:14 fl1-111-169-156-137.tky.mesh.ad.jp [50: C4:DD:0F:4D:E0 AP50C4DD0F4DE0] WIRELESS: wl1.0 (2.4GHz): DisAssociated User - f0:9f:fc:84:82:b3

Jan  8 16:13:14 fl1-111-169-156-137.tky.mesh.ad.jp [50: C4:DD:0F:4D:E0 AP50C4DD0F4DE0] WIRELESS: wl1.0 (2.4GHz): Associated User - f0:9f:fc:84:82:b3

Jan  8 16:20:01 fl1-111-169-156-137.tky.mesh.ad.jp [50: C4:DD:0F:4D:E0 AP50C4DD0F4DE0] WIRELESS: wl0.0 (5GHz): Deleting roamed station - 78:88:6d:c3:a3:2c

Jan  8 16:20:01 fl1-111-169-156-137.tky.mesh.ad.jp [50: C4:DD:0F:4D:E0 AP50C4DD0F4DE0] WIRELESS: wl1.0 (2.4GHz): Associated User - 78:88:6d:c3:a3:2c

Jan  8 16:20:01 fl1-111-169-156-137.tky.mesh.ad.jp [50: C4:DD:0F:4D:E0 AP50C4DD0F4DE0] AUTH: wl1.0 (2.4GHz): Authenticated (WPA2-PSK) User - 78:88:6d:c3:a3:2c

Jan  8 16:26:11 fl1-111-169-156-137.tky.mesh.ad.jp [50: C4:DD:0F:4D:E0 AP50C4DD0F4DE0] WIRELESS: wl0.0 (5GHz): Associated User - 78:88:6d:c3:a3:2c

Jan  8 16:26:11 fl1-111-169-156-137.tky.mesh.ad.jp [50: C4:DD:0F:4D:E0 AP50C4DD0F4DE0] WIRELESS: wl1.0 (2.4GHz): Deleting roamed station - 78:88:6d:c3:a3:2c

Jan  8 16:26:11 fl1-111-169-156-137.tky.mesh.ad.jp [50: C4:DD:0F:4D:E0 AP50C4DD0F4DE0] AUTH: wl0.0 (5GHz): Authenticated (WPA2-PSK) User - 78:88:6d:c3:a3:2c

Jan  8 16:32:13 fl1-111-169-156-137.tky.mesh.ad.jp [50: C4:DD:0F:4D:E0 AP50C4DD0F4DE0] WIRELESS: wl0.0 (5GHz): Deleting roamed station - 78:88:6d:c3:a3:2c

Jan  8 16:32:13 fl1-111-169-156-137.tky.mesh.ad.jp [50: C4:DD:0F:4D:E0 AP50C4DD0F4DE0] AUTH: wl1.0 (2.4GHz): Authenticated (WPA2-PSK) User - 78:88:6d:c3:a3:2c

Jan  8 16:32:13 fl1-111-169-156-137.tky.mesh.ad.jp [50: C4:DD:0F:4D:E0 AP50C4DD0F4DE0] WIRELESS: wl1.0 (2.4GHz): Associated User - 78:88:6d:c3:a3:2c

Jan  8 16:32:16 fl1-111-169-156-137.tky.mesh.ad.jp [50: C4:DD:0F:4D:E0 AP50C4DD0F4DE0] WIRELESS: wl1.0 (2.4GHz): DisAssociated User - f8:95:ea:de:67:65

Jan  8 16:32:16 fl1-111-169-156-137.tky.mesh.ad.jp [50: C4:DD:0F:4D:E0 AP50C4DD0F4DE0] WIRELESS: wl1.0 (2.4GHz): Associated User - f8:95:ea:de:67:65

Jan  8 16:32:16 fl1-111-169-156-137.tky.mesh.ad.jp [50: C4:DD:0F:4D:E0 AP50C4DD0F4DE0] WIRELESS: wl1.0 (2.4GHz): Associated User - f8:95:ea:de:67:65

Jan  8 16:32:16 fl1-111-169-156-137.tky.mesh.ad.jp [50: C4:DD:0F:4D:E0 AP50C4DD0F4DE0] AUTH: wl1.0 (2.4GHz): Authenticated (WPA2-PSK) User - f8:95:ea:de:67:65

Jan  8 16:32:33 fl1-111-169-156-137.tky.mesh.ad.jp [50: C4:DD:0F:4D:E0 AP50C4DD0F4DE0] WIRELESS: wl1.0 (2.4GHz): Deleting roamed station - 78:88:6d:c3:a3:2c

Jan  8 16:32:33 fl1-111-169-156-137.tky.mesh.ad.jp [50: C4:DD:0F:4D:E0 AP50C4DD0F4DE0] WIRELESS: wl0.0 (5GHz): Associated User - 78:88:6d:c3:a3:2c

Jan  8 16:32:33 fl1-111-169-156-137.tky.mesh.ad.jp [50: C4:DD:0F:4D:E0 AP50C4DD0F4DE0] AUTH: wl0.0 (5GHz): Authenticated (WPA2-PSK) User - 78:88:6d:c3:a3:2c

Jan  8 16:33:37 fl1-111-169-156-137.tky.mesh.ad.jp [50: C4:DD:0F:4D:E0 AP50C4DD0F4DE0] WIRELESS: wl0.0 (5GHz): Deleting roamed station - 78:88:6d:c3:a3:2c

Jan  8 16:33:37 fl1-111-169-156-137.tky.mesh.ad.jp [50: C4:DD:0F:4D:E0 AP50C4DD0F4DE0] WIRELESS: wl1.0 (2.4GHz): Associated User - 78:88:6d:c3:a3:2c

Jan  8 16:33:37 fl1-111-169-156-137.tky.mesh.ad.jp [50: C4:DD:0F:4D:E0 AP50C4DD0F4DE0] AUTH: wl1.0 (2.4GHz): Authenticated (WPA2-PSK) User - 78:88:6d:c3:a3:2c

Jan  8 16:34:03 fl1-111-169-156-137.tky.mesh.ad.jp [50: C4:DD:0F:4D:E0 AP50C4DD0F4DE0] WIRELESS: wl0.0 (5GHz): Associated User - 78:88:6d:c3:a3:2c

Jan  8 16:34:03 fl1-111-169-156-137.tky.mesh.ad.jp [50: C4:DD:0F:4D:E0 AP50C4DD0F4DE0] WIRELESS: wl1.0 (2.4GHz): Deleting roamed station - 78:88:6d:c3:a3:2c

Jan  8 16:34:03 fl1-111-169-156-137.tky.mesh.ad.jp [50: C4:DD:0F:4D:E0 AP50C4DD0F4DE0] AUTH: wl0.0 (5GHz): Authenticated (WPA2-PSK) User - 78:88:6d:c3:a3:2c

Jan  8 16:45:15 fl1-111-169-156-137.tky.mesh.ad.jp [50: C4:DD:0F:4D:E0 AP50C4DD0F4DE0] WIRELESS: wl1.0 (2.4GHz): Encryption Key Renewing

Jan  8 16:45:30 fl1-111-169-156-137.tky.mesh.ad.jp [50: C4:DD:0F:4D:E0 AP50C4DD0F4DE0] WIRELESS: wl0.0 (5GHz): Encryption Key Renewing

Jan  8 16:59:01 fl1-111-169-156-137.tky.mesh.ad.jp [50: C4:DD:0F:4D:E0 AP50C4DD0F4DE0] WIRELESS: wl1.0 (2.4GHz): DisAssociated User - f8:95:ea:de:67:65

Jan  8 17:42:15 fl1-111-169-156-137.tky.mesh.ad.jp [50: C4:DD:0F:4D:E0 AP50C4DD0F4DE0] AUTH: wl1.0 (2.4GHz): Authenticated (WPA2-PSK) User - a8:7d:12:c9:d7:d1

Jan  8 17:42:15 fl1-111-169-156-137.tky.mesh.ad.jp [50: C4:DD:0F:4D:E0 AP50C4DD0F4DE0] WIRELESS: wl1.0 (2.4GHz): Associated User - a8:7d:12:c9:d7:d1

Jan  8 17:42:49 fl1-111-169-156-137.tky.mesh.ad.jp [50: C4:DD:0F:4D:E0 AP50C4DD0F4DE0] WIRELESS: wl1.0 (2.4GHz): DisAssociated User - a8:7d:12:c9:d7:d1

Jan  8 17:45:15 fl1-111-169-156-137.tky.mesh.ad.jp [50: C4:DD:0F:4D:E0 AP50C4DD0F4DE0] WIRELESS: wl1.0 (2.4GHz): Encryption Key Renewing

Jan  8 17:45:30 fl1-111-169-156-137.tky.mesh.ad.jp [50: C4:DD:0F:4D:E0 AP50C4DD0F4DE0] WIRELESS: wl0.0 (5GHz): Encryption Key Renewing

Jan  8 17:49:33 fl1-111-169-156-137.tky.mesh.ad.jp [50: C4:DD:0F:4D:E0 AP50C4DD0F4DE0] WIRELESS: wl0.0 (5GHz): Associated User - a8:7d:12:c9:d7:d1

Jan  8 17:49:33 fl1-111-169-156-137.tky.mesh.ad.jp [50: C4:DD:0F:4D:E0 AP50C4DD0F4DE0] AUTH: wl0.0 (5GHz): Authenticated (WPA2-PSK) User - a8:7d:12:c9:d7:d1

Jan  8 17:49:51 fl1-111-169-156-137.tky.mesh.ad.jp [50: C4:DD:0F:4D:E0 AP50C4DD0F4DE0] WIRELESS: wl1.0 (2.4GHz): DisAssociated User - a8:7d:12:c9:d7:d1

Jan  8 17:49:51 fl1-111-169-156-137.tky.mesh.ad.jp [50: C4:DD:0F:4D:E0 AP50C4DD0F4DE0] WIRELESS: wl1.0 (2.4GHz): Associated User - a8:7d:12:c9:d7:d1

Jan  8 17:49:52 fl1-111-169-156-137.tky.mesh.ad.jp [50: C4:DD:0F:4D:E0 AP50C4DD0F4DE0] WIRELESS: wl1.0 (2.4GHz): DisAssociated User - a8:7d:12:c9:d7:d1

Jan  8 17:49:52 fl1-111-169-156-137.tky.mesh.ad.jp [50: C4:DD:0F:4D:E0 AP50C4DD0F4DE0] WIRELESS: wl1.0 (2.4GHz): Associated User - a8:7d:12:c9:d7:d1

Jan  8 17:49:52 fl1-111-169-156-137.tky.mesh.ad.jp [50: C4:DD:0F:4D:E0 AP50C4DD0F4DE0] WIRELESS: wl1.0 (2.4GHz): DisAssociated User - a8:7d:12:c9:d7:d1

Jan  8 17:49:52 fl1-111-169-156-137.tky.mesh.ad.jp [50: C4:DD:0F:4D:E0 AP50C4DD0F4DE0] WIRELESS: wl1.0 (2.4GHz): Associated User - a8:7d:12:c9:d7:d1

Jan  8 17:49:52 fl1-111-169-156-137.tky.mesh.ad.jp [50: C4:DD:0F:4D:E0 AP50C4DD0F4DE0] WIRELESS: wl1.0 (2.4GHz): DisAssociated User - a8:7d:12:c9:d7:d1

Jan  8 17:49:52 fl1-111-169-156-137.tky.mesh.ad.jp [50: C4:DD:0F:4D:E0 AP50C4DD0F4DE0] WIRELESS: wl1.0 (2.4GHz): Associated User - a8:7d:12:c9:d7:d1

Jan  8 17:49:52 fl1-111-169-156-137.tky.mesh.ad.jp [50: C4:DD:0F:4D:E0 AP50C4DD0F4DE0] WIRELESS: wl1.0 (2.4GHz): DisAssociated User - a8:7d:12:c9:d7:d1

Jan  8 17:49:52 fl1-111-169-156-137.tky.mesh.ad.jp [50: C4:DD:0F:4D:E0 AP50C4DD0F4DE0] WIRELESS: wl1.0 (2.4GHz): Associated User - a8:7d:12:c9:d7:d1

Jan  8 17:50:23 fl1-111-169-156-137.tky.mesh.ad.jp [50: C4:DD:0F:4D:E0 AP50C4DD0F4DE0] WIRELESS: wl0.0 (5GHz): DisAssociated User - a8:7d:12:c9:d7:d1

Jan  8 17:50:25 fl1-111-169-156-137.tky.mesh.ad.jp [50: C4:DD:0F:4D:E0 AP50C4DD0F4DE0] WIRELESS: wl0.0 (5GHz): Associated User - a8:7d:12:c9:d7:d1

Jan  8 17:50:25 fl1-111-169-156-137.tky.mesh.ad.jp [50: C4:DD:0F:4D:E0 AP50C4DD0F4DE0] AUTH: wl0.0 (5GHz): Authenticated (WPA2-PSK) User - a8:7d:12:c9:d7:d1

Jan  8 17:50:33 fl1-111-169-156-137.tky.mesh.ad.jp [50: C4:DD:0F:4D:E0 AP50C4DD0F4DE0] WIRELESS: wl1.0 (2.4GHz): Associated User - a8:7d:12:c9:d7:d1

Jan  8 17:50:33 fl1-111-169-156-137.tky.mesh.ad.jp [50: C4:DD:0F:4D:E0 AP50C4DD0F4DE0] WIRELESS: wl1.0 (2.4GHz): DisAssociated User - a8:7d:12:c9:d7:d1

Jan  8 17:50:33 fl1-111-169-156-137.tky.mesh.ad.jp [50: C4:DD:0F:4D:E0 AP50C4DD0F4DE0] WIRELESS: wl1.0 (2.4GHz): DisAssociated User - a8:7d:12:c9:d7:d1

Jan  8 17:50:33 fl1-111-169-156-137.tky.mesh.ad.jp [50: C4:DD:0F:4D:E0 AP50C4DD0F4DE0] WIRELESS: wl1.0 (2.4GHz): Associated User - a8:7d:12:c9:d7:d1

Jan  8 17:50:33 fl1-111-169-156-137.tky.mesh.ad.jp [50: C4:DD:0F:4D:E0 AP50C4DD0F4DE0] WIRELESS: wl1.0 (2.4GHz): DisAssociated User - a8:7d:12:c9:d7:d1

Jan  8 17:50:33 fl1-111-169-156-137.tky.mesh.ad.jp [50: C4:DD:0F:4D:E0 AP50C4DD0F4DE0] WIRELESS: wl1.0 (2.4GHz): Associated User - a8:7d:12:c9:d7:d1

Jan  8 17:50:34 fl1-111-169-156-137.tky.mesh.ad.jp [50: C4:DD:0F:4D:E0 AP50C4DD0F4DE0] WIRELESS: wl1.0 (2.4GHz): DisAssociated User - a8:7d:12:c9:d7:d1

Jan  8 17:50:34 fl1-111-169-156-137.tky.mesh.ad.jp [50: C4:DD:0F:4D:E0 AP50C4DD0F4DE0] WIRELESS: wl1.0 (2.4GHz): Associated User - a8:7d:12:c9:d7:d1

Jan  8 17:50:34 fl1-111-169-156-137.tky.mesh.ad.jp [50: C4:DD:0F:4D:E0 AP50C4DD0F4DE0] WIRELESS: wl1.0 (2.4GHz): Associated User - a8:7d:12:c9:d7:d1

Jan  8 17:50:34 fl1-111-169-156-137.tky.mesh.ad.jp [50: C4:DD:0F:4D:E0 AP50C4DD0F4DE0] WIRELESS: wl1.0 (2.4GHz): DisAssociated User - a8:7d:12:c9:d7:d1

Jan  8 17:51:04 fl1-111-169-156-137.tky.mesh.ad.jp [50: C4:DD:0F:4D:E0 AP50C4DD0F4DE0] WIRELESS: wl0.0 (5GHz): DisAssociated User - a8:7d:12:c9:d7:d1

Jan  8 17:51:06 fl1-111-169-156-137.tky.mesh.ad.jp [50: C4:DD:0F:4D:E0 AP50C4DD0F4DE0] WIRELESS: wl0.0 (5GHz): Associated User - a8:7d:12:c9:d7:d1

Jan  8 17:51:06 fl1-111-169-156-137.tky.mesh.ad.jp [50: C4:DD:0F:4D:E0 AP50C4DD0F4DE0] AUTH: wl0.0 (5GHz): Authenticated (WPA2-PSK) User - a8:7d:12:c9:d7:d1

Jan  8 17:52:17 fl1-111-169-156-137.tky.mesh.ad.jp [50: C4:DD:0F:4D:E0 AP50C4DD0F4DE0] WIRELESS: wl1.0 (2.4GHz): Associated User - f8:95:ea:df:ee:b0

Jan  8 17:52:17 fl1-111-169-156-137.tky.mesh.ad.jp [50: C4:DD:0F:4D:E0 AP50C4DD0F4DE0] AUTH: wl1.0 (2.4GHz): Authenticated (WPA2-PSK) User - f8:95:ea:df:ee:b0

Jan  8 18:34:23 fl1-111-169-156-137.tky.mesh.ad.jp [50: C4:DD:0F:4D:E0 AP50C4DD0F4DE0] WIRELESS: wl1.0 (2.4GHz): DisAssociated User - a8:7d:12:c9:d7:d1

Jan  8 18:34:23 fl1-111-169-156-137.tky.mesh.ad.jp [50: C4:DD:0F:4D:E0 AP50C4DD0F4DE0] WIRELESS: wl1.0 (2.4GHz): Associated User - a8:7d:12:c9:d7:d1

Jan  8 18:34:23 fl1-111-169-156-137.tky.mesh.ad.jp [50: C4:DD:0F:4D:E0 AP50C4DD0F4DE0] WIRELESS: wl1.0 (2.4GHz): DisAssociated User - a8:7d:12:c9:d7:d1

Jan  8 18:34:23 fl1-111-169-156-137.tky.mesh.ad.jp [50: C4:DD:0F:4D:E0 AP50C4DD0F4DE0] WIRELESS: wl1.0 (2.4GHz): Associated User - a8:7d:12:c9:d7:d1

Jan  8 18:34:23 fl1-111-169-156-137.tky.mesh.ad.jp [50: C4:DD:0F:4D:E0 AP50C4DD0F4DE0] WIRELESS: wl1.0 (2.4GHz): DisAssociated User - a8:7d:12:c9:d7:d1

Jan  8 18:34:23 fl1-111-169-156-137.tky.mesh.ad.jp [50: C4:DD:0F:4D:E0 AP50C4DD0F4DE0] WIRELESS: wl1.0 (2.4GHz): Associated User - a8:7d:12:c9:d7:d1

Jan  8 18:34:23 fl1-111-169-156-137.tky.mesh.ad.jp [50: C4:DD:0F:4D:E0 AP50C4DD0F4DE0] WIRELESS: wl1.0 (2.4GHz): DisAssociated User - a8:7d:12:c9:d7:d1

Jan  8 18:34:23 fl1-111-169-156-137.tky.mesh.ad.jp [50: C4:DD:0F:4D:E0 AP50C4DD0F4DE0] WIRELESS: wl1.0 (2.4GHz): Associated User - a8:7d:12:c9:d7:d1

Jan  8 18:34:24 fl1-111-169-156-137.tky.mesh.ad.jp [50: C4:DD:0F:4D:E0 AP50C4DD0F4DE0] WIRELESS: wl1.0 (2.4GHz): DisAssociated User - a8:7d:12:c9:d7:d1

Jan  8 18:34:24 fl1-111-169-156-137.tky.mesh.ad.jp [50: C4:DD:0F:4D:E0 AP50C4DD0F4DE0] WIRELESS: wl1.0 (2.4GHz): Associated User - a8:7d:12:c9:d7:d1

Jan  8 18:34:54 fl1-111-169-156-137.tky.mesh.ad.jp [50: C4:DD:0F:4D:E0 AP50C4DD0F4DE0] WIRELESS: wl0.0 (5GHz): DisAssociated User - a8:7d:12:c9:d7:d1

Jan  8 18:34:55 fl1-111-169-156-137.tky.mesh.ad.jp [50: C4:DD:0F:4D:E0 AP50C4DD0F4DE0] WIRELESS: wl0.0 (5GHz): Associated User - a8:7d:12:c9:d7:d1

Jan  8 18:34:55 fl1-111-169-156-137.tky.mesh.ad.jp [50: C4:DD:0F:4D:E0 AP50C4DD0F4DE0] AUTH: wl0.0 (5GHz): Authenticated (WPA2-PSK) User - a8:7d:12:c9:d7:d1

Jan  8 18:35:06 fl1-111-169-156-137.tky.mesh.ad.jp [50: C4:DD:0F:4D:E0 AP50C4DD0F4DE0] WIRELESS: wl1.0 (2.4GHz): DisAssociated User - a8:7d:12:c9:d7:d1

Jan  8 18:35:06 fl1-111-169-156-137.tky.mesh.ad.jp [50: C4:DD:0F:4D:E0 AP50C4DD0F4DE0] WIRELESS: wl1.0 (2.4GHz): Associated User - a8:7d:12:c9:d7:d1

Jan  8 18:35:07 fl1-111-169-156-137.tky.mesh.ad.jp [50: C4:DD:0F:4D:E0 AP50C4DD0F4DE0] WIRELESS: wl1.0 (2.4GHz): Associated User - a8:7d:12:c9:d7:d1

Jan  8 18:35:07 fl1-111-169-156-137.tky.mesh.ad.jp [50: C4:DD:0F:4D:E0 AP50C4DD0F4DE0] WIRELESS: wl1.0 (2.4GHz): DisAssociated User - a8:7d:12:c9:d7:d1

Jan  8 18:35:07 fl1-111-169-156-137.tky.mesh.ad.jp [50: C4:DD:0F:4D:E0 AP50C4DD0F4DE0] WIRELESS: wl1.0 (2.4GHz): DisAssociated User - a8:7d:12:c9:d7:d1

Jan  8 18:35:07 fl1-111-169-156-137.tky.mesh.ad.jp [50: C4:DD:0F:4D:E0 AP50C4DD0F4DE0] WIRELESS: wl1.0 (2.4GHz): Associated User - a8:7d:12:c9:d7:d1

Jan  8 18:35:07 fl1-111-169-156-137.tky.mesh.ad.jp [50: C4:DD:0F:4D:E0 AP50C4DD0F4DE0] WIRELESS: wl1.0 (2.4GHz): DisAssociated User - a8:7d:12:c9:d7:d1

Jan  8 18:35:07 fl1-111-169-156-137.tky.mesh.ad.jp [50: C4:DD:0F:4D:E0 AP50C4DD0F4DE0] WIRELESS: wl1.0 (2.4GHz): Associated User - a8:7d:12:c9:d7:d1

Jan  8 18:35:08 fl1-111-169-156-137.tky.mesh.ad.jp [50: C4:DD:0F:4D:E0 AP50C4DD0F4DE0] WIRELESS: wl1.0 (2.4GHz): DisAssociated User - a8:7d:12:c9:d7:d1

Jan  8 18:35:08 fl1-111-169-156-137.tky.mesh.ad.jp [50: C4:DD:0F:4D:E0 AP50C4DD0F4DE0] WIRELESS: wl1.0 (2.4GHz): Associated User - a8:7d:12:c9:d7:d1

Jan  8 18:35:38 fl1-111-169-156-137.tky.mesh.ad.jp [50: C4:DD:0F:4D:E0 AP50C4DD0F4DE0] WIRELESS: wl0.0 (5GHz): DisAssociated User - a8:7d:12:c9:d7:d1

Jan  8 18:35:56 fl1-111-169-156-137.tky.mesh.ad.jp [50: C4:DD:0F:4D:E0 AP50C4DD0F4DE0] WIRELESS: wl0.0 (5GHz): DisAssociated User - a8:7d:12:c9:d7:d1

Jan  8 18:35:58 fl1-111-169-156-137.tky.mesh.ad.jp [50: C4:DD:0F:4D:E0 AP50C4DD0F4DE0] WIRELESS: wl0.0 (5GHz): Associated User - a8:7d:12:c9:d7:d1

Jan  8 18:35:58 fl1-111-169-156-137.tky.mesh.ad.jp [50: C4:DD:0F:4D:E0 AP50C4DD0F4DE0] AUTH: wl0.0 (5GHz): Authenticated (WPA2-PSK) User - a8:7d:12:c9:d7:d1

Jan  8 18:38:00 fl1-111-169-156-137.tky.mesh.ad.jp [50: C4:DD:0F:4D:E0 AP50C4DD0F4DE0] WIRELESS: wl1.0 (2.4GHz): DisAssociated User - a8:7d:12:c9:d7:d1

Jan  8 18:38:00 fl1-111-169-156-137.tky.mesh.ad.jp [50: C4:DD:0F:4D:E0 AP50C4DD0F4DE0] WIRELESS: wl1.0 (2.4GHz): Associated User - a8:7d:12:c9:d7:d1

Jan  8 18:38:00 fl1-111-169-156-137.tky.mesh.ad.jp [50: C4:DD:0F:4D:E0 AP50C4DD0F4DE0] WIRELESS: wl1.0 (2.4GHz): Associated User - a8:7d:12:c9:d7:d1

Jan  8 18:38:00 fl1-111-169-156-137.tky.mesh.ad.jp [50: C4:DD:0F:4D:E0 AP50C4DD0F4DE0] WIRELESS: wl1.0 (2.4GHz): DisAssociated User - a8:7d:12:c9:d7:d1

Jan  8 18:38:00 fl1-111-169-156-137.tky.mesh.ad.jp [50: C4:DD:0F:4D:E0 AP50C4DD0F4DE0] WIRELESS: wl1.0 (2.4GHz): DisAssociated User - a8:7d:12:c9:d7:d1

Jan  8 18:38:00 fl1-111-169-156-137.tky.mesh.ad.jp [50: C4:DD:0F:4D:E0 AP50C4DD0F4DE0] WIRELESS: wl1.0 (2.4GHz): Associated User - a8:7d:12:c9:d7:d1

Jan  8 18:38:01 fl1-111-169-156-137.tky.mesh.ad.jp [50: C4:DD:0F:4D:E0 AP50C4DD0F4DE0] WIRELESS: wl1.0 (2.4GHz): Associated User - a8:7d:12:c9:d7:d1

Jan  8 18:38:01 fl1-111-169-156-137.tky.mesh.ad.jp [50: C4:DD:0F:4D:E0 AP50C4DD0F4DE0] WIRELESS: wl1.0 (2.4GHz): DisAssociated User - a8:7d:12:c9:d7:d1

Jan  8 18:38:01 fl1-111-169-156-137.tky.mesh.ad.jp [50: C4:DD:0F:4D:E0 AP50C4DD0F4DE0] WIRELESS: wl1.0 (2.4GHz): Associated User - a8:7d:12:c9:d7:d1

Jan  8 18:38:01 fl1-111-169-156-137.tky.mesh.ad.jp [50: C4:DD:0F:4D:E0 AP50C4DD0F4DE0] WIRELESS: wl1.0 (2.4GHz): DisAssociated User - a8:7d:12:c9:d7:d1

Jan  8 18:38:31 fl1-111-169-156-137.tky.mesh.ad.jp [50: C4:DD:0F:4D:E0 AP50C4DD0F4DE0] WIRELESS: wl0.0 (5GHz): DisAssociated User - a8:7d:12:c9:d7:d1

Jan  8 18:38:55 fl1-111-169-156-137.tky.mesh.ad.jp [50: C4:DD:0F:4D:E0 AP50C4DD0F4DE0] WIRELESS: wl1.0 (2.4GHz): Associated User - a8:7d:12:c9:d7:d1

Jan  8 18:38:55 fl1-111-169-156-137.tky.mesh.ad.jp [50: C4:DD:0F:4D:E0 AP50C4DD0F4DE0] AUTH: wl1.0 (2.4GHz): Authenticated (WPA2-PSK) User - a8:7d:12:c9:d7:d1

Jan  8 18:42:41 fl1-111-169-156-137.tky.mesh.ad.jp [50: C4:DD:0F:4D:E0 AP50C4DD0F4DE0] AUTH: wl1.0 (2.4GHz): Authenticated (WPA2-PSK) User - 78:88:6d:c3:a3:2c

Jan  8 18:42:41 fl1-111-169-156-137.tky.mesh.ad.jp [50: C4:DD:0F:4D:E0 AP50C4DD0F4DE0] WIRELESS: wl0.0 (5GHz): Deleting roamed station - 78:88:6d:c3:a3:2c

Jan  8 18:42:41 fl1-111-169-156-137.tky.mesh.ad.jp [50: C4:DD:0F:4D:E0 AP50C4DD0F4DE0] WIRELESS: wl1.0 (2.4GHz): Associated User - 78:88:6d:c3:a3:2c

Jan  8 18:45:15 fl1-111-169-156-137.tky.mesh.ad.jp [50: C4:DD:0F:4D:E0 AP50C4DD0F4DE0] WIRELESS: wl1.0 (2.4GHz): Encryption Key Renewing

Jan  8 18:45:30 fl1-111-169-156-137.tky.mesh.ad.jp [50: C4:DD:0F:4D:E0 AP50C4DD0F4DE0] WIRELESS: wl0.0 (5GHz): Encryption Key Renewing

Jan  8 18:54:47 fl1-111-169-156-137.tky.mesh.ad.jp [50: C4:DD:0F:4D:E0 AP50C4DD0F4DE0] WIRELESS: wl1.0 (2.4GHz): Deleting roamed station - 78:88:6d:c3:a3:2c

Jan  8 18:54:47 fl1-111-169-156-137.tky.mesh.ad.jp [50: C4:DD:0F:4D:E0 AP50C4DD0F4DE0] WIRELESS: wl0.0 (5GHz): Associated User - 78:88:6d:c3:a3:2c

Jan  8 18:54:47 fl1-111-169-156-137.tky.mesh.ad.jp [50: C4:DD:0F:4D:E0 AP50C4DD0F4DE0] AUTH: wl0.0 (5GHz): Authenticated (WPA2-PSK) User - 78:88:6d:c3:a3:2c

Jan  8 19:00:26 fl1-111-169-156-137.tky.mesh.ad.jp [50: C4:DD:0F:4D:E0 AP50C4DD0F4DE0] AUTH: wl1.0 (2.4GHz): Authenticated (WPA2-PSK) User - 78:88:6d:c3:a3:2c

Jan  8 19:00:26 fl1-111-169-156-137.tky.mesh.ad.jp [50: C4:DD:0F:4D:E0 AP50C4DD0F4DE0] WIRELESS: wl0.0 (5GHz): Deleting roamed station - 78:88:6d:c3:a3:2c

Jan  8 19:00:26 fl1-111-169-156-137.tky.mesh.ad.jp [50: C4:DD:0F:4D:E0 AP50C4DD0F4DE0] WIRELESS: wl1.0 (2.4GHz): Associated User - 78:88:6d:c3:a3:2c

Jan  8 19:04:37 fl1-111-169-156-137.tky.mesh.ad.jp [50: C4:DD:0F:4D:E0 AP50C4DD0F4DE0] WIRELESS: wl1.0 (2.4GHz): DisAssociated User - f8:95:ea:df:ee:b0

Jan  8 19:05:04 fl1-111-169-156-137.tky.mesh.ad.jp [50: C4:DD:0F:4D:E0 AP50C4DD0F4DE0] WIRELESS: wl1.0 (2.4GHz): DisAssociated User - a8:7d:12:c9:d7:d1

Jan  8 19:07:27 fl1-111-169-156-137.tky.mesh.ad.jp [50: C4:DD:0F:4D:E0 AP50C4DD0F4DE0] WIRELESS: wl1.0 (2.4GHz): Deleting roamed station - 78:88:6d:c3:a3:2c

Jan  8 19:07:27 fl1-111-169-156-137.tky.mesh.ad.jp [50: C4:DD:0F:4D:E0 AP50C4DD0F4DE0] WIRELESS: wl0.0 (5GHz): Associated User - 78:88:6d:c3:a3:2c

Jan  8 19:07:27 fl1-111-169-156-137.tky.mesh.ad.jp [50: C4:DD:0F:4D:E0 AP50C4DD0F4DE0] AUTH: wl0.0 (5GHz): Authenticated (WPA2-PSK) User - 78:88:6d:c3:a3:2c

Jan  8 19:42:45 fl1-111-169-156-137.tky.mesh.ad.jp [50: C4:DD:0F:4D:E0 AP50C4DD0F4DE0] WIRELESS: wl1 (2.4GHz): Detect interference(74per) [with Non-802.11] on channel 11.

Jan  8 19:45:15 fl1-111-169-156-137.tky.mesh.ad.jp [50: C4:DD:0F:4D:E0 AP50C4DD0F4DE0] WIRELESS: wl1.0 (2.4GHz): Encryption Key Renewing

Jan  8 19:45:30 fl1-111-169-156-137.tky.mesh.ad.jp [50: C4:DD:0F:4D:E0 AP50C4DD0F4DE0] WIRELESS: wl0.0 (5GHz): Encryption Key Renewing

Jan  8 19:56:52 fl1-111-169-156-137.tky.mesh.ad.jp [50: C4:DD:0F:4D:E0 AP50C4DD0F4DE0] WIRELESS: wl0.0 (5GHz): Deleting roamed station - 78:88:6d:c3:a3:2c

Jan  8 19:56:52 fl1-111-169-156-137.tky.mesh.ad.jp [50: C4:DD:0F:4D:E0 AP50C4DD0F4DE0] WIRELESS: wl1.0 (2.4GHz): Associated User - 78:88:6d:c3:a3:2c

Jan  8 19:56:52 fl1-111-169-156-137.tky.mesh.ad.jp [50: C4:DD:0F:4D:E0 AP50C4DD0F4DE0] AUTH: wl1.0 (2.4GHz): Authenticated (WPA2-PSK) User - 78:88:6d:c3:a3:2c

Jan  8 20:12:19 fl1-111-169-156-137.tky.mesh.ad.jp [50: C4:DD:0F:4D:E0 AP50C4DD0F4DE0] WIRELESS: wl0.0 (5GHz): Associated User - 78:88:6d:c3:a3:2c

Jan  8 20:12:19 fl1-111-169-156-137.tky.mesh.ad.jp [50: C4:DD:0F:4D:E0 AP50C4DD0F4DE0] WIRELESS: wl1.0 (2.4GHz): Deleting roamed station - 78:88:6d:c3:a3:2c

Jan  8 20:12:19 fl1-111-169-156-137.tky.mesh.ad.jp [50: C4:DD:0F:4D:E0 AP50C4DD0F4DE0] AUTH: wl0.0 (5GHz): Authenticated (WPA2-PSK) User - 78:88:6d:c3:a3:2c

Jan  8 20:45:15 fl1-111-169-156-137.tky.mesh.ad.jp [50: C4:DD:0F:4D:E0 AP50C4DD0F4DE0] WIRELESS: wl1.0 (2.4GHz): Encryption Key Renewing

Jan  8 20:45:30 fl1-111-169-156-137.tky.mesh.ad.jp [50: C4:DD:0F:4D:E0 AP50C4DD0F4DE0] WIRELESS: wl0.0 (5GHz): Encryption Key Renewing

Jan  8 21:45:15 fl1-111-169-156-137.tky.mesh.ad.jp [50: C4:DD:0F:4D:E0 AP50C4DD0F4DE0] WIRELESS: wl1.0 (2.4GHz): Encryption Key Renewing

Jan  8 21:45:30 fl1-111-169-156-137.tky.mesh.ad.jp [50: C4:DD:0F:4D:E0 AP50C4DD0F4DE0] WIRELESS: wl0.0 (5GHz): Encryption Key Renewing

Jan  8 22:45:15 fl1-111-169-156-137.tky.mesh.ad.jp [50: C4:DD:0F:4D:E0 AP50C4DD0F4DE0] WIRELESS: wl1.0 (2.4GHz): Encryption Key Renewing

Jan  8 22:45:30 fl1-111-169-156-137.tky.mesh.ad.jp [50: C4:DD:0F:4D:E0 AP50C4DD0F4DE0] WIRELESS: wl0.0 (5GHz): Encryption Key Renewing

Jan  8 23:45:15 fl1-111-169-156-137.tky.mesh.ad.jp [50: C4:DD:0F:4D:E0 AP50C4DD0F4DE0] WIRELESS: wl1.0 (2.4GHz): Encryption Key Renewing

Jan  8 23:45:30 fl1-111-169-156-137.tky.mesh.ad.jp [50: C4:DD:0F:4D:E0 AP50C4DD0F4DE0] WIRELESS: wl0.0 (5GHz): Encryption Key Renewing

