Jan 18 00:18:23 fl1-111-169-156-137.tky.mesh.ad.jp [50: C4:DD:0F:4D:E0 AP50C4DD0F4DE0] WIRELESS: wl0.0 (5GHz): Associated User - 78:88:6d:c3:a3:2c

Jan 18 00:18:23 fl1-111-169-156-137.tky.mesh.ad.jp [50: C4:DD:0F:4D:E0 AP50C4DD0F4DE0] AUTH: wl0.0 (5GHz): Authenticated (WPA2-PSK) User - 78:88:6d:c3:a3:2c

Jan 18 00:45:14 fl1-111-169-156-137.tky.mesh.ad.jp [50: C4:DD:0F:4D:E0 AP50C4DD0F4DE0] WIRELESS: wl1.0 (2.4GHz): Encryption Key Renewing

Jan 18 00:45:29 fl1-111-169-156-137.tky.mesh.ad.jp [50: C4:DD:0F:4D:E0 AP50C4DD0F4DE0] WIRELESS: wl0.0 (5GHz): Encryption Key Renewing

Jan 18 01:21:59 fl1-111-169-156-137.tky.mesh.ad.jp [50: C4:DD:0F:4D:E0 AP50C4DD0F4DE0] AUTH: wl1.0 (2.4GHz): Authenticated (WPA2-PSK) User - 78:88:6d:c3:a3:2c

Jan 18 01:21:59 fl1-111-169-156-137.tky.mesh.ad.jp [50: C4:DD:0F:4D:E0 AP50C4DD0F4DE0] WIRELESS: wl0.0 (5GHz): Deleting roamed station - 78:88:6d:c3:a3:2c

Jan 18 01:21:59 fl1-111-169-156-137.tky.mesh.ad.jp [50: C4:DD:0F:4D:E0 AP50C4DD0F4DE0] WIRELESS: wl1.0 (2.4GHz): Associated User - 78:88:6d:c3:a3:2c

Jan 18 01:28:05 fl1-111-169-156-137.tky.mesh.ad.jp [50: C4:DD:0F:4D:E0 AP50C4DD0F4DE0] WIRELESS: wl1.0 (2.4GHz): DisAssociated User - 78:88:6d:c3:a3:2c

Jan 18 01:28:12 fl1-111-169-156-137.tky.mesh.ad.jp [50: C4:DD:0F:4D:E0 AP50C4DD0F4DE0] WIRELESS: wl1.0 (2.4GHz): Associated User - 78:88:6d:c3:a3:2c

Jan 18 01:28:12 fl1-111-169-156-137.tky.mesh.ad.jp [50: C4:DD:0F:4D:E0 AP50C4DD0F4DE0] AUTH: wl1.0 (2.4GHz): Authenticated (WPA2-PSK) User - 78:88:6d:c3:a3:2c

Jan 18 01:28:20 fl1-111-169-156-137.tky.mesh.ad.jp [50: C4:DD:0F:4D:E0 AP50C4DD0F4DE0] WIRELESS: wl1.0 (2.4GHz): Deleting roamed station - 78:88:6d:c3:a3:2c

Jan 18 01:28:20 fl1-111-169-156-137.tky.mesh.ad.jp [50: C4:DD:0F:4D:E0 AP50C4DD0F4DE0] WIRELESS: wl0.0 (5GHz): Associated User - 78:88:6d:c3:a3:2c

Jan 18 01:28:20 fl1-111-169-156-137.tky.mesh.ad.jp [50: C4:DD:0F:4D:E0 AP50C4DD0F4DE0] AUTH: wl0.0 (5GHz): Authenticated (WPA2-PSK) User - 78:88:6d:c3:a3:2c

Jan 18 01:45:14 fl1-111-169-156-137.tky.mesh.ad.jp [50: C4:DD:0F:4D:E0 AP50C4DD0F4DE0] WIRELESS: wl1.0 (2.4GHz): Encryption Key Renewing

Jan 18 01:45:29 fl1-111-169-156-137.tky.mesh.ad.jp [50: C4:DD:0F:4D:E0 AP50C4DD0F4DE0] WIRELESS: wl0.0 (5GHz): Encryption Key Renewing

Jan 18 02:45:14 fl1-111-169-156-137.tky.mesh.ad.jp [50: C4:DD:0F:4D:E0 AP50C4DD0F4DE0] WIRELESS: wl1.0 (2.4GHz): Encryption Key Renewing

Jan 18 02:45:29 fl1-111-169-156-137.tky.mesh.ad.jp [50: C4:DD:0F:4D:E0 AP50C4DD0F4DE0] WIRELESS: wl0.0 (5GHz): Encryption Key Renewing

Jan 18 03:45:14 fl1-111-169-156-137.tky.mesh.ad.jp [50: C4:DD:0F:4D:E0 AP50C4DD0F4DE0] WIRELESS: wl1.0 (2.4GHz): Encryption Key Renewing

Jan 18 03:45:29 fl1-111-169-156-137.tky.mesh.ad.jp [50: C4:DD:0F:4D:E0 AP50C4DD0F4DE0] WIRELESS: wl0.0 (5GHz): Encryption Key Renewing

Jan 18 04:45:14 fl1-111-169-156-137.tky.mesh.ad.jp [50: C4:DD:0F:4D:E0 AP50C4DD0F4DE0] WIRELESS: wl1.0 (2.4GHz): Encryption Key Renewing

Jan 18 04:45:29 fl1-111-169-156-137.tky.mesh.ad.jp [50: C4:DD:0F:4D:E0 AP50C4DD0F4DE0] WIRELESS: wl0.0 (5GHz): Encryption Key Renewing

Jan 18 05:41:03 fl1-111-169-156-137.tky.mesh.ad.jp [50: C4:DD:0F:4D:E0 AP50C4DD0F4DE0] WIRELESS: wl0.0 (5GHz): Deleting roamed station - 78:88:6d:c3:a3:2c

Jan 18 05:41:03 fl1-111-169-156-137.tky.mesh.ad.jp [50: C4:DD:0F:4D:E0 AP50C4DD0F4DE0] WIRELESS: wl1.0 (2.4GHz): Associated User - 78:88:6d:c3:a3:2c

Jan 18 05:41:03 fl1-111-169-156-137.tky.mesh.ad.jp [50: C4:DD:0F:4D:E0 AP50C4DD0F4DE0] AUTH: wl1.0 (2.4GHz): Authenticated (WPA2-PSK) User - 78:88:6d:c3:a3:2c

Jan 18 05:41:09 fl1-111-169-156-137.tky.mesh.ad.jp [50: C4:DD:0F:4D:E0 AP50C4DD0F4DE0] WIRELESS: wl1.0 (2.4GHz): Deleting roamed station - 78:88:6d:c3:a3:2c

Jan 18 05:41:09 fl1-111-169-156-137.tky.mesh.ad.jp [50: C4:DD:0F:4D:E0 AP50C4DD0F4DE0] WIRELESS: wl0.0 (5GHz): Associated User - 78:88:6d:c3:a3:2c

Jan 18 05:41:09 fl1-111-169-156-137.tky.mesh.ad.jp [50: C4:DD:0F:4D:E0 AP50C4DD0F4DE0] AUTH: wl0.0 (5GHz): Authenticated (WPA2-PSK) User - 78:88:6d:c3:a3:2c

Jan 18 05:41:21 fl1-111-169-156-137.tky.mesh.ad.jp [50: C4:DD:0F:4D:E0 AP50C4DD0F4DE0] WIRELESS: wl0.0 (5GHz): Deleting roamed station - 78:88:6d:c3:a3:2c

Jan 18 05:41:21 fl1-111-169-156-137.tky.mesh.ad.jp [50: C4:DD:0F:4D:E0 AP50C4DD0F4DE0] WIRELESS: wl1.0 (2.4GHz): Associated User - 78:88:6d:c3:a3:2c

Jan 18 05:41:21 fl1-111-169-156-137.tky.mesh.ad.jp [50: C4:DD:0F:4D:E0 AP50C4DD0F4DE0] AUTH: wl1.0 (2.4GHz): Authenticated (WPA2-PSK) User - 78:88:6d:c3:a3:2c

Jan 18 05:43:01 fl1-111-169-156-137.tky.mesh.ad.jp [50: C4:DD:0F:4D:E0 AP50C4DD0F4DE0] WIRELESS: wl1.0 (2.4GHz): Deleting roamed station - 78:88:6d:c3:a3:2c

Jan 18 05:43:01 fl1-111-169-156-137.tky.mesh.ad.jp [50: C4:DD:0F:4D:E0 AP50C4DD0F4DE0] WIRELESS: wl0.0 (5GHz): Associated User - 78:88:6d:c3:a3:2c

Jan 18 05:43:01 fl1-111-169-156-137.tky.mesh.ad.jp [50: C4:DD:0F:4D:E0 AP50C4DD0F4DE0] AUTH: wl0.0 (5GHz): Authenticated (WPA2-PSK) User - 78:88:6d:c3:a3:2c

Jan 18 05:45:14 fl1-111-169-156-137.tky.mesh.ad.jp [50: C4:DD:0F:4D:E0 AP50C4DD0F4DE0] WIRELESS: wl1.0 (2.4GHz): Encryption Key Renewing

Jan 18 05:45:29 fl1-111-169-156-137.tky.mesh.ad.jp [50: C4:DD:0F:4D:E0 AP50C4DD0F4DE0] WIRELESS: wl0.0 (5GHz): Encryption Key Renewing

Jan 18 05:48:13 fl1-111-169-156-137.tky.mesh.ad.jp [50: C4:DD:0F:4D:E0 AP50C4DD0F4DE0] WIRELESS: wl1.0 (2.4GHz): Associated User - 78:88:6d:c3:a3:2c

Jan 18 05:48:13 fl1-111-169-156-137.tky.mesh.ad.jp [50: C4:DD:0F:4D:E0 AP50C4DD0F4DE0] WIRELESS: wl0.0 (5GHz): Deleting roamed station - 78:88:6d:c3:a3:2c

Jan 18 05:48:13 fl1-111-169-156-137.tky.mesh.ad.jp [50: C4:DD:0F:4D:E0 AP50C4DD0F4DE0] AUTH: wl1.0 (2.4GHz): Authenticated (WPA2-PSK) User - 78:88:6d:c3:a3:2c

Jan 18 05:50:48 fl1-111-169-156-137.tky.mesh.ad.jp [50: C4:DD:0F:4D:E0 AP50C4DD0F4DE0] WIRELESS: wl1.0 (2.4GHz): Deleting roamed station - 78:88:6d:c3:a3:2c

Jan 18 05:50:48 fl1-111-169-156-137.tky.mesh.ad.jp [50: C4:DD:0F:4D:E0 AP50C4DD0F4DE0] WIRELESS: wl0.0 (5GHz): Associated User - 78:88:6d:c3:a3:2c

Jan 18 05:50:48 fl1-111-169-156-137.tky.mesh.ad.jp [50: C4:DD:0F:4D:E0 AP50C4DD0F4DE0] AUTH: wl0.0 (5GHz): Authenticated (WPA2-PSK) User - 78:88:6d:c3:a3:2c

Jan 18 06:03:10 fl1-111-169-156-137.tky.mesh.ad.jp [50: C4:DD:0F:4D:E0 AP50C4DD0F4DE0] WIRELESS: wl0.0 (5GHz): Deleting roamed station - 78:88:6d:c3:a3:2c

Jan 18 06:03:10 fl1-111-169-156-137.tky.mesh.ad.jp [50: C4:DD:0F:4D:E0 AP50C4DD0F4DE0] WIRELESS: wl1.0 (2.4GHz): Associated User - 78:88:6d:c3:a3:2c

Jan 18 06:03:10 fl1-111-169-156-137.tky.mesh.ad.jp [50: C4:DD:0F:4D:E0 AP50C4DD0F4DE0] AUTH: wl1.0 (2.4GHz): Authenticated (WPA2-PSK) User - 78:88:6d:c3:a3:2c

Jan 18 06:04:31 fl1-111-169-156-137.tky.mesh.ad.jp [50: C4:DD:0F:4D:E0 AP50C4DD0F4DE0] WIRELESS: wl1.0 (2.4GHz): Deleting roamed station - 78:88:6d:c3:a3:2c

Jan 18 06:04:31 fl1-111-169-156-137.tky.mesh.ad.jp [50: C4:DD:0F:4D:E0 AP50C4DD0F4DE0] WIRELESS: wl0.0 (5GHz): Associated User - 78:88:6d:c3:a3:2c

Jan 18 06:04:31 fl1-111-169-156-137.tky.mesh.ad.jp [50: C4:DD:0F:4D:E0 AP50C4DD0F4DE0] AUTH: wl0.0 (5GHz): Authenticated (WPA2-PSK) User - 78:88:6d:c3:a3:2c

Jan 18 06:45:14 fl1-111-169-156-137.tky.mesh.ad.jp [50: C4:DD:0F:4D:E0 AP50C4DD0F4DE0] WIRELESS: wl1.0 (2.4GHz): Encryption Key Renewing

Jan 18 06:45:29 fl1-111-169-156-137.tky.mesh.ad.jp [50: C4:DD:0F:4D:E0 AP50C4DD0F4DE0] WIRELESS: wl0.0 (5GHz): Encryption Key Renewing

Jan 18 07:43:16 fl1-111-169-156-137.tky.mesh.ad.jp [50: C4:DD:0F:4D:E0 AP50C4DD0F4DE0] WIRELESS: wl1.0 (2.4GHz): Associated User - 78:88:6d:c3:a3:2c

Jan 18 07:43:16 fl1-111-169-156-137.tky.mesh.ad.jp [50: C4:DD:0F:4D:E0 AP50C4DD0F4DE0] WIRELESS: wl0.0 (5GHz): Deleting roamed station - 78:88:6d:c3:a3:2c

Jan 18 07:43:16 fl1-111-169-156-137.tky.mesh.ad.jp [50: C4:DD:0F:4D:E0 AP50C4DD0F4DE0] AUTH: wl1.0 (2.4GHz): Authenticated (WPA2-PSK) User - 78:88:6d:c3:a3:2c

Jan 18 07:44:01 fl1-111-169-156-137.tky.mesh.ad.jp [50: C4:DD:0F:4D:E0 AP50C4DD0F4DE0] WIRELESS: wl0.0 (5GHz): Associated User - 78:88:6d:c3:a3:2c

Jan 18 07:44:01 fl1-111-169-156-137.tky.mesh.ad.jp [50: C4:DD:0F:4D:E0 AP50C4DD0F4DE0] WIRELESS: wl1.0 (2.4GHz): Deleting roamed station - 78:88:6d:c3:a3:2c

Jan 18 07:44:01 fl1-111-169-156-137.tky.mesh.ad.jp [50: C4:DD:0F:4D:E0 AP50C4DD0F4DE0] AUTH: wl0.0 (5GHz): Authenticated (WPA2-PSK) User - 78:88:6d:c3:a3:2c

Jan 18 07:45:14 fl1-111-169-156-137.tky.mesh.ad.jp [50: C4:DD:0F:4D:E0 AP50C4DD0F4DE0] WIRELESS: wl1.0 (2.4GHz): Encryption Key Renewing

Jan 18 07:45:29 fl1-111-169-156-137.tky.mesh.ad.jp [50: C4:DD:0F:4D:E0 AP50C4DD0F4DE0] WIRELESS: wl0.0 (5GHz): Encryption Key Renewing

Jan 18 07:55:36 fl1-111-169-156-137.tky.mesh.ad.jp [50: C4:DD:0F:4D:E0 AP50C4DD0F4DE0] WIRELESS: wl1.0 (2.4GHz): Associated User - 78:88:6d:c3:a3:2c

Jan 18 07:55:36 fl1-111-169-156-137.tky.mesh.ad.jp [50: C4:DD:0F:4D:E0 AP50C4DD0F4DE0] AUTH: wl1.0 (2.4GHz): Authenticated (WPA2-PSK) User - 78:88:6d:c3:a3:2c

Jan 18 07:55:36 fl1-111-169-156-137.tky.mesh.ad.jp [50: C4:DD:0F:4D:E0 AP50C4DD0F4DE0] WIRELESS: wl0.0 (5GHz): Deleting roamed station - 78:88:6d:c3:a3:2c

Jan 18 07:58:41 fl1-111-169-156-137.tky.mesh.ad.jp [50: C4:DD:0F:4D:E0 AP50C4DD0F4DE0] WIRELESS: wl1.0 (2.4GHz): Deleting roamed station - 78:88:6d:c3:a3:2c

Jan 18 07:58:41 fl1-111-169-156-137.tky.mesh.ad.jp [50: C4:DD:0F:4D:E0 AP50C4DD0F4DE0] WIRELESS: wl0.0 (5GHz): Associated User - 78:88:6d:c3:a3:2c

Jan 18 07:58:41 fl1-111-169-156-137.tky.mesh.ad.jp [50: C4:DD:0F:4D:E0 AP50C4DD0F4DE0] AUTH: wl0.0 (5GHz): Authenticated (WPA2-PSK) User - 78:88:6d:c3:a3:2c

Jan 18 08:45:14 fl1-111-169-156-137.tky.mesh.ad.jp [50: C4:DD:0F:4D:E0 AP50C4DD0F4DE0] WIRELESS: wl1.0 (2.4GHz): Encryption Key Renewing

Jan 18 08:45:29 fl1-111-169-156-137.tky.mesh.ad.jp [50: C4:DD:0F:4D:E0 AP50C4DD0F4DE0] WIRELESS: wl0.0 (5GHz): Encryption Key Renewing

Jan 18 09:45:14 fl1-111-169-156-137.tky.mesh.ad.jp [50: C4:DD:0F:4D:E0 AP50C4DD0F4DE0] WIRELESS: wl1.0 (2.4GHz): Encryption Key Renewing

Jan 18 09:45:29 fl1-111-169-156-137.tky.mesh.ad.jp [50: C4:DD:0F:4D:E0 AP50C4DD0F4DE0] WIRELESS: wl0.0 (5GHz): Encryption Key Renewing

Jan 18 10:45:14 fl1-111-169-156-137.tky.mesh.ad.jp [50: C4:DD:0F:4D:E0 AP50C4DD0F4DE0] WIRELESS: wl1.0 (2.4GHz): Encryption Key Renewing

Jan 18 10:45:29 fl1-111-169-156-137.tky.mesh.ad.jp [50: C4:DD:0F:4D:E0 AP50C4DD0F4DE0] WIRELESS: wl0.0 (5GHz): Encryption Key Renewing

Jan 18 11:45:14 fl1-111-169-156-137.tky.mesh.ad.jp [50: C4:DD:0F:4D:E0 AP50C4DD0F4DE0] WIRELESS: wl1.0 (2.4GHz): Encryption Key Renewing

Jan 18 11:45:29 fl1-111-169-156-137.tky.mesh.ad.jp [50: C4:DD:0F:4D:E0 AP50C4DD0F4DE0] WIRELESS: wl0.0 (5GHz): Encryption Key Renewing

Jan 18 12:08:11 fl1-111-169-156-137.tky.mesh.ad.jp [50: C4:DD:0F:4D:E0 AP50C4DD0F4DE0] WIRELESS: wl1.0 (2.4GHz): Associated User - 78:88:6d:c3:a3:2c

Jan 18 12:08:11 fl1-111-169-156-137.tky.mesh.ad.jp [50: C4:DD:0F:4D:E0 AP50C4DD0F4DE0] AUTH: wl1.0 (2.4GHz): Authenticated (WPA2-PSK) User - 78:88:6d:c3:a3:2c

Jan 18 12:08:11 fl1-111-169-156-137.tky.mesh.ad.jp [50: C4:DD:0F:4D:E0 AP50C4DD0F4DE0] WIRELESS: wl0.0 (5GHz): Deleting roamed station - 78:88:6d:c3:a3:2c

Jan 18 12:08:23 fl1-111-169-156-137.tky.mesh.ad.jp [50: C4:DD:0F:4D:E0 AP50C4DD0F4DE0] WIRELESS: wl1.0 (2.4GHz): Deleting roamed station - 78:88:6d:c3:a3:2c

Jan 18 12:08:23 fl1-111-169-156-137.tky.mesh.ad.jp [50: C4:DD:0F:4D:E0 AP50C4DD0F4DE0] WIRELESS: wl0.0 (5GHz): Associated User - 78:88:6d:c3:a3:2c

Jan 18 12:08:23 fl1-111-169-156-137.tky.mesh.ad.jp [50: C4:DD:0F:4D:E0 AP50C4DD0F4DE0] AUTH: wl0.0 (5GHz): Authenticated (WPA2-PSK) User - 78:88:6d:c3:a3:2c

Jan 18 12:44:53 fl1-111-169-156-137.tky.mesh.ad.jp [50: C4:DD:0F:4D:E0 AP50C4DD0F4DE0] WIRELESS: wl0.0 (5GHz): Deleting roamed station - 78:88:6d:c3:a3:2c

Jan 18 12:44:53 fl1-111-169-156-137.tky.mesh.ad.jp [50: C4:DD:0F:4D:E0 AP50C4DD0F4DE0] WIRELESS: wl1.0 (2.4GHz): Associated User - 78:88:6d:c3:a3:2c

Jan 18 12:44:53 fl1-111-169-156-137.tky.mesh.ad.jp [50: C4:DD:0F:4D:E0 AP50C4DD0F4DE0] AUTH: wl1.0 (2.4GHz): Authenticated (WPA2-PSK) User - 78:88:6d:c3:a3:2c

Jan 18 12:45:14 fl1-111-169-156-137.tky.mesh.ad.jp [50: C4:DD:0F:4D:E0 AP50C4DD0F4DE0] WIRELESS: wl1.0 (2.4GHz): Encryption Key Renewing

Jan 18 12:45:29 fl1-111-169-156-137.tky.mesh.ad.jp [50: C4:DD:0F:4D:E0 AP50C4DD0F4DE0] WIRELESS: wl0.0 (5GHz): Encryption Key Renewing

Jan 18 12:48:54 fl1-111-169-156-137.tky.mesh.ad.jp [50: C4:DD:0F:4D:E0 AP50C4DD0F4DE0] WIRELESS: wl1.0 (2.4GHz): Deleting roamed station - 78:88:6d:c3:a3:2c

Jan 18 12:48:54 fl1-111-169-156-137.tky.mesh.ad.jp [50: C4:DD:0F:4D:E0 AP50C4DD0F4DE0] WIRELESS: wl0.0 (5GHz): Associated User - 78:88:6d:c3:a3:2c

Jan 18 12:48:54 fl1-111-169-156-137.tky.mesh.ad.jp [50: C4:DD:0F:4D:E0 AP50C4DD0F4DE0] AUTH: wl0.0 (5GHz): Authenticated (WPA2-PSK) User - 78:88:6d:c3:a3:2c

Jan 18 13:06:37 fl1-111-169-156-137.tky.mesh.ad.jp [50: C4:DD:0F:4D:E0 AP50C4DD0F4DE0] WIRELESS: wl0.0 (5GHz): Deleting roamed station - 78:88:6d:c3:a3:2c

Jan 18 13:06:37 fl1-111-169-156-137.tky.mesh.ad.jp [50: C4:DD:0F:4D:E0 AP50C4DD0F4DE0] WIRELESS: wl1.0 (2.4GHz): Associated User - 78:88:6d:c3:a3:2c

Jan 18 13:06:37 fl1-111-169-156-137.tky.mesh.ad.jp [50: C4:DD:0F:4D:E0 AP50C4DD0F4DE0] AUTH: wl1.0 (2.4GHz): Authenticated (WPA2-PSK) User - 78:88:6d:c3:a3:2c

Jan 18 13:07:21 fl1-111-169-156-137.tky.mesh.ad.jp [50: C4:DD:0F:4D:E0 AP50C4DD0F4DE0] WIRELESS: wl1.0 (2.4GHz): Deleting roamed station - 78:88:6d:c3:a3:2c

Jan 18 13:07:21 fl1-111-169-156-137.tky.mesh.ad.jp [50: C4:DD:0F:4D:E0 AP50C4DD0F4DE0] WIRELESS: wl0.0 (5GHz): Associated User - 78:88:6d:c3:a3:2c

Jan 18 13:07:21 fl1-111-169-156-137.tky.mesh.ad.jp [50: C4:DD:0F:4D:E0 AP50C4DD0F4DE0] AUTH: wl0.0 (5GHz): Authenticated (WPA2-PSK) User - 78:88:6d:c3:a3:2c

Jan 18 13:45:14 fl1-111-169-156-137.tky.mesh.ad.jp [50: C4:DD:0F:4D:E0 AP50C4DD0F4DE0] WIRELESS: wl1.0 (2.4GHz): Encryption Key Renewing

Jan 18 13:45:29 fl1-111-169-156-137.tky.mesh.ad.jp [50: C4:DD:0F:4D:E0 AP50C4DD0F4DE0] WIRELESS: wl0.0 (5GHz): Encryption Key Renewing

Jan 18 14:42:23 fl1-111-169-156-137.tky.mesh.ad.jp [50: C4:DD:0F:4D:E0 AP50C4DD0F4DE0] WIRELESS: wl0.0 (5GHz): Deleting roamed station - 78:88:6d:c3:a3:2c

Jan 18 14:42:23 fl1-111-169-156-137.tky.mesh.ad.jp [50: C4:DD:0F:4D:E0 AP50C4DD0F4DE0] WIRELESS: wl1.0 (2.4GHz): Associated User - 78:88:6d:c3:a3:2c

Jan 18 14:42:23 fl1-111-169-156-137.tky.mesh.ad.jp [50: C4:DD:0F:4D:E0 AP50C4DD0F4DE0] AUTH: wl1.0 (2.4GHz): Authenticated (WPA2-PSK) User - 78:88:6d:c3:a3:2c

Jan 18 14:45:14 fl1-111-169-156-137.tky.mesh.ad.jp [50: C4:DD:0F:4D:E0 AP50C4DD0F4DE0] WIRELESS: wl1.0 (2.4GHz): Encryption Key Renewing

Jan 18 14:45:29 fl1-111-169-156-137.tky.mesh.ad.jp [50: C4:DD:0F:4D:E0 AP50C4DD0F4DE0] WIRELESS: wl0.0 (5GHz): Encryption Key Renewing

Jan 18 14:48:32 fl1-111-169-156-137.tky.mesh.ad.jp [50: C4:DD:0F:4D:E0 AP50C4DD0F4DE0] WIRELESS: wl1.0 (2.4GHz): Deleting roamed station - 78:88:6d:c3:a3:2c

Jan 18 14:48:32 fl1-111-169-156-137.tky.mesh.ad.jp [50: C4:DD:0F:4D:E0 AP50C4DD0F4DE0] WIRELESS: wl0.0 (5GHz): Associated User - 78:88:6d:c3:a3:2c

Jan 18 14:48:32 fl1-111-169-156-137.tky.mesh.ad.jp [50: C4:DD:0F:4D:E0 AP50C4DD0F4DE0] AUTH: wl0.0 (5GHz): Authenticated (WPA2-PSK) User - 78:88:6d:c3:a3:2c

Jan 18 15:00:57 fl1-111-169-156-137.tky.mesh.ad.jp [50: C4:DD:0F:4D:E0 AP50C4DD0F4DE0] WIRELESS: wl1.0 (2.4GHz): Associated User - 78:88:6d:c3:a3:2c

Jan 18 15:00:57 fl1-111-169-156-137.tky.mesh.ad.jp [50: C4:DD:0F:4D:E0 AP50C4DD0F4DE0] WIRELESS: wl0.0 (5GHz): Deleting roamed station - 78:88:6d:c3:a3:2c

Jan 18 15:00:57 fl1-111-169-156-137.tky.mesh.ad.jp [50: C4:DD:0F:4D:E0 AP50C4DD0F4DE0] AUTH: wl1.0 (2.4GHz): Authenticated (WPA2-PSK) User - 78:88:6d:c3:a3:2c

Jan 18 15:04:01 fl1-111-169-156-137.tky.mesh.ad.jp [50: C4:DD:0F:4D:E0 AP50C4DD0F4DE0] WIRELESS: wl1.0 (2.4GHz): Deleting roamed station - 78:88:6d:c3:a3:2c

Jan 18 15:04:01 fl1-111-169-156-137.tky.mesh.ad.jp [50: C4:DD:0F:4D:E0 AP50C4DD0F4DE0] WIRELESS: wl0.0 (5GHz): Associated User - 78:88:6d:c3:a3:2c

Jan 18 15:04:02 fl1-111-169-156-137.tky.mesh.ad.jp [50: C4:DD:0F:4D:E0 AP50C4DD0F4DE0] AUTH: wl0.0 (5GHz): Authenticated (WPA2-PSK) User - 78:88:6d:c3:a3:2c

Jan 18 15:39:46 fl1-111-169-156-137.tky.mesh.ad.jp [50: C4:DD:0F:4D:E0 AP50C4DD0F4DE0] AUTH: wl1.0 (2.4GHz): Authenticated (WPA2-PSK) User - 78:88:6d:c3:a3:2c

Jan 18 15:39:46 fl1-111-169-156-137.tky.mesh.ad.jp [50: C4:DD:0F:4D:E0 AP50C4DD0F4DE0] WIRELESS: wl0.0 (5GHz): Deleting roamed station - 78:88:6d:c3:a3:2c

Jan 18 15:40:25 fl1-111-169-156-137.tky.mesh.ad.jp [50: C4:DD:0F:4D:E0 AP50C4DD0F4DE0] WIRELESS: wl1.0 (2.4GHz): Deleting roamed station - 78:88:6d:c3:a3:2c

Jan 18 15:40:25 fl1-111-169-156-137.tky.mesh.ad.jp [50: C4:DD:0F:4D:E0 AP50C4DD0F4DE0] WIRELESS: wl0.0 (5GHz): Associated User - 78:88:6d:c3:a3:2c

Jan 18 15:40:25 fl1-111-169-156-137.tky.mesh.ad.jp [50: C4:DD:0F:4D:E0 AP50C4DD0F4DE0] AUTH: wl0.0 (5GHz): Authenticated (WPA2-PSK) User - 78:88:6d:c3:a3:2c

Jan 18 15:45:14 fl1-111-169-156-137.tky.mesh.ad.jp [50: C4:DD:0F:4D:E0 AP50C4DD0F4DE0] WIRELESS: wl1.0 (2.4GHz): Encryption Key Renewing

Jan 18 15:45:29 fl1-111-169-156-137.tky.mesh.ad.jp [50: C4:DD:0F:4D:E0 AP50C4DD0F4DE0] WIRELESS: wl0.0 (5GHz): Encryption Key Renewing

Jan 18 16:31:45 fl1-111-169-156-137.tky.mesh.ad.jp [50: C4:DD:0F:4D:E0 AP50C4DD0F4DE0] WIRELESS: wl0.0 (5GHz): Deleting roamed station - 78:88:6d:c3:a3:2c

Jan 18 16:31:45 fl1-111-169-156-137.tky.mesh.ad.jp [50: C4:DD:0F:4D:E0 AP50C4DD0F4DE0] WIRELESS: wl1.0 (2.4GHz): Associated User - 78:88:6d:c3:a3:2c

Jan 18 16:31:45 fl1-111-169-156-137.tky.mesh.ad.jp [50: C4:DD:0F:4D:E0 AP50C4DD0F4DE0] AUTH: wl1.0 (2.4GHz): Authenticated (WPA2-PSK) User - 78:88:6d:c3:a3:2c

Jan 18 16:34:49 fl1-111-169-156-137.tky.mesh.ad.jp [50: C4:DD:0F:4D:E0 AP50C4DD0F4DE0] WIRELESS: wl1.0 (2.4GHz): Deleting roamed station - 78:88:6d:c3:a3:2c

Jan 18 16:34:49 fl1-111-169-156-137.tky.mesh.ad.jp [50: C4:DD:0F:4D:E0 AP50C4DD0F4DE0] WIRELESS: wl0.0 (5GHz): Associated User - 78:88:6d:c3:a3:2c

Jan 18 16:34:49 fl1-111-169-156-137.tky.mesh.ad.jp [50: C4:DD:0F:4D:E0 AP50C4DD0F4DE0] AUTH: wl0.0 (5GHz): Authenticated (WPA2-PSK) User - 78:88:6d:c3:a3:2c

Jan 18 16:43:48 fl1-111-169-156-137.tky.mesh.ad.jp [50: C4:DD:0F:4D:E0 AP50C4DD0F4DE0] WIRELESS: wl1.0 (2.4GHz): Associated User - 78:88:6d:c3:a3:2c

Jan 18 16:43:48 fl1-111-169-156-137.tky.mesh.ad.jp [50: C4:DD:0F:4D:E0 AP50C4DD0F4DE0] WIRELESS: wl0.0 (5GHz): Deleting roamed station - 78:88:6d:c3:a3:2c

Jan 18 16:43:48 fl1-111-169-156-137.tky.mesh.ad.jp [50: C4:DD:0F:4D:E0 AP50C4DD0F4DE0] AUTH: wl1.0 (2.4GHz): Authenticated (WPA2-PSK) User - 78:88:6d:c3:a3:2c

Jan 18 16:45:13 fl1-111-169-156-137.tky.mesh.ad.jp [50: C4:DD:0F:4D:E0 AP50C4DD0F4DE0] WIRELESS: wl1.0 (2.4GHz): Encryption Key Renewing

Jan 18 16:45:29 fl1-111-169-156-137.tky.mesh.ad.jp [50: C4:DD:0F:4D:E0 AP50C4DD0F4DE0] WIRELESS: wl0.0 (5GHz): Encryption Key Renewing

Jan 18 16:45:53 fl1-111-169-156-137.tky.mesh.ad.jp [50: C4:DD:0F:4D:E0 AP50C4DD0F4DE0] WIRELESS: wl1.0 (2.4GHz): Deleting roamed station - 78:88:6d:c3:a3:2c

Jan 18 16:45:53 fl1-111-169-156-137.tky.mesh.ad.jp [50: C4:DD:0F:4D:E0 AP50C4DD0F4DE0] WIRELESS: wl0.0 (5GHz): Associated User - 78:88:6d:c3:a3:2c

Jan 18 16:45:53 fl1-111-169-156-137.tky.mesh.ad.jp [50: C4:DD:0F:4D:E0 AP50C4DD0F4DE0] AUTH: wl0.0 (5GHz): Authenticated (WPA2-PSK) User - 78:88:6d:c3:a3:2c

Jan 18 17:03:14 fl1-111-169-156-137.tky.mesh.ad.jp [50: C4:DD:0F:4D:E0 AP50C4DD0F4DE0] WIRELESS: wl0.0 (5GHz): Deleting roamed station - 78:88:6d:c3:a3:2c

Jan 18 17:03:14 fl1-111-169-156-137.tky.mesh.ad.jp [50: C4:DD:0F:4D:E0 AP50C4DD0F4DE0] WIRELESS: wl1.0 (2.4GHz): Associated User - 78:88:6d:c3:a3:2c

Jan 18 17:03:14 fl1-111-169-156-137.tky.mesh.ad.jp [50: C4:DD:0F:4D:E0 AP50C4DD0F4DE0] AUTH: wl1.0 (2.4GHz): Authenticated (WPA2-PSK) User - 78:88:6d:c3:a3:2c

Jan 18 17:06:19 fl1-111-169-156-137.tky.mesh.ad.jp [50: C4:DD:0F:4D:E0 AP50C4DD0F4DE0] WIRELESS: wl0.0 (5GHz): Associated User - 78:88:6d:c3:a3:2c

Jan 18 17:06:19 fl1-111-169-156-137.tky.mesh.ad.jp [50: C4:DD:0F:4D:E0 AP50C4DD0F4DE0] WIRELESS: wl1.0 (2.4GHz): Deleting roamed station - 78:88:6d:c3:a3:2c

Jan 18 17:06:19 fl1-111-169-156-137.tky.mesh.ad.jp [50: C4:DD:0F:4D:E0 AP50C4DD0F4DE0] AUTH: wl0.0 (5GHz): Authenticated (WPA2-PSK) User - 78:88:6d:c3:a3:2c

Jan 18 17:07:50 fl1-111-169-156-137.tky.mesh.ad.jp [50: C4:DD:0F:4D:E0 AP50C4DD0F4DE0] WIRELESS: wl0.0 (5GHz): Deleting roamed station - 78:88:6d:c3:a3:2c

Jan 18 17:07:50 fl1-111-169-156-137.tky.mesh.ad.jp [50: C4:DD:0F:4D:E0 AP50C4DD0F4DE0] WIRELESS: wl1.0 (2.4GHz): Associated User - 78:88:6d:c3:a3:2c

Jan 18 17:07:50 fl1-111-169-156-137.tky.mesh.ad.jp [50: C4:DD:0F:4D:E0 AP50C4DD0F4DE0] AUTH: wl1.0 (2.4GHz): Authenticated (WPA2-PSK) User - 78:88:6d:c3:a3:2c

Jan 18 17:08:01 fl1-111-169-156-137.tky.mesh.ad.jp [50: C4:DD:0F:4D:E0 AP50C4DD0F4DE0] WIRELESS: wl1.0 (2.4GHz): Deleting roamed station - 78:88:6d:c3:a3:2c

Jan 18 17:08:01 fl1-111-169-156-137.tky.mesh.ad.jp [50: C4:DD:0F:4D:E0 AP50C4DD0F4DE0] WIRELESS: wl0.0 (5GHz): Associated User - 78:88:6d:c3:a3:2c

Jan 18 17:08:02 fl1-111-169-156-137.tky.mesh.ad.jp [50: C4:DD:0F:4D:E0 AP50C4DD0F4DE0] AUTH: wl0.0 (5GHz): Authenticated (WPA2-PSK) User - 78:88:6d:c3:a3:2c

Jan 18 17:10:53 fl1-111-169-156-137.tky.mesh.ad.jp [50: C4:DD:0F:4D:E0 AP50C4DD0F4DE0] WIRELESS: wl1.0 (2.4GHz): DisAssociated User - 78:88:6d:c3:a3:2c

Jan 18 17:10:53 fl1-111-169-156-137.tky.mesh.ad.jp [50: C4:DD:0F:4D:E0 AP50C4DD0F4DE0] WIRELESS: wl1.0 (2.4GHz): Associated User - 78:88:6d:c3:a3:2c

Jan 18 17:11:19 fl1-111-169-156-137.tky.mesh.ad.jp [50: C4:DD:0F:4D:E0 AP50C4DD0F4DE0] WIRELESS: wl0.0 (5GHz): DisAssociated User - 78:88:6d:c3:a3:2c

Jan 18 17:11:23 fl1-111-169-156-137.tky.mesh.ad.jp [50: C4:DD:0F:4D:E0 AP50C4DD0F4DE0] WIRELESS: wl1.0 (2.4GHz): Associated User - 78:88:6d:c3:a3:2c

Jan 18 17:11:44 fl1-111-169-156-137.tky.mesh.ad.jp [50: C4:DD:0F:4D:E0 AP50C4DD0F4DE0] WIRELESS: wl0.0 (5GHz): Associated User - 78:88:6d:c3:a3:2c

Jan 18 17:11:44 fl1-111-169-156-137.tky.mesh.ad.jp [50: C4:DD:0F:4D:E0 AP50C4DD0F4DE0] AUTH: wl0.0 (5GHz): Authenticated (WPA2-PSK) User - 78:88:6d:c3:a3:2c

Jan 18 17:13:56 fl1-111-169-156-137.tky.mesh.ad.jp [50: C4:DD:0F:4D:E0 AP50C4DD0F4DE0] WIRELESS: wl1.0 (2.4GHz): Associated User - 78:88:6d:c3:a3:2c

Jan 18 17:13:56 fl1-111-169-156-137.tky.mesh.ad.jp [50: C4:DD:0F:4D:E0 AP50C4DD0F4DE0] WIRELESS: wl0.0 (5GHz): Deleting roamed station - 78:88:6d:c3:a3:2c

Jan 18 17:13:56 fl1-111-169-156-137.tky.mesh.ad.jp [50: C4:DD:0F:4D:E0 AP50C4DD0F4DE0] AUTH: wl1.0 (2.4GHz): Authenticated (WPA2-PSK) User - 78:88:6d:c3:a3:2c

Jan 18 17:16:58 fl1-111-169-156-137.tky.mesh.ad.jp [50: C4:DD:0F:4D:E0 AP50C4DD0F4DE0] WIRELESS: wl1.0 (2.4GHz): Deleting roamed station - 78:88:6d:c3:a3:2c

Jan 18 17:16:58 fl1-111-169-156-137.tky.mesh.ad.jp [50: C4:DD:0F:4D:E0 AP50C4DD0F4DE0] WIRELESS: wl0.0 (5GHz): Associated User - 78:88:6d:c3:a3:2c

Jan 18 17:16:58 fl1-111-169-156-137.tky.mesh.ad.jp [50: C4:DD:0F:4D:E0 AP50C4DD0F4DE0] AUTH: wl0.0 (5GHz): Authenticated (WPA2-PSK) User - 78:88:6d:c3:a3:2c

Jan 18 17:45:14 fl1-111-169-156-137.tky.mesh.ad.jp [50: C4:DD:0F:4D:E0 AP50C4DD0F4DE0] WIRELESS: wl1.0 (2.4GHz): Encryption Key Renewing

Jan 18 17:45:29 fl1-111-169-156-137.tky.mesh.ad.jp [50: C4:DD:0F:4D:E0 AP50C4DD0F4DE0] WIRELESS: wl0.0 (5GHz): Encryption Key Renewing

Jan 18 18:45:14 fl1-111-169-156-137.tky.mesh.ad.jp [50: C4:DD:0F:4D:E0 AP50C4DD0F4DE0] WIRELESS: wl1.0 (2.4GHz): Encryption Key Renewing

Jan 18 18:45:29 fl1-111-169-156-137.tky.mesh.ad.jp [50: C4:DD:0F:4D:E0 AP50C4DD0F4DE0] WIRELESS: wl0.0 (5GHz): Encryption Key Renewing

Jan 18 19:45:14 fl1-111-169-156-137.tky.mesh.ad.jp [50: C4:DD:0F:4D:E0 AP50C4DD0F4DE0] WIRELESS: wl1.0 (2.4GHz): Encryption Key Renewing

Jan 18 19:45:29 fl1-111-169-156-137.tky.mesh.ad.jp [50: C4:DD:0F:4D:E0 AP50C4DD0F4DE0] WIRELESS: wl0.0 (5GHz): Encryption Key Renewing

Jan 18 19:58:04 fl1-111-169-156-137.tky.mesh.ad.jp [50: C4:DD:0F:4D:E0 AP50C4DD0F4DE0] WIRELESS: wl1.0 (2.4GHz): Associated User - 78:88:6d:c3:a3:2c

Jan 18 19:58:04 fl1-111-169-156-137.tky.mesh.ad.jp [50: C4:DD:0F:4D:E0 AP50C4DD0F4DE0] WIRELESS: wl0.0 (5GHz): Deleting roamed station - 78:88:6d:c3:a3:2c

Jan 18 19:58:04 fl1-111-169-156-137.tky.mesh.ad.jp [50: C4:DD:0F:4D:E0 AP50C4DD0F4DE0] AUTH: wl1.0 (2.4GHz): Authenticated (WPA2-PSK) User - 78:88:6d:c3:a3:2c

Jan 18 20:03:34 fl1-111-169-156-137.tky.mesh.ad.jp [50: C4:DD:0F:4D:E0 AP50C4DD0F4DE0] WIRELESS: wl1.0 (2.4GHz): Deleting roamed station - 78:88:6d:c3:a3:2c

Jan 18 20:03:34 fl1-111-169-156-137.tky.mesh.ad.jp [50: C4:DD:0F:4D:E0 AP50C4DD0F4DE0] WIRELESS: wl0.0 (5GHz): Associated User - 78:88:6d:c3:a3:2c

Jan 18 20:03:34 fl1-111-169-156-137.tky.mesh.ad.jp [50: C4:DD:0F:4D:E0 AP50C4DD0F4DE0] AUTH: wl0.0 (5GHz): Authenticated (WPA2-PSK) User - 78:88:6d:c3:a3:2c

Jan 18 20:21:11 fl1-111-169-156-137.tky.mesh.ad.jp [50: C4:DD:0F:4D:E0 AP50C4DD0F4DE0] WIRELESS: wl0.0 (5GHz): Deleting roamed station - 78:88:6d:c3:a3:2c

Jan 18 20:21:11 fl1-111-169-156-137.tky.mesh.ad.jp [50: C4:DD:0F:4D:E0 AP50C4DD0F4DE0] WIRELESS: wl1.0 (2.4GHz): Associated User - 78:88:6d:c3:a3:2c

Jan 18 20:21:11 fl1-111-169-156-137.tky.mesh.ad.jp [50: C4:DD:0F:4D:E0 AP50C4DD0F4DE0] AUTH: wl1.0 (2.4GHz): Authenticated (WPA2-PSK) User - 78:88:6d:c3:a3:2c

Jan 18 20:24:15 fl1-111-169-156-137.tky.mesh.ad.jp [50: C4:DD:0F:4D:E0 AP50C4DD0F4DE0] WIRELESS: wl1.0 (2.4GHz): Deleting roamed station - 78:88:6d:c3:a3:2c

Jan 18 20:24:15 fl1-111-169-156-137.tky.mesh.ad.jp [50: C4:DD:0F:4D:E0 AP50C4DD0F4DE0] WIRELESS: wl0.0 (5GHz): Associated User - 78:88:6d:c3:a3:2c

Jan 18 20:24:15 fl1-111-169-156-137.tky.mesh.ad.jp [50: C4:DD:0F:4D:E0 AP50C4DD0F4DE0] AUTH: wl0.0 (5GHz): Authenticated (WPA2-PSK) User - 78:88:6d:c3:a3:2c

Jan 18 20:45:14 fl1-111-169-156-137.tky.mesh.ad.jp [50: C4:DD:0F:4D:E0 AP50C4DD0F4DE0] WIRELESS: wl1.0 (2.4GHz): Encryption Key Renewing

Jan 18 20:45:29 fl1-111-169-156-137.tky.mesh.ad.jp [50: C4:DD:0F:4D:E0 AP50C4DD0F4DE0] WIRELESS: wl0.0 (5GHz): Encryption Key Renewing

Jan 18 20:57:12 fl1-111-169-156-137.tky.mesh.ad.jp [50: C4:DD:0F:4D:E0 AP50C4DD0F4DE0] WIRELESS: wl0.0 (5GHz): Deleting roamed station - 78:88:6d:c3:a3:2c

Jan 18 20:57:12 fl1-111-169-156-137.tky.mesh.ad.jp [50: C4:DD:0F:4D:E0 AP50C4DD0F4DE0] WIRELESS: wl1.0 (2.4GHz): Associated User - 78:88:6d:c3:a3:2c

Jan 18 20:57:12 fl1-111-169-156-137.tky.mesh.ad.jp [50: C4:DD:0F:4D:E0 AP50C4DD0F4DE0] AUTH: wl1.0 (2.4GHz): Authenticated (WPA2-PSK) User - 78:88:6d:c3:a3:2c

Jan 18 20:57:50 fl1-111-169-156-137.tky.mesh.ad.jp [50: C4:DD:0F:4D:E0 AP50C4DD0F4DE0] WIRELESS: wl0.0 (5GHz): Associated User - 78:88:6d:c3:a3:2c

Jan 18 20:57:50 fl1-111-169-156-137.tky.mesh.ad.jp [50: C4:DD:0F:4D:E0 AP50C4DD0F4DE0] WIRELESS: wl1.0 (2.4GHz): Deleting roamed station - 78:88:6d:c3:a3:2c

Jan 18 20:57:50 fl1-111-169-156-137.tky.mesh.ad.jp [50: C4:DD:0F:4D:E0 AP50C4DD0F4DE0] AUTH: wl0.0 (5GHz): Authenticated (WPA2-PSK) User - 78:88:6d:c3:a3:2c

Jan 18 21:45:14 fl1-111-169-156-137.tky.mesh.ad.jp [50: C4:DD:0F:4D:E0 AP50C4DD0F4DE0] WIRELESS: wl1.0 (2.4GHz): Encryption Key Renewing

Jan 18 21:45:29 fl1-111-169-156-137.tky.mesh.ad.jp [50: C4:DD:0F:4D:E0 AP50C4DD0F4DE0] WIRELESS: wl0.0 (5GHz): Encryption Key Renewing

Jan 18 22:26:13 fl1-111-169-156-137.tky.mesh.ad.jp [50: C4:DD:0F:4D:E0 AP50C4DD0F4DE0] WIRELESS: wl1.0 (2.4GHz): Associated User - 78:88:6d:c3:a3:2c

Jan 18 22:26:13 fl1-111-169-156-137.tky.mesh.ad.jp [50: C4:DD:0F:4D:E0 AP50C4DD0F4DE0] WIRELESS: wl0.0 (5GHz): Deleting roamed station - 78:88:6d:c3:a3:2c

Jan 18 22:26:13 fl1-111-169-156-137.tky.mesh.ad.jp [50: C4:DD:0F:4D:E0 AP50C4DD0F4DE0] AUTH: wl1.0 (2.4GHz): Authenticated (WPA2-PSK) User - 78:88:6d:c3:a3:2c

Jan 18 22:26:46 fl1-111-169-156-137.tky.mesh.ad.jp [50: C4:DD:0F:4D:E0 AP50C4DD0F4DE0] WIRELESS: wl0.0 (5GHz): Associated User - 78:88:6d:c3:a3:2c

Jan 18 22:26:46 fl1-111-169-156-137.tky.mesh.ad.jp [50: C4:DD:0F:4D:E0 AP50C4DD0F4DE0] WIRELESS: wl1.0 (2.4GHz): Deleting roamed station - 78:88:6d:c3:a3:2c

Jan 18 22:26:46 fl1-111-169-156-137.tky.mesh.ad.jp [50: C4:DD:0F:4D:E0 AP50C4DD0F4DE0] AUTH: wl0.0 (5GHz): Authenticated (WPA2-PSK) User - 78:88:6d:c3:a3:2c

Jan 18 22:27:43 fl1-111-169-156-137.tky.mesh.ad.jp [50: C4:DD:0F:4D:E0 AP50C4DD0F4DE0] WIRELESS: wl1.0 (2.4GHz): Associated User - 78:88:6d:c3:a3:2c

Jan 18 22:27:43 fl1-111-169-156-137.tky.mesh.ad.jp [50: C4:DD:0F:4D:E0 AP50C4DD0F4DE0] WIRELESS: wl0.0 (5GHz): Deleting roamed station - 78:88:6d:c3:a3:2c

Jan 18 22:27:43 fl1-111-169-156-137.tky.mesh.ad.jp [50: C4:DD:0F:4D:E0 AP50C4DD0F4DE0] AUTH: wl1.0 (2.4GHz): Authenticated (WPA2-PSK) User - 78:88:6d:c3:a3:2c

Jan 18 22:28:47 fl1-111-169-156-137.tky.mesh.ad.jp [50: C4:DD:0F:4D:E0 AP50C4DD0F4DE0] WIRELESS: wl0.0 (5GHz): Associated User - 78:88:6d:c3:a3:2c

Jan 18 22:28:47 fl1-111-169-156-137.tky.mesh.ad.jp [50: C4:DD:0F:4D:E0 AP50C4DD0F4DE0] WIRELESS: wl1.0 (2.4GHz): Deleting roamed station - 78:88:6d:c3:a3:2c

Jan 18 22:28:47 fl1-111-169-156-137.tky.mesh.ad.jp [50: C4:DD:0F:4D:E0 AP50C4DD0F4DE0] AUTH: wl0.0 (5GHz): Authenticated (WPA2-PSK) User - 78:88:6d:c3:a3:2c

Jan 18 22:45:14 fl1-111-169-156-137.tky.mesh.ad.jp [50: C4:DD:0F:4D:E0 AP50C4DD0F4DE0] WIRELESS: wl1.0 (2.4GHz): Encryption Key Renewing

Jan 18 22:45:29 fl1-111-169-156-137.tky.mesh.ad.jp [50: C4:DD:0F:4D:E0 AP50C4DD0F4DE0] WIRELESS: wl0.0 (5GHz): Encryption Key Renewing

Jan 18 23:45:13 fl1-111-169-156-137.tky.mesh.ad.jp [50: C4:DD:0F:4D:E0 AP50C4DD0F4DE0] WIRELESS: wl1.0 (2.4GHz): Encryption Key Renewing

Jan 18 23:45:29 fl1-111-169-156-137.tky.mesh.ad.jp [50: C4:DD:0F:4D:E0 AP50C4DD0F4DE0] WIRELESS: wl0.0 (5GHz): Encryption Key Renewing

