Jan 17 00:03:17 fl1-111-169-156-137.tky.mesh.ad.jp [50: C4:DD:0F:3E:C0 AP50C4DD0F3EC0] WIRELESS: wl1.0 (2.4GHz): Encryption Key Renewing

Jan 17 00:03:17 fl1-111-169-156-137.tky.mesh.ad.jp [50: C4:DD:0F:3E:C0 AP50C4DD0F3EC0] WIRELESS: wl0.0 (5GHz): Encryption Key Renewing

Jan 17 00:33:05 fl1-111-169-156-137.tky.mesh.ad.jp [50: C4:DD:0F:3E:C0 AP50C4DD0F3EC0] WIRELESS: wl1 (2.4GHz): AutoChannel selected Channel 10 / 20 MHz

Jan 17 01:03:17 fl1-111-169-156-137.tky.mesh.ad.jp [50: C4:DD:0F:3E:C0 AP50C4DD0F3EC0] WIRELESS: wl0.0 (5GHz): Encryption Key Renewing

Jan 17 01:03:17 fl1-111-169-156-137.tky.mesh.ad.jp [50: C4:DD:0F:3E:C0 AP50C4DD0F3EC0] WIRELESS: wl1.0 (2.4GHz): Encryption Key Renewing

Jan 17 01:33:06 fl1-111-169-156-137.tky.mesh.ad.jp [50: C4:DD:0F:3E:C0 AP50C4DD0F3EC0] WIRELESS: wl1 (2.4GHz): AutoChannel selected Channel 10 / 20 MHz

Jan 17 02:03:17 fl1-111-169-156-137.tky.mesh.ad.jp [50: C4:DD:0F:3E:C0 AP50C4DD0F3EC0] WIRELESS: wl1.0 (2.4GHz): Encryption Key Renewing

Jan 17 02:03:17 fl1-111-169-156-137.tky.mesh.ad.jp [50: C4:DD:0F:3E:C0 AP50C4DD0F3EC0] WIRELESS: wl0.0 (5GHz): Encryption Key Renewing

Jan 17 02:33:07 fl1-111-169-156-137.tky.mesh.ad.jp [50: C4:DD:0F:3E:C0 AP50C4DD0F3EC0] WIRELESS: wl1 (2.4GHz): AutoChannel selected Channel 10 / 20 MHz

Jan 17 03:03:17 fl1-111-169-156-137.tky.mesh.ad.jp [50: C4:DD:0F:3E:C0 AP50C4DD0F3EC0] WIRELESS: wl1.0 (2.4GHz): Encryption Key Renewing

Jan 17 03:03:17 fl1-111-169-156-137.tky.mesh.ad.jp [50: C4:DD:0F:3E:C0 AP50C4DD0F3EC0] WIRELESS: wl0.0 (5GHz): Encryption Key Renewing

Jan 17 03:33:08 fl1-111-169-156-137.tky.mesh.ad.jp [50: C4:DD:0F:3E:C0 AP50C4DD0F3EC0] WIRELESS: wl1 (2.4GHz): AutoChannel selected Channel 10 / 20 MHz

Jan 17 03:44:33 fl1-111-169-156-137.tky.mesh.ad.jp [50: C4:DD:0F:3E:C0 AP50C4DD0F3EC0] WIRELESS: wl1.0 (2.4GHz): Associated User - d4:61:9d:7e:86:aa

Jan 17 03:44:33 fl1-111-169-156-137.tky.mesh.ad.jp [50: C4:DD:0F:3E:C0 AP50C4DD0F3EC0] AUTH: wl1.0 (2.4GHz): Authenticated (WPA2-PSK) User - d4:61:9d:7e:86:aa

Jan 17 03:47:28 fl1-111-169-156-137.tky.mesh.ad.jp [50: C4:DD:0F:3E:C0 AP50C4DD0F3EC0] WIRELESS: wl1.0 (2.4GHz): DisAssociated User - d4:61:9d:7e:86:aa

Jan 17 03:50:20 fl1-111-169-156-137.tky.mesh.ad.jp [50: C4:DD:0F:3E:C0 AP50C4DD0F3EC0] WIRELESS: wl1.0 (2.4GHz): Associated User - d4:61:9d:7e:86:aa

Jan 17 03:50:20 fl1-111-169-156-137.tky.mesh.ad.jp [50: C4:DD:0F:3E:C0 AP50C4DD0F3EC0] AUTH: wl1.0 (2.4GHz): Authenticated (WPA2-PSK) User - d4:61:9d:7e:86:aa

Jan 17 04:03:17 fl1-111-169-156-137.tky.mesh.ad.jp [50: C4:DD:0F:3E:C0 AP50C4DD0F3EC0] WIRELESS: wl1.0 (2.4GHz): Encryption Key Renewing

Jan 17 04:03:17 fl1-111-169-156-137.tky.mesh.ad.jp [50: C4:DD:0F:3E:C0 AP50C4DD0F3EC0] WIRELESS: wl0.0 (5GHz): Encryption Key Renewing

Jan 17 05:03:17 fl1-111-169-156-137.tky.mesh.ad.jp [50: C4:DD:0F:3E:C0 AP50C4DD0F3EC0] WIRELESS: wl1.0 (2.4GHz): Encryption Key Renewing

Jan 17 05:03:17 fl1-111-169-156-137.tky.mesh.ad.jp [50: C4:DD:0F:3E:C0 AP50C4DD0F3EC0] WIRELESS: wl0.0 (5GHz): Encryption Key Renewing

Jan 17 06:03:17 fl1-111-169-156-137.tky.mesh.ad.jp [50: C4:DD:0F:3E:C0 AP50C4DD0F3EC0] WIRELESS: wl1.0 (2.4GHz): Encryption Key Renewing

Jan 17 06:03:17 fl1-111-169-156-137.tky.mesh.ad.jp [50: C4:DD:0F:3E:C0 AP50C4DD0F3EC0] WIRELESS: wl0.0 (5GHz): Encryption Key Renewing

Jan 17 07:03:17 fl1-111-169-156-137.tky.mesh.ad.jp [50: C4:DD:0F:3E:C0 AP50C4DD0F3EC0] WIRELESS: wl1.0 (2.4GHz): Encryption Key Renewing

Jan 17 07:03:17 fl1-111-169-156-137.tky.mesh.ad.jp [50: C4:DD:0F:3E:C0 AP50C4DD0F3EC0] WIRELESS: wl0.0 (5GHz): Encryption Key Renewing

Jan 17 07:33:01 fl1-111-169-156-137.tky.mesh.ad.jp [50: C4:DD:0F:3E:C0 AP50C4DD0F3EC0] WIRELESS: wl1.0 (2.4GHz): Deleting roamed station - d4:61:9d:7e:86:aa

Jan 17 07:33:12 fl1-111-169-156-137.tky.mesh.ad.jp [50: C4:DD:0F:3E:C0 AP50C4DD0F3EC0] WIRELESS: wl1 (2.4GHz): AutoChannel selected Channel 3 / 20 MHz

Jan 17 07:33:16 fl1-111-169-156-137.tky.mesh.ad.jp [50: C4:DD:0F:3E:C0 AP50C4DD0F3EC0] WIRELESS: wl1 (2.4GHz): Start sending beacon

Jan 17 07:33:17 fl1-111-169-156-137.tky.mesh.ad.jp [50: C4:DD:0F:3E:C0 AP50C4DD0F3EC0] WIRELESS: wl1 (2.4GHz): Switch Channel 3 / 20 MHz

Jan 17 07:33:17 fl1-111-169-156-137.tky.mesh.ad.jp [50: C4:DD:0F:3E:C0 AP50C4DD0F3EC0] WIRELESS: wl1 (2.4GHz): Start sending beacon

Jan 17 08:03:17 fl1-111-169-156-137.tky.mesh.ad.jp [50: C4:DD:0F:3E:C0 AP50C4DD0F3EC0] WIRELESS: wl1.0 (2.4GHz): Encryption Key Renewing

Jan 17 08:03:17 fl1-111-169-156-137.tky.mesh.ad.jp [50: C4:DD:0F:3E:C0 AP50C4DD0F3EC0] WIRELESS: wl0.0 (5GHz): Encryption Key Renewing

Jan 17 08:03:27 fl1-111-169-156-137.tky.mesh.ad.jp [50: C4:DD:0F:3E:C0 AP50C4DD0F3EC0] WIRELESS: wl1.0 (2.4GHz): Encryption Key Renewing failed for User - d4:61:9d:7e:86:aa

Jan 17 08:13:25 fl1-111-169-156-137.tky.mesh.ad.jp [50: C4:DD:0F:3E:C0 AP50C4DD0F3EC0] WIRELESS: wl1.0 (2.4GHz): Associated User - f0:9f:fc:84:82:b3

Jan 17 08:13:26 fl1-111-169-156-137.tky.mesh.ad.jp [50: C4:DD:0F:3E:C0 AP50C4DD0F3EC0] AUTH: wl1.0 (2.4GHz): Authenticated (WPA2-PSK) User - f0:9f:fc:84:82:b3

Jan 17 08:19:52 fl1-111-169-156-137.tky.mesh.ad.jp [50: C4:DD:0F:3E:C0 AP50C4DD0F3EC0] WIRELESS: wl1.0 (2.4GHz): DisAssociated User - f0:9f:fc:84:82:b3

Jan 17 08:21:55 fl1-111-169-156-137.tky.mesh.ad.jp [50: C4:DD:0F:3E:C0 AP50C4DD0F3EC0] WIRELESS: wl0.0 (5GHz): Associated User - c8:d0:83:73:94:f0

Jan 17 08:21:55 fl1-111-169-156-137.tky.mesh.ad.jp [50: C4:DD:0F:3E:C0 AP50C4DD0F3EC0] AUTH: wl0.0 (5GHz): Authenticated (WPA2-PSK) User - c8:d0:83:73:94:f0

Jan 17 08:21:57 fl1-111-169-156-137.tky.mesh.ad.jp [50: C4:DD:0F:3E:C0 AP50C4DD0F3EC0] WIRELESS: wl0.0 (5GHz): DisAssociated User - c8:d0:83:73:94:f0

Jan 17 08:22:13 fl1-111-169-156-137.tky.mesh.ad.jp [50: C4:DD:0F:3E:C0 AP50C4DD0F3EC0] WIRELESS: wl0.0 (5GHz): Associated User - c8:d0:83:73:94:f0

Jan 17 08:22:14 fl1-111-169-156-137.tky.mesh.ad.jp [50: C4:DD:0F:3E:C0 AP50C4DD0F3EC0] AUTH: wl0.0 (5GHz): Authenticated (WPA2-PSK) User - c8:d0:83:73:94:f0

Jan 17 08:22:25 fl1-111-169-156-137.tky.mesh.ad.jp [50: C4:DD:0F:3E:C0 AP50C4DD0F3EC0] WIRELESS: wl0.0 (5GHz): Associated User - cc:08:8d:72:12:a1

Jan 17 08:22:25 fl1-111-169-156-137.tky.mesh.ad.jp [50: C4:DD:0F:3E:C0 AP50C4DD0F3EC0] AUTH: wl0.0 (5GHz): Authenticated (WPA2-PSK) User - cc:08:8d:72:12:a1

Jan 17 08:23:05 fl1-111-169-156-137.tky.mesh.ad.jp [50: C4:DD:0F:3E:C0 AP50C4DD0F3EC0] WIRELESS: wl0.0 (5GHz): Associated User - 18:f1:d8:b7:74:09

Jan 17 08:23:05 fl1-111-169-156-137.tky.mesh.ad.jp [50: C4:DD:0F:3E:C0 AP50C4DD0F3EC0] AUTH: wl0.0 (5GHz): Authenticated (WPA2-PSK) User - 18:f1:d8:b7:74:09

Jan 17 08:23:25 fl1-111-169-156-137.tky.mesh.ad.jp [50: C4:DD:0F:3E:C0 AP50C4DD0F3EC0] WIRELESS: wl0.0 (5GHz): Deleting roamed station - c8:d0:83:73:94:f0

Jan 17 08:23:44 fl1-111-169-156-137.tky.mesh.ad.jp [50: C4:DD:0F:3E:C0 AP50C4DD0F3EC0] WIRELESS: wl0.0 (5GHz): Deleting roamed station - cc:08:8d:72:12:a1

Jan 17 08:24:13 fl1-111-169-156-137.tky.mesh.ad.jp [50: C4:DD:0F:3E:C0 AP50C4DD0F3EC0] WIRELESS: wl0.0 (5GHz): DisAssociated User - 18:f1:d8:b7:74:09

Jan 17 08:26:23 fl1-111-169-156-137.tky.mesh.ad.jp [50: C4:DD:0F:3E:C0 AP50C4DD0F3EC0] WIRELESS: wl0.0 (5GHz): Associated User - 3c:2e:f9:b5:9f:26

Jan 17 08:26:23 fl1-111-169-156-137.tky.mesh.ad.jp [50: C4:DD:0F:3E:C0 AP50C4DD0F3EC0] AUTH: wl0.0 (5GHz): Authenticated (WPA2-PSK) User - 3c:2e:f9:b5:9f:26

Jan 17 08:26:28 fl1-111-169-156-137.tky.mesh.ad.jp [50: C4:DD:0F:3E:C0 AP50C4DD0F3EC0] WIRELESS: wl1.0 (2.4GHz): Associated User - 3c:2e:f9:b5:9f:26

Jan 17 08:26:28 fl1-111-169-156-137.tky.mesh.ad.jp [50: C4:DD:0F:3E:C0 AP50C4DD0F3EC0] WIRELESS: wl0.0 (5GHz): Deleting roamed station - 3c:2e:f9:b5:9f:26

Jan 17 08:26:28 fl1-111-169-156-137.tky.mesh.ad.jp [50: C4:DD:0F:3E:C0 AP50C4DD0F3EC0] AUTH: wl1.0 (2.4GHz): Authenticated (WPA2-PSK) User - 3c:2e:f9:b5:9f:26

Jan 17 08:27:28 fl1-111-169-156-137.tky.mesh.ad.jp [50: C4:DD:0F:3E:C0 AP50C4DD0F3EC0] WIRELESS: wl1.0 (2.4GHz): Associated User - f0:9f:fc:84:82:b3

Jan 17 08:27:28 fl1-111-169-156-137.tky.mesh.ad.jp [50: C4:DD:0F:3E:C0 AP50C4DD0F3EC0] AUTH: wl1.0 (2.4GHz): Authenticated (WPA2-PSK) User - f0:9f:fc:84:82:b3

Jan 17 08:27:45 fl1-111-169-156-137.tky.mesh.ad.jp [50: C4:DD:0F:3E:C0 AP50C4DD0F3EC0] WIRELESS: wl1.0 (2.4GHz): DisAssociated User - 3c:2e:f9:b5:9f:26

Jan 17 08:31:03 fl1-111-169-156-137.tky.mesh.ad.jp [50: C4:DD:0F:3E:C0 AP50C4DD0F3EC0] WIRELESS: wl1.0 (2.4GHz): DisAssociated User - f0:9f:fc:84:82:b3

Jan 17 08:33:14 fl1-111-169-156-137.tky.mesh.ad.jp [50: C4:DD:0F:3E:C0 AP50C4DD0F3EC0] WIRELESS: wl1 (2.4GHz): AutoChannel selected Channel 2 / 20 MHz

Jan 17 08:33:18 fl1-111-169-156-137.tky.mesh.ad.jp [50: C4:DD:0F:3E:C0 AP50C4DD0F3EC0] WIRELESS: wl1 (2.4GHz): Start sending beacon

Jan 17 08:33:18 fl1-111-169-156-137.tky.mesh.ad.jp [50: C4:DD:0F:3E:C0 AP50C4DD0F3EC0] WIRELESS: wl1 (2.4GHz): Switch Channel 2 / 20 MHz

Jan 17 08:33:18 fl1-111-169-156-137.tky.mesh.ad.jp [50: C4:DD:0F:3E:C0 AP50C4DD0F3EC0] WIRELESS: wl1 (2.4GHz): Start sending beacon

Jan 17 08:37:43 fl1-111-169-156-137.tky.mesh.ad.jp [50: C4:DD:0F:3E:C0 AP50C4DD0F3EC0] WIRELESS: wl1.0 (2.4GHz): Associated User - f0:9f:fc:84:82:b3

Jan 17 08:37:44 fl1-111-169-156-137.tky.mesh.ad.jp [50: C4:DD:0F:3E:C0 AP50C4DD0F3EC0] AUTH: wl1.0 (2.4GHz): Authenticated (WPA2-PSK) User - f0:9f:fc:84:82:b3

Jan 17 08:52:58 fl1-111-169-156-137.tky.mesh.ad.jp [50: C4:DD:0F:3E:C0 AP50C4DD0F3EC0] WIRELESS: wl1.0 (2.4GHz): DisAssociated User - f0:9f:fc:84:82:b3

Jan 17 09:03:17 fl1-111-169-156-137.tky.mesh.ad.jp [50: C4:DD:0F:3E:C0 AP50C4DD0F3EC0] WIRELESS: wl1.0 (2.4GHz): Encryption Key Renewing

Jan 17 09:03:17 fl1-111-169-156-137.tky.mesh.ad.jp [50: C4:DD:0F:3E:C0 AP50C4DD0F3EC0] WIRELESS: wl0.0 (5GHz): Encryption Key Renewing

Jan 17 09:03:27 fl1-111-169-156-137.tky.mesh.ad.jp [50: C4:DD:0F:3E:C0 AP50C4DD0F3EC0] WIRELESS: wl0.0 (5GHz): Encryption Key Renewing failed for User - cc:08:8d:72:12:a1

Jan 17 09:03:27 fl1-111-169-156-137.tky.mesh.ad.jp [50: C4:DD:0F:3E:C0 AP50C4DD0F3EC0] WIRELESS: wl0.0 (5GHz): Encryption Key Renewing failed for User - c8:d0:83:73:94:f0

Jan 17 09:09:44 fl1-111-169-156-137.tky.mesh.ad.jp [50: C4:DD:0F:3E:C0 AP50C4DD0F3EC0] WIRELESS: wl1.0 (2.4GHz): Associated User - f0:9f:fc:84:82:b3

Jan 17 09:09:44 fl1-111-169-156-137.tky.mesh.ad.jp [50: C4:DD:0F:3E:C0 AP50C4DD0F3EC0] AUTH: wl1.0 (2.4GHz): Authenticated (WPA2-PSK) User - f0:9f:fc:84:82:b3

Jan 17 09:12:14 fl1-111-169-156-137.tky.mesh.ad.jp [50: C4:DD:0F:3E:C0 AP50C4DD0F3EC0] WIRELESS: wl1.0 (2.4GHz): DisAssociated User - f0:9f:fc:84:82:b3

Jan 17 09:33:13 fl1-111-169-156-137.tky.mesh.ad.jp [50: C4:DD:0F:3E:C0 AP50C4DD0F3EC0] WIRELESS: wl1 (2.4GHz): AutoChannel selected Channel 3 / 20 MHz

Jan 17 09:33:18 fl1-111-169-156-137.tky.mesh.ad.jp [50: C4:DD:0F:3E:C0 AP50C4DD0F3EC0] WIRELESS: wl1 (2.4GHz): Start sending beacon

Jan 17 09:33:18 fl1-111-169-156-137.tky.mesh.ad.jp [50: C4:DD:0F:3E:C0 AP50C4DD0F3EC0] WIRELESS: wl1 (2.4GHz): Switch Channel 3 / 20 MHz

Jan 17 09:33:18 fl1-111-169-156-137.tky.mesh.ad.jp [50: C4:DD:0F:3E:C0 AP50C4DD0F3EC0] WIRELESS: wl1 (2.4GHz): Start sending beacon

Jan 17 09:41:26 fl1-111-169-156-137.tky.mesh.ad.jp [50: C4:DD:0F:3E:C0 AP50C4DD0F3EC0] WIRELESS: wl1.0 (2.4GHz): Associated User - f8:b7:97:24:40:d6

Jan 17 09:41:30 fl1-111-169-156-137.tky.mesh.ad.jp [50: C4:DD:0F:3E:C0 AP50C4DD0F3EC0] WIRELESS: wl1.0 (2.4GHz): DisAssociated User - f8:b7:97:24:40:d6

Jan 17 09:41:30 fl1-111-169-156-137.tky.mesh.ad.jp [50: C4:DD:0F:3E:C0 AP50C4DD0F3EC0] WIRELESS: wl1.0 (2.4GHz): DisAssociated User - f8:b7:97:24:40:d6

Jan 17 09:41:31 fl1-111-169-156-137.tky.mesh.ad.jp [50: C4:DD:0F:3E:C0 AP50C4DD0F3EC0] WIRELESS: wl1.0 (2.4GHz): DisAssociated User - f8:b7:97:24:40:d6

Jan 17 09:41:32 fl1-111-169-156-137.tky.mesh.ad.jp [50: C4:DD:0F:3E:C0 AP50C4DD0F3EC0] WIRELESS: wl1.0 (2.4GHz): DisAssociated User - f8:b7:97:24:40:d6

Jan 17 09:41:33 fl1-111-169-156-137.tky.mesh.ad.jp [50: C4:DD:0F:3E:C0 AP50C4DD0F3EC0] WIRELESS: wl1.0 (2.4GHz): DisAssociated User - f8:b7:97:24:40:d6

Jan 17 09:41:39 fl1-111-169-156-137.tky.mesh.ad.jp [50: C4:DD:0F:3E:C0 AP50C4DD0F3EC0] WIRELESS: wl1.0 (2.4GHz): DisAssociated User - f8:b7:97:24:40:d6

Jan 17 09:41:55 fl1-111-169-156-137.tky.mesh.ad.jp [50: C4:DD:0F:3E:C0 AP50C4DD0F3EC0] WIRELESS: wl1.0 (2.4GHz): DisAssociated User - f8:b7:97:24:40:d6

Jan 17 09:41:55 fl1-111-169-156-137.tky.mesh.ad.jp [50: C4:DD:0F:3E:C0 AP50C4DD0F3EC0] WIRELESS: wl1.0 (2.4GHz): DisAssociated User - f8:b7:97:24:40:d6

Jan 17 09:41:55 fl1-111-169-156-137.tky.mesh.ad.jp [50: C4:DD:0F:3E:C0 AP50C4DD0F3EC0] WIRELESS: wl1.0 (2.4GHz): DisAssociated User - f8:b7:97:24:40:d6

Jan 17 09:42:23 fl1-111-169-156-137.tky.mesh.ad.jp [50: C4:DD:0F:3E:C0 AP50C4DD0F3EC0] WIRELESS: wl1.0 (2.4GHz): DisAssociated User - f8:b7:97:24:40:d6

Jan 17 09:42:24 fl1-111-169-156-137.tky.mesh.ad.jp [50: C4:DD:0F:3E:C0 AP50C4DD0F3EC0] WIRELESS: wl1.0 (2.4GHz): DisAssociated User - f8:b7:97:24:40:d6

Jan 17 09:42:25 fl1-111-169-156-137.tky.mesh.ad.jp [50: C4:DD:0F:3E:C0 AP50C4DD0F3EC0] WIRELESS: wl1.0 (2.4GHz): DisAssociated User - f8:b7:97:24:40:d6

Jan 17 09:42:25 fl1-111-169-156-137.tky.mesh.ad.jp [50: C4:DD:0F:3E:C0 AP50C4DD0F3EC0] WIRELESS: wl1.0 (2.4GHz): DisAssociated User - f8:b7:97:24:40:d6

Jan 17 09:42:26 fl1-111-169-156-137.tky.mesh.ad.jp [50: C4:DD:0F:3E:C0 AP50C4DD0F3EC0] WIRELESS: wl1.0 (2.4GHz): DisAssociated User - f8:b7:97:24:40:d6

Jan 17 09:42:28 fl1-111-169-156-137.tky.mesh.ad.jp [50: C4:DD:0F:3E:C0 AP50C4DD0F3EC0] WIRELESS: wl1.0 (2.4GHz): DisAssociated User - f8:b7:97:24:40:d6

Jan 17 09:42:29 fl1-111-169-156-137.tky.mesh.ad.jp [50: C4:DD:0F:3E:C0 AP50C4DD0F3EC0] WIRELESS: wl1.0 (2.4GHz): DisAssociated User - f8:b7:97:24:40:d6

Jan 17 09:42:30 fl1-111-169-156-137.tky.mesh.ad.jp [50: C4:DD:0F:3E:C0 AP50C4DD0F3EC0] WIRELESS: wl1.0 (2.4GHz): DisAssociated User - f8:b7:97:24:40:d6

Jan 17 09:42:30 fl1-111-169-156-137.tky.mesh.ad.jp [50: C4:DD:0F:3E:C0 AP50C4DD0F3EC0] WIRELESS: wl1.0 (2.4GHz): DisAssociated User - f8:b7:97:24:40:d6

Jan 17 09:42:40 fl1-111-169-156-137.tky.mesh.ad.jp [50: C4:DD:0F:3E:C0 AP50C4DD0F3EC0] WIRELESS: wl1.0 (2.4GHz): Associated User - f8:b7:97:24:40:d6

Jan 17 09:42:41 fl1-111-169-156-137.tky.mesh.ad.jp [50: C4:DD:0F:3E:C0 AP50C4DD0F3EC0] AUTH: wl1.0 (2.4GHz): Authenticated (WPA2-PSK) User - f8:b7:97:24:40:d6

Jan 17 09:43:48 fl1-111-169-156-137.tky.mesh.ad.jp [50: C4:DD:0F:3E:C0 AP50C4DD0F3EC0] WIRELESS: wl1.0 (2.4GHz): Deleting roamed station - f8:b7:97:24:40:d6

Jan 17 09:45:04 fl1-111-169-156-137.tky.mesh.ad.jp [50: C4:DD:0F:3E:C0 AP50C4DD0F3EC0] WIRELESS: wl1.0 (2.4GHz): DisAssociated User - f8:b7:97:24:40:d6

Jan 17 09:45:04 fl1-111-169-156-137.tky.mesh.ad.jp [50: C4:DD:0F:3E:C0 AP50C4DD0F3EC0] WIRELESS: wl1.0 (2.4GHz): Associated User - f8:b7:97:24:40:d6

Jan 17 09:48:39 fl1-111-169-156-137.tky.mesh.ad.jp [50: C4:DD:0F:3E:C0 AP50C4DD0F3EC0] WIRELESS: wl0.0 (5GHz): Associated User - 40:83:1d:80:28:15

Jan 17 09:48:39 fl1-111-169-156-137.tky.mesh.ad.jp [50: C4:DD:0F:3E:C0 AP50C4DD0F3EC0] AUTH: wl0.0 (5GHz): Authenticated (WPA2-PSK) User - 40:83:1d:80:28:15

Jan 17 09:49:00 fl1-111-169-156-137.tky.mesh.ad.jp [50: C4:DD:0F:3E:C0 AP50C4DD0F3EC0] WIRELESS: wl0.0 (5GHz): Deleting roamed station - 40:83:1d:80:28:15

Jan 17 09:51:36 fl1-111-169-156-137.tky.mesh.ad.jp [50: C4:DD:0F:3E:C0 AP50C4DD0F3EC0] WIRELESS: wl0.0 (5GHz): Associated User - 40:83:1d:80:28:15

Jan 17 09:51:37 fl1-111-169-156-137.tky.mesh.ad.jp [50: C4:DD:0F:3E:C0 AP50C4DD0F3EC0] AUTH: wl0.0 (5GHz): Authenticated (WPA2-PSK) User - 40:83:1d:80:28:15

Jan 17 09:53:35 fl1-111-169-156-137.tky.mesh.ad.jp [50: C4:DD:0F:3E:C0 AP50C4DD0F3EC0] WIRELESS: wl0.0 (5GHz): DisAssociated User - 40:83:1d:80:28:15

Jan 17 10:03:17 fl1-111-169-156-137.tky.mesh.ad.jp [50: C4:DD:0F:3E:C0 AP50C4DD0F3EC0] WIRELESS: wl1.0 (2.4GHz): Encryption Key Renewing

Jan 17 10:03:17 fl1-111-169-156-137.tky.mesh.ad.jp [50: C4:DD:0F:3E:C0 AP50C4DD0F3EC0] WIRELESS: wl0.0 (5GHz): Encryption Key Renewing

Jan 17 10:05:07 fl1-111-169-156-137.tky.mesh.ad.jp [50: C4:DD:0F:3E:C0 AP50C4DD0F3EC0] WIRELESS: wl1.0 (2.4GHz): Associated User - f8:b7:97:24:40:d6

Jan 17 10:05:08 fl1-111-169-156-137.tky.mesh.ad.jp [50: C4:DD:0F:3E:C0 AP50C4DD0F3EC0] AUTH: wl1.0 (2.4GHz): Authenticated (WPA2-PSK) User - f8:b7:97:24:40:d6

Jan 17 10:08:42 fl1-111-169-156-137.tky.mesh.ad.jp [50: C4:DD:0F:3E:C0 AP50C4DD0F3EC0] WIRELESS: wl1.0 (2.4GHz): Associated User - f8:b7:97:24:40:d6

Jan 17 10:08:42 fl1-111-169-156-137.tky.mesh.ad.jp [50: C4:DD:0F:3E:C0 AP50C4DD0F3EC0] WIRELESS: wl1.0 (2.4GHz): DisAssociated User - f8:b7:97:24:40:d6

Jan 17 10:08:42 fl1-111-169-156-137.tky.mesh.ad.jp [50: C4:DD:0F:3E:C0 AP50C4DD0F3EC0] AUTH: wl1.0 (2.4GHz): Authenticated (WPA2-PSK) User - f8:b7:97:24:40:d6

Jan 17 10:10:51 fl1-111-169-156-137.tky.mesh.ad.jp [50: C4:DD:0F:3E:C0 AP50C4DD0F3EC0] WIRELESS: wl1.0 (2.4GHz): DisAssociated User - f8:b7:97:24:40:d6

Jan 17 10:10:51 fl1-111-169-156-137.tky.mesh.ad.jp [50: C4:DD:0F:3E:C0 AP50C4DD0F3EC0] WIRELESS: wl1.0 (2.4GHz): Associated User - f8:b7:97:24:40:d6

Jan 17 10:10:51 fl1-111-169-156-137.tky.mesh.ad.jp [50: C4:DD:0F:3E:C0 AP50C4DD0F3EC0] AUTH: wl1.0 (2.4GHz): Authenticated (WPA2-PSK) User - f8:b7:97:24:40:d6

Jan 17 10:12:06 fl1-111-169-156-137.tky.mesh.ad.jp [50: C4:DD:0F:3E:C0 AP50C4DD0F3EC0] WIRELESS: wl1.0 (2.4GHz): DisAssociated User - f8:b7:97:24:40:d6

Jan 17 10:12:06 fl1-111-169-156-137.tky.mesh.ad.jp [50: C4:DD:0F:3E:C0 AP50C4DD0F3EC0] WIRELESS: wl1.0 (2.4GHz): Associated User - f8:b7:97:24:40:d6

Jan 17 10:12:06 fl1-111-169-156-137.tky.mesh.ad.jp [50: C4:DD:0F:3E:C0 AP50C4DD0F3EC0] AUTH: wl1.0 (2.4GHz): Authenticated (WPA2-PSK) User - f8:b7:97:24:40:d6

Jan 17 10:13:57 fl1-111-169-156-137.tky.mesh.ad.jp [50: C4:DD:0F:3E:C0 AP50C4DD0F3EC0] WIRELESS: wl1.0 (2.4GHz): DisAssociated User - f8:b7:97:24:40:d6

Jan 17 10:13:57 fl1-111-169-156-137.tky.mesh.ad.jp [50: C4:DD:0F:3E:C0 AP50C4DD0F3EC0] WIRELESS: wl1.0 (2.4GHz): Associated User - f8:b7:97:24:40:d6

Jan 17 10:13:57 fl1-111-169-156-137.tky.mesh.ad.jp [50: C4:DD:0F:3E:C0 AP50C4DD0F3EC0] AUTH: wl1.0 (2.4GHz): Authenticated (WPA2-PSK) User - f8:b7:97:24:40:d6

Jan 17 10:15:02 fl1-111-169-156-137.tky.mesh.ad.jp [50: C4:DD:0F:3E:C0 AP50C4DD0F3EC0] WIRELESS: wl1.0 (2.4GHz): Associated User - 3c:2e:f9:b5:9f:26

Jan 17 10:15:02 fl1-111-169-156-137.tky.mesh.ad.jp [50: C4:DD:0F:3E:C0 AP50C4DD0F3EC0] AUTH: wl1.0 (2.4GHz): Authenticated (WPA2-PSK) User - 3c:2e:f9:b5:9f:26

Jan 17 10:15:02 fl1-111-169-156-137.tky.mesh.ad.jp [50: C4:DD:0F:3E:C0 AP50C4DD0F3EC0] WIRELESS: wl0.0 (5GHz): Associated User - f8:95:ea:de:67:65

Jan 17 10:15:03 fl1-111-169-156-137.tky.mesh.ad.jp [50: C4:DD:0F:3E:C0 AP50C4DD0F3EC0] AUTH: wl0.0 (5GHz): Authenticated (WPA2-PSK) User - f8:95:ea:de:67:65

Jan 17 10:15:05 fl1-111-169-156-137.tky.mesh.ad.jp [50: C4:DD:0F:3E:C0 AP50C4DD0F3EC0] WIRELESS: wl1.0 (2.4GHz): Deleting roamed station - 3c:2e:f9:b5:9f:26

Jan 17 10:15:05 fl1-111-169-156-137.tky.mesh.ad.jp [50: C4:DD:0F:3E:C0 AP50C4DD0F3EC0] WIRELESS: wl0.0 (5GHz): Associated User - 3c:2e:f9:b5:9f:26

Jan 17 10:15:05 fl1-111-169-156-137.tky.mesh.ad.jp [50: C4:DD:0F:3E:C0 AP50C4DD0F3EC0] AUTH: wl0.0 (5GHz): Authenticated (WPA2-PSK) User - 3c:2e:f9:b5:9f:26

Jan 17 10:15:29 fl1-111-169-156-137.tky.mesh.ad.jp [50: C4:DD:0F:3E:C0 AP50C4DD0F3EC0] WIRELESS: wl0.0 (5GHz): Deleting roamed station - f8:95:ea:de:67:65

Jan 17 10:15:29 fl1-111-169-156-137.tky.mesh.ad.jp [50: C4:DD:0F:3E:C0 AP50C4DD0F3EC0] WIRELESS: wl1.0 (2.4GHz): Associated User - f8:95:ea:de:67:65

Jan 17 10:15:29 fl1-111-169-156-137.tky.mesh.ad.jp [50: C4:DD:0F:3E:C0 AP50C4DD0F3EC0] AUTH: wl1.0 (2.4GHz): Authenticated (WPA2-PSK) User - f8:95:ea:de:67:65

Jan 17 10:16:01 fl1-111-169-156-137.tky.mesh.ad.jp [50: C4:DD:0F:3E:C0 AP50C4DD0F3EC0] WIRELESS: wl1.0 (2.4GHz): DisAssociated User - f8:b7:97:24:40:d6

Jan 17 10:16:01 fl1-111-169-156-137.tky.mesh.ad.jp [50: C4:DD:0F:3E:C0 AP50C4DD0F3EC0] WIRELESS: wl1.0 (2.4GHz): Associated User - f8:b7:97:24:40:d6

Jan 17 10:16:01 fl1-111-169-156-137.tky.mesh.ad.jp [50: C4:DD:0F:3E:C0 AP50C4DD0F3EC0] WIRELESS: wl1.0 (2.4GHz): Associated User - f8:b7:97:24:40:d6

Jan 17 10:16:03 fl1-111-169-156-137.tky.mesh.ad.jp [50: C4:DD:0F:3E:C0 AP50C4DD0F3EC0] WIRELESS: wl1.0 (2.4GHz): DisAssociated User - f8:b7:97:24:40:d6

Jan 17 10:16:04 fl1-111-169-156-137.tky.mesh.ad.jp [50: C4:DD:0F:3E:C0 AP50C4DD0F3EC0] WIRELESS: wl1.0 (2.4GHz): DisAssociated User - f8:b7:97:24:40:d6

Jan 17 10:16:14 fl1-111-169-156-137.tky.mesh.ad.jp [50: C4:DD:0F:3E:C0 AP50C4DD0F3EC0] WIRELESS: wl1.0 (2.4GHz): Deleting roamed station - f8:95:ea:de:67:65

Jan 17 10:16:17 fl1-111-169-156-137.tky.mesh.ad.jp [50: C4:DD:0F:3E:C0 AP50C4DD0F3EC0] WIRELESS: wl0.0 (5GHz): Deleting roamed station - 3c:2e:f9:b5:9f:26

Jan 17 10:16:25 fl1-111-169-156-137.tky.mesh.ad.jp [50: C4:DD:0F:3E:C0 AP50C4DD0F3EC0] WIRELESS: wl1.0 (2.4GHz): Associated User - f8:b7:97:24:40:d6

Jan 17 10:16:25 fl1-111-169-156-137.tky.mesh.ad.jp [50: C4:DD:0F:3E:C0 AP50C4DD0F3EC0] AUTH: wl1.0 (2.4GHz): Authenticated (WPA2-PSK) User - f8:b7:97:24:40:d6

Jan 17 10:16:50 fl1-111-169-156-137.tky.mesh.ad.jp [50: C4:DD:0F:3E:C0 AP50C4DD0F3EC0] WIRELESS: wl1.0 (2.4GHz): Associated User - f8:95:ea:de:67:65

Jan 17 10:16:50 fl1-111-169-156-137.tky.mesh.ad.jp [50: C4:DD:0F:3E:C0 AP50C4DD0F3EC0] AUTH: wl1.0 (2.4GHz): Authenticated (WPA2-PSK) User - f8:95:ea:de:67:65

Jan 17 10:16:53 fl1-111-169-156-137.tky.mesh.ad.jp [50: C4:DD:0F:3E:C0 AP50C4DD0F3EC0] WIRELESS: wl0.0 (5GHz): Associated User - 3c:2e:f9:b5:9f:26

Jan 17 10:16:53 fl1-111-169-156-137.tky.mesh.ad.jp [50: C4:DD:0F:3E:C0 AP50C4DD0F3EC0] AUTH: wl0.0 (5GHz): Authenticated (WPA2-PSK) User - 3c:2e:f9:b5:9f:26

Jan 17 10:17:22 fl1-111-169-156-137.tky.mesh.ad.jp [50: C4:DD:0F:3E:C0 AP50C4DD0F3EC0] WIRELESS: wl1.0 (2.4GHz): Deleting roamed station - f8:95:ea:de:67:65

Jan 17 10:17:40 fl1-111-169-156-137.tky.mesh.ad.jp [50: C4:DD:0F:3E:C0 AP50C4DD0F3EC0] WIRELESS: wl0.0 (5GHz): Deleting roamed station - 3c:2e:f9:b5:9f:26

Jan 17 10:17:40 fl1-111-169-156-137.tky.mesh.ad.jp [50: C4:DD:0F:3E:C0 AP50C4DD0F3EC0] WIRELESS: wl1.0 (2.4GHz): DisAssociated User - f8:b7:97:24:40:d6

Jan 17 10:17:40 fl1-111-169-156-137.tky.mesh.ad.jp [50: C4:DD:0F:3E:C0 AP50C4DD0F3EC0] WIRELESS: wl1.0 (2.4GHz): DisAssociated User - f8:b7:97:24:40:d6

Jan 17 10:17:40 fl1-111-169-156-137.tky.mesh.ad.jp [50: C4:DD:0F:3E:C0 AP50C4DD0F3EC0] WIRELESS: wl1.0 (2.4GHz): Associated User - f8:b7:97:24:40:d6

Jan 17 10:17:40 fl1-111-169-156-137.tky.mesh.ad.jp [50: C4:DD:0F:3E:C0 AP50C4DD0F3EC0] WIRELESS: wl1.0 (2.4GHz): DisAssociated User - f8:b7:97:24:40:d6

Jan 17 10:17:40 fl1-111-169-156-137.tky.mesh.ad.jp [50: C4:DD:0F:3E:C0 AP50C4DD0F3EC0] WIRELESS: wl1.0 (2.4GHz): Associated User - f8:b7:97:24:40:d6

Jan 17 10:17:40 fl1-111-169-156-137.tky.mesh.ad.jp [50: C4:DD:0F:3E:C0 AP50C4DD0F3EC0] WIRELESS: wl1.0 (2.4GHz): DisAssociated User - f8:b7:97:24:40:d6

Jan 17 10:17:40 fl1-111-169-156-137.tky.mesh.ad.jp [50: C4:DD:0F:3E:C0 AP50C4DD0F3EC0] WIRELESS: wl1.0 (2.4GHz): Associated User - f8:b7:97:24:40:d6

Jan 17 10:19:37 fl1-111-169-156-137.tky.mesh.ad.jp [50: C4:DD:0F:3E:C0 AP50C4DD0F3EC0] WIRELESS: wl1.0 (2.4GHz): Associated User - f8:b7:97:24:40:d6

Jan 17 10:19:37 fl1-111-169-156-137.tky.mesh.ad.jp [50: C4:DD:0F:3E:C0 AP50C4DD0F3EC0] AUTH: wl1.0 (2.4GHz): Authenticated (WPA2-PSK) User - f8:b7:97:24:40:d6

Jan 17 10:20:51 fl1-111-169-156-137.tky.mesh.ad.jp [50: C4:DD:0F:3E:C0 AP50C4DD0F3EC0] WIRELESS: wl1.0 (2.4GHz): DisAssociated User - f8:b7:97:24:40:d6

Jan 17 10:20:51 fl1-111-169-156-137.tky.mesh.ad.jp [50: C4:DD:0F:3E:C0 AP50C4DD0F3EC0] WIRELESS: wl1.0 (2.4GHz): Associated User - f8:b7:97:24:40:d6

Jan 17 10:20:51 fl1-111-169-156-137.tky.mesh.ad.jp [50: C4:DD:0F:3E:C0 AP50C4DD0F3EC0] AUTH: wl1.0 (2.4GHz): Authenticated (WPA2-PSK) User - f8:b7:97:24:40:d6

Jan 17 10:22:06 fl1-111-169-156-137.tky.mesh.ad.jp [50: C4:DD:0F:3E:C0 AP50C4DD0F3EC0] WIRELESS: wl1.0 (2.4GHz): DisAssociated User - f8:b7:97:24:40:d6

Jan 17 10:22:06 fl1-111-169-156-137.tky.mesh.ad.jp [50: C4:DD:0F:3E:C0 AP50C4DD0F3EC0] WIRELESS: wl1.0 (2.4GHz): Associated User - f8:b7:97:24:40:d6

Jan 17 10:22:06 fl1-111-169-156-137.tky.mesh.ad.jp [50: C4:DD:0F:3E:C0 AP50C4DD0F3EC0] WIRELESS: wl1.0 (2.4GHz): DisAssociated User - f8:b7:97:24:40:d6

Jan 17 10:22:06 fl1-111-169-156-137.tky.mesh.ad.jp [50: C4:DD:0F:3E:C0 AP50C4DD0F3EC0] WIRELESS: wl1.0 (2.4GHz): Associated User - f8:b7:97:24:40:d6

Jan 17 10:33:15 fl1-111-169-156-137.tky.mesh.ad.jp [50: C4:DD:0F:3E:C0 AP50C4DD0F3EC0] WIRELESS: wl1 (2.4GHz): AutoChannel selected Channel 10 / 20 MHz

Jan 17 10:33:19 fl1-111-169-156-137.tky.mesh.ad.jp [50: C4:DD:0F:3E:C0 AP50C4DD0F3EC0] WIRELESS: wl1 (2.4GHz): Start sending beacon

Jan 17 10:33:19 fl1-111-169-156-137.tky.mesh.ad.jp [50: C4:DD:0F:3E:C0 AP50C4DD0F3EC0] WIRELESS: wl1 (2.4GHz): Switch Channel 10 / 20 MHz

Jan 17 10:33:20 fl1-111-169-156-137.tky.mesh.ad.jp [50: C4:DD:0F:3E:C0 AP50C4DD0F3EC0] WIRELESS: wl1 (2.4GHz): Start sending beacon

Jan 17 11:03:17 fl1-111-169-156-137.tky.mesh.ad.jp [50: C4:DD:0F:3E:C0 AP50C4DD0F3EC0] WIRELESS: wl0.0 (5GHz): Encryption Key Renewing

Jan 17 11:03:17 fl1-111-169-156-137.tky.mesh.ad.jp [50: C4:DD:0F:3E:C0 AP50C4DD0F3EC0] WIRELESS: wl1.0 (2.4GHz): Encryption Key Renewing

Jan 17 11:03:27 fl1-111-169-156-137.tky.mesh.ad.jp [50: C4:DD:0F:3E:C0 AP50C4DD0F3EC0] WIRELESS: wl1.0 (2.4GHz): Encryption Key Renewing failed for User - f8:95:ea:de:67:65

Jan 17 11:03:27 fl1-111-169-156-137.tky.mesh.ad.jp [50: C4:DD:0F:3E:C0 AP50C4DD0F3EC0] WIRELESS: wl0.0 (5GHz): Encryption Key Renewing failed for User - 3c:2e:f9:b5:9f:26

Jan 17 11:08:32 fl1-111-169-156-137.tky.mesh.ad.jp [50: C4:DD:0F:3E:C0 AP50C4DD0F3EC0] WIRELESS: wl0.0 (5GHz): Associated User - f8:95:ea:de:67:65

Jan 17 11:08:32 fl1-111-169-156-137.tky.mesh.ad.jp [50: C4:DD:0F:3E:C0 AP50C4DD0F3EC0] AUTH: wl0.0 (5GHz): Authenticated (WPA2-PSK) User - f8:95:ea:de:67:65

Jan 17 11:08:46 fl1-111-169-156-137.tky.mesh.ad.jp [50: C4:DD:0F:3E:C0 AP50C4DD0F3EC0] WIRELESS: wl0.0 (5GHz): DisAssociated User - f8:95:ea:de:67:65

Jan 17 11:08:46 fl1-111-169-156-137.tky.mesh.ad.jp [50: C4:DD:0F:3E:C0 AP50C4DD0F3EC0] WIRELESS: wl0.0 (5GHz): Associated User - f8:95:ea:de:67:65

Jan 17 11:08:46 fl1-111-169-156-137.tky.mesh.ad.jp [50: C4:DD:0F:3E:C0 AP50C4DD0F3EC0] AUTH: wl0.0 (5GHz): Authenticated (WPA2-PSK) User - f8:95:ea:de:67:65

Jan 17 11:09:50 fl1-111-169-156-137.tky.mesh.ad.jp [50: C4:DD:0F:3E:C0 AP50C4DD0F3EC0] WIRELESS: wl0.0 (5GHz): DisAssociated User - f8:95:ea:de:67:65

Jan 17 11:17:16 fl1-111-169-156-137.tky.mesh.ad.jp [50: C4:DD:0F:3E:C0 AP50C4DD0F3EC0] WIRELESS: wl0.0 (5GHz): Associated User - f8:95:ea:de:67:65

Jan 17 11:17:16 fl1-111-169-156-137.tky.mesh.ad.jp [50: C4:DD:0F:3E:C0 AP50C4DD0F3EC0] AUTH: wl0.0 (5GHz): Authenticated (WPA2-PSK) User - f8:95:ea:de:67:65

Jan 17 11:17:48 fl1-111-169-156-137.tky.mesh.ad.jp [50: C4:DD:0F:3E:C0 AP50C4DD0F3EC0] WIRELESS: wl0.0 (5GHz): DisAssociated User - f8:95:ea:de:67:65

Jan 17 11:17:49 fl1-111-169-156-137.tky.mesh.ad.jp [50: C4:DD:0F:3E:C0 AP50C4DD0F3EC0] WIRELESS: wl0.0 (5GHz): Associated User - f8:95:ea:de:67:65

Jan 17 11:17:49 fl1-111-169-156-137.tky.mesh.ad.jp [50: C4:DD:0F:3E:C0 AP50C4DD0F3EC0] AUTH: wl0.0 (5GHz): Authenticated (WPA2-PSK) User - f8:95:ea:de:67:65

Jan 17 11:18:27 fl1-111-169-156-137.tky.mesh.ad.jp [50: C4:DD:0F:3E:C0 AP50C4DD0F3EC0] WIRELESS: wl0.0 (5GHz): Associated User - c8:d0:83:73:94:f0

Jan 17 11:18:27 fl1-111-169-156-137.tky.mesh.ad.jp [50: C4:DD:0F:3E:C0 AP50C4DD0F3EC0] AUTH: wl0.0 (5GHz): Authenticated (WPA2-PSK) User - c8:d0:83:73:94:f0

Jan 17 11:18:41 fl1-111-169-156-137.tky.mesh.ad.jp [50: C4:DD:0F:3E:C0 AP50C4DD0F3EC0] WIRELESS: wl1.0 (2.4GHz): Associated User - c8:d0:83:73:94:f0

Jan 17 11:18:41 fl1-111-169-156-137.tky.mesh.ad.jp [50: C4:DD:0F:3E:C0 AP50C4DD0F3EC0] WIRELESS: wl0.0 (5GHz): Deleting roamed station - c8:d0:83:73:94:f0

Jan 17 11:18:41 fl1-111-169-156-137.tky.mesh.ad.jp [50: C4:DD:0F:3E:C0 AP50C4DD0F3EC0] AUTH: wl1.0 (2.4GHz): Authenticated (WPA2-PSK) User - c8:d0:83:73:94:f0

Jan 17 11:18:57 fl1-111-169-156-137.tky.mesh.ad.jp [50: C4:DD:0F:3E:C0 AP50C4DD0F3EC0] WIRELESS: wl0.0 (5GHz): Deleting roamed station - f8:95:ea:de:67:65

Jan 17 11:19:21 fl1-111-169-156-137.tky.mesh.ad.jp [50: C4:DD:0F:3E:C0 AP50C4DD0F3EC0] WIRELESS: wl1.0 (2.4GHz): Deleting roamed station - c8:d0:83:73:94:f0

Jan 17 11:20:49 fl1-111-169-156-137.tky.mesh.ad.jp [50: C4:DD:0F:3E:C0 AP50C4DD0F3EC0] WIRELESS: wl0.0 (5GHz): Associated User - 3c:2e:f9:b5:9f:26

Jan 17 11:20:49 fl1-111-169-156-137.tky.mesh.ad.jp [50: C4:DD:0F:3E:C0 AP50C4DD0F3EC0] AUTH: wl0.0 (5GHz): Authenticated (WPA2-PSK) User - 3c:2e:f9:b5:9f:26

Jan 17 11:21:03 fl1-111-169-156-137.tky.mesh.ad.jp [50: C4:DD:0F:3E:C0 AP50C4DD0F3EC0] WIRELESS: wl1.0 (2.4GHz): Associated User - f8:95:ea:de:67:65

Jan 17 11:21:03 fl1-111-169-156-137.tky.mesh.ad.jp [50: C4:DD:0F:3E:C0 AP50C4DD0F3EC0] AUTH: wl1.0 (2.4GHz): Authenticated (WPA2-PSK) User - f8:95:ea:de:67:65

Jan 17 11:21:39 fl1-111-169-156-137.tky.mesh.ad.jp [50: C4:DD:0F:3E:C0 AP50C4DD0F3EC0] WIRELESS: wl0.0 (5GHz): Associated User - c8:d0:83:73:94:f0

Jan 17 11:21:39 fl1-111-169-156-137.tky.mesh.ad.jp [50: C4:DD:0F:3E:C0 AP50C4DD0F3EC0] AUTH: wl0.0 (5GHz): Authenticated (WPA2-PSK) User - c8:d0:83:73:94:f0

Jan 17 11:22:05 fl1-111-169-156-137.tky.mesh.ad.jp [50: C4:DD:0F:3E:C0 AP50C4DD0F3EC0] WIRELESS: wl1.0 (2.4GHz): DisAssociated User - f8:95:ea:de:67:65

Jan 17 11:22:17 fl1-111-169-156-137.tky.mesh.ad.jp [50: C4:DD:0F:3E:C0 AP50C4DD0F3EC0] WIRELESS: wl0.0 (5GHz): Deleting roamed station - c8:d0:83:73:94:f0

Jan 17 11:22:39 fl1-111-169-156-137.tky.mesh.ad.jp [50: C4:DD:0F:3E:C0 AP50C4DD0F3EC0] WIRELESS: wl0.0 (5GHz): DisAssociated User - 3c:2e:f9:b5:9f:26

Jan 17 11:33:16 fl1-111-169-156-137.tky.mesh.ad.jp [50: C4:DD:0F:3E:C0 AP50C4DD0F3EC0] WIRELESS: wl1 (2.4GHz): AutoChannel selected Channel 2 / 20 MHz

Jan 17 11:33:20 fl1-111-169-156-137.tky.mesh.ad.jp [50: C4:DD:0F:3E:C0 AP50C4DD0F3EC0] WIRELESS: wl1 (2.4GHz): Start sending beacon

Jan 17 11:33:21 fl1-111-169-156-137.tky.mesh.ad.jp [50: C4:DD:0F:3E:C0 AP50C4DD0F3EC0] WIRELESS: wl1 (2.4GHz): Switch Channel 2 / 20 MHz

Jan 17 11:33:21 fl1-111-169-156-137.tky.mesh.ad.jp [50: C4:DD:0F:3E:C0 AP50C4DD0F3EC0] WIRELESS: wl1 (2.4GHz): Start sending beacon

Jan 17 12:02:34 fl1-111-169-156-137.tky.mesh.ad.jp [50: C4:DD:0F:3E:C0 AP50C4DD0F3EC0] WIRELESS: wl1.0 (2.4GHz): Associated User - f8:b7:97:24:40:d6

Jan 17 12:02:34 fl1-111-169-156-137.tky.mesh.ad.jp [50: C4:DD:0F:3E:C0 AP50C4DD0F3EC0] WIRELESS: wl1.0 (2.4GHz): DisAssociated User - f8:b7:97:24:40:d6

Jan 17 12:03:17 fl1-111-169-156-137.tky.mesh.ad.jp [50: C4:DD:0F:3E:C0 AP50C4DD0F3EC0] WIRELESS: wl1.0 (2.4GHz): Encryption Key Renewing

Jan 17 12:03:17 fl1-111-169-156-137.tky.mesh.ad.jp [50: C4:DD:0F:3E:C0 AP50C4DD0F3EC0] WIRELESS: wl0.0 (5GHz): Encryption Key Renewing

Jan 17 12:03:27 fl1-111-169-156-137.tky.mesh.ad.jp [50: C4:DD:0F:3E:C0 AP50C4DD0F3EC0] WIRELESS: wl0.0 (5GHz): Encryption Key Renewing failed for User - c8:d0:83:73:94:f0

Jan 17 12:21:08 fl1-111-169-156-137.tky.mesh.ad.jp [50: C4:DD:0F:3E:C0 AP50C4DD0F3EC0] WIRELESS: wl1.0 (2.4GHz): Associated User - d4:61:9d:7e:86:aa

Jan 17 12:21:08 fl1-111-169-156-137.tky.mesh.ad.jp [50: C4:DD:0F:3E:C0 AP50C4DD0F3EC0] AUTH: wl1.0 (2.4GHz): Authenticated (WPA2-PSK) User - d4:61:9d:7e:86:aa

Jan 17 12:28:38 fl1-111-169-156-137.tky.mesh.ad.jp [50: C4:DD:0F:3E:C0 AP50C4DD0F3EC0] WIRELESS: wl1.0 (2.4GHz): Associated User - f8:b7:97:24:40:d6

Jan 17 12:28:38 fl1-111-169-156-137.tky.mesh.ad.jp [50: C4:DD:0F:3E:C0 AP50C4DD0F3EC0] AUTH: wl1.0 (2.4GHz): Authenticated (WPA2-PSK) User - f8:b7:97:24:40:d6

Jan 17 12:29:54 fl1-111-169-156-137.tky.mesh.ad.jp [50: C4:DD:0F:3E:C0 AP50C4DD0F3EC0] WIRELESS: wl1.0 (2.4GHz): DisAssociated User - f8:b7:97:24:40:d6

Jan 17 12:29:54 fl1-111-169-156-137.tky.mesh.ad.jp [50: C4:DD:0F:3E:C0 AP50C4DD0F3EC0] WIRELESS: wl1.0 (2.4GHz): Associated User - f8:b7:97:24:40:d6

Jan 17 12:29:54 fl1-111-169-156-137.tky.mesh.ad.jp [50: C4:DD:0F:3E:C0 AP50C4DD0F3EC0] AUTH: wl1.0 (2.4GHz): Authenticated (WPA2-PSK) User - f8:b7:97:24:40:d6

Jan 17 12:31:18 fl1-111-169-156-137.tky.mesh.ad.jp [50: C4:DD:0F:3E:C0 AP50C4DD0F3EC0] WIRELESS: wl1.0 (2.4GHz): DisAssociated User - f8:b7:97:24:40:d6

Jan 17 12:31:18 fl1-111-169-156-137.tky.mesh.ad.jp [50: C4:DD:0F:3E:C0 AP50C4DD0F3EC0] WIRELESS: wl1.0 (2.4GHz): Associated User - f8:b7:97:24:40:d6

Jan 17 12:31:18 fl1-111-169-156-137.tky.mesh.ad.jp [50: C4:DD:0F:3E:C0 AP50C4DD0F3EC0] WIRELESS: wl1.0 (2.4GHz): DisAssociated User - f8:b7:97:24:40:d6

Jan 17 12:33:24 fl1-111-169-156-137.tky.mesh.ad.jp [50: C4:DD:0F:3E:C0 AP50C4DD0F3EC0] WIRELESS: wl1.0 (2.4GHz): Associated User - f8:b7:97:24:40:d6

Jan 17 12:33:24 fl1-111-169-156-137.tky.mesh.ad.jp [50: C4:DD:0F:3E:C0 AP50C4DD0F3EC0] AUTH: wl1.0 (2.4GHz): Authenticated (WPA2-PSK) User - f8:b7:97:24:40:d6

Jan 17 12:34:40 fl1-111-169-156-137.tky.mesh.ad.jp [50: C4:DD:0F:3E:C0 AP50C4DD0F3EC0] WIRELESS: wl1.0 (2.4GHz): DisAssociated User - f8:b7:97:24:40:d6

Jan 17 12:34:40 fl1-111-169-156-137.tky.mesh.ad.jp [50: C4:DD:0F:3E:C0 AP50C4DD0F3EC0] AUTH: wl1.0 (2.4GHz): Authenticated (WPA2-PSK) User - f8:b7:97:24:40:d6

Jan 17 12:34:40 fl1-111-169-156-137.tky.mesh.ad.jp [50: C4:DD:0F:3E:C0 AP50C4DD0F3EC0] WIRELESS: wl1.0 (2.4GHz): Associated User - f8:b7:97:24:40:d6

Jan 17 12:38:33 fl1-111-169-156-137.tky.mesh.ad.jp [50: C4:DD:0F:3E:C0 AP50C4DD0F3EC0] WIRELESS: wl1.0 (2.4GHz): DisAssociated User - f8:b7:97:24:40:d6

Jan 17 12:38:33 fl1-111-169-156-137.tky.mesh.ad.jp [50: C4:DD:0F:3E:C0 AP50C4DD0F3EC0] WIRELESS: wl1.0 (2.4GHz): Associated User - f8:b7:97:24:40:d6

Jan 17 12:38:33 fl1-111-169-156-137.tky.mesh.ad.jp [50: C4:DD:0F:3E:C0 AP50C4DD0F3EC0] AUTH: wl1.0 (2.4GHz): Authenticated (WPA2-PSK) User - f8:b7:97:24:40:d6

Jan 17 13:03:17 fl1-111-169-156-137.tky.mesh.ad.jp [50: C4:DD:0F:3E:C0 AP50C4DD0F3EC0] WIRELESS: wl1.0 (2.4GHz): Encryption Key Renewing

Jan 17 13:03:17 fl1-111-169-156-137.tky.mesh.ad.jp [50: C4:DD:0F:3E:C0 AP50C4DD0F3EC0] WIRELESS: wl0.0 (5GHz): Encryption Key Renewing

Jan 17 13:03:27 fl1-111-169-156-137.tky.mesh.ad.jp [50: C4:DD:0F:3E:C0 AP50C4DD0F3EC0] WIRELESS: wl1.0 (2.4GHz): Encryption Key Renewing failed for User - f8:b7:97:24:40:d6

Jan 17 13:03:27 fl1-111-169-156-137.tky.mesh.ad.jp [50: C4:DD:0F:3E:C0 AP50C4DD0F3EC0] WIRELESS: wl1.0 (2.4GHz): DisAssociated User - f8:b7:97:24:40:d6

Jan 17 13:12:40 fl1-111-169-156-137.tky.mesh.ad.jp [50: C4:DD:0F:3E:C0 AP50C4DD0F3EC0] WIRELESS: wl1.0 (2.4GHz): Deleting roamed station - d4:61:9d:7e:86:aa

Jan 17 13:21:43 fl1-111-169-156-137.tky.mesh.ad.jp [50: C4:DD:0F:3E:C0 AP50C4DD0F3EC0] ntpclient: SUCCESS: set time :  Fri Jan 17 13:21:42 2020 

Jan 17 13:33:19 fl1-111-169-156-137.tky.mesh.ad.jp [50: C4:DD:0F:3E:C0 AP50C4DD0F3EC0] WIRELESS: wl1 (2.4GHz): AutoChannel selected Channel 7 / 20 MHz

Jan 17 13:33:23 fl1-111-169-156-137.tky.mesh.ad.jp [50: C4:DD:0F:3E:C0 AP50C4DD0F3EC0] WIRELESS: wl1 (2.4GHz): Start sending beacon

Jan 17 13:33:24 fl1-111-169-156-137.tky.mesh.ad.jp [50: C4:DD:0F:3E:C0 AP50C4DD0F3EC0] WIRELESS: wl1 (2.4GHz): Switch Channel 7 / 20 MHz

Jan 17 13:33:24 fl1-111-169-156-137.tky.mesh.ad.jp [50: C4:DD:0F:3E:C0 AP50C4DD0F3EC0] WIRELESS: wl1 (2.4GHz): Start sending beacon

Jan 17 13:43:09 fl1-111-169-156-137.tky.mesh.ad.jp [50: C4:DD:0F:3E:C0 AP50C4DD0F3EC0] WIRELESS: wl0.0 (5GHz): Associated User - c8:d0:83:73:94:f0

Jan 17 13:43:09 fl1-111-169-156-137.tky.mesh.ad.jp [50: C4:DD:0F:3E:C0 AP50C4DD0F3EC0] AUTH: wl0.0 (5GHz): Authenticated (WPA2-PSK) User - c8:d0:83:73:94:f0

Jan 17 13:43:59 fl1-111-169-156-137.tky.mesh.ad.jp [50: C4:DD:0F:3E:C0 AP50C4DD0F3EC0] WIRELESS: wl0.0 (5GHz): Associated User - 3c:2e:f9:b5:9f:26

Jan 17 13:43:59 fl1-111-169-156-137.tky.mesh.ad.jp [50: C4:DD:0F:3E:C0 AP50C4DD0F3EC0] AUTH: wl0.0 (5GHz): Authenticated (WPA2-PSK) User - 3c:2e:f9:b5:9f:26

Jan 17 13:44:09 fl1-111-169-156-137.tky.mesh.ad.jp [50: C4:DD:0F:3E:C0 AP50C4DD0F3EC0] WIRELESS: wl0.0 (5GHz): DisAssociated User - c8:d0:83:73:94:f0

Jan 17 13:44:34 fl1-111-169-156-137.tky.mesh.ad.jp [50: C4:DD:0F:3E:C0 AP50C4DD0F3EC0] WIRELESS: wl0.0 (5GHz): Deleting roamed station - 3c:2e:f9:b5:9f:26

Jan 17 13:44:34 fl1-111-169-156-137.tky.mesh.ad.jp [50: C4:DD:0F:3E:C0 AP50C4DD0F3EC0] WIRELESS: wl1.0 (2.4GHz): Associated User - 3c:2e:f9:b5:9f:26

Jan 17 13:44:34 fl1-111-169-156-137.tky.mesh.ad.jp [50: C4:DD:0F:3E:C0 AP50C4DD0F3EC0] AUTH: wl1.0 (2.4GHz): Authenticated (WPA2-PSK) User - 3c:2e:f9:b5:9f:26

Jan 17 13:44:40 fl1-111-169-156-137.tky.mesh.ad.jp [50: C4:DD:0F:3E:C0 AP50C4DD0F3EC0] WIRELESS: wl1.0 (2.4GHz): Associated User - f8:95:ea:de:67:65

Jan 17 13:44:49 fl1-111-169-156-137.tky.mesh.ad.jp [50: C4:DD:0F:3E:C0 AP50C4DD0F3EC0] WIRELESS: wl1.0 (2.4GHz): DisAssociated User - f8:95:ea:de:67:65

Jan 17 13:45:25 fl1-111-169-156-137.tky.mesh.ad.jp [50: C4:DD:0F:3E:C0 AP50C4DD0F3EC0] WIRELESS: wl1.0 (2.4GHz): Deleting roamed station - 3c:2e:f9:b5:9f:26

Jan 17 13:50:23 fl1-111-169-156-137.tky.mesh.ad.jp [50: C4:DD:0F:3E:C0 AP50C4DD0F3EC0] AUTH: wl1.0 (2.4GHz): Authenticated (WPA2-PSK) User - f8:b7:97:24:40:d6

Jan 17 13:50:23 fl1-111-169-156-137.tky.mesh.ad.jp [50: C4:DD:0F:3E:C0 AP50C4DD0F3EC0] WIRELESS: wl1.0 (2.4GHz): Associated User - f8:b7:97:24:40:d6

Jan 17 13:57:00 fl1-111-169-156-137.tky.mesh.ad.jp [50: C4:DD:0F:3E:C0 AP50C4DD0F3EC0] WIRELESS: wl0.0 (5GHz): Associated User - 3c:2e:f9:b5:9f:26

Jan 17 13:57:00 fl1-111-169-156-137.tky.mesh.ad.jp [50: C4:DD:0F:3E:C0 AP50C4DD0F3EC0] AUTH: wl0.0 (5GHz): Authenticated (WPA2-PSK) User - 3c:2e:f9:b5:9f:26

Jan 17 13:57:36 fl1-111-169-156-137.tky.mesh.ad.jp [50: C4:DD:0F:3E:C0 AP50C4DD0F3EC0] WIRELESS: wl1.0 (2.4GHz): Associated User - 3c:2e:f9:b5:9f:26

Jan 17 13:57:36 fl1-111-169-156-137.tky.mesh.ad.jp [50: C4:DD:0F:3E:C0 AP50C4DD0F3EC0] WIRELESS: wl1.0 (2.4GHz): DisAssociated User - 3c:2e:f9:b5:9f:26

Jan 17 13:57:37 fl1-111-169-156-137.tky.mesh.ad.jp [50: C4:DD:0F:3E:C0 AP50C4DD0F3EC0] WIRELESS: wl1.0 (2.4GHz): DisAssociated User - 3c:2e:f9:b5:9f:26

Jan 17 13:57:37 fl1-111-169-156-137.tky.mesh.ad.jp [50: C4:DD:0F:3E:C0 AP50C4DD0F3EC0] WIRELESS: wl1.0 (2.4GHz): Associated User - 3c:2e:f9:b5:9f:26

Jan 17 13:57:37 fl1-111-169-156-137.tky.mesh.ad.jp [50: C4:DD:0F:3E:C0 AP50C4DD0F3EC0] WIRELESS: wl1.0 (2.4GHz): Associated User - 3c:2e:f9:b5:9f:26

Jan 17 13:57:37 fl1-111-169-156-137.tky.mesh.ad.jp [50: C4:DD:0F:3E:C0 AP50C4DD0F3EC0] WIRELESS: wl0.0 (5GHz): Deleting roamed station - 3c:2e:f9:b5:9f:26

Jan 17 13:57:37 fl1-111-169-156-137.tky.mesh.ad.jp [50: C4:DD:0F:3E:C0 AP50C4DD0F3EC0] AUTH: wl1.0 (2.4GHz): Authenticated (WPA2-PSK) User - 3c:2e:f9:b5:9f:26

Jan 17 13:58:00 fl1-111-169-156-137.tky.mesh.ad.jp [50: C4:DD:0F:3E:C0 AP50C4DD0F3EC0] WIRELESS: wl1.0 (2.4GHz): Deleting roamed station - 3c:2e:f9:b5:9f:26

Jan 17 13:59:20 fl1-111-169-156-137.tky.mesh.ad.jp [50: C4:DD:0F:3E:C0 AP50C4DD0F3EC0] WIRELESS: wl1.0 (2.4GHz): Associated User - 3c:2e:f9:b5:9f:26

Jan 17 13:59:20 fl1-111-169-156-137.tky.mesh.ad.jp [50: C4:DD:0F:3E:C0 AP50C4DD0F3EC0] AUTH: wl1.0 (2.4GHz): Authenticated (WPA2-PSK) User - 3c:2e:f9:b5:9f:26

Jan 17 14:01:16 fl1-111-169-156-137.tky.mesh.ad.jp [50: C4:DD:0F:3E:C0 AP50C4DD0F3EC0] WIRELESS: wl1.0 (2.4GHz): Deleting roamed station - 3c:2e:f9:b5:9f:26

Jan 17 14:03:17 fl1-111-169-156-137.tky.mesh.ad.jp [50: C4:DD:0F:3E:C0 AP50C4DD0F3EC0] WIRELESS: wl0.0 (5GHz): Encryption Key Renewing

Jan 17 14:03:27 fl1-111-169-156-137.tky.mesh.ad.jp [50: C4:DD:0F:3E:C0 AP50C4DD0F3EC0] WIRELESS: wl1.0 (2.4GHz): Encryption Key Renewing failed for User - 3c:2e:f9:b5:9f:26

Jan 17 14:03:27 fl1-111-169-156-137.tky.mesh.ad.jp [50: C4:DD:0F:3E:C0 AP50C4DD0F3EC0] WIRELESS: wl1.0 (2.4GHz): Encryption Key Renewing failed for User - f8:b7:97:24:40:d6

Jan 17 14:03:27 fl1-111-169-156-137.tky.mesh.ad.jp [50: C4:DD:0F:3E:C0 AP50C4DD0F3EC0] WIRELESS: wl1.0 (2.4GHz): DisAssociated User - f8:b7:97:24:40:d6

Jan 17 14:03:27 fl1-111-169-156-137.tky.mesh.ad.jp [50: C4:DD:0F:3E:C0 AP50C4DD0F3EC0] WIRELESS: wl1.0 (2.4GHz): Encryption Key Renewing failed for User - d4:61:9d:7e:86:aa

Jan 17 14:03:29 fl1-111-169-156-137.tky.mesh.ad.jp [50: C4:DD:0F:3E:C0 AP50C4DD0F3EC0] WIRELESS: wl1.0 (2.4GHz): DisAssociated User - f8:b7:97:24:40:d6

Jan 17 14:03:29 fl1-111-169-156-137.tky.mesh.ad.jp [50: C4:DD:0F:3E:C0 AP50C4DD0F3EC0] WIRELESS: wl1.0 (2.4GHz): DisAssociated User - f8:b7:97:24:40:d6

Jan 17 14:03:29 fl1-111-169-156-137.tky.mesh.ad.jp [50: C4:DD:0F:3E:C0 AP50C4DD0F3EC0] WIRELESS: wl1.0 (2.4GHz): DisAssociated User - f8:b7:97:24:40:d6

Jan 17 14:03:30 fl1-111-169-156-137.tky.mesh.ad.jp [50: C4:DD:0F:3E:C0 AP50C4DD0F3EC0] WIRELESS: wl1.0 (2.4GHz): DisAssociated User - f8:b7:97:24:40:d6

Jan 17 14:03:31 fl1-111-169-156-137.tky.mesh.ad.jp [50: C4:DD:0F:3E:C0 AP50C4DD0F3EC0] WIRELESS: wl1.0 (2.4GHz): DisAssociated User - f8:b7:97:24:40:d6

Jan 17 14:03:34 fl1-111-169-156-137.tky.mesh.ad.jp [50: C4:DD:0F:3E:C0 AP50C4DD0F3EC0] WIRELESS: wl1.0 (2.4GHz): DisAssociated User - f8:b7:97:24:40:d6

Jan 17 14:03:34 fl1-111-169-156-137.tky.mesh.ad.jp [50: C4:DD:0F:3E:C0 AP50C4DD0F3EC0] WIRELESS: wl1.0 (2.4GHz): DisAssociated User - f8:b7:97:24:40:d6

Jan 17 14:03:35 fl1-111-169-156-137.tky.mesh.ad.jp [50: C4:DD:0F:3E:C0 AP50C4DD0F3EC0] WIRELESS: wl1.0 (2.4GHz): DisAssociated User - f8:b7:97:24:40:d6

Jan 17 14:03:36 fl1-111-169-156-137.tky.mesh.ad.jp [50: C4:DD:0F:3E:C0 AP50C4DD0F3EC0] WIRELESS: wl1.0 (2.4GHz): DisAssociated User - f8:b7:97:24:40:d6

Jan 17 14:03:37 fl1-111-169-156-137.tky.mesh.ad.jp [50: C4:DD:0F:3E:C0 AP50C4DD0F3EC0] WIRELESS: wl1.0 (2.4GHz): DisAssociated User - f8:b7:97:24:40:d6

Jan 17 14:03:37 fl1-111-169-156-137.tky.mesh.ad.jp [50: C4:DD:0F:3E:C0 AP50C4DD0F3EC0] WIRELESS: wl1.0 (2.4GHz): DisAssociated User - f8:b7:97:24:40:d6

Jan 17 14:03:38 fl1-111-169-156-137.tky.mesh.ad.jp [50: C4:DD:0F:3E:C0 AP50C4DD0F3EC0] WIRELESS: wl1.0 (2.4GHz): DisAssociated User - f8:b7:97:24:40:d6

Jan 17 14:03:39 fl1-111-169-156-137.tky.mesh.ad.jp [50: C4:DD:0F:3E:C0 AP50C4DD0F3EC0] WIRELESS: wl1.0 (2.4GHz): DisAssociated User - f8:b7:97:24:40:d6

Jan 17 14:03:40 fl1-111-169-156-137.tky.mesh.ad.jp [50: C4:DD:0F:3E:C0 AP50C4DD0F3EC0] WIRELESS: wl1.0 (2.4GHz): DisAssociated User - f8:b7:97:24:40:d6

Jan 17 14:03:42 fl1-111-169-156-137.tky.mesh.ad.jp [50: C4:DD:0F:3E:C0 AP50C4DD0F3EC0] WIRELESS: wl1.0 (2.4GHz): DisAssociated User - f8:b7:97:24:40:d6

Jan 17 14:03:43 fl1-111-169-156-137.tky.mesh.ad.jp [50: C4:DD:0F:3E:C0 AP50C4DD0F3EC0] WIRELESS: wl1.0 (2.4GHz): DisAssociated User - f8:b7:97:24:40:d6

Jan 17 14:03:44 fl1-111-169-156-137.tky.mesh.ad.jp [50: C4:DD:0F:3E:C0 AP50C4DD0F3EC0] WIRELESS: wl1.0 (2.4GHz): DisAssociated User - f8:b7:97:24:40:d6

Jan 17 14:03:45 fl1-111-169-156-137.tky.mesh.ad.jp [50: C4:DD:0F:3E:C0 AP50C4DD0F3EC0] WIRELESS: wl1.0 (2.4GHz): DisAssociated User - f8:b7:97:24:40:d6

Jan 17 14:03:46 fl1-111-169-156-137.tky.mesh.ad.jp [50: C4:DD:0F:3E:C0 AP50C4DD0F3EC0] WIRELESS: wl1.0 (2.4GHz): DisAssociated User - f8:b7:97:24:40:d6

Jan 17 14:03:47 fl1-111-169-156-137.tky.mesh.ad.jp [50: C4:DD:0F:3E:C0 AP50C4DD0F3EC0] WIRELESS: wl1.0 (2.4GHz): DisAssociated User - f8:b7:97:24:40:d6

Jan 17 14:03:48 fl1-111-169-156-137.tky.mesh.ad.jp [50: C4:DD:0F:3E:C0 AP50C4DD0F3EC0] WIRELESS: wl1.0 (2.4GHz): DisAssociated User - f8:b7:97:24:40:d6

Jan 17 14:03:49 fl1-111-169-156-137.tky.mesh.ad.jp [50: C4:DD:0F:3E:C0 AP50C4DD0F3EC0] WIRELESS: wl1.0 (2.4GHz): DisAssociated User - f8:b7:97:24:40:d6

Jan 17 14:03:50 fl1-111-169-156-137.tky.mesh.ad.jp [50: C4:DD:0F:3E:C0 AP50C4DD0F3EC0] WIRELESS: wl1.0 (2.4GHz): DisAssociated User - f8:b7:97:24:40:d6

Jan 17 14:03:53 fl1-111-169-156-137.tky.mesh.ad.jp [50: C4:DD:0F:3E:C0 AP50C4DD0F3EC0] WIRELESS: wl1.0 (2.4GHz): DisAssociated User - f8:b7:97:24:40:d6

Jan 17 14:03:54 fl1-111-169-156-137.tky.mesh.ad.jp [50: C4:DD:0F:3E:C0 AP50C4DD0F3EC0] WIRELESS: wl1.0 (2.4GHz): DisAssociated User - f8:b7:97:24:40:d6

Jan 17 14:03:55 fl1-111-169-156-137.tky.mesh.ad.jp [50: C4:DD:0F:3E:C0 AP50C4DD0F3EC0] WIRELESS: wl1.0 (2.4GHz): DisAssociated User - f8:b7:97:24:40:d6

Jan 17 14:03:56 fl1-111-169-156-137.tky.mesh.ad.jp [50: C4:DD:0F:3E:C0 AP50C4DD0F3EC0] WIRELESS: wl1.0 (2.4GHz): DisAssociated User - f8:b7:97:24:40:d6

Jan 17 14:03:57 fl1-111-169-156-137.tky.mesh.ad.jp [50: C4:DD:0F:3E:C0 AP50C4DD0F3EC0] WIRELESS: wl1.0 (2.4GHz): DisAssociated User - f8:b7:97:24:40:d6

Jan 17 14:03:58 fl1-111-169-156-137.tky.mesh.ad.jp [50: C4:DD:0F:3E:C0 AP50C4DD0F3EC0] WIRELESS: wl1.0 (2.4GHz): DisAssociated User - f8:b7:97:24:40:d6

Jan 17 14:03:59 fl1-111-169-156-137.tky.mesh.ad.jp [50: C4:DD:0F:3E:C0 AP50C4DD0F3EC0] WIRELESS: wl1.0 (2.4GHz): DisAssociated User - f8:b7:97:24:40:d6

Jan 17 14:04:00 fl1-111-169-156-137.tky.mesh.ad.jp [50: C4:DD:0F:3E:C0 AP50C4DD0F3EC0] WIRELESS: wl1.0 (2.4GHz): DisAssociated User - f8:b7:97:24:40:d6

Jan 17 14:04:01 fl1-111-169-156-137.tky.mesh.ad.jp [50: C4:DD:0F:3E:C0 AP50C4DD0F3EC0] WIRELESS: wl1.0 (2.4GHz): DisAssociated User - f8:b7:97:24:40:d6

Jan 17 14:04:02 fl1-111-169-156-137.tky.mesh.ad.jp [50: C4:DD:0F:3E:C0 AP50C4DD0F3EC0] WIRELESS: wl1.0 (2.4GHz): DisAssociated User - f8:b7:97:24:40:d6

Jan 17 14:04:07 fl1-111-169-156-137.tky.mesh.ad.jp [50: C4:DD:0F:3E:C0 AP50C4DD0F3EC0] WIRELESS: wl1.0 (2.4GHz): DisAssociated User - f8:b7:97:24:40:d6

Jan 17 14:04:07 fl1-111-169-156-137.tky.mesh.ad.jp [50: C4:DD:0F:3E:C0 AP50C4DD0F3EC0] WIRELESS: wl1.0 (2.4GHz): DisAssociated User - f8:b7:97:24:40:d6

Jan 17 14:04:08 fl1-111-169-156-137.tky.mesh.ad.jp [50: C4:DD:0F:3E:C0 AP50C4DD0F3EC0] WIRELESS: wl1.0 (2.4GHz): DisAssociated User - f8:b7:97:24:40:d6

Jan 17 14:04:09 fl1-111-169-156-137.tky.mesh.ad.jp [50: C4:DD:0F:3E:C0 AP50C4DD0F3EC0] WIRELESS: wl1.0 (2.4GHz): DisAssociated User - f8:b7:97:24:40:d6

Jan 17 14:04:10 fl1-111-169-156-137.tky.mesh.ad.jp [50: C4:DD:0F:3E:C0 AP50C4DD0F3EC0] WIRELESS: wl1.0 (2.4GHz): DisAssociated User - f8:b7:97:24:40:d6

Jan 17 14:04:12 fl1-111-169-156-137.tky.mesh.ad.jp [50: C4:DD:0F:3E:C0 AP50C4DD0F3EC0] WIRELESS: wl1.0 (2.4GHz): DisAssociated User - f8:b7:97:24:40:d6

Jan 17 14:04:14 fl1-111-169-156-137.tky.mesh.ad.jp [50: C4:DD:0F:3E:C0 AP50C4DD0F3EC0] WIRELESS: wl1.0 (2.4GHz): DisAssociated User - f8:b7:97:24:40:d6

Jan 17 14:04:15 fl1-111-169-156-137.tky.mesh.ad.jp [50: C4:DD:0F:3E:C0 AP50C4DD0F3EC0] WIRELESS: wl1.0 (2.4GHz): DisAssociated User - f8:b7:97:24:40:d6

Jan 17 14:04:16 fl1-111-169-156-137.tky.mesh.ad.jp [50: C4:DD:0F:3E:C0 AP50C4DD0F3EC0] WIRELESS: wl1.0 (2.4GHz): DisAssociated User - f8:b7:97:24:40:d6

Jan 17 14:04:18 fl1-111-169-156-137.tky.mesh.ad.jp [50: C4:DD:0F:3E:C0 AP50C4DD0F3EC0] WIRELESS: wl1.0 (2.4GHz): DisAssociated User - f8:b7:97:24:40:d6

Jan 17 14:04:19 fl1-111-169-156-137.tky.mesh.ad.jp [50: C4:DD:0F:3E:C0 AP50C4DD0F3EC0] WIRELESS: wl1.0 (2.4GHz): DisAssociated User - f8:b7:97:24:40:d6

Jan 17 14:04:20 fl1-111-169-156-137.tky.mesh.ad.jp [50: C4:DD:0F:3E:C0 AP50C4DD0F3EC0] WIRELESS: wl1.0 (2.4GHz): DisAssociated User - f8:b7:97:24:40:d6

Jan 17 14:04:22 fl1-111-169-156-137.tky.mesh.ad.jp [50: C4:DD:0F:3E:C0 AP50C4DD0F3EC0] WIRELESS: wl1.0 (2.4GHz): DisAssociated User - f8:b7:97:24:40:d6

Jan 17 14:04:23 fl1-111-169-156-137.tky.mesh.ad.jp [50: C4:DD:0F:3E:C0 AP50C4DD0F3EC0] WIRELESS: wl1.0 (2.4GHz): DisAssociated User - f8:b7:97:24:40:d6

Jan 17 14:04:33 fl1-111-169-156-137.tky.mesh.ad.jp [50: C4:DD:0F:3E:C0 AP50C4DD0F3EC0] WIRELESS: wl1.0 (2.4GHz): Associated User - 3c:2e:f9:b5:9f:26

Jan 17 14:04:34 fl1-111-169-156-137.tky.mesh.ad.jp [50: C4:DD:0F:3E:C0 AP50C4DD0F3EC0] AUTH: wl1.0 (2.4GHz): Authenticated (WPA2-PSK) User - 3c:2e:f9:b5:9f:26

Jan 17 14:09:19 fl1-111-169-156-137.tky.mesh.ad.jp [50: C4:DD:0F:3E:C0 AP50C4DD0F3EC0] WIRELESS: wl0.0 (5GHz): Associated User - d4:61:9d:7e:86:aa

Jan 17 14:09:19 fl1-111-169-156-137.tky.mesh.ad.jp [50: C4:DD:0F:3E:C0 AP50C4DD0F3EC0] AUTH: wl0.0 (5GHz): Authenticated (WPA2-PSK) User - d4:61:9d:7e:86:aa

Jan 17 14:10:35 fl1-111-169-156-137.tky.mesh.ad.jp [50: C4:DD:0F:3E:C0 AP50C4DD0F3EC0] WIRELESS: wl0.0 (5GHz): DisAssociated User - d4:61:9d:7e:86:aa

Jan 17 14:12:16 fl1-111-169-156-137.tky.mesh.ad.jp [50: C4:DD:0F:3E:C0 AP50C4DD0F3EC0] WIRELESS: wl1.0 (2.4GHz): Deleting roamed station - 3c:2e:f9:b5:9f:26

Jan 17 14:12:16 fl1-111-169-156-137.tky.mesh.ad.jp [50: C4:DD:0F:3E:C0 AP50C4DD0F3EC0] WIRELESS: wl0.0 (5GHz): Associated User - 3c:2e:f9:b5:9f:26

Jan 17 14:12:16 fl1-111-169-156-137.tky.mesh.ad.jp [50: C4:DD:0F:3E:C0 AP50C4DD0F3EC0] AUTH: wl0.0 (5GHz): Authenticated (WPA2-PSK) User - 3c:2e:f9:b5:9f:26

Jan 17 14:12:47 fl1-111-169-156-137.tky.mesh.ad.jp [50: C4:DD:0F:3E:C0 AP50C4DD0F3EC0] WIRELESS: wl0.0 (5GHz): Associated User - f8:95:ea:de:67:65

Jan 17 14:12:47 fl1-111-169-156-137.tky.mesh.ad.jp [50: C4:DD:0F:3E:C0 AP50C4DD0F3EC0] AUTH: wl0.0 (5GHz): Authenticated (WPA2-PSK) User - f8:95:ea:de:67:65

Jan 17 14:15:42 fl1-111-169-156-137.tky.mesh.ad.jp [50: C4:DD:0F:3E:C0 AP50C4DD0F3EC0] WIRELESS: wl0.0 (5GHz): Deleting roamed station - 3c:2e:f9:b5:9f:26

Jan 17 14:16:23 fl1-111-169-156-137.tky.mesh.ad.jp [50: C4:DD:0F:3E:C0 AP50C4DD0F3EC0] WIRELESS: wl0.0 (5GHz): DisAssociated User - f8:95:ea:de:67:65

Jan 17 14:18:19 fl1-111-169-156-137.tky.mesh.ad.jp [50: C4:DD:0F:3E:C0 AP50C4DD0F3EC0] WIRELESS: wl0.0 (5GHz): Associated User - f8:95:ea:de:67:65

Jan 17 14:18:19 fl1-111-169-156-137.tky.mesh.ad.jp [50: C4:DD:0F:3E:C0 AP50C4DD0F3EC0] AUTH: wl0.0 (5GHz): Authenticated (WPA2-PSK) User - f8:95:ea:de:67:65

Jan 17 14:18:21 fl1-111-169-156-137.tky.mesh.ad.jp [50: C4:DD:0F:3E:C0 AP50C4DD0F3EC0] WIRELESS: wl0.0 (5GHz): DisAssociated User - f8:95:ea:de:67:65

Jan 17 14:33:19 fl1-111-169-156-137.tky.mesh.ad.jp [50: C4:DD:0F:3E:C0 AP50C4DD0F3EC0] WIRELESS: wl1 (2.4GHz): AutoChannel selected Channel 3 / 20 MHz

Jan 17 14:33:24 fl1-111-169-156-137.tky.mesh.ad.jp [50: C4:DD:0F:3E:C0 AP50C4DD0F3EC0] WIRELESS: wl1 (2.4GHz): Start sending beacon

Jan 17 14:33:24 fl1-111-169-156-137.tky.mesh.ad.jp [50: C4:DD:0F:3E:C0 AP50C4DD0F3EC0] WIRELESS: wl1 (2.4GHz): Switch Channel 3 / 20 MHz

Jan 17 14:33:24 fl1-111-169-156-137.tky.mesh.ad.jp [50: C4:DD:0F:3E:C0 AP50C4DD0F3EC0] WIRELESS: wl1 (2.4GHz): Start sending beacon

Jan 17 15:03:17 fl1-111-169-156-137.tky.mesh.ad.jp [50: C4:DD:0F:3E:C0 AP50C4DD0F3EC0] WIRELESS: wl1.0 (2.4GHz): Encryption Key Renewing

Jan 17 15:03:17 fl1-111-169-156-137.tky.mesh.ad.jp [50: C4:DD:0F:3E:C0 AP50C4DD0F3EC0] WIRELESS: wl0.0 (5GHz): Encryption Key Renewing

Jan 17 15:03:27 fl1-111-169-156-137.tky.mesh.ad.jp [50: C4:DD:0F:3E:C0 AP50C4DD0F3EC0] WIRELESS: wl0.0 (5GHz): Encryption Key Renewing failed for User - 3c:2e:f9:b5:9f:26

Jan 17 15:33:21 fl1-111-169-156-137.tky.mesh.ad.jp [50: C4:DD:0F:3E:C0 AP50C4DD0F3EC0] WIRELESS: wl1 (2.4GHz): AutoChannel selected Channel 1 / 20 MHz

Jan 17 15:33:25 fl1-111-169-156-137.tky.mesh.ad.jp [50: C4:DD:0F:3E:C0 AP50C4DD0F3EC0] WIRELESS: wl1 (2.4GHz): Start sending beacon

Jan 17 15:33:26 fl1-111-169-156-137.tky.mesh.ad.jp [50: C4:DD:0F:3E:C0 AP50C4DD0F3EC0] WIRELESS: wl1 (2.4GHz): Switch Channel 1 / 20 MHz

Jan 17 15:33:26 fl1-111-169-156-137.tky.mesh.ad.jp [50: C4:DD:0F:3E:C0 AP50C4DD0F3EC0] WIRELESS: wl1 (2.4GHz): Start sending beacon

Jan 17 15:39:51 fl1-111-169-156-137.tky.mesh.ad.jp [50: C4:DD:0F:3E:C0 AP50C4DD0F3EC0] WIRELESS: wl1.0 (2.4GHz): DisAssociated User - d4:61:9d:7e:86:aa

Jan 17 15:39:51 fl1-111-169-156-137.tky.mesh.ad.jp [50: C4:DD:0F:3E:C0 AP50C4DD0F3EC0] WIRELESS: wl1.0 (2.4GHz): Associated User - d4:61:9d:7e:86:aa

Jan 17 15:39:54 fl1-111-169-156-137.tky.mesh.ad.jp [50: C4:DD:0F:3E:C0 AP50C4DD0F3EC0] WIRELESS: wl1.0 (2.4GHz): Associated User - d4:61:9d:7e:86:aa

Jan 17 15:39:54 fl1-111-169-156-137.tky.mesh.ad.jp [50: C4:DD:0F:3E:C0 AP50C4DD0F3EC0] AUTH: wl1.0 (2.4GHz): Authenticated (WPA2-PSK) User - d4:61:9d:7e:86:aa

Jan 17 15:40:11 fl1-111-169-156-137.tky.mesh.ad.jp [50: C4:DD:0F:3E:C0 AP50C4DD0F3EC0] WIRELESS: wl1.0 (2.4GHz): Deleting roamed station - d4:61:9d:7e:86:aa

Jan 17 15:41:15 fl1-111-169-156-137.tky.mesh.ad.jp [50: C4:DD:0F:3E:C0 AP50C4DD0F3EC0] WIRELESS: wl1.0 (2.4GHz): Associated User - d4:61:9d:7e:86:aa

Jan 17 15:41:15 fl1-111-169-156-137.tky.mesh.ad.jp [50: C4:DD:0F:3E:C0 AP50C4DD0F3EC0] AUTH: wl1.0 (2.4GHz): Authenticated (WPA2-PSK) User - d4:61:9d:7e:86:aa

Jan 17 15:41:25 fl1-111-169-156-137.tky.mesh.ad.jp [50: C4:DD:0F:3E:C0 AP50C4DD0F3EC0] WIRELESS: wl1.0 (2.4GHz): Deleting roamed station - d4:61:9d:7e:86:aa

Jan 17 15:47:00 fl1-111-169-156-137.tky.mesh.ad.jp [50: C4:DD:0F:3E:C0 AP50C4DD0F3EC0] WIRELESS: wl0.0 (5GHz): Associated User - 3c:2e:f9:b5:9f:26

Jan 17 15:47:00 fl1-111-169-156-137.tky.mesh.ad.jp [50: C4:DD:0F:3E:C0 AP50C4DD0F3EC0] AUTH: wl0.0 (5GHz): Authenticated (WPA2-PSK) User - 3c:2e:f9:b5:9f:26

Jan 17 15:47:12 fl1-111-169-156-137.tky.mesh.ad.jp [50: C4:DD:0F:3E:C0 AP50C4DD0F3EC0] WIRELESS: wl0.0 (5GHz): Associated User - f8:95:ea:de:67:65

Jan 17 15:47:12 fl1-111-169-156-137.tky.mesh.ad.jp [50: C4:DD:0F:3E:C0 AP50C4DD0F3EC0] AUTH: wl0.0 (5GHz): Authenticated (WPA2-PSK) User - f8:95:ea:de:67:65

Jan 17 15:47:56 fl1-111-169-156-137.tky.mesh.ad.jp [50: C4:DD:0F:3E:C0 AP50C4DD0F3EC0] WIRELESS: wl0.0 (5GHz): DisAssociated User - f8:95:ea:de:67:65

Jan 17 15:47:56 fl1-111-169-156-137.tky.mesh.ad.jp [50: C4:DD:0F:3E:C0 AP50C4DD0F3EC0] WIRELESS: wl0.0 (5GHz): Associated User - f8:95:ea:de:67:65

Jan 17 15:47:56 fl1-111-169-156-137.tky.mesh.ad.jp [50: C4:DD:0F:3E:C0 AP50C4DD0F3EC0] AUTH: wl0.0 (5GHz): Authenticated (WPA2-PSK) User - f8:95:ea:de:67:65

Jan 17 15:47:59 fl1-111-169-156-137.tky.mesh.ad.jp [50: C4:DD:0F:3E:C0 AP50C4DD0F3EC0] WIRELESS: wl0.0 (5GHz): Deleting roamed station - 3c:2e:f9:b5:9f:26

Jan 17 15:48:50 fl1-111-169-156-137.tky.mesh.ad.jp [50: C4:DD:0F:3E:C0 AP50C4DD0F3EC0] WIRELESS: wl0.0 (5GHz): Deleting roamed station - f8:95:ea:de:67:65

Jan 17 16:03:17 fl1-111-169-156-137.tky.mesh.ad.jp [50: C4:DD:0F:3E:C0 AP50C4DD0F3EC0] WIRELESS: wl0.0 (5GHz): Encryption Key Renewing

Jan 17 16:03:17 fl1-111-169-156-137.tky.mesh.ad.jp [50: C4:DD:0F:3E:C0 AP50C4DD0F3EC0] WIRELESS: wl1.0 (2.4GHz): Encryption Key Renewing

Jan 17 16:03:27 fl1-111-169-156-137.tky.mesh.ad.jp [50: C4:DD:0F:3E:C0 AP50C4DD0F3EC0] WIRELESS: wl1.0 (2.4GHz): Encryption Key Renewing failed for User - d4:61:9d:7e:86:aa

Jan 17 16:03:27 fl1-111-169-156-137.tky.mesh.ad.jp [50: C4:DD:0F:3E:C0 AP50C4DD0F3EC0] WIRELESS: wl0.0 (5GHz): Encryption Key Renewing failed for User - f8:95:ea:de:67:65

Jan 17 16:03:27 fl1-111-169-156-137.tky.mesh.ad.jp [50: C4:DD:0F:3E:C0 AP50C4DD0F3EC0] WIRELESS: wl0.0 (5GHz): Encryption Key Renewing failed for User - 3c:2e:f9:b5:9f:26

Jan 17 16:30:26 fl1-111-169-156-137.tky.mesh.ad.jp [50: C4:DD:0F:3E:C0 AP50C4DD0F3EC0] WIRELESS: wl1.0 (2.4GHz): Associated User - d4:61:9d:7e:86:aa

Jan 17 16:30:26 fl1-111-169-156-137.tky.mesh.ad.jp [50: C4:DD:0F:3E:C0 AP50C4DD0F3EC0] AUTH: wl1.0 (2.4GHz): Authenticated (WPA2-PSK) User - d4:61:9d:7e:86:aa

Jan 17 16:35:24 fl1-111-169-156-137.tky.mesh.ad.jp [50: C4:DD:0F:3E:C0 AP50C4DD0F3EC0] WIRELESS: wl0.0 (5GHz): Associated User - c8:d0:83:73:94:f0

Jan 17 16:35:25 fl1-111-169-156-137.tky.mesh.ad.jp [50: C4:DD:0F:3E:C0 AP50C4DD0F3EC0] AUTH: wl0.0 (5GHz): Authenticated (WPA2-PSK) User - c8:d0:83:73:94:f0

Jan 17 16:36:11 fl1-111-169-156-137.tky.mesh.ad.jp [50: C4:DD:0F:3E:C0 AP50C4DD0F3EC0] WIRELESS: wl1.0 (2.4GHz): Deleting roamed station - d4:61:9d:7e:86:aa

Jan 17 16:36:11 fl1-111-169-156-137.tky.mesh.ad.jp [50: C4:DD:0F:3E:C0 AP50C4DD0F3EC0] WIRELESS: wl0.0 (5GHz): Associated User - d4:61:9d:7e:86:aa

Jan 17 16:36:11 fl1-111-169-156-137.tky.mesh.ad.jp [50: C4:DD:0F:3E:C0 AP50C4DD0F3EC0] AUTH: wl0.0 (5GHz): Authenticated (WPA2-PSK) User - d4:61:9d:7e:86:aa

Jan 17 16:36:20 fl1-111-169-156-137.tky.mesh.ad.jp [50: C4:DD:0F:3E:C0 AP50C4DD0F3EC0] WIRELESS: wl0.0 (5GHz): Deleting roamed station - c8:d0:83:73:94:f0

Jan 17 16:37:09 fl1-111-169-156-137.tky.mesh.ad.jp [50: C4:DD:0F:3E:C0 AP50C4DD0F3EC0] WIRELESS: wl0.0 (5GHz): Deleting roamed station - d4:61:9d:7e:86:aa

Jan 17 17:03:17 fl1-111-169-156-137.tky.mesh.ad.jp [50: C4:DD:0F:3E:C0 AP50C4DD0F3EC0] WIRELESS: wl1.0 (2.4GHz): Encryption Key Renewing

Jan 17 17:03:17 fl1-111-169-156-137.tky.mesh.ad.jp [50: C4:DD:0F:3E:C0 AP50C4DD0F3EC0] WIRELESS: wl0.0 (5GHz): Encryption Key Renewing

Jan 17 17:03:27 fl1-111-169-156-137.tky.mesh.ad.jp [50: C4:DD:0F:3E:C0 AP50C4DD0F3EC0] WIRELESS: wl0.0 (5GHz): Encryption Key Renewing failed for User - d4:61:9d:7e:86:aa

Jan 17 17:03:27 111.169.156.137 [50: C4:DD:0F:3E:C0 AP50C4DD0F3EC0] WIRELESS: wl0.0 (5GHz): Encryption Key Renewing failed for User - c8:d0:83:73:94:f0

Jan 17 17:18:13 fl1-111-169-156-137.tky.mesh.ad.jp [50: C4:DD:0F:3E:C0 AP50C4DD0F3EC0] AUTH: wl0.0 (5GHz): Authenticated (WPA2-PSK) User - 3c:2e:f9:b5:9f:26

Jan 17 17:18:13 fl1-111-169-156-137.tky.mesh.ad.jp [50: C4:DD:0F:3E:C0 AP50C4DD0F3EC0] WIRELESS: wl0.0 (5GHz): Associated User - 3c:2e:f9:b5:9f:26

Jan 17 17:18:21 fl1-111-169-156-137.tky.mesh.ad.jp [50: C4:DD:0F:3E:C0 AP50C4DD0F3EC0] WIRELESS: wl0.0 (5GHz): Associated User - c8:d0:83:73:94:f0

Jan 17 17:18:21 fl1-111-169-156-137.tky.mesh.ad.jp [50: C4:DD:0F:3E:C0 AP50C4DD0F3EC0] AUTH: wl0.0 (5GHz): Authenticated (WPA2-PSK) User - c8:d0:83:73:94:f0

Jan 17 17:19:45 fl1-111-169-156-137.tky.mesh.ad.jp [50: C4:DD:0F:3E:C0 AP50C4DD0F3EC0] WIRELESS: wl0.0 (5GHz): DisAssociated User - 3c:2e:f9:b5:9f:26

Jan 17 17:20:15 fl1-111-169-156-137.tky.mesh.ad.jp [50: C4:DD:0F:3E:C0 AP50C4DD0F3EC0] WIRELESS: wl0.0 (5GHz): DisAssociated User - c8:d0:83:73:94:f0

Jan 17 17:33:23 fl1-111-169-156-137.tky.mesh.ad.jp [50: C4:DD:0F:3E:C0 AP50C4DD0F3EC0] WIRELESS: wl1 (2.4GHz): AutoChannel selected Channel 10 / 20 MHz

Jan 17 17:33:27 fl1-111-169-156-137.tky.mesh.ad.jp [50: C4:DD:0F:3E:C0 AP50C4DD0F3EC0] WIRELESS: wl1 (2.4GHz): Start sending beacon

Jan 17 17:33:28 fl1-111-169-156-137.tky.mesh.ad.jp [50: C4:DD:0F:3E:C0 AP50C4DD0F3EC0] WIRELESS: wl1 (2.4GHz): Switch Channel 10 / 20 MHz

Jan 17 17:33:28 fl1-111-169-156-137.tky.mesh.ad.jp [50: C4:DD:0F:3E:C0 AP50C4DD0F3EC0] WIRELESS: wl1 (2.4GHz): Start sending beacon

Jan 17 17:47:39 fl1-111-169-156-137.tky.mesh.ad.jp [50: C4:DD:0F:3E:C0 AP50C4DD0F3EC0] WIRELESS: wl0.0 (5GHz): Associated User - f8:95:ea:d6:5d:c4

Jan 17 17:47:39 fl1-111-169-156-137.tky.mesh.ad.jp [50: C4:DD:0F:3E:C0 AP50C4DD0F3EC0] AUTH: wl0.0 (5GHz): Authenticated (WPA2-PSK) User - f8:95:ea:d6:5d:c4

Jan 17 17:48:09 fl1-111-169-156-137.tky.mesh.ad.jp [50: C4:DD:0F:3E:C0 AP50C4DD0F3EC0] WIRELESS: wl1.0 (2.4GHz): DisAssociated User - f8:95:ea:d6:5d:c4

Jan 17 17:48:57 fl1-111-169-156-137.tky.mesh.ad.jp [50: C4:DD:0F:3E:C0 AP50C4DD0F3EC0] WIRELESS: wl0.0 (5GHz): DisAssociated User - f8:95:ea:d6:5d:c4

Jan 17 18:03:17 fl1-111-169-156-137.tky.mesh.ad.jp [50: C4:DD:0F:3E:C0 AP50C4DD0F3EC0] WIRELESS: wl1.0 (2.4GHz): Encryption Key Renewing

Jan 17 18:03:17 fl1-111-169-156-137.tky.mesh.ad.jp [50: C4:DD:0F:3E:C0 AP50C4DD0F3EC0] WIRELESS: wl0.0 (5GHz): Encryption Key Renewing

Jan 17 18:33:24 fl1-111-169-156-137.tky.mesh.ad.jp [50: C4:DD:0F:3E:C0 AP50C4DD0F3EC0] WIRELESS: wl1 (2.4GHz): AutoChannel selected Channel 1 / 20 MHz

Jan 17 18:33:28 fl1-111-169-156-137.tky.mesh.ad.jp [50: C4:DD:0F:3E:C0 AP50C4DD0F3EC0] WIRELESS: wl1 (2.4GHz): Start sending beacon

Jan 17 18:33:28 fl1-111-169-156-137.tky.mesh.ad.jp [50: C4:DD:0F:3E:C0 AP50C4DD0F3EC0] WIRELESS: wl1 (2.4GHz): Switch Channel 1 / 20 MHz

Jan 17 18:33:29 fl1-111-169-156-137.tky.mesh.ad.jp [50: C4:DD:0F:3E:C0 AP50C4DD0F3EC0] WIRELESS: wl1 (2.4GHz): Start sending beacon

Jan 17 19:03:17 fl1-111-169-156-137.tky.mesh.ad.jp [50: C4:DD:0F:3E:C0 AP50C4DD0F3EC0] WIRELESS: wl1.0 (2.4GHz): Encryption Key Renewing

Jan 17 19:03:17 fl1-111-169-156-137.tky.mesh.ad.jp [50: C4:DD:0F:3E:C0 AP50C4DD0F3EC0] WIRELESS: wl0.0 (5GHz): Encryption Key Renewing

Jan 17 19:33:25 fl1-111-169-156-137.tky.mesh.ad.jp [50: C4:DD:0F:3E:C0 AP50C4DD0F3EC0] WIRELESS: wl1 (2.4GHz): AutoChannel selected Channel 10 / 20 MHz

Jan 17 19:33:29 fl1-111-169-156-137.tky.mesh.ad.jp [50: C4:DD:0F:3E:C0 AP50C4DD0F3EC0] WIRELESS: wl1 (2.4GHz): Start sending beacon

Jan 17 19:33:29 fl1-111-169-156-137.tky.mesh.ad.jp [50: C4:DD:0F:3E:C0 AP50C4DD0F3EC0] WIRELESS: wl1 (2.4GHz): Switch Channel 10 / 20 MHz

Jan 17 19:33:30 fl1-111-169-156-137.tky.mesh.ad.jp [50: C4:DD:0F:3E:C0 AP50C4DD0F3EC0] WIRELESS: wl1 (2.4GHz): Start sending beacon

Jan 17 20:03:17 fl1-111-169-156-137.tky.mesh.ad.jp [50: C4:DD:0F:3E:C0 AP50C4DD0F3EC0] WIRELESS: wl1.0 (2.4GHz): Encryption Key Renewing

Jan 17 20:03:17 fl1-111-169-156-137.tky.mesh.ad.jp [50: C4:DD:0F:3E:C0 AP50C4DD0F3EC0] WIRELESS: wl0.0 (5GHz): Encryption Key Renewing

Jan 17 20:33:26 fl1-111-169-156-137.tky.mesh.ad.jp [50: C4:DD:0F:3E:C0 AP50C4DD0F3EC0] WIRELESS: wl1 (2.4GHz): AutoChannel selected Channel 2 / 20 MHz

Jan 17 20:33:30 fl1-111-169-156-137.tky.mesh.ad.jp [50: C4:DD:0F:3E:C0 AP50C4DD0F3EC0] WIRELESS: wl1 (2.4GHz): Start sending beacon

Jan 17 20:33:31 fl1-111-169-156-137.tky.mesh.ad.jp [50: C4:DD:0F:3E:C0 AP50C4DD0F3EC0] WIRELESS: wl1 (2.4GHz): Switch Channel 2 / 20 MHz

Jan 17 20:33:31 fl1-111-169-156-137.tky.mesh.ad.jp [50: C4:DD:0F:3E:C0 AP50C4DD0F3EC0] WIRELESS: wl1 (2.4GHz): Start sending beacon

Jan 17 21:03:17 fl1-111-169-156-137.tky.mesh.ad.jp [50: C4:DD:0F:3E:C0 AP50C4DD0F3EC0] WIRELESS: wl1.0 (2.4GHz): Encryption Key Renewing

Jan 17 21:03:17 fl1-111-169-156-137.tky.mesh.ad.jp [50: C4:DD:0F:3E:C0 AP50C4DD0F3EC0] WIRELESS: wl0.0 (5GHz): Encryption Key Renewing

Jan 17 21:33:27 fl1-111-169-156-137.tky.mesh.ad.jp [50: C4:DD:0F:3E:C0 AP50C4DD0F3EC0] WIRELESS: wl1 (2.4GHz): AutoChannel selected Channel 1 / 20 MHz

Jan 17 21:33:31 fl1-111-169-156-137.tky.mesh.ad.jp [50: C4:DD:0F:3E:C0 AP50C4DD0F3EC0] WIRELESS: wl1 (2.4GHz): Start sending beacon

Jan 17 21:33:32 fl1-111-169-156-137.tky.mesh.ad.jp [50: C4:DD:0F:3E:C0 AP50C4DD0F3EC0] WIRELESS: wl1 (2.4GHz): Switch Channel 1 / 20 MHz

Jan 17 21:33:32 fl1-111-169-156-137.tky.mesh.ad.jp [50: C4:DD:0F:3E:C0 AP50C4DD0F3EC0] WIRELESS: wl1 (2.4GHz): Start sending beacon

Jan 17 21:34:47 fl1-111-169-156-137.tky.mesh.ad.jp [50: C4:DD:0F:3E:C0 AP50C4DD0F3EC0] WIRELESS: wl1 (2.4GHz): Detect interference(100per) [with Non-802.11] on channel 1.

Jan 17 22:03:17 fl1-111-169-156-137.tky.mesh.ad.jp [50: C4:DD:0F:3E:C0 AP50C4DD0F3EC0] WIRELESS: wl1.0 (2.4GHz): Encryption Key Renewing

Jan 17 22:03:17 fl1-111-169-156-137.tky.mesh.ad.jp [50: C4:DD:0F:3E:C0 AP50C4DD0F3EC0] WIRELESS: wl0.0 (5GHz): Encryption Key Renewing

Jan 17 22:33:28 fl1-111-169-156-137.tky.mesh.ad.jp [50: C4:DD:0F:3E:C0 AP50C4DD0F3EC0] WIRELESS: wl1 (2.4GHz): AutoChannel selected Channel 10 / 20 MHz

Jan 17 22:33:32 fl1-111-169-156-137.tky.mesh.ad.jp [50: C4:DD:0F:3E:C0 AP50C4DD0F3EC0] WIRELESS: wl1 (2.4GHz): Start sending beacon

Jan 17 22:33:33 fl1-111-169-156-137.tky.mesh.ad.jp [50: C4:DD:0F:3E:C0 AP50C4DD0F3EC0] WIRELESS: wl1 (2.4GHz): Switch Channel 10 / 20 MHz

Jan 17 22:33:33 fl1-111-169-156-137.tky.mesh.ad.jp [50: C4:DD:0F:3E:C0 AP50C4DD0F3EC0] WIRELESS: wl1 (2.4GHz): Start sending beacon

Jan 17 23:03:17 fl1-111-169-156-137.tky.mesh.ad.jp [50: C4:DD:0F:3E:C0 AP50C4DD0F3EC0] WIRELESS: wl1.0 (2.4GHz): Encryption Key Renewing

Jan 17 23:03:17 fl1-111-169-156-137.tky.mesh.ad.jp [50: C4:DD:0F:3E:C0 AP50C4DD0F3EC0] WIRELESS: wl0.0 (5GHz): Encryption Key Renewing

Jan 17 23:33:29 fl1-111-169-156-137.tky.mesh.ad.jp [50: C4:DD:0F:3E:C0 AP50C4DD0F3EC0] WIRELESS: wl1 (2.4GHz): AutoChannel selected Channel 1 / 20 MHz

Jan 17 23:33:33 fl1-111-169-156-137.tky.mesh.ad.jp [50: C4:DD:0F:3E:C0 AP50C4DD0F3EC0] WIRELESS: wl1 (2.4GHz): Start sending beacon

Jan 17 23:33:34 fl1-111-169-156-137.tky.mesh.ad.jp [50: C4:DD:0F:3E:C0 AP50C4DD0F3EC0] WIRELESS: wl1 (2.4GHz): Switch Channel 1 / 20 MHz

Jan 17 23:33:34 fl1-111-169-156-137.tky.mesh.ad.jp [50: C4:DD:0F:3E:C0 AP50C4DD0F3EC0] WIRELESS: wl1 (2.4GHz): Start sending beacon

