Jan 18 00:03:17 fl1-111-169-156-137.tky.mesh.ad.jp [50: C4:DD:0F:3E:C0 AP50C4DD0F3EC0] WIRELESS: wl1.0 (2.4GHz): Encryption Key Renewing

Jan 18 00:03:17 fl1-111-169-156-137.tky.mesh.ad.jp [50: C4:DD:0F:3E:C0 AP50C4DD0F3EC0] WIRELESS: wl0.0 (5GHz): Encryption Key Renewing

Jan 18 00:33:30 fl1-111-169-156-137.tky.mesh.ad.jp [50: C4:DD:0F:3E:C0 AP50C4DD0F3EC0] WIRELESS: wl1 (2.4GHz): AutoChannel selected Channel 9 / 20 MHz

Jan 18 00:33:34 fl1-111-169-156-137.tky.mesh.ad.jp [50: C4:DD:0F:3E:C0 AP50C4DD0F3EC0] WIRELESS: wl1 (2.4GHz): Start sending beacon

Jan 18 00:33:35 fl1-111-169-156-137.tky.mesh.ad.jp [50: C4:DD:0F:3E:C0 AP50C4DD0F3EC0] WIRELESS: wl1 (2.4GHz): Switch Channel 9 / 20 MHz

Jan 18 00:33:35 fl1-111-169-156-137.tky.mesh.ad.jp [50: C4:DD:0F:3E:C0 AP50C4DD0F3EC0] WIRELESS: wl1 (2.4GHz): Start sending beacon

Jan 18 01:03:17 fl1-111-169-156-137.tky.mesh.ad.jp [50: C4:DD:0F:3E:C0 AP50C4DD0F3EC0] WIRELESS: wl1.0 (2.4GHz): Encryption Key Renewing

Jan 18 01:03:17 fl1-111-169-156-137.tky.mesh.ad.jp [50: C4:DD:0F:3E:C0 AP50C4DD0F3EC0] WIRELESS: wl0.0 (5GHz): Encryption Key Renewing

Jan 18 01:33:31 fl1-111-169-156-137.tky.mesh.ad.jp [50: C4:DD:0F:3E:C0 AP50C4DD0F3EC0] WIRELESS: wl1 (2.4GHz): AutoChannel selected Channel 2 / 20 MHz

Jan 18 01:33:35 fl1-111-169-156-137.tky.mesh.ad.jp [50: C4:DD:0F:3E:C0 AP50C4DD0F3EC0] WIRELESS: wl1 (2.4GHz): Start sending beacon

Jan 18 01:33:36 fl1-111-169-156-137.tky.mesh.ad.jp [50: C4:DD:0F:3E:C0 AP50C4DD0F3EC0] WIRELESS: wl1 (2.4GHz): Switch Channel 2 / 20 MHz

Jan 18 01:33:36 fl1-111-169-156-137.tky.mesh.ad.jp [50: C4:DD:0F:3E:C0 AP50C4DD0F3EC0] WIRELESS: wl1 (2.4GHz): Start sending beacon

Jan 18 02:03:16 fl1-111-169-156-137.tky.mesh.ad.jp [50: C4:DD:0F:3E:C0 AP50C4DD0F3EC0] WIRELESS: wl1.0 (2.4GHz): Encryption Key Renewing

Jan 18 02:03:17 fl1-111-169-156-137.tky.mesh.ad.jp [50: C4:DD:0F:3E:C0 AP50C4DD0F3EC0] WIRELESS: wl0.0 (5GHz): Encryption Key Renewing

Jan 18 02:33:32 fl1-111-169-156-137.tky.mesh.ad.jp [50: C4:DD:0F:3E:C0 AP50C4DD0F3EC0] WIRELESS: wl1 (2.4GHz): AutoChannel selected Channel 10 / 20 MHz

Jan 18 02:33:37 fl1-111-169-156-137.tky.mesh.ad.jp [50: C4:DD:0F:3E:C0 AP50C4DD0F3EC0] WIRELESS: wl1 (2.4GHz): Start sending beacon

Jan 18 02:33:37 fl1-111-169-156-137.tky.mesh.ad.jp [50: C4:DD:0F:3E:C0 AP50C4DD0F3EC0] WIRELESS: wl1 (2.4GHz): Switch Channel 10 / 20 MHz

Jan 18 02:33:37 fl1-111-169-156-137.tky.mesh.ad.jp [50: C4:DD:0F:3E:C0 AP50C4DD0F3EC0] WIRELESS: wl1 (2.4GHz): Start sending beacon

Jan 18 03:03:16 fl1-111-169-156-137.tky.mesh.ad.jp [50: C4:DD:0F:3E:C0 AP50C4DD0F3EC0] WIRELESS: wl1.0 (2.4GHz): Encryption Key Renewing

Jan 18 03:03:17 fl1-111-169-156-137.tky.mesh.ad.jp [50: C4:DD:0F:3E:C0 AP50C4DD0F3EC0] WIRELESS: wl0.0 (5GHz): Encryption Key Renewing

Jan 18 03:33:33 fl1-111-169-156-137.tky.mesh.ad.jp [50: C4:DD:0F:3E:C0 AP50C4DD0F3EC0] WIRELESS: wl1 (2.4GHz): AutoChannel selected Channel 3 / 20 MHz

Jan 18 03:33:37 fl1-111-169-156-137.tky.mesh.ad.jp [50: C4:DD:0F:3E:C0 AP50C4DD0F3EC0] WIRELESS: wl1 (2.4GHz): Start sending beacon

Jan 18 03:33:38 fl1-111-169-156-137.tky.mesh.ad.jp [50: C4:DD:0F:3E:C0 AP50C4DD0F3EC0] WIRELESS: wl1 (2.4GHz): Switch Channel 3 / 20 MHz

Jan 18 03:33:38 fl1-111-169-156-137.tky.mesh.ad.jp [50: C4:DD:0F:3E:C0 AP50C4DD0F3EC0] WIRELESS: wl1 (2.4GHz): Start sending beacon

Jan 18 04:03:16 fl1-111-169-156-137.tky.mesh.ad.jp [50: C4:DD:0F:3E:C0 AP50C4DD0F3EC0] WIRELESS: wl1.0 (2.4GHz): Encryption Key Renewing

Jan 18 04:03:17 fl1-111-169-156-137.tky.mesh.ad.jp [50: C4:DD:0F:3E:C0 AP50C4DD0F3EC0] WIRELESS: wl0.0 (5GHz): Encryption Key Renewing

Jan 18 04:33:34 fl1-111-169-156-137.tky.mesh.ad.jp [50: C4:DD:0F:3E:C0 AP50C4DD0F3EC0] WIRELESS: wl1 (2.4GHz): AutoChannel selected Channel 1 / 20 MHz

Jan 18 04:33:38 fl1-111-169-156-137.tky.mesh.ad.jp [50: C4:DD:0F:3E:C0 AP50C4DD0F3EC0] WIRELESS: wl1 (2.4GHz): Start sending beacon

Jan 18 04:33:39 fl1-111-169-156-137.tky.mesh.ad.jp [50: C4:DD:0F:3E:C0 AP50C4DD0F3EC0] WIRELESS: wl1 (2.4GHz): Switch Channel 1 / 20 MHz

Jan 18 04:33:39 fl1-111-169-156-137.tky.mesh.ad.jp [50: C4:DD:0F:3E:C0 AP50C4DD0F3EC0] WIRELESS: wl1 (2.4GHz): Start sending beacon

Jan 18 05:03:16 fl1-111-169-156-137.tky.mesh.ad.jp [50: C4:DD:0F:3E:C0 AP50C4DD0F3EC0] WIRELESS: wl1.0 (2.4GHz): Encryption Key Renewing

Jan 18 05:03:17 fl1-111-169-156-137.tky.mesh.ad.jp [50: C4:DD:0F:3E:C0 AP50C4DD0F3EC0] WIRELESS: wl0.0 (5GHz): Encryption Key Renewing

Jan 18 05:33:36 fl1-111-169-156-137.tky.mesh.ad.jp [50: C4:DD:0F:3E:C0 AP50C4DD0F3EC0] WIRELESS: wl1 (2.4GHz): AutoChannel selected Channel 7 / 20 MHz

Jan 18 05:33:40 fl1-111-169-156-137.tky.mesh.ad.jp [50: C4:DD:0F:3E:C0 AP50C4DD0F3EC0] WIRELESS: wl1 (2.4GHz): Start sending beacon

Jan 18 05:33:40 fl1-111-169-156-137.tky.mesh.ad.jp [50: C4:DD:0F:3E:C0 AP50C4DD0F3EC0] WIRELESS: wl1 (2.4GHz): Switch Channel 7 / 20 MHz

Jan 18 05:33:41 fl1-111-169-156-137.tky.mesh.ad.jp [50: C4:DD:0F:3E:C0 AP50C4DD0F3EC0] WIRELESS: wl1 (2.4GHz): Start sending beacon

Jan 18 06:03:17 fl1-111-169-156-137.tky.mesh.ad.jp [50: C4:DD:0F:3E:C0 AP50C4DD0F3EC0] WIRELESS: wl1.0 (2.4GHz): Encryption Key Renewing

Jan 18 06:03:17 fl1-111-169-156-137.tky.mesh.ad.jp [50: C4:DD:0F:3E:C0 AP50C4DD0F3EC0] WIRELESS: wl0.0 (5GHz): Encryption Key Renewing

Jan 18 06:33:37 fl1-111-169-156-137.tky.mesh.ad.jp [50: C4:DD:0F:3E:C0 AP50C4DD0F3EC0] WIRELESS: wl1 (2.4GHz): AutoChannel selected Channel 10 / 20 MHz

Jan 18 06:33:41 fl1-111-169-156-137.tky.mesh.ad.jp [50: C4:DD:0F:3E:C0 AP50C4DD0F3EC0] WIRELESS: wl1 (2.4GHz): Start sending beacon

Jan 18 06:33:41 fl1-111-169-156-137.tky.mesh.ad.jp [50: C4:DD:0F:3E:C0 AP50C4DD0F3EC0] WIRELESS: wl1 (2.4GHz): Switch Channel 10 / 20 MHz

Jan 18 06:33:41 fl1-111-169-156-137.tky.mesh.ad.jp [50: C4:DD:0F:3E:C0 AP50C4DD0F3EC0] WIRELESS: wl1 (2.4GHz): Start sending beacon

Jan 18 07:03:17 fl1-111-169-156-137.tky.mesh.ad.jp [50: C4:DD:0F:3E:C0 AP50C4DD0F3EC0] WIRELESS: wl0.0 (5GHz): Encryption Key Renewing

Jan 18 07:03:17 fl1-111-169-156-137.tky.mesh.ad.jp [50: C4:DD:0F:3E:C0 AP50C4DD0F3EC0] WIRELESS: wl1.0 (2.4GHz): Encryption Key Renewing

Jan 18 07:33:37 fl1-111-169-156-137.tky.mesh.ad.jp [50: C4:DD:0F:3E:C0 AP50C4DD0F3EC0] WIRELESS: wl1 (2.4GHz): AutoChannel selected Channel 2 / 20 MHz

Jan 18 07:33:41 fl1-111-169-156-137.tky.mesh.ad.jp [50: C4:DD:0F:3E:C0 AP50C4DD0F3EC0] WIRELESS: wl1 (2.4GHz): Start sending beacon

Jan 18 07:33:42 fl1-111-169-156-137.tky.mesh.ad.jp [50: C4:DD:0F:3E:C0 AP50C4DD0F3EC0] WIRELESS: wl1 (2.4GHz): Switch Channel 2 / 20 MHz

Jan 18 07:33:42 fl1-111-169-156-137.tky.mesh.ad.jp [50: C4:DD:0F:3E:C0 AP50C4DD0F3EC0] WIRELESS: wl1 (2.4GHz): Start sending beacon

Jan 18 08:03:16 fl1-111-169-156-137.tky.mesh.ad.jp [50: C4:DD:0F:3E:C0 AP50C4DD0F3EC0] WIRELESS: wl1.0 (2.4GHz): Encryption Key Renewing

Jan 18 08:03:17 fl1-111-169-156-137.tky.mesh.ad.jp [50: C4:DD:0F:3E:C0 AP50C4DD0F3EC0] WIRELESS: wl0.0 (5GHz): Encryption Key Renewing

Jan 18 08:05:31 fl1-111-169-156-137.tky.mesh.ad.jp [50: C4:DD:0F:3E:C0 AP50C4DD0F3EC0] WIRELESS: wl1.0 (2.4GHz): Associated User - f8:b7:97:24:40:d6

Jan 18 08:05:31 fl1-111-169-156-137.tky.mesh.ad.jp [50: C4:DD:0F:3E:C0 AP50C4DD0F3EC0] AUTH: wl1.0 (2.4GHz): Authenticated (WPA2-PSK) User - f8:b7:97:24:40:d6

Jan 18 08:31:09 fl1-111-169-156-137.tky.mesh.ad.jp [50: C4:DD:0F:3E:C0 AP50C4DD0F3EC0] WIRELESS: wl1.0 (2.4GHz): Deleting roamed station - f8:b7:97:24:40:d6

Jan 18 08:33:38 fl1-111-169-156-137.tky.mesh.ad.jp [50: C4:DD:0F:3E:C0 AP50C4DD0F3EC0] WIRELESS: wl1 (2.4GHz): AutoChannel selected Channel 4 / 20 MHz

Jan 18 08:33:42 fl1-111-169-156-137.tky.mesh.ad.jp [50: C4:DD:0F:3E:C0 AP50C4DD0F3EC0] WIRELESS: wl1 (2.4GHz): Start sending beacon

Jan 18 08:33:43 fl1-111-169-156-137.tky.mesh.ad.jp [50: C4:DD:0F:3E:C0 AP50C4DD0F3EC0] WIRELESS: wl1 (2.4GHz): Switch Channel 4 / 20 MHz

Jan 18 08:33:43 fl1-111-169-156-137.tky.mesh.ad.jp [50: C4:DD:0F:3E:C0 AP50C4DD0F3EC0] WIRELESS: wl1 (2.4GHz): Start sending beacon

Jan 18 09:03:16 fl1-111-169-156-137.tky.mesh.ad.jp [50: C4:DD:0F:3E:C0 AP50C4DD0F3EC0] WIRELESS: wl1.0 (2.4GHz): Encryption Key Renewing

Jan 18 09:03:17 fl1-111-169-156-137.tky.mesh.ad.jp [50: C4:DD:0F:3E:C0 AP50C4DD0F3EC0] WIRELESS: wl0.0 (5GHz): Encryption Key Renewing

Jan 18 09:03:26 fl1-111-169-156-137.tky.mesh.ad.jp [50: C4:DD:0F:3E:C0 AP50C4DD0F3EC0] WIRELESS: wl1.0 (2.4GHz): Encryption Key Renewing failed for User - f8:b7:97:24:40:d6

Jan 18 09:33:39 fl1-111-169-156-137.tky.mesh.ad.jp [50: C4:DD:0F:3E:C0 AP50C4DD0F3EC0] WIRELESS: wl1 (2.4GHz): AutoChannel selected Channel 4 / 20 MHz

Jan 18 10:03:16 fl1-111-169-156-137.tky.mesh.ad.jp [50: C4:DD:0F:3E:C0 AP50C4DD0F3EC0] WIRELESS: wl1.0 (2.4GHz): Encryption Key Renewing

Jan 18 10:03:17 fl1-111-169-156-137.tky.mesh.ad.jp [50: C4:DD:0F:3E:C0 AP50C4DD0F3EC0] WIRELESS: wl0.0 (5GHz): Encryption Key Renewing

Jan 18 10:33:40 fl1-111-169-156-137.tky.mesh.ad.jp [50: C4:DD:0F:3E:C0 AP50C4DD0F3EC0] WIRELESS: wl1 (2.4GHz): AutoChannel selected Channel 10 / 20 MHz

Jan 18 10:33:44 fl1-111-169-156-137.tky.mesh.ad.jp [50: C4:DD:0F:3E:C0 AP50C4DD0F3EC0] WIRELESS: wl1 (2.4GHz): Start sending beacon

Jan 18 10:33:44 fl1-111-169-156-137.tky.mesh.ad.jp [50: C4:DD:0F:3E:C0 AP50C4DD0F3EC0] WIRELESS: wl1 (2.4GHz): Switch Channel 10 / 20 MHz

Jan 18 10:33:45 fl1-111-169-156-137.tky.mesh.ad.jp [50: C4:DD:0F:3E:C0 AP50C4DD0F3EC0] WIRELESS: wl1 (2.4GHz): Start sending beacon

Jan 18 11:03:16 fl1-111-169-156-137.tky.mesh.ad.jp [50: C4:DD:0F:3E:C0 AP50C4DD0F3EC0] WIRELESS: wl1.0 (2.4GHz): Encryption Key Renewing

Jan 18 11:03:17 fl1-111-169-156-137.tky.mesh.ad.jp [50: C4:DD:0F:3E:C0 AP50C4DD0F3EC0] WIRELESS: wl0.0 (5GHz): Encryption Key Renewing

Jan 18 11:33:42 fl1-111-169-156-137.tky.mesh.ad.jp [50: C4:DD:0F:3E:C0 AP50C4DD0F3EC0] WIRELESS: wl1 (2.4GHz): AutoChannel selected Channel 2 / 20 MHz

Jan 18 11:33:46 fl1-111-169-156-137.tky.mesh.ad.jp [50: C4:DD:0F:3E:C0 AP50C4DD0F3EC0] WIRELESS: wl1 (2.4GHz): Start sending beacon

Jan 18 11:33:46 fl1-111-169-156-137.tky.mesh.ad.jp [50: C4:DD:0F:3E:C0 AP50C4DD0F3EC0] WIRELESS: wl1 (2.4GHz): Switch Channel 2 / 20 MHz

Jan 18 11:33:46 fl1-111-169-156-137.tky.mesh.ad.jp [50: C4:DD:0F:3E:C0 AP50C4DD0F3EC0] WIRELESS: wl1 (2.4GHz): Start sending beacon

Jan 18 12:03:16 fl1-111-169-156-137.tky.mesh.ad.jp [50: C4:DD:0F:3E:C0 AP50C4DD0F3EC0] WIRELESS: wl1.0 (2.4GHz): Encryption Key Renewing

Jan 18 12:03:17 fl1-111-169-156-137.tky.mesh.ad.jp [50: C4:DD:0F:3E:C0 AP50C4DD0F3EC0] WIRELESS: wl0.0 (5GHz): Encryption Key Renewing

Jan 18 12:33:43 fl1-111-169-156-137.tky.mesh.ad.jp [50: C4:DD:0F:3E:C0 AP50C4DD0F3EC0] WIRELESS: wl1 (2.4GHz): AutoChannel selected Channel 2 / 20 MHz

Jan 18 13:03:16 fl1-111-169-156-137.tky.mesh.ad.jp [50: C4:DD:0F:3E:C0 AP50C4DD0F3EC0] WIRELESS: wl1.0 (2.4GHz): Encryption Key Renewing

Jan 18 13:03:17 fl1-111-169-156-137.tky.mesh.ad.jp [50: C4:DD:0F:3E:C0 AP50C4DD0F3EC0] WIRELESS: wl0.0 (5GHz): Encryption Key Renewing

Jan 18 13:21:42 fl1-111-169-156-137.tky.mesh.ad.jp [50: C4:DD:0F:3E:C0 AP50C4DD0F3EC0] ntpclient: SUCCESS: set time :  Sat Jan 18 13:21:42 2020 

Jan 18 13:33:44 fl1-111-169-156-137.tky.mesh.ad.jp [50: C4:DD:0F:3E:C0 AP50C4DD0F3EC0] WIRELESS: wl1 (2.4GHz): AutoChannel selected Channel 4 / 20 MHz

Jan 18 13:33:48 fl1-111-169-156-137.tky.mesh.ad.jp [50: C4:DD:0F:3E:C0 AP50C4DD0F3EC0] WIRELESS: wl1 (2.4GHz): Start sending beacon

Jan 18 13:33:48 fl1-111-169-156-137.tky.mesh.ad.jp [50: C4:DD:0F:3E:C0 AP50C4DD0F3EC0] WIRELESS: wl1 (2.4GHz): Switch Channel 4 / 20 MHz

Jan 18 13:33:49 fl1-111-169-156-137.tky.mesh.ad.jp [50: C4:DD:0F:3E:C0 AP50C4DD0F3EC0] WIRELESS: wl1 (2.4GHz): Start sending beacon

Jan 18 14:03:16 fl1-111-169-156-137.tky.mesh.ad.jp [50: C4:DD:0F:3E:C0 AP50C4DD0F3EC0] WIRELESS: wl1.0 (2.4GHz): Encryption Key Renewing

Jan 18 14:03:17 fl1-111-169-156-137.tky.mesh.ad.jp [50: C4:DD:0F:3E:C0 AP50C4DD0F3EC0] WIRELESS: wl0.0 (5GHz): Encryption Key Renewing

Jan 18 14:05:32 fl1-111-169-156-137.tky.mesh.ad.jp [50: C4:DD:0F:3E:C0 AP50C4DD0F3EC0] WIRELESS: wl1.0 (2.4GHz): Associated User - f8:b7:97:24:40:d6

Jan 18 14:05:32 fl1-111-169-156-137.tky.mesh.ad.jp [50: C4:DD:0F:3E:C0 AP50C4DD0F3EC0] AUTH: wl1.0 (2.4GHz): Authenticated (WPA2-PSK) User - f8:b7:97:24:40:d6

Jan 18 14:07:26 fl1-111-169-156-137.tky.mesh.ad.jp [50: C4:DD:0F:3E:C0 AP50C4DD0F3EC0] WIRELESS: wl1.0 (2.4GHz): Deleting roamed station - f8:b7:97:24:40:d6

Jan 18 14:08:48 fl1-111-169-156-137.tky.mesh.ad.jp [50: C4:DD:0F:3E:C0 AP50C4DD0F3EC0] AUTH: wl1.0 (2.4GHz): Authenticated (WPA2-PSK) User - f8:b7:97:24:40:d6

Jan 18 14:08:48 fl1-111-169-156-137.tky.mesh.ad.jp [50: C4:DD:0F:3E:C0 AP50C4DD0F3EC0] WIRELESS: wl1.0 (2.4GHz): Associated User - f8:b7:97:24:40:d6

Jan 18 14:10:50 fl1-111-169-156-137.tky.mesh.ad.jp [50: C4:DD:0F:3E:C0 AP50C4DD0F3EC0] WIRELESS: wl1.0 (2.4GHz): DisAssociated User - f8:b7:97:24:40:d6

Jan 18 14:10:50 fl1-111-169-156-137.tky.mesh.ad.jp [50: C4:DD:0F:3E:C0 AP50C4DD0F3EC0] WIRELESS: wl1.0 (2.4GHz): Associated User - f8:b7:97:24:40:d6

Jan 18 14:10:50 fl1-111-169-156-137.tky.mesh.ad.jp [50: C4:DD:0F:3E:C0 AP50C4DD0F3EC0] AUTH: wl1.0 (2.4GHz): Authenticated (WPA2-PSK) User - f8:b7:97:24:40:d6

Jan 18 14:12:05 fl1-111-169-156-137.tky.mesh.ad.jp [50: C4:DD:0F:3E:C0 AP50C4DD0F3EC0] WIRELESS: wl1.0 (2.4GHz): Deleting roamed station - f8:b7:97:24:40:d6

Jan 18 14:33:45 fl1-111-169-156-137.tky.mesh.ad.jp [50: C4:DD:0F:3E:C0 AP50C4DD0F3EC0] WIRELESS: wl1 (2.4GHz): AutoChannel selected Channel 9 / 20 MHz

Jan 18 14:33:49 fl1-111-169-156-137.tky.mesh.ad.jp [50: C4:DD:0F:3E:C0 AP50C4DD0F3EC0] WIRELESS: wl1 (2.4GHz): Start sending beacon

Jan 18 14:33:50 fl1-111-169-156-137.tky.mesh.ad.jp [50: C4:DD:0F:3E:C0 AP50C4DD0F3EC0] WIRELESS: wl1 (2.4GHz): Switch Channel 9 / 20 MHz

Jan 18 14:33:50 fl1-111-169-156-137.tky.mesh.ad.jp [50: C4:DD:0F:3E:C0 AP50C4DD0F3EC0] WIRELESS: wl1 (2.4GHz): Start sending beacon

Jan 18 15:03:16 fl1-111-169-156-137.tky.mesh.ad.jp [50: C4:DD:0F:3E:C0 AP50C4DD0F3EC0] WIRELESS: wl1.0 (2.4GHz): Encryption Key Renewing

Jan 18 15:03:17 fl1-111-169-156-137.tky.mesh.ad.jp [50: C4:DD:0F:3E:C0 AP50C4DD0F3EC0] WIRELESS: wl0.0 (5GHz): Encryption Key Renewing

Jan 18 15:03:26 fl1-111-169-156-137.tky.mesh.ad.jp [50: C4:DD:0F:3E:C0 AP50C4DD0F3EC0] WIRELESS: wl1.0 (2.4GHz): Encryption Key Renewing failed for User - f8:b7:97:24:40:d6

Jan 18 15:19:34 fl1-111-169-156-137.tky.mesh.ad.jp [50: C4:DD:0F:3E:C0 AP50C4DD0F3EC0] WIRELESS: wl1.0 (2.4GHz): Associated User - f8:b7:97:24:40:d6

Jan 18 15:19:34 fl1-111-169-156-137.tky.mesh.ad.jp [50: C4:DD:0F:3E:C0 AP50C4DD0F3EC0] AUTH: wl1.0 (2.4GHz): Authenticated (WPA2-PSK) User - f8:b7:97:24:40:d6

Jan 18 15:21:17 fl1-111-169-156-137.tky.mesh.ad.jp [50: C4:DD:0F:3E:C0 AP50C4DD0F3EC0] WIRELESS: wl1.0 (2.4GHz): DisAssociated User - f8:b7:97:24:40:d6

Jan 18 15:21:17 fl1-111-169-156-137.tky.mesh.ad.jp [50: C4:DD:0F:3E:C0 AP50C4DD0F3EC0] WIRELESS: wl1.0 (2.4GHz): Associated User - f8:b7:97:24:40:d6

Jan 18 15:21:17 fl1-111-169-156-137.tky.mesh.ad.jp [50: C4:DD:0F:3E:C0 AP50C4DD0F3EC0] AUTH: wl1.0 (2.4GHz): Authenticated (WPA2-PSK) User - f8:b7:97:24:40:d6

Jan 18 15:23:32 fl1-111-169-156-137.tky.mesh.ad.jp [50: C4:DD:0F:3E:C0 AP50C4DD0F3EC0] WIRELESS: wl1.0 (2.4GHz): DisAssociated User - f8:b7:97:24:40:d6

Jan 18 15:23:32 fl1-111-169-156-137.tky.mesh.ad.jp [50: C4:DD:0F:3E:C0 AP50C4DD0F3EC0] WIRELESS: wl1.0 (2.4GHz): Associated User - f8:b7:97:24:40:d6

Jan 18 15:23:32 fl1-111-169-156-137.tky.mesh.ad.jp [50: C4:DD:0F:3E:C0 AP50C4DD0F3EC0] AUTH: wl1.0 (2.4GHz): Authenticated (WPA2-PSK) User - f8:b7:97:24:40:d6

Jan 18 16:03:16 fl1-111-169-156-137.tky.mesh.ad.jp [50: C4:DD:0F:3E:C0 AP50C4DD0F3EC0] WIRELESS: wl1.0 (2.4GHz): Encryption Key Renewing

Jan 18 16:03:17 fl1-111-169-156-137.tky.mesh.ad.jp [50: C4:DD:0F:3E:C0 AP50C4DD0F3EC0] WIRELESS: wl0.0 (5GHz): Encryption Key Renewing

Jan 18 16:29:12 fl1-111-169-156-137.tky.mesh.ad.jp [50: C4:DD:0F:3E:C0 AP50C4DD0F3EC0] WIRELESS: wl1.0 (2.4GHz): Deleting roamed station - f8:b7:97:24:40:d6

Jan 18 16:31:23 fl1-111-169-156-137.tky.mesh.ad.jp [50: C4:DD:0F:3E:C0 AP50C4DD0F3EC0] WIRELESS: wl1.0 (2.4GHz): Associated User - f8:b7:97:24:40:d6

Jan 18 16:31:23 fl1-111-169-156-137.tky.mesh.ad.jp [50: C4:DD:0F:3E:C0 AP50C4DD0F3EC0] AUTH: wl1.0 (2.4GHz): Authenticated (WPA2-PSK) User - f8:b7:97:24:40:d6

Jan 18 16:32:47 fl1-111-169-156-137.tky.mesh.ad.jp [50: C4:DD:0F:3E:C0 AP50C4DD0F3EC0] WIRELESS: wl1.0 (2.4GHz): DisAssociated User - f8:b7:97:24:40:d6

Jan 18 16:32:47 fl1-111-169-156-137.tky.mesh.ad.jp [50: C4:DD:0F:3E:C0 AP50C4DD0F3EC0] WIRELESS: wl1.0 (2.4GHz): Associated User - f8:b7:97:24:40:d6

Jan 18 16:32:47 fl1-111-169-156-137.tky.mesh.ad.jp [50: C4:DD:0F:3E:C0 AP50C4DD0F3EC0] AUTH: wl1.0 (2.4GHz): Authenticated (WPA2-PSK) User - f8:b7:97:24:40:d6

Jan 18 16:34:03 fl1-111-169-156-137.tky.mesh.ad.jp [50: C4:DD:0F:3E:C0 AP50C4DD0F3EC0] WIRELESS: wl1.0 (2.4GHz): DisAssociated User - f8:b7:97:24:40:d6

Jan 18 16:34:03 fl1-111-169-156-137.tky.mesh.ad.jp [50: C4:DD:0F:3E:C0 AP50C4DD0F3EC0] WIRELESS: wl1.0 (2.4GHz): Associated User - f8:b7:97:24:40:d6

Jan 18 16:34:03 fl1-111-169-156-137.tky.mesh.ad.jp [50: C4:DD:0F:3E:C0 AP50C4DD0F3EC0] AUTH: wl1.0 (2.4GHz): Authenticated (WPA2-PSK) User - f8:b7:97:24:40:d6

Jan 18 16:35:19 fl1-111-169-156-137.tky.mesh.ad.jp [50: C4:DD:0F:3E:C0 AP50C4DD0F3EC0] AUTH: wl1.0 (2.4GHz): Authenticated (WPA2-PSK) User - f8:b7:97:24:40:d6

Jan 18 16:35:19 fl1-111-169-156-137.tky.mesh.ad.jp [50: C4:DD:0F:3E:C0 AP50C4DD0F3EC0] WIRELESS: wl1.0 (2.4GHz): DisAssociated User - f8:b7:97:24:40:d6

Jan 18 16:35:19 fl1-111-169-156-137.tky.mesh.ad.jp [50: C4:DD:0F:3E:C0 AP50C4DD0F3EC0] WIRELESS: wl1.0 (2.4GHz): Associated User - f8:b7:97:24:40:d6

Jan 18 16:37:29 fl1-111-169-156-137.tky.mesh.ad.jp [50: C4:DD:0F:3E:C0 AP50C4DD0F3EC0] WIRELESS: wl1.0 (2.4GHz): Deleting roamed station - f8:b7:97:24:40:d6

Jan 18 16:39:24 fl1-111-169-156-137.tky.mesh.ad.jp [50: C4:DD:0F:3E:C0 AP50C4DD0F3EC0] WIRELESS: wl1.0 (2.4GHz): Associated User - f8:b7:97:24:40:d6

Jan 18 16:39:24 fl1-111-169-156-137.tky.mesh.ad.jp [50: C4:DD:0F:3E:C0 AP50C4DD0F3EC0] AUTH: wl1.0 (2.4GHz): Authenticated (WPA2-PSK) User - f8:b7:97:24:40:d6

Jan 18 16:41:32 fl1-111-169-156-137.tky.mesh.ad.jp [50: C4:DD:0F:3E:C0 AP50C4DD0F3EC0] WIRELESS: wl1.0 (2.4GHz): Associated User - f8:b7:97:24:40:d6

Jan 18 16:41:32 fl1-111-169-156-137.tky.mesh.ad.jp [50: C4:DD:0F:3E:C0 AP50C4DD0F3EC0] WIRELESS: wl1.0 (2.4GHz): DisAssociated User - f8:b7:97:24:40:d6

Jan 18 16:41:32 fl1-111-169-156-137.tky.mesh.ad.jp [50: C4:DD:0F:3E:C0 AP50C4DD0F3EC0] AUTH: wl1.0 (2.4GHz): Authenticated (WPA2-PSK) User - f8:b7:97:24:40:d6

Jan 18 16:42:55 fl1-111-169-156-137.tky.mesh.ad.jp [50: C4:DD:0F:3E:C0 AP50C4DD0F3EC0] WIRELESS: wl1.0 (2.4GHz): Deleting roamed station - f8:b7:97:24:40:d6

Jan 18 17:03:16 fl1-111-169-156-137.tky.mesh.ad.jp [50: C4:DD:0F:3E:C0 AP50C4DD0F3EC0] WIRELESS: wl1.0 (2.4GHz): Encryption Key Renewing

Jan 18 17:03:17 fl1-111-169-156-137.tky.mesh.ad.jp [50: C4:DD:0F:3E:C0 AP50C4DD0F3EC0] WIRELESS: wl0.0 (5GHz): Encryption Key Renewing

Jan 18 17:03:26 fl1-111-169-156-137.tky.mesh.ad.jp [50: C4:DD:0F:3E:C0 AP50C4DD0F3EC0] WIRELESS: wl1.0 (2.4GHz): Encryption Key Renewing failed for User - f8:b7:97:24:40:d6

Jan 18 17:33:48 fl1-111-169-156-137.tky.mesh.ad.jp [50: C4:DD:0F:3E:C0 AP50C4DD0F3EC0] WIRELESS: wl1 (2.4GHz): Detect interference(55per) on channel 2.

Jan 18 17:33:48 fl1-111-169-156-137.tky.mesh.ad.jp [50: C4:DD:0F:3E:C0 AP50C4DD0F3EC0] WIRELESS: wl1 (2.4GHz): AutoChannel selected Channel 1 / 20 MHz

Jan 18 17:33:52 fl1-111-169-156-137.tky.mesh.ad.jp [50: C4:DD:0F:3E:C0 AP50C4DD0F3EC0] WIRELESS: wl1 (2.4GHz): Start sending beacon

Jan 18 17:33:53 fl1-111-169-156-137.tky.mesh.ad.jp [50: C4:DD:0F:3E:C0 AP50C4DD0F3EC0] WIRELESS: wl1 (2.4GHz): Switch Channel 1 / 20 MHz

Jan 18 17:33:53 fl1-111-169-156-137.tky.mesh.ad.jp [50: C4:DD:0F:3E:C0 AP50C4DD0F3EC0] WIRELESS: wl1 (2.4GHz): Start sending beacon

Jan 18 18:03:16 fl1-111-169-156-137.tky.mesh.ad.jp [50: C4:DD:0F:3E:C0 AP50C4DD0F3EC0] WIRELESS: wl1.0 (2.4GHz): Encryption Key Renewing

Jan 18 18:03:17 fl1-111-169-156-137.tky.mesh.ad.jp [50: C4:DD:0F:3E:C0 AP50C4DD0F3EC0] WIRELESS: wl0.0 (5GHz): Encryption Key Renewing

Jan 18 18:07:44 fl1-111-169-156-137.tky.mesh.ad.jp [50: C4:DD:0F:3E:C0 AP50C4DD0F3EC0] WIRELESS: wl1.0 (2.4GHz): Associated User - f8:b7:97:24:40:d6

Jan 18 18:07:44 fl1-111-169-156-137.tky.mesh.ad.jp [50: C4:DD:0F:3E:C0 AP50C4DD0F3EC0] AUTH: wl1.0 (2.4GHz): Authenticated (WPA2-PSK) User - f8:b7:97:24:40:d6

Jan 18 18:45:16 fl1-111-169-156-137.tky.mesh.ad.jp [50: C4:DD:0F:3E:C0 AP50C4DD0F3EC0] WIRELESS: wl1.0 (2.4GHz): DisAssociated User - f8:b7:97:24:40:d6

Jan 18 18:45:16 fl1-111-169-156-137.tky.mesh.ad.jp [50: C4:DD:0F:3E:C0 AP50C4DD0F3EC0] WIRELESS: wl1.0 (2.4GHz): DisAssociated User - f8:b7:97:24:40:d6

Jan 18 18:45:16 fl1-111-169-156-137.tky.mesh.ad.jp [50: C4:DD:0F:3E:C0 AP50C4DD0F3EC0] WIRELESS: wl1.0 (2.4GHz): Associated User - f8:b7:97:24:40:d6

Jan 18 18:45:16 fl1-111-169-156-137.tky.mesh.ad.jp [50: C4:DD:0F:3E:C0 AP50C4DD0F3EC0] WIRELESS: wl1.0 (2.4GHz): Associated User - f8:b7:97:24:40:d6

Jan 18 18:45:16 fl1-111-169-156-137.tky.mesh.ad.jp [50: C4:DD:0F:3E:C0 AP50C4DD0F3EC0] WIRELESS: wl1.0 (2.4GHz): DisAssociated User - f8:b7:97:24:40:d6

Jan 18 18:52:47 fl1-111-169-156-137.tky.mesh.ad.jp [50: C4:DD:0F:3E:C0 AP50C4DD0F3EC0] WIRELESS: wl1.0 (2.4GHz): Associated User - f8:b7:97:24:40:d6

Jan 18 18:52:47 fl1-111-169-156-137.tky.mesh.ad.jp [50: C4:DD:0F:3E:C0 AP50C4DD0F3EC0] AUTH: wl1.0 (2.4GHz): Authenticated (WPA2-PSK) User - f8:b7:97:24:40:d6

Jan 18 19:03:16 fl1-111-169-156-137.tky.mesh.ad.jp [50: C4:DD:0F:3E:C0 AP50C4DD0F3EC0] WIRELESS: wl1.0 (2.4GHz): Encryption Key Renewing

Jan 18 19:03:17 fl1-111-169-156-137.tky.mesh.ad.jp [50: C4:DD:0F:3E:C0 AP50C4DD0F3EC0] WIRELESS: wl0.0 (5GHz): Encryption Key Renewing

Jan 18 19:08:00 fl1-111-169-156-137.tky.mesh.ad.jp [50: C4:DD:0F:3E:C0 AP50C4DD0F3EC0] WIRELESS: wl1.0 (2.4GHz): Deleting roamed station - f8:b7:97:24:40:d6

Jan 18 19:09:16 fl1-111-169-156-137.tky.mesh.ad.jp [50: C4:DD:0F:3E:C0 AP50C4DD0F3EC0] WIRELESS: wl1.0 (2.4GHz): Associated User - f8:b7:97:24:40:d6

Jan 18 19:09:16 fl1-111-169-156-137.tky.mesh.ad.jp [50: C4:DD:0F:3E:C0 AP50C4DD0F3EC0] AUTH: wl1.0 (2.4GHz): Authenticated (WPA2-PSK) User - f8:b7:97:24:40:d6

Jan 18 19:11:54 fl1-111-169-156-137.tky.mesh.ad.jp [50: C4:DD:0F:3E:C0 AP50C4DD0F3EC0] WIRELESS: wl1.0 (2.4GHz): Deleting roamed station - f8:b7:97:24:40:d6

Jan 18 19:13:10 fl1-111-169-156-137.tky.mesh.ad.jp [50: C4:DD:0F:3E:C0 AP50C4DD0F3EC0] WIRELESS: wl1.0 (2.4GHz): Associated User - f8:b7:97:24:40:d6

Jan 18 19:13:10 fl1-111-169-156-137.tky.mesh.ad.jp [50: C4:DD:0F:3E:C0 AP50C4DD0F3EC0] AUTH: wl1.0 (2.4GHz): Authenticated (WPA2-PSK) User - f8:b7:97:24:40:d6

Jan 18 19:14:27 fl1-111-169-156-137.tky.mesh.ad.jp [50: C4:DD:0F:3E:C0 AP50C4DD0F3EC0] WIRELESS: wl1.0 (2.4GHz): Deleting roamed station - f8:b7:97:24:40:d6

Jan 18 19:17:13 fl1-111-169-156-137.tky.mesh.ad.jp [50: C4:DD:0F:3E:C0 AP50C4DD0F3EC0] WIRELESS: wl1.0 (2.4GHz): Associated User - f8:b7:97:24:40:d6

Jan 18 19:17:13 fl1-111-169-156-137.tky.mesh.ad.jp [50: C4:DD:0F:3E:C0 AP50C4DD0F3EC0] AUTH: wl1.0 (2.4GHz): Authenticated (WPA2-PSK) User - f8:b7:97:24:40:d6

Jan 18 19:47:56 fl1-111-169-156-137.tky.mesh.ad.jp [50: C4:DD:0F:3E:C0 AP50C4DD0F3EC0] WIRELESS: wl1.0 (2.4GHz): DisAssociated User - f8:b7:97:24:40:d6

Jan 18 19:47:56 fl1-111-169-156-137.tky.mesh.ad.jp [50: C4:DD:0F:3E:C0 AP50C4DD0F3EC0] WIRELESS: wl1.0 (2.4GHz): Associated User - f8:b7:97:24:40:d6

Jan 18 19:47:56 fl1-111-169-156-137.tky.mesh.ad.jp [50: C4:DD:0F:3E:C0 AP50C4DD0F3EC0] WIRELESS: wl1.0 (2.4GHz): Associated User - f8:b7:97:24:40:d6

Jan 18 19:47:57 fl1-111-169-156-137.tky.mesh.ad.jp [50: C4:DD:0F:3E:C0 AP50C4DD0F3EC0] WIRELESS: wl1.0 (2.4GHz): DisAssociated User - f8:b7:97:24:40:d6

Jan 18 20:03:16 fl1-111-169-156-137.tky.mesh.ad.jp [50: C4:DD:0F:3E:C0 AP50C4DD0F3EC0] WIRELESS: wl1.0 (2.4GHz): Encryption Key Renewing

Jan 18 20:03:17 fl1-111-169-156-137.tky.mesh.ad.jp [50: C4:DD:0F:3E:C0 AP50C4DD0F3EC0] WIRELESS: wl0.0 (5GHz): Encryption Key Renewing

Jan 18 20:12:15 fl1-111-169-156-137.tky.mesh.ad.jp [50: C4:DD:0F:3E:C0 AP50C4DD0F3EC0] WIRELESS: wl1.0 (2.4GHz): Associated User - f8:b7:97:24:40:d6

Jan 18 20:12:15 fl1-111-169-156-137.tky.mesh.ad.jp [50: C4:DD:0F:3E:C0 AP50C4DD0F3EC0] AUTH: wl1.0 (2.4GHz): Authenticated (WPA2-PSK) User - f8:b7:97:24:40:d6

Jan 18 20:15:16 fl1-111-169-156-137.tky.mesh.ad.jp [50: C4:DD:0F:3E:C0 AP50C4DD0F3EC0] WIRELESS: wl1.0 (2.4GHz): Deleting roamed station - f8:b7:97:24:40:d6

Jan 18 20:19:02 fl1-111-169-156-137.tky.mesh.ad.jp [50: C4:DD:0F:3E:C0 AP50C4DD0F3EC0] WIRELESS: wl1.0 (2.4GHz): Associated User - f8:b7:97:24:40:d6

Jan 18 20:19:02 fl1-111-169-156-137.tky.mesh.ad.jp [50: C4:DD:0F:3E:C0 AP50C4DD0F3EC0] WIRELESS: wl1.0 (2.4GHz): Associated User - f8:b7:97:24:40:d6

Jan 18 20:19:03 fl1-111-169-156-137.tky.mesh.ad.jp [50: C4:DD:0F:3E:C0 AP50C4DD0F3EC0] WIRELESS: wl1.0 (2.4GHz): DisAssociated User - f8:b7:97:24:40:d6

Jan 18 20:33:50 fl1-111-169-156-137.tky.mesh.ad.jp [50: C4:DD:0F:3E:C0 AP50C4DD0F3EC0] WIRELESS: wl1 (2.4GHz): AutoChannel selected Channel 10 / 20 MHz

Jan 18 20:33:55 fl1-111-169-156-137.tky.mesh.ad.jp [50: C4:DD:0F:3E:C0 AP50C4DD0F3EC0] WIRELESS: wl1 (2.4GHz): Start sending beacon

Jan 18 20:33:55 fl1-111-169-156-137.tky.mesh.ad.jp [50: C4:DD:0F:3E:C0 AP50C4DD0F3EC0] WIRELESS: wl1 (2.4GHz): Switch Channel 10 / 20 MHz

Jan 18 20:33:55 fl1-111-169-156-137.tky.mesh.ad.jp [50: C4:DD:0F:3E:C0 AP50C4DD0F3EC0] WIRELESS: wl1 (2.4GHz): Start sending beacon

Jan 18 21:03:16 fl1-111-169-156-137.tky.mesh.ad.jp [50: C4:DD:0F:3E:C0 AP50C4DD0F3EC0] WIRELESS: wl1.0 (2.4GHz): Encryption Key Renewing

Jan 18 21:03:17 fl1-111-169-156-137.tky.mesh.ad.jp [50: C4:DD:0F:3E:C0 AP50C4DD0F3EC0] WIRELESS: wl0.0 (5GHz): Encryption Key Renewing

Jan 18 21:33:52 fl1-111-169-156-137.tky.mesh.ad.jp [50: C4:DD:0F:3E:C0 AP50C4DD0F3EC0] WIRELESS: wl1 (2.4GHz): AutoChannel selected Channel 9 / 20 MHz

Jan 18 21:33:56 fl1-111-169-156-137.tky.mesh.ad.jp [50: C4:DD:0F:3E:C0 AP50C4DD0F3EC0] WIRELESS: wl1 (2.4GHz): Start sending beacon

Jan 18 21:33:56 fl1-111-169-156-137.tky.mesh.ad.jp [50: C4:DD:0F:3E:C0 AP50C4DD0F3EC0] WIRELESS: wl1 (2.4GHz): Switch Channel 9 / 20 MHz

Jan 18 21:33:56 fl1-111-169-156-137.tky.mesh.ad.jp [50: C4:DD:0F:3E:C0 AP50C4DD0F3EC0] WIRELESS: wl1 (2.4GHz): Start sending beacon

Jan 18 22:03:17 fl1-111-169-156-137.tky.mesh.ad.jp [50: C4:DD:0F:3E:C0 AP50C4DD0F3EC0] WIRELESS: wl0.0 (5GHz): Encryption Key Renewing

Jan 18 22:33:53 fl1-111-169-156-137.tky.mesh.ad.jp [50: C4:DD:0F:3E:C0 AP50C4DD0F3EC0] WIRELESS: wl1 (2.4GHz): AutoChannel selected Channel 10 / 20 MHz

Jan 18 22:33:57 fl1-111-169-156-137.tky.mesh.ad.jp [50: C4:DD:0F:3E:C0 AP50C4DD0F3EC0] WIRELESS: wl1 (2.4GHz): Start sending beacon

Jan 18 22:33:58 fl1-111-169-156-137.tky.mesh.ad.jp [50: C4:DD:0F:3E:C0 AP50C4DD0F3EC0] WIRELESS: wl1 (2.4GHz): Switch Channel 10 / 20 MHz

Jan 18 22:33:58 fl1-111-169-156-137.tky.mesh.ad.jp [50: C4:DD:0F:3E:C0 AP50C4DD0F3EC0] WIRELESS: wl1 (2.4GHz): Start sending beacon

Jan 18 23:03:16 fl1-111-169-156-137.tky.mesh.ad.jp [50: C4:DD:0F:3E:C0 AP50C4DD0F3EC0] WIRELESS: wl1.0 (2.4GHz): Encryption Key Renewing

Jan 18 23:03:17 fl1-111-169-156-137.tky.mesh.ad.jp [50: C4:DD:0F:3E:C0 AP50C4DD0F3EC0] WIRELESS: wl0.0 (5GHz): Encryption Key Renewing

Jan 18 23:33:53 fl1-111-169-156-137.tky.mesh.ad.jp [50: C4:DD:0F:3E:C0 AP50C4DD0F3EC0] WIRELESS: wl1 (2.4GHz): AutoChannel selected Channel 10 / 20 MHz

Jan 18 23:34:42 fl1-111-169-156-137.tky.mesh.ad.jp [50: C4:DD:0F:3E:C0 AP50C4DD0F3EC0] WIRELESS: wl0.0 (5GHz): DisAssociated User - 48:f1:7f:f9:b5:64

