Jan 13 00:03:18 fl1-111-169-156-137.tky.mesh.ad.jp [50: C4:DD:0F:3E:C0 AP50C4DD0F3EC0] WIRELESS: wl1.0 (2.4GHz): Encryption Key Renewing

Jan 13 00:03:18 fl1-111-169-156-137.tky.mesh.ad.jp [50: C4:DD:0F:3E:C0 AP50C4DD0F3EC0] WIRELESS: wl0.0 (5GHz): Encryption Key Renewing

Jan 13 00:31:29 fl1-111-169-156-137.tky.mesh.ad.jp [50: C4:DD:0F:3E:C0 AP50C4DD0F3EC0] WIRELESS: wl1 (2.4GHz): AutoChannel selected Channel 10 / 20 MHz

Jan 13 00:31:50 fl1-111-169-156-137.tky.mesh.ad.jp [50: C4:DD:0F:3E:C0 AP50C4DD0F3EC0] WIRELESS: wl0 (5GHz): AutoChannel selected Channel 128 / 80 MHz

Jan 13 00:31:51 fl1-111-169-156-137.tky.mesh.ad.jp [50: C4:DD:0F:3E:C0 AP50C4DD0F3EC0] WIRELESS: wl0 (5GHz): Switch Channel 128 / 80 MHz

Jan 13 00:31:51 fl1-111-169-156-137.tky.mesh.ad.jp [50: C4:DD:0F:3E:C0 AP50C4DD0F3EC0] WIRELESS: wl0 (5GHz): Start sending beacon

Jan 13 00:31:53 fl1-111-169-156-137.tky.mesh.ad.jp [50: C4:DD:0F:3E:C0 AP50C4DD0F3EC0] WIRELESS: wl3 (5GHz): Switch Channel 100 / 80 MHz

Jan 13 01:03:18 fl1-111-169-156-137.tky.mesh.ad.jp [50: C4:DD:0F:3E:C0 AP50C4DD0F3EC0] WIRELESS: wl1.0 (2.4GHz): Encryption Key Renewing

Jan 13 01:03:18 fl1-111-169-156-137.tky.mesh.ad.jp [50: C4:DD:0F:3E:C0 AP50C4DD0F3EC0] WIRELESS: wl0.0 (5GHz): Encryption Key Renewing

Jan 13 01:31:30 fl1-111-169-156-137.tky.mesh.ad.jp [50: C4:DD:0F:3E:C0 AP50C4DD0F3EC0] WIRELESS: wl1 (2.4GHz): AutoChannel selected Channel 10 / 20 MHz

Jan 13 01:31:51 fl1-111-169-156-137.tky.mesh.ad.jp [50: C4:DD:0F:3E:C0 AP50C4DD0F3EC0] WIRELESS: wl0 (5GHz): AutoChannel selected Channel 100 / 80 MHz

Jan 13 01:31:51 fl1-111-169-156-137.tky.mesh.ad.jp [50: C4:DD:0F:3E:C0 AP50C4DD0F3EC0] WIRELESS: wl0 (5GHz): Switch Channel 100 / 80 MHz

Jan 13 01:31:52 fl1-111-169-156-137.tky.mesh.ad.jp [50: C4:DD:0F:3E:C0 AP50C4DD0F3EC0] WIRELESS: wl0 (5GHz): Start sending beacon

Jan 13 01:31:53 fl1-111-169-156-137.tky.mesh.ad.jp [50: C4:DD:0F:3E:C0 AP50C4DD0F3EC0] WIRELESS: wl3 (5GHz): Switch Channel 116 / 80 MHz

Jan 13 02:03:18 fl1-111-169-156-137.tky.mesh.ad.jp [50: C4:DD:0F:3E:C0 AP50C4DD0F3EC0] WIRELESS: wl1.0 (2.4GHz): Encryption Key Renewing

Jan 13 02:03:18 fl1-111-169-156-137.tky.mesh.ad.jp [50: C4:DD:0F:3E:C0 AP50C4DD0F3EC0] WIRELESS: wl0.0 (5GHz): Encryption Key Renewing

Jan 13 02:30:54 fl1-111-169-156-137.tky.mesh.ad.jp [50: C4:DD:0F:3E:C0 AP50C4DD0F3EC0] AUTH: wl1.0 (2.4GHz): Authenticated (WPA2-PSK) User - f8:b7:97:24:40:d6

Jan 13 02:30:54 fl1-111-169-156-137.tky.mesh.ad.jp [50: C4:DD:0F:3E:C0 AP50C4DD0F3EC0] WIRELESS: wl1.0 (2.4GHz): Associated User - f8:b7:97:24:40:d6

Jan 13 02:31:53 fl1-111-169-156-137.tky.mesh.ad.jp [50: C4:DD:0F:3E:C0 AP50C4DD0F3EC0] WIRELESS: wl0 (5GHz): AutoChannel selected Channel 100 / 80 MHz

Jan 13 03:03:18 fl1-111-169-156-137.tky.mesh.ad.jp [50: C4:DD:0F:3E:C0 AP50C4DD0F3EC0] WIRELESS: wl1.0 (2.4GHz): Encryption Key Renewing

Jan 13 03:03:18 fl1-111-169-156-137.tky.mesh.ad.jp [50: C4:DD:0F:3E:C0 AP50C4DD0F3EC0] WIRELESS: wl0.0 (5GHz): Encryption Key Renewing

Jan 13 03:31:53 fl1-111-169-156-137.tky.mesh.ad.jp [50: C4:DD:0F:3E:C0 AP50C4DD0F3EC0] WIRELESS: wl0 (5GHz): AutoChannel selected Channel 128 / 80 MHz

Jan 13 03:31:53 fl1-111-169-156-137.tky.mesh.ad.jp [50: C4:DD:0F:3E:C0 AP50C4DD0F3EC0] WIRELESS: wl0 (5GHz): Switch Channel 128 / 80 MHz

Jan 13 03:31:54 fl1-111-169-156-137.tky.mesh.ad.jp [50: C4:DD:0F:3E:C0 AP50C4DD0F3EC0] WIRELESS: wl0 (5GHz): Start sending beacon

Jan 13 03:31:55 fl1-111-169-156-137.tky.mesh.ad.jp [50: C4:DD:0F:3E:C0 AP50C4DD0F3EC0] WIRELESS: wl3 (5GHz): Switch Channel 100 / 80 MHz

Jan 13 04:03:18 fl1-111-169-156-137.tky.mesh.ad.jp [50: C4:DD:0F:3E:C0 AP50C4DD0F3EC0] WIRELESS: wl1.0 (2.4GHz): Encryption Key Renewing

Jan 13 04:03:18 fl1-111-169-156-137.tky.mesh.ad.jp [50: C4:DD:0F:3E:C0 AP50C4DD0F3EC0] WIRELESS: wl0.0 (5GHz): Encryption Key Renewing

Jan 13 04:31:55 fl1-111-169-156-137.tky.mesh.ad.jp [50: C4:DD:0F:3E:C0 AP50C4DD0F3EC0] WIRELESS: wl0 (5GHz): AutoChannel selected Channel 128 / 80 MHz

Jan 13 05:03:18 fl1-111-169-156-137.tky.mesh.ad.jp [50: C4:DD:0F:3E:C0 AP50C4DD0F3EC0] WIRELESS: wl1.0 (2.4GHz): Encryption Key Renewing

Jan 13 05:03:18 fl1-111-169-156-137.tky.mesh.ad.jp [50: C4:DD:0F:3E:C0 AP50C4DD0F3EC0] WIRELESS: wl0.0 (5GHz): Encryption Key Renewing

Jan 13 05:31:55 fl1-111-169-156-137.tky.mesh.ad.jp [50: C4:DD:0F:3E:C0 AP50C4DD0F3EC0] WIRELESS: wl0 (5GHz): AutoChannel selected Channel 128 / 80 MHz

Jan 13 06:03:18 fl1-111-169-156-137.tky.mesh.ad.jp [50: C4:DD:0F:3E:C0 AP50C4DD0F3EC0] WIRELESS: wl1.0 (2.4GHz): Encryption Key Renewing

Jan 13 06:03:18 fl1-111-169-156-137.tky.mesh.ad.jp [50: C4:DD:0F:3E:C0 AP50C4DD0F3EC0] WIRELESS: wl0.0 (5GHz): Encryption Key Renewing

Jan 13 06:31:58 fl1-111-169-156-137.tky.mesh.ad.jp [50: C4:DD:0F:3E:C0 AP50C4DD0F3EC0] WIRELESS: wl0 (5GHz): AutoChannel selected Channel 100 / 80 MHz

Jan 13 06:31:58 fl1-111-169-156-137.tky.mesh.ad.jp [50: C4:DD:0F:3E:C0 AP50C4DD0F3EC0] WIRELESS: wl0 (5GHz): Switch Channel 100 / 80 MHz

Jan 13 06:31:58 fl1-111-169-156-137.tky.mesh.ad.jp [50: C4:DD:0F:3E:C0 AP50C4DD0F3EC0] WIRELESS: wl0 (5GHz): Start sending beacon

Jan 13 06:32:00 fl1-111-169-156-137.tky.mesh.ad.jp [50: C4:DD:0F:3E:C0 AP50C4DD0F3EC0] WIRELESS: wl3 (5GHz): Switch Channel 116 / 80 MHz

Jan 13 07:03:18 fl1-111-169-156-137.tky.mesh.ad.jp [50: C4:DD:0F:3E:C0 AP50C4DD0F3EC0] WIRELESS: wl1.0 (2.4GHz): Encryption Key Renewing

Jan 13 07:03:18 fl1-111-169-156-137.tky.mesh.ad.jp [50: C4:DD:0F:3E:C0 AP50C4DD0F3EC0] WIRELESS: wl0.0 (5GHz): Encryption Key Renewing

Jan 13 07:03:28 fl1-111-169-156-137.tky.mesh.ad.jp [50: C4:DD:0F:3E:C0 AP50C4DD0F3EC0] WIRELESS: wl1.0 (2.4GHz): Encryption Key Renewing failed for User - f8:b7:97:24:40:d6

Jan 13 07:03:28 fl1-111-169-156-137.tky.mesh.ad.jp [50: C4:DD:0F:3E:C0 AP50C4DD0F3EC0] WIRELESS: wl1.0 (2.4GHz): DisAssociated User - f8:b7:97:24:40:d6

Jan 13 07:03:33 fl1-111-169-156-137.tky.mesh.ad.jp [50: C4:DD:0F:3E:C0 AP50C4DD0F3EC0] WIRELESS: wl1.0 (2.4GHz): DisAssociated User - f8:b7:97:24:40:d6

Jan 13 07:03:33 fl1-111-169-156-137.tky.mesh.ad.jp [50: C4:DD:0F:3E:C0 AP50C4DD0F3EC0] WIRELESS: wl1.0 (2.4GHz): DisAssociated User - f8:b7:97:24:40:d6

Jan 13 07:03:37 fl1-111-169-156-137.tky.mesh.ad.jp [50: C4:DD:0F:3E:C0 AP50C4DD0F3EC0] WIRELESS: wl1.0 (2.4GHz): DisAssociated User - f8:b7:97:24:40:d6

Jan 13 07:03:37 fl1-111-169-156-137.tky.mesh.ad.jp [50: C4:DD:0F:3E:C0 AP50C4DD0F3EC0] WIRELESS: wl1.0 (2.4GHz): DisAssociated User - f8:b7:97:24:40:d6

Jan 13 07:03:37 fl1-111-169-156-137.tky.mesh.ad.jp [50: C4:DD:0F:3E:C0 AP50C4DD0F3EC0] WIRELESS: wl1.0 (2.4GHz): DisAssociated User - f8:b7:97:24:40:d6

Jan 13 07:03:38 fl1-111-169-156-137.tky.mesh.ad.jp [50: C4:DD:0F:3E:C0 AP50C4DD0F3EC0] WIRELESS: wl1.0 (2.4GHz): DisAssociated User - f8:b7:97:24:40:d6

Jan 13 07:03:39 fl1-111-169-156-137.tky.mesh.ad.jp [50: C4:DD:0F:3E:C0 AP50C4DD0F3EC0] WIRELESS: wl1.0 (2.4GHz): DisAssociated User - f8:b7:97:24:40:d6

Jan 13 07:03:41 fl1-111-169-156-137.tky.mesh.ad.jp [50: C4:DD:0F:3E:C0 AP50C4DD0F3EC0] WIRELESS: wl1.0 (2.4GHz): DisAssociated User - f8:b7:97:24:40:d6

Jan 13 07:03:41 fl1-111-169-156-137.tky.mesh.ad.jp [50: C4:DD:0F:3E:C0 AP50C4DD0F3EC0] WIRELESS: wl1.0 (2.4GHz): DisAssociated User - f8:b7:97:24:40:d6

Jan 13 07:03:42 fl1-111-169-156-137.tky.mesh.ad.jp [50: C4:DD:0F:3E:C0 AP50C4DD0F3EC0] WIRELESS: wl1.0 (2.4GHz): DisAssociated User - f8:b7:97:24:40:d6

Jan 13 07:03:43 fl1-111-169-156-137.tky.mesh.ad.jp [50: C4:DD:0F:3E:C0 AP50C4DD0F3EC0] WIRELESS: wl1.0 (2.4GHz): DisAssociated User - f8:b7:97:24:40:d6

Jan 13 07:03:46 fl1-111-169-156-137.tky.mesh.ad.jp [50: C4:DD:0F:3E:C0 AP50C4DD0F3EC0] WIRELESS: wl1.0 (2.4GHz): DisAssociated User - f8:b7:97:24:40:d6

Jan 13 07:03:47 fl1-111-169-156-137.tky.mesh.ad.jp [50: C4:DD:0F:3E:C0 AP50C4DD0F3EC0] WIRELESS: wl1.0 (2.4GHz): DisAssociated User - f8:b7:97:24:40:d6

Jan 13 07:03:48 fl1-111-169-156-137.tky.mesh.ad.jp [50: C4:DD:0F:3E:C0 AP50C4DD0F3EC0] WIRELESS: wl1.0 (2.4GHz): DisAssociated User - f8:b7:97:24:40:d6

Jan 13 07:03:50 fl1-111-169-156-137.tky.mesh.ad.jp [50: C4:DD:0F:3E:C0 AP50C4DD0F3EC0] WIRELESS: wl1.0 (2.4GHz): DisAssociated User - f8:b7:97:24:40:d6

Jan 13 07:03:51 fl1-111-169-156-137.tky.mesh.ad.jp [50: C4:DD:0F:3E:C0 AP50C4DD0F3EC0] WIRELESS: wl1.0 (2.4GHz): DisAssociated User - f8:b7:97:24:40:d6

Jan 13 07:03:52 fl1-111-169-156-137.tky.mesh.ad.jp [50: C4:DD:0F:3E:C0 AP50C4DD0F3EC0] WIRELESS: wl1.0 (2.4GHz): DisAssociated User - f8:b7:97:24:40:d6

Jan 13 07:03:53 fl1-111-169-156-137.tky.mesh.ad.jp [50: C4:DD:0F:3E:C0 AP50C4DD0F3EC0] WIRELESS: wl1.0 (2.4GHz): DisAssociated User - f8:b7:97:24:40:d6

Jan 13 07:03:54 fl1-111-169-156-137.tky.mesh.ad.jp [50: C4:DD:0F:3E:C0 AP50C4DD0F3EC0] WIRELESS: wl1.0 (2.4GHz): DisAssociated User - f8:b7:97:24:40:d6

Jan 13 07:03:55 fl1-111-169-156-137.tky.mesh.ad.jp [50: C4:DD:0F:3E:C0 AP50C4DD0F3EC0] WIRELESS: wl1.0 (2.4GHz): DisAssociated User - f8:b7:97:24:40:d6

Jan 13 07:03:56 fl1-111-169-156-137.tky.mesh.ad.jp [50: C4:DD:0F:3E:C0 AP50C4DD0F3EC0] WIRELESS: wl1.0 (2.4GHz): DisAssociated User - f8:b7:97:24:40:d6

Jan 13 07:03:57 fl1-111-169-156-137.tky.mesh.ad.jp [50: C4:DD:0F:3E:C0 AP50C4DD0F3EC0] WIRELESS: wl1.0 (2.4GHz): DisAssociated User - f8:b7:97:24:40:d6

Jan 13 07:03:58 fl1-111-169-156-137.tky.mesh.ad.jp [50: C4:DD:0F:3E:C0 AP50C4DD0F3EC0] WIRELESS: wl1.0 (2.4GHz): DisAssociated User - f8:b7:97:24:40:d6

Jan 13 07:04:00 fl1-111-169-156-137.tky.mesh.ad.jp [50: C4:DD:0F:3E:C0 AP50C4DD0F3EC0] WIRELESS: wl1.0 (2.4GHz): DisAssociated User - f8:b7:97:24:40:d6

Jan 13 07:04:00 fl1-111-169-156-137.tky.mesh.ad.jp [50: C4:DD:0F:3E:C0 AP50C4DD0F3EC0] WIRELESS: wl1.0 (2.4GHz): DisAssociated User - f8:b7:97:24:40:d6

Jan 13 07:04:01 fl1-111-169-156-137.tky.mesh.ad.jp [50: C4:DD:0F:3E:C0 AP50C4DD0F3EC0] WIRELESS: wl1.0 (2.4GHz): DisAssociated User - f8:b7:97:24:40:d6

Jan 13 07:04:03 fl1-111-169-156-137.tky.mesh.ad.jp [50: C4:DD:0F:3E:C0 AP50C4DD0F3EC0] WIRELESS: wl1.0 (2.4GHz): DisAssociated User - f8:b7:97:24:40:d6

Jan 13 07:04:03 fl1-111-169-156-137.tky.mesh.ad.jp [50: C4:DD:0F:3E:C0 AP50C4DD0F3EC0] WIRELESS: wl1.0 (2.4GHz): DisAssociated User - f8:b7:97:24:40:d6

Jan 13 07:04:03 fl1-111-169-156-137.tky.mesh.ad.jp [50: C4:DD:0F:3E:C0 AP50C4DD0F3EC0] WIRELESS: wl1.0 (2.4GHz): DisAssociated User - f8:b7:97:24:40:d6

Jan 13 07:04:03 fl1-111-169-156-137.tky.mesh.ad.jp [50: C4:DD:0F:3E:C0 AP50C4DD0F3EC0] WIRELESS: wl1.0 (2.4GHz): DisAssociated User - f8:b7:97:24:40:d6

Jan 13 07:04:04 fl1-111-169-156-137.tky.mesh.ad.jp [50: C4:DD:0F:3E:C0 AP50C4DD0F3EC0] WIRELESS: wl1.0 (2.4GHz): DisAssociated User - f8:b7:97:24:40:d6

Jan 13 07:04:07 fl1-111-169-156-137.tky.mesh.ad.jp [50: C4:DD:0F:3E:C0 AP50C4DD0F3EC0] WIRELESS: wl1.0 (2.4GHz): DisAssociated User - f8:b7:97:24:40:d6

Jan 13 07:04:07 fl1-111-169-156-137.tky.mesh.ad.jp [50: C4:DD:0F:3E:C0 AP50C4DD0F3EC0] WIRELESS: wl1.0 (2.4GHz): DisAssociated User - f8:b7:97:24:40:d6

Jan 13 07:04:08 fl1-111-169-156-137.tky.mesh.ad.jp [50: C4:DD:0F:3E:C0 AP50C4DD0F3EC0] WIRELESS: wl1.0 (2.4GHz): DisAssociated User - f8:b7:97:24:40:d6

Jan 13 07:04:11 fl1-111-169-156-137.tky.mesh.ad.jp [50: C4:DD:0F:3E:C0 AP50C4DD0F3EC0] WIRELESS: wl1.0 (2.4GHz): DisAssociated User - f8:b7:97:24:40:d6

Jan 13 07:04:11 fl1-111-169-156-137.tky.mesh.ad.jp [50: C4:DD:0F:3E:C0 AP50C4DD0F3EC0] WIRELESS: wl1.0 (2.4GHz): DisAssociated User - f8:b7:97:24:40:d6

Jan 13 07:04:12 fl1-111-169-156-137.tky.mesh.ad.jp [50: C4:DD:0F:3E:C0 AP50C4DD0F3EC0] WIRELESS: wl1.0 (2.4GHz): DisAssociated User - f8:b7:97:24:40:d6

Jan 13 07:04:14 fl1-111-169-156-137.tky.mesh.ad.jp [50: C4:DD:0F:3E:C0 AP50C4DD0F3EC0] WIRELESS: wl1.0 (2.4GHz): DisAssociated User - f8:b7:97:24:40:d6

Jan 13 07:04:15 fl1-111-169-156-137.tky.mesh.ad.jp [50: C4:DD:0F:3E:C0 AP50C4DD0F3EC0] WIRELESS: wl1.0 (2.4GHz): DisAssociated User - f8:b7:97:24:40:d6

Jan 13 07:04:15 fl1-111-169-156-137.tky.mesh.ad.jp [50: C4:DD:0F:3E:C0 AP50C4DD0F3EC0] WIRELESS: wl1.0 (2.4GHz): DisAssociated User - f8:b7:97:24:40:d6

Jan 13 07:04:16 fl1-111-169-156-137.tky.mesh.ad.jp [50: C4:DD:0F:3E:C0 AP50C4DD0F3EC0] WIRELESS: wl1.0 (2.4GHz): DisAssociated User - f8:b7:97:24:40:d6

Jan 13 07:04:17 fl1-111-169-156-137.tky.mesh.ad.jp [50: C4:DD:0F:3E:C0 AP50C4DD0F3EC0] WIRELESS: wl1.0 (2.4GHz): DisAssociated User - f8:b7:97:24:40:d6

Jan 13 07:04:18 fl1-111-169-156-137.tky.mesh.ad.jp [50: C4:DD:0F:3E:C0 AP50C4DD0F3EC0] WIRELESS: wl1.0 (2.4GHz): DisAssociated User - f8:b7:97:24:40:d6

Jan 13 07:04:18 fl1-111-169-156-137.tky.mesh.ad.jp [50: C4:DD:0F:3E:C0 AP50C4DD0F3EC0] WIRELESS: wl1.0 (2.4GHz): DisAssociated User - f8:b7:97:24:40:d6

Jan 13 07:04:19 fl1-111-169-156-137.tky.mesh.ad.jp [50: C4:DD:0F:3E:C0 AP50C4DD0F3EC0] WIRELESS: wl1.0 (2.4GHz): DisAssociated User - f8:b7:97:24:40:d6

Jan 13 07:04:20 fl1-111-169-156-137.tky.mesh.ad.jp [50: C4:DD:0F:3E:C0 AP50C4DD0F3EC0] WIRELESS: wl1.0 (2.4GHz): DisAssociated User - f8:b7:97:24:40:d6

Jan 13 07:04:21 fl1-111-169-156-137.tky.mesh.ad.jp [50: C4:DD:0F:3E:C0 AP50C4DD0F3EC0] WIRELESS: wl1.0 (2.4GHz): DisAssociated User - f8:b7:97:24:40:d6

Jan 13 07:04:21 fl1-111-169-156-137.tky.mesh.ad.jp [50: C4:DD:0F:3E:C0 AP50C4DD0F3EC0] WIRELESS: wl1.0 (2.4GHz): DisAssociated User - f8:b7:97:24:40:d6

Jan 13 07:04:22 fl1-111-169-156-137.tky.mesh.ad.jp [50: C4:DD:0F:3E:C0 AP50C4DD0F3EC0] WIRELESS: wl1.0 (2.4GHz): DisAssociated User - f8:b7:97:24:40:d6

Jan 13 07:04:23 fl1-111-169-156-137.tky.mesh.ad.jp [50: C4:DD:0F:3E:C0 AP50C4DD0F3EC0] WIRELESS: wl1.0 (2.4GHz): DisAssociated User - f8:b7:97:24:40:d6

Jan 13 07:04:24 fl1-111-169-156-137.tky.mesh.ad.jp [50: C4:DD:0F:3E:C0 AP50C4DD0F3EC0] WIRELESS: wl1.0 (2.4GHz): DisAssociated User - f8:b7:97:24:40:d6

Jan 13 07:04:25 fl1-111-169-156-137.tky.mesh.ad.jp [50: C4:DD:0F:3E:C0 AP50C4DD0F3EC0] WIRELESS: wl1.0 (2.4GHz): DisAssociated User - f8:b7:97:24:40:d6

Jan 13 07:04:26 fl1-111-169-156-137.tky.mesh.ad.jp [50: C4:DD:0F:3E:C0 AP50C4DD0F3EC0] WIRELESS: wl1.0 (2.4GHz): DisAssociated User - f8:b7:97:24:40:d6

Jan 13 07:04:27 fl1-111-169-156-137.tky.mesh.ad.jp [50: C4:DD:0F:3E:C0 AP50C4DD0F3EC0] WIRELESS: wl1.0 (2.4GHz): DisAssociated User - f8:b7:97:24:40:d6

Jan 13 07:04:28 fl1-111-169-156-137.tky.mesh.ad.jp [50: C4:DD:0F:3E:C0 AP50C4DD0F3EC0] WIRELESS: wl1.0 (2.4GHz): DisAssociated User - f8:b7:97:24:40:d6

Jan 13 07:04:29 fl1-111-169-156-137.tky.mesh.ad.jp [50: C4:DD:0F:3E:C0 AP50C4DD0F3EC0] WIRELESS: wl1.0 (2.4GHz): DisAssociated User - f8:b7:97:24:40:d6

Jan 13 07:04:30 fl1-111-169-156-137.tky.mesh.ad.jp [50: C4:DD:0F:3E:C0 AP50C4DD0F3EC0] WIRELESS: wl1.0 (2.4GHz): DisAssociated User - f8:b7:97:24:40:d6

Jan 13 07:04:31 fl1-111-169-156-137.tky.mesh.ad.jp [50: C4:DD:0F:3E:C0 AP50C4DD0F3EC0] WIRELESS: wl1.0 (2.4GHz): DisAssociated User - f8:b7:97:24:40:d6

Jan 13 07:04:40 fl1-111-169-156-137.tky.mesh.ad.jp [50: C4:DD:0F:3E:C0 AP50C4DD0F3EC0] WIRELESS: wl1.0 (2.4GHz): Associated User - f8:b7:97:24:40:d6

Jan 13 07:04:40 fl1-111-169-156-137.tky.mesh.ad.jp [50: C4:DD:0F:3E:C0 AP50C4DD0F3EC0] AUTH: wl1.0 (2.4GHz): Authenticated (WPA2-PSK) User - f8:b7:97:24:40:d6

Jan 13 07:12:45 fl1-111-169-156-137.tky.mesh.ad.jp [50: C4:DD:0F:3E:C0 AP50C4DD0F3EC0] WIRELESS: wl1.0 (2.4GHz): DisAssociated User - f8:b7:97:24:40:d6

Jan 13 07:12:45 fl1-111-169-156-137.tky.mesh.ad.jp [50: C4:DD:0F:3E:C0 AP50C4DD0F3EC0] WIRELESS: wl1.0 (2.4GHz): Associated User - f8:b7:97:24:40:d6

Jan 13 07:12:45 fl1-111-169-156-137.tky.mesh.ad.jp [50: C4:DD:0F:3E:C0 AP50C4DD0F3EC0] AUTH: wl1.0 (2.4GHz): Authenticated (WPA2-PSK) User - f8:b7:97:24:40:d6

Jan 13 07:15:49 fl1-111-169-156-137.tky.mesh.ad.jp [50: C4:DD:0F:3E:C0 AP50C4DD0F3EC0] WIRELESS: wl1.0 (2.4GHz): DisAssociated User - f8:b7:97:24:40:d6

Jan 13 07:15:49 fl1-111-169-156-137.tky.mesh.ad.jp [50: C4:DD:0F:3E:C0 AP50C4DD0F3EC0] WIRELESS: wl1.0 (2.4GHz): Associated User - f8:b7:97:24:40:d6

Jan 13 07:15:49 fl1-111-169-156-137.tky.mesh.ad.jp [50: C4:DD:0F:3E:C0 AP50C4DD0F3EC0] AUTH: wl1.0 (2.4GHz): Authenticated (WPA2-PSK) User - f8:b7:97:24:40:d6

Jan 13 07:17:48 fl1-111-169-156-137.tky.mesh.ad.jp [50: C4:DD:0F:3E:C0 AP50C4DD0F3EC0] WIRELESS: wl1.0 (2.4GHz): DisAssociated User - f8:b7:97:24:40:d6

Jan 13 07:17:48 fl1-111-169-156-137.tky.mesh.ad.jp [50: C4:DD:0F:3E:C0 AP50C4DD0F3EC0] WIRELESS: wl1.0 (2.4GHz): Associated User - f8:b7:97:24:40:d6

Jan 13 07:17:48 fl1-111-169-156-137.tky.mesh.ad.jp [50: C4:DD:0F:3E:C0 AP50C4DD0F3EC0] AUTH: wl1.0 (2.4GHz): Authenticated (WPA2-PSK) User - f8:b7:97:24:40:d6

Jan 13 07:20:49 fl1-111-169-156-137.tky.mesh.ad.jp [50: C4:DD:0F:3E:C0 AP50C4DD0F3EC0] WIRELESS: wl1.0 (2.4GHz): DisAssociated User - f8:b7:97:24:40:d6

Jan 13 07:20:49 fl1-111-169-156-137.tky.mesh.ad.jp [50: C4:DD:0F:3E:C0 AP50C4DD0F3EC0] WIRELESS: wl1.0 (2.4GHz): Associated User - f8:b7:97:24:40:d6

Jan 13 07:20:50 fl1-111-169-156-137.tky.mesh.ad.jp [50: C4:DD:0F:3E:C0 AP50C4DD0F3EC0] AUTH: wl1.0 (2.4GHz): Authenticated (WPA2-PSK) User - f8:b7:97:24:40:d6

Jan 13 07:30:11 fl1-111-169-156-137.tky.mesh.ad.jp [50: C4:DD:0F:3E:C0 AP50C4DD0F3EC0] WIRELESS: wl1.0 (2.4GHz): DisAssociated User - f8:b7:97:24:40:d6

Jan 13 07:30:11 fl1-111-169-156-137.tky.mesh.ad.jp [50: C4:DD:0F:3E:C0 AP50C4DD0F3EC0] WIRELESS: wl1.0 (2.4GHz): Associated User - f8:b7:97:24:40:d6

Jan 13 07:30:11 fl1-111-169-156-137.tky.mesh.ad.jp [50: C4:DD:0F:3E:C0 AP50C4DD0F3EC0] AUTH: wl1.0 (2.4GHz): Authenticated (WPA2-PSK) User - f8:b7:97:24:40:d6

Jan 13 07:31:33 fl1-111-169-156-137.tky.mesh.ad.jp [50: C4:DD:0F:3E:C0 AP50C4DD0F3EC0] WIRELESS: wl1.0 (2.4GHz): DisAssociated User - f8:b7:97:24:40:d6

Jan 13 07:31:33 fl1-111-169-156-137.tky.mesh.ad.jp [50: C4:DD:0F:3E:C0 AP50C4DD0F3EC0] WIRELESS: wl1.0 (2.4GHz): Associated User - f8:b7:97:24:40:d6

Jan 13 07:31:33 fl1-111-169-156-137.tky.mesh.ad.jp [50: C4:DD:0F:3E:C0 AP50C4DD0F3EC0] AUTH: wl1.0 (2.4GHz): Authenticated (WPA2-PSK) User - f8:b7:97:24:40:d6

Jan 13 07:31:58 fl1-111-169-156-137.tky.mesh.ad.jp [50: C4:DD:0F:3E:C0 AP50C4DD0F3EC0] WIRELESS: wl0 (5GHz): AutoChannel selected Channel 100 / 80 MHz

Jan 13 07:34:48 fl1-111-169-156-137.tky.mesh.ad.jp [50: C4:DD:0F:3E:C0 AP50C4DD0F3EC0] WIRELESS: wl1.0 (2.4GHz): DisAssociated User - f8:b7:97:24:40:d6

Jan 13 07:34:48 fl1-111-169-156-137.tky.mesh.ad.jp [50: C4:DD:0F:3E:C0 AP50C4DD0F3EC0] WIRELESS: wl1.0 (2.4GHz): Associated User - f8:b7:97:24:40:d6

Jan 13 07:34:48 fl1-111-169-156-137.tky.mesh.ad.jp [50: C4:DD:0F:3E:C0 AP50C4DD0F3EC0] AUTH: wl1.0 (2.4GHz): Authenticated (WPA2-PSK) User - f8:b7:97:24:40:d6

Jan 13 07:36:50 fl1-111-169-156-137.tky.mesh.ad.jp [50: C4:DD:0F:3E:C0 AP50C4DD0F3EC0] WIRELESS: wl1.0 (2.4GHz): DisAssociated User - f8:b7:97:24:40:d6

Jan 13 07:36:50 fl1-111-169-156-137.tky.mesh.ad.jp [50: C4:DD:0F:3E:C0 AP50C4DD0F3EC0] AUTH: wl1.0 (2.4GHz): Authenticated (WPA2-PSK) User - f8:b7:97:24:40:d6

Jan 13 07:36:50 fl1-111-169-156-137.tky.mesh.ad.jp [50: C4:DD:0F:3E:C0 AP50C4DD0F3EC0] WIRELESS: wl1.0 (2.4GHz): Associated User - f8:b7:97:24:40:d6

Jan 13 07:41:04 fl1-111-169-156-137.tky.mesh.ad.jp [50: C4:DD:0F:3E:C0 AP50C4DD0F3EC0] WIRELESS: wl1.0 (2.4GHz): DisAssociated User - f8:b7:97:24:40:d6

Jan 13 07:41:04 fl1-111-169-156-137.tky.mesh.ad.jp [50: C4:DD:0F:3E:C0 AP50C4DD0F3EC0] WIRELESS: wl1.0 (2.4GHz): Associated User - f8:b7:97:24:40:d6

Jan 13 07:41:04 fl1-111-169-156-137.tky.mesh.ad.jp [50: C4:DD:0F:3E:C0 AP50C4DD0F3EC0] AUTH: wl1.0 (2.4GHz): Authenticated (WPA2-PSK) User - f8:b7:97:24:40:d6

Jan 13 07:43:40 fl1-111-169-156-137.tky.mesh.ad.jp [50: C4:DD:0F:3E:C0 AP50C4DD0F3EC0] WIRELESS: wl1.0 (2.4GHz): DisAssociated User - f8:b7:97:24:40:d6

Jan 13 07:43:40 fl1-111-169-156-137.tky.mesh.ad.jp [50: C4:DD:0F:3E:C0 AP50C4DD0F3EC0] WIRELESS: wl1.0 (2.4GHz): Associated User - f8:b7:97:24:40:d6

Jan 13 07:43:40 fl1-111-169-156-137.tky.mesh.ad.jp [50: C4:DD:0F:3E:C0 AP50C4DD0F3EC0] AUTH: wl1.0 (2.4GHz): Authenticated (WPA2-PSK) User - f8:b7:97:24:40:d6

Jan 13 07:45:55 fl1-111-169-156-137.tky.mesh.ad.jp [50: C4:DD:0F:3E:C0 AP50C4DD0F3EC0] WIRELESS: wl1.0 (2.4GHz): DisAssociated User - f8:b7:97:24:40:d6

Jan 13 07:45:55 fl1-111-169-156-137.tky.mesh.ad.jp [50: C4:DD:0F:3E:C0 AP50C4DD0F3EC0] WIRELESS: wl1.0 (2.4GHz): Associated User - f8:b7:97:24:40:d6

Jan 13 07:45:55 fl1-111-169-156-137.tky.mesh.ad.jp [50: C4:DD:0F:3E:C0 AP50C4DD0F3EC0] AUTH: wl1.0 (2.4GHz): Authenticated (WPA2-PSK) User - f8:b7:97:24:40:d6

Jan 13 07:47:17 fl1-111-169-156-137.tky.mesh.ad.jp [50: C4:DD:0F:3E:C0 AP50C4DD0F3EC0] WIRELESS: wl1.0 (2.4GHz): DisAssociated User - f8:b7:97:24:40:d6

Jan 13 07:47:17 fl1-111-169-156-137.tky.mesh.ad.jp [50: C4:DD:0F:3E:C0 AP50C4DD0F3EC0] WIRELESS: wl1.0 (2.4GHz): Associated User - f8:b7:97:24:40:d6

Jan 13 07:47:17 fl1-111-169-156-137.tky.mesh.ad.jp [50: C4:DD:0F:3E:C0 AP50C4DD0F3EC0] AUTH: wl1.0 (2.4GHz): Authenticated (WPA2-PSK) User - f8:b7:97:24:40:d6

Jan 13 07:48:37 fl1-111-169-156-137.tky.mesh.ad.jp [50: C4:DD:0F:3E:C0 AP50C4DD0F3EC0] WIRELESS: wl1.0 (2.4GHz): Deleting roamed station - f8:b7:97:24:40:d6

Jan 13 07:49:59 fl1-111-169-156-137.tky.mesh.ad.jp [50: C4:DD:0F:3E:C0 AP50C4DD0F3EC0] WIRELESS: wl1.0 (2.4GHz): Associated User - f8:b7:97:24:40:d6

Jan 13 07:49:59 fl1-111-169-156-137.tky.mesh.ad.jp [50: C4:DD:0F:3E:C0 AP50C4DD0F3EC0] AUTH: wl1.0 (2.4GHz): Authenticated (WPA2-PSK) User - f8:b7:97:24:40:d6

Jan 13 07:51:17 fl1-111-169-156-137.tky.mesh.ad.jp [50: C4:DD:0F:3E:C0 AP50C4DD0F3EC0] WIRELESS: wl1.0 (2.4GHz): DisAssociated User - f8:b7:97:24:40:d6

Jan 13 07:51:17 fl1-111-169-156-137.tky.mesh.ad.jp [50: C4:DD:0F:3E:C0 AP50C4DD0F3EC0] WIRELESS: wl1.0 (2.4GHz): Associated User - f8:b7:97:24:40:d6

Jan 13 07:51:17 fl1-111-169-156-137.tky.mesh.ad.jp [50: C4:DD:0F:3E:C0 AP50C4DD0F3EC0] AUTH: wl1.0 (2.4GHz): Authenticated (WPA2-PSK) User - f8:b7:97:24:40:d6

Jan 13 07:52:50 fl1-111-169-156-137.tky.mesh.ad.jp [50: C4:DD:0F:3E:C0 AP50C4DD0F3EC0] WIRELESS: wl1.0 (2.4GHz): DisAssociated User - f8:b7:97:24:40:d6

Jan 13 07:52:50 fl1-111-169-156-137.tky.mesh.ad.jp [50: C4:DD:0F:3E:C0 AP50C4DD0F3EC0] WIRELESS: wl1.0 (2.4GHz): Associated User - f8:b7:97:24:40:d6

Jan 13 07:52:50 fl1-111-169-156-137.tky.mesh.ad.jp [50: C4:DD:0F:3E:C0 AP50C4DD0F3EC0] AUTH: wl1.0 (2.4GHz): Authenticated (WPA2-PSK) User - f8:b7:97:24:40:d6

Jan 13 07:54:20 fl1-111-169-156-137.tky.mesh.ad.jp [50: C4:DD:0F:3E:C0 AP50C4DD0F3EC0] WIRELESS: wl1.0 (2.4GHz): DisAssociated User - f8:b7:97:24:40:d6

Jan 13 07:54:20 fl1-111-169-156-137.tky.mesh.ad.jp [50: C4:DD:0F:3E:C0 AP50C4DD0F3EC0] WIRELESS: wl1.0 (2.4GHz): Associated User - f8:b7:97:24:40:d6

Jan 13 07:54:20 fl1-111-169-156-137.tky.mesh.ad.jp [50: C4:DD:0F:3E:C0 AP50C4DD0F3EC0] AUTH: wl1.0 (2.4GHz): Authenticated (WPA2-PSK) User - f8:b7:97:24:40:d6

Jan 13 07:55:40 fl1-111-169-156-137.tky.mesh.ad.jp [50: C4:DD:0F:3E:C0 AP50C4DD0F3EC0] WIRELESS: wl1.0 (2.4GHz): Associated User - f8:b7:97:24:40:d6

Jan 13 07:55:40 fl1-111-169-156-137.tky.mesh.ad.jp [50: C4:DD:0F:3E:C0 AP50C4DD0F3EC0] AUTH: wl1.0 (2.4GHz): Authenticated (WPA2-PSK) User - f8:b7:97:24:40:d6

Jan 13 07:55:40 fl1-111-169-156-137.tky.mesh.ad.jp [50: C4:DD:0F:3E:C0 AP50C4DD0F3EC0] WIRELESS: wl1.0 (2.4GHz): DisAssociated User - f8:b7:97:24:40:d6

Jan 13 07:57:04 fl1-111-169-156-137.tky.mesh.ad.jp [50: C4:DD:0F:3E:C0 AP50C4DD0F3EC0] WIRELESS: wl1.0 (2.4GHz): Deleting roamed station - f8:b7:97:24:40:d6

Jan 13 07:58:29 fl1-111-169-156-137.tky.mesh.ad.jp [50: C4:DD:0F:3E:C0 AP50C4DD0F3EC0] WIRELESS: wl1.0 (2.4GHz): Associated User - f8:b7:97:24:40:d6

Jan 13 07:58:29 fl1-111-169-156-137.tky.mesh.ad.jp [50: C4:DD:0F:3E:C0 AP50C4DD0F3EC0] AUTH: wl1.0 (2.4GHz): Authenticated (WPA2-PSK) User - f8:b7:97:24:40:d6

Jan 13 08:00:48 fl1-111-169-156-137.tky.mesh.ad.jp [50: C4:DD:0F:3E:C0 AP50C4DD0F3EC0] WIRELESS: wl1.0 (2.4GHz): Deleting roamed station - f8:b7:97:24:40:d6

Jan 13 08:03:18 fl1-111-169-156-137.tky.mesh.ad.jp [50: C4:DD:0F:3E:C0 AP50C4DD0F3EC0] WIRELESS: wl1.0 (2.4GHz): Encryption Key Renewing

Jan 13 08:03:18 fl1-111-169-156-137.tky.mesh.ad.jp [50: C4:DD:0F:3E:C0 AP50C4DD0F3EC0] WIRELESS: wl0.0 (5GHz): Encryption Key Renewing

Jan 13 08:03:28 fl1-111-169-156-137.tky.mesh.ad.jp [50: C4:DD:0F:3E:C0 AP50C4DD0F3EC0] WIRELESS: wl1.0 (2.4GHz): Encryption Key Renewing failed for User - f8:b7:97:24:40:d6

Jan 13 08:03:31 fl1-111-169-156-137.tky.mesh.ad.jp [50: C4:DD:0F:3E:C0 AP50C4DD0F3EC0] WIRELESS: wl1.0 (2.4GHz): Associated User - f8:b7:97:24:40:d6

Jan 13 08:03:31 fl1-111-169-156-137.tky.mesh.ad.jp [50: C4:DD:0F:3E:C0 AP50C4DD0F3EC0] AUTH: wl1.0 (2.4GHz): Authenticated (WPA2-PSK) User - f8:b7:97:24:40:d6

Jan 13 08:04:51 fl1-111-169-156-137.tky.mesh.ad.jp [50: C4:DD:0F:3E:C0 AP50C4DD0F3EC0] WIRELESS: wl1.0 (2.4GHz): DisAssociated User - f8:b7:97:24:40:d6

Jan 13 08:04:51 fl1-111-169-156-137.tky.mesh.ad.jp [50: C4:DD:0F:3E:C0 AP50C4DD0F3EC0] WIRELESS: wl1.0 (2.4GHz): Associated User - f8:b7:97:24:40:d6

Jan 13 08:04:51 fl1-111-169-156-137.tky.mesh.ad.jp [50: C4:DD:0F:3E:C0 AP50C4DD0F3EC0] AUTH: wl1.0 (2.4GHz): Authenticated (WPA2-PSK) User - f8:b7:97:24:40:d6

Jan 13 08:06:14 fl1-111-169-156-137.tky.mesh.ad.jp [50: C4:DD:0F:3E:C0 AP50C4DD0F3EC0] WIRELESS: wl1.0 (2.4GHz): DisAssociated User - f8:b7:97:24:40:d6

Jan 13 08:06:14 fl1-111-169-156-137.tky.mesh.ad.jp [50: C4:DD:0F:3E:C0 AP50C4DD0F3EC0] WIRELESS: wl1.0 (2.4GHz): Associated User - f8:b7:97:24:40:d6

Jan 13 08:06:14 fl1-111-169-156-137.tky.mesh.ad.jp [50: C4:DD:0F:3E:C0 AP50C4DD0F3EC0] AUTH: wl1.0 (2.4GHz): Authenticated (WPA2-PSK) User - f8:b7:97:24:40:d6

Jan 13 08:07:31 fl1-111-169-156-137.tky.mesh.ad.jp [50: C4:DD:0F:3E:C0 AP50C4DD0F3EC0] WIRELESS: wl1.0 (2.4GHz): Deleting roamed station - f8:b7:97:24:40:d6

Jan 13 08:09:21 fl1-111-169-156-137.tky.mesh.ad.jp [50: C4:DD:0F:3E:C0 AP50C4DD0F3EC0] WIRELESS: wl1.0 (2.4GHz): Associated User - f8:b7:97:24:40:d6

Jan 13 08:09:21 fl1-111-169-156-137.tky.mesh.ad.jp [50: C4:DD:0F:3E:C0 AP50C4DD0F3EC0] AUTH: wl1.0 (2.4GHz): Authenticated (WPA2-PSK) User - f8:b7:97:24:40:d6

Jan 13 08:11:21 fl1-111-169-156-137.tky.mesh.ad.jp [50: C4:DD:0F:3E:C0 AP50C4DD0F3EC0] WIRELESS: wl1.0 (2.4GHz): Deleting roamed station - f8:b7:97:24:40:d6

Jan 13 08:12:44 fl1-111-169-156-137.tky.mesh.ad.jp [50: C4:DD:0F:3E:C0 AP50C4DD0F3EC0] WIRELESS: wl1.0 (2.4GHz): Associated User - f8:b7:97:24:40:d6

Jan 13 08:12:44 fl1-111-169-156-137.tky.mesh.ad.jp [50: C4:DD:0F:3E:C0 AP50C4DD0F3EC0] AUTH: wl1.0 (2.4GHz): Authenticated (WPA2-PSK) User - f8:b7:97:24:40:d6

Jan 13 08:14:04 fl1-111-169-156-137.tky.mesh.ad.jp [50: C4:DD:0F:3E:C0 AP50C4DD0F3EC0] WIRELESS: wl1.0 (2.4GHz): DisAssociated User - f8:b7:97:24:40:d6

Jan 13 08:14:04 fl1-111-169-156-137.tky.mesh.ad.jp [50: C4:DD:0F:3E:C0 AP50C4DD0F3EC0] WIRELESS: wl1.0 (2.4GHz): Associated User - f8:b7:97:24:40:d6

Jan 13 08:14:04 fl1-111-169-156-137.tky.mesh.ad.jp [50: C4:DD:0F:3E:C0 AP50C4DD0F3EC0] WIRELESS: wl1.0 (2.4GHz): Associated User - f8:b7:97:24:40:d6

Jan 13 08:14:05 fl1-111-169-156-137.tky.mesh.ad.jp [50: C4:DD:0F:3E:C0 AP50C4DD0F3EC0] WIRELESS: wl1.0 (2.4GHz): DisAssociated User - f8:b7:97:24:40:d6

Jan 13 08:15:32 fl1-111-169-156-137.tky.mesh.ad.jp [50: C4:DD:0F:3E:C0 AP50C4DD0F3EC0] WIRELESS: wl1.0 (2.4GHz): Associated User - f8:b7:97:24:40:d6

Jan 13 08:15:32 fl1-111-169-156-137.tky.mesh.ad.jp [50: C4:DD:0F:3E:C0 AP50C4DD0F3EC0] AUTH: wl1.0 (2.4GHz): Authenticated (WPA2-PSK) User - f8:b7:97:24:40:d6

Jan 13 08:16:49 fl1-111-169-156-137.tky.mesh.ad.jp [50: C4:DD:0F:3E:C0 AP50C4DD0F3EC0] WIRELESS: wl1.0 (2.4GHz): DisAssociated User - f8:b7:97:24:40:d6

Jan 13 08:16:49 fl1-111-169-156-137.tky.mesh.ad.jp [50: C4:DD:0F:3E:C0 AP50C4DD0F3EC0] WIRELESS: wl1.0 (2.4GHz): Associated User - f8:b7:97:24:40:d6

Jan 13 08:16:49 fl1-111-169-156-137.tky.mesh.ad.jp [50: C4:DD:0F:3E:C0 AP50C4DD0F3EC0] AUTH: wl1.0 (2.4GHz): Authenticated (WPA2-PSK) User - f8:b7:97:24:40:d6

Jan 13 08:18:13 fl1-111-169-156-137.tky.mesh.ad.jp [50: C4:DD:0F:3E:C0 AP50C4DD0F3EC0] WIRELESS: wl1.0 (2.4GHz): DisAssociated User - f8:b7:97:24:40:d6

Jan 13 08:18:13 fl1-111-169-156-137.tky.mesh.ad.jp [50: C4:DD:0F:3E:C0 AP50C4DD0F3EC0] WIRELESS: wl1.0 (2.4GHz): Associated User - f8:b7:97:24:40:d6

Jan 13 08:18:13 fl1-111-169-156-137.tky.mesh.ad.jp [50: C4:DD:0F:3E:C0 AP50C4DD0F3EC0] AUTH: wl1.0 (2.4GHz): Authenticated (WPA2-PSK) User - f8:b7:97:24:40:d6

Jan 13 08:19:32 fl1-111-169-156-137.tky.mesh.ad.jp [50: C4:DD:0F:3E:C0 AP50C4DD0F3EC0] WIRELESS: wl1.0 (2.4GHz): DisAssociated User - f8:b7:97:24:40:d6

Jan 13 08:19:32 fl1-111-169-156-137.tky.mesh.ad.jp [50: C4:DD:0F:3E:C0 AP50C4DD0F3EC0] WIRELESS: wl1.0 (2.4GHz): Associated User - f8:b7:97:24:40:d6

Jan 13 08:19:32 fl1-111-169-156-137.tky.mesh.ad.jp [50: C4:DD:0F:3E:C0 AP50C4DD0F3EC0] AUTH: wl1.0 (2.4GHz): Authenticated (WPA2-PSK) User - f8:b7:97:24:40:d6

Jan 13 08:20:55 fl1-111-169-156-137.tky.mesh.ad.jp [50: C4:DD:0F:3E:C0 AP50C4DD0F3EC0] WIRELESS: wl1.0 (2.4GHz): DisAssociated User - f8:b7:97:24:40:d6

Jan 13 08:20:55 fl1-111-169-156-137.tky.mesh.ad.jp [50: C4:DD:0F:3E:C0 AP50C4DD0F3EC0] WIRELESS: wl1.0 (2.4GHz): Associated User - f8:b7:97:24:40:d6

Jan 13 08:20:55 fl1-111-169-156-137.tky.mesh.ad.jp [50: C4:DD:0F:3E:C0 AP50C4DD0F3EC0] AUTH: wl1.0 (2.4GHz): Authenticated (WPA2-PSK) User - f8:b7:97:24:40:d6

Jan 13 08:22:14 fl1-111-169-156-137.tky.mesh.ad.jp [50: C4:DD:0F:3E:C0 AP50C4DD0F3EC0] WIRELESS: wl1.0 (2.4GHz): DisAssociated User - f8:b7:97:24:40:d6

Jan 13 08:22:14 fl1-111-169-156-137.tky.mesh.ad.jp [50: C4:DD:0F:3E:C0 AP50C4DD0F3EC0] WIRELESS: wl1.0 (2.4GHz): Associated User - f8:b7:97:24:40:d6

Jan 13 08:22:14 fl1-111-169-156-137.tky.mesh.ad.jp [50: C4:DD:0F:3E:C0 AP50C4DD0F3EC0] AUTH: wl1.0 (2.4GHz): Authenticated (WPA2-PSK) User - f8:b7:97:24:40:d6

Jan 13 08:23:33 fl1-111-169-156-137.tky.mesh.ad.jp [50: C4:DD:0F:3E:C0 AP50C4DD0F3EC0] WIRELESS: wl1.0 (2.4GHz): DisAssociated User - f8:b7:97:24:40:d6

Jan 13 08:23:33 fl1-111-169-156-137.tky.mesh.ad.jp [50: C4:DD:0F:3E:C0 AP50C4DD0F3EC0] WIRELESS: wl1.0 (2.4GHz): Associated User - f8:b7:97:24:40:d6

Jan 13 08:23:33 fl1-111-169-156-137.tky.mesh.ad.jp [50: C4:DD:0F:3E:C0 AP50C4DD0F3EC0] AUTH: wl1.0 (2.4GHz): Authenticated (WPA2-PSK) User - f8:b7:97:24:40:d6

Jan 13 08:24:56 fl1-111-169-156-137.tky.mesh.ad.jp [50: C4:DD:0F:3E:C0 AP50C4DD0F3EC0] WIRELESS: wl1.0 (2.4GHz): DisAssociated User - f8:b7:97:24:40:d6

Jan 13 08:24:56 fl1-111-169-156-137.tky.mesh.ad.jp [50: C4:DD:0F:3E:C0 AP50C4DD0F3EC0] WIRELESS: wl1.0 (2.4GHz): Associated User - f8:b7:97:24:40:d6

Jan 13 08:24:56 fl1-111-169-156-137.tky.mesh.ad.jp [50: C4:DD:0F:3E:C0 AP50C4DD0F3EC0] AUTH: wl1.0 (2.4GHz): Authenticated (WPA2-PSK) User - f8:b7:97:24:40:d6

Jan 13 08:26:16 fl1-111-169-156-137.tky.mesh.ad.jp [50: C4:DD:0F:3E:C0 AP50C4DD0F3EC0] WIRELESS: wl1.0 (2.4GHz): DisAssociated User - f8:b7:97:24:40:d6

Jan 13 08:26:16 fl1-111-169-156-137.tky.mesh.ad.jp [50: C4:DD:0F:3E:C0 AP50C4DD0F3EC0] WIRELESS: wl1.0 (2.4GHz): Associated User - f8:b7:97:24:40:d6

Jan 13 08:26:16 fl1-111-169-156-137.tky.mesh.ad.jp [50: C4:DD:0F:3E:C0 AP50C4DD0F3EC0] AUTH: wl1.0 (2.4GHz): Authenticated (WPA2-PSK) User - f8:b7:97:24:40:d6

Jan 13 08:27:40 fl1-111-169-156-137.tky.mesh.ad.jp [50: C4:DD:0F:3E:C0 AP50C4DD0F3EC0] WIRELESS: wl1.0 (2.4GHz): Associated User - f8:b7:97:24:40:d6

Jan 13 08:27:40 fl1-111-169-156-137.tky.mesh.ad.jp [50: C4:DD:0F:3E:C0 AP50C4DD0F3EC0] WIRELESS: wl1.0 (2.4GHz): DisAssociated User - f8:b7:97:24:40:d6

Jan 13 08:27:40 fl1-111-169-156-137.tky.mesh.ad.jp [50: C4:DD:0F:3E:C0 AP50C4DD0F3EC0] AUTH: wl1.0 (2.4GHz): Authenticated (WPA2-PSK) User - f8:b7:97:24:40:d6

Jan 13 08:28:59 fl1-111-169-156-137.tky.mesh.ad.jp [50: C4:DD:0F:3E:C0 AP50C4DD0F3EC0] WIRELESS: wl1.0 (2.4GHz): Deleting roamed station - f8:b7:97:24:40:d6

Jan 13 08:30:23 fl1-111-169-156-137.tky.mesh.ad.jp [50: C4:DD:0F:3E:C0 AP50C4DD0F3EC0] WIRELESS: wl1.0 (2.4GHz): Associated User - f8:b7:97:24:40:d6

Jan 13 08:30:23 fl1-111-169-156-137.tky.mesh.ad.jp [50: C4:DD:0F:3E:C0 AP50C4DD0F3EC0] AUTH: wl1.0 (2.4GHz): Authenticated (WPA2-PSK) User - f8:b7:97:24:40:d6

Jan 13 08:31:39 fl1-111-169-156-137.tky.mesh.ad.jp [50: C4:DD:0F:3E:C0 AP50C4DD0F3EC0] WIRELESS: wl1.0 (2.4GHz): DisAssociated User - f8:b7:97:24:40:d6

Jan 13 08:31:39 fl1-111-169-156-137.tky.mesh.ad.jp [50: C4:DD:0F:3E:C0 AP50C4DD0F3EC0] WIRELESS: wl1.0 (2.4GHz): Associated User - f8:b7:97:24:40:d6

Jan 13 08:31:39 fl1-111-169-156-137.tky.mesh.ad.jp [50: C4:DD:0F:3E:C0 AP50C4DD0F3EC0] AUTH: wl1.0 (2.4GHz): Authenticated (WPA2-PSK) User - f8:b7:97:24:40:d6

Jan 13 08:31:59 fl1-111-169-156-137.tky.mesh.ad.jp [50: C4:DD:0F:3E:C0 AP50C4DD0F3EC0] WIRELESS: wl0 (5GHz): AutoChannel selected Channel 128 / 80 MHz

Jan 13 08:31:59 fl1-111-169-156-137.tky.mesh.ad.jp [50: C4:DD:0F:3E:C0 AP50C4DD0F3EC0] WIRELESS: wl0 (5GHz): Switch Channel 128 / 80 MHz

Jan 13 08:32:00 fl1-111-169-156-137.tky.mesh.ad.jp [50: C4:DD:0F:3E:C0 AP50C4DD0F3EC0] WIRELESS: wl0 (5GHz): Start sending beacon

Jan 13 08:32:01 fl1-111-169-156-137.tky.mesh.ad.jp [50: C4:DD:0F:3E:C0 AP50C4DD0F3EC0] WIRELESS: wl3 (5GHz): Switch Channel 100 / 80 MHz

Jan 13 08:33:06 fl1-111-169-156-137.tky.mesh.ad.jp [50: C4:DD:0F:3E:C0 AP50C4DD0F3EC0] WIRELESS: wl1.0 (2.4GHz): DisAssociated User - f8:b7:97:24:40:d6

Jan 13 08:33:06 fl1-111-169-156-137.tky.mesh.ad.jp [50: C4:DD:0F:3E:C0 AP50C4DD0F3EC0] WIRELESS: wl1.0 (2.4GHz): Associated User - f8:b7:97:24:40:d6

Jan 13 08:33:06 fl1-111-169-156-137.tky.mesh.ad.jp [50: C4:DD:0F:3E:C0 AP50C4DD0F3EC0] AUTH: wl1.0 (2.4GHz): Authenticated (WPA2-PSK) User - f8:b7:97:24:40:d6

Jan 13 08:34:58 fl1-111-169-156-137.tky.mesh.ad.jp [50: C4:DD:0F:3E:C0 AP50C4DD0F3EC0] WIRELESS: wl1.0 (2.4GHz): DisAssociated User - f8:b7:97:24:40:d6

Jan 13 08:34:58 fl1-111-169-156-137.tky.mesh.ad.jp [50: C4:DD:0F:3E:C0 AP50C4DD0F3EC0] WIRELESS: wl1.0 (2.4GHz): Associated User - f8:b7:97:24:40:d6

Jan 13 08:34:58 fl1-111-169-156-137.tky.mesh.ad.jp [50: C4:DD:0F:3E:C0 AP50C4DD0F3EC0] AUTH: wl1.0 (2.4GHz): Authenticated (WPA2-PSK) User - f8:b7:97:24:40:d6

Jan 13 08:36:16 fl1-111-169-156-137.tky.mesh.ad.jp [50: C4:DD:0F:3E:C0 AP50C4DD0F3EC0] WIRELESS: wl1.0 (2.4GHz): DisAssociated User - f8:b7:97:24:40:d6

Jan 13 08:36:16 fl1-111-169-156-137.tky.mesh.ad.jp [50: C4:DD:0F:3E:C0 AP50C4DD0F3EC0] WIRELESS: wl1.0 (2.4GHz): Associated User - f8:b7:97:24:40:d6

Jan 13 08:36:16 fl1-111-169-156-137.tky.mesh.ad.jp [50: C4:DD:0F:3E:C0 AP50C4DD0F3EC0] AUTH: wl1.0 (2.4GHz): Authenticated (WPA2-PSK) User - f8:b7:97:24:40:d6

Jan 13 08:37:34 fl1-111-169-156-137.tky.mesh.ad.jp [50: C4:DD:0F:3E:C0 AP50C4DD0F3EC0] WIRELESS: wl1.0 (2.4GHz): DisAssociated User - f8:b7:97:24:40:d6

Jan 13 08:37:34 fl1-111-169-156-137.tky.mesh.ad.jp [50: C4:DD:0F:3E:C0 AP50C4DD0F3EC0] WIRELESS: wl1.0 (2.4GHz): Associated User - f8:b7:97:24:40:d6

Jan 13 08:37:34 fl1-111-169-156-137.tky.mesh.ad.jp [50: C4:DD:0F:3E:C0 AP50C4DD0F3EC0] AUTH: wl1.0 (2.4GHz): Authenticated (WPA2-PSK) User - f8:b7:97:24:40:d6

Jan 13 08:40:52 fl1-111-169-156-137.tky.mesh.ad.jp [50: C4:DD:0F:3E:C0 AP50C4DD0F3EC0] WIRELESS: wl1.0 (2.4GHz): DisAssociated User - f8:b7:97:24:40:d6

Jan 13 08:40:52 fl1-111-169-156-137.tky.mesh.ad.jp [50: C4:DD:0F:3E:C0 AP50C4DD0F3EC0] WIRELESS: wl1.0 (2.4GHz): Associated User - f8:b7:97:24:40:d6

Jan 13 08:40:52 fl1-111-169-156-137.tky.mesh.ad.jp [50: C4:DD:0F:3E:C0 AP50C4DD0F3EC0] AUTH: wl1.0 (2.4GHz): Authenticated (WPA2-PSK) User - f8:b7:97:24:40:d6

Jan 13 08:42:21 fl1-111-169-156-137.tky.mesh.ad.jp [50: C4:DD:0F:3E:C0 AP50C4DD0F3EC0] WIRELESS: wl1.0 (2.4GHz): DisAssociated User - f8:b7:97:24:40:d6

Jan 13 08:42:21 fl1-111-169-156-137.tky.mesh.ad.jp [50: C4:DD:0F:3E:C0 AP50C4DD0F3EC0] WIRELESS: wl1.0 (2.4GHz): Associated User - f8:b7:97:24:40:d6

Jan 13 08:42:22 fl1-111-169-156-137.tky.mesh.ad.jp [50: C4:DD:0F:3E:C0 AP50C4DD0F3EC0] AUTH: wl1.0 (2.4GHz): Authenticated (WPA2-PSK) User - f8:b7:97:24:40:d6

Jan 13 08:44:13 fl1-111-169-156-137.tky.mesh.ad.jp [50: C4:DD:0F:3E:C0 AP50C4DD0F3EC0] WIRELESS: wl1.0 (2.4GHz): DisAssociated User - f8:b7:97:24:40:d6

Jan 13 08:44:13 fl1-111-169-156-137.tky.mesh.ad.jp [50: C4:DD:0F:3E:C0 AP50C4DD0F3EC0] WIRELESS: wl1.0 (2.4GHz): Associated User - f8:b7:97:24:40:d6

Jan 13 08:44:13 fl1-111-169-156-137.tky.mesh.ad.jp [50: C4:DD:0F:3E:C0 AP50C4DD0F3EC0] AUTH: wl1.0 (2.4GHz): Authenticated (WPA2-PSK) User - f8:b7:97:24:40:d6

Jan 13 08:47:07 fl1-111-169-156-137.tky.mesh.ad.jp [50: C4:DD:0F:3E:C0 AP50C4DD0F3EC0] WIRELESS: wl1.0 (2.4GHz): DisAssociated User - f8:b7:97:24:40:d6

Jan 13 08:47:07 fl1-111-169-156-137.tky.mesh.ad.jp [50: C4:DD:0F:3E:C0 AP50C4DD0F3EC0] WIRELESS: wl1.0 (2.4GHz): Associated User - f8:b7:97:24:40:d6

Jan 13 08:47:07 fl1-111-169-156-137.tky.mesh.ad.jp [50: C4:DD:0F:3E:C0 AP50C4DD0F3EC0] AUTH: wl1.0 (2.4GHz): Authenticated (WPA2-PSK) User - f8:b7:97:24:40:d6

Jan 13 08:48:31 fl1-111-169-156-137.tky.mesh.ad.jp [50: C4:DD:0F:3E:C0 AP50C4DD0F3EC0] WIRELESS: wl1.0 (2.4GHz): DisAssociated User - f8:b7:97:24:40:d6

Jan 13 08:48:31 fl1-111-169-156-137.tky.mesh.ad.jp [50: C4:DD:0F:3E:C0 AP50C4DD0F3EC0] WIRELESS: wl1.0 (2.4GHz): Associated User - f8:b7:97:24:40:d6

Jan 13 08:48:31 fl1-111-169-156-137.tky.mesh.ad.jp [50: C4:DD:0F:3E:C0 AP50C4DD0F3EC0] AUTH: wl1.0 (2.4GHz): Authenticated (WPA2-PSK) User - f8:b7:97:24:40:d6

Jan 13 08:51:10 fl1-111-169-156-137.tky.mesh.ad.jp [50: C4:DD:0F:3E:C0 AP50C4DD0F3EC0] WIRELESS: wl1.0 (2.4GHz): DisAssociated User - f8:b7:97:24:40:d6

Jan 13 08:51:10 fl1-111-169-156-137.tky.mesh.ad.jp [50: C4:DD:0F:3E:C0 AP50C4DD0F3EC0] WIRELESS: wl1.0 (2.4GHz): Associated User - f8:b7:97:24:40:d6

Jan 13 08:51:10 fl1-111-169-156-137.tky.mesh.ad.jp [50: C4:DD:0F:3E:C0 AP50C4DD0F3EC0] AUTH: wl1.0 (2.4GHz): Authenticated (WPA2-PSK) User - f8:b7:97:24:40:d6

Jan 13 08:52:48 fl1-111-169-156-137.tky.mesh.ad.jp [50: C4:DD:0F:3E:C0 AP50C4DD0F3EC0] WIRELESS: wl1.0 (2.4GHz): DisAssociated User - f8:b7:97:24:40:d6

Jan 13 08:52:48 fl1-111-169-156-137.tky.mesh.ad.jp [50: C4:DD:0F:3E:C0 AP50C4DD0F3EC0] WIRELESS: wl1.0 (2.4GHz): Associated User - f8:b7:97:24:40:d6

Jan 13 08:52:48 fl1-111-169-156-137.tky.mesh.ad.jp [50: C4:DD:0F:3E:C0 AP50C4DD0F3EC0] AUTH: wl1.0 (2.4GHz): Authenticated (WPA2-PSK) User - f8:b7:97:24:40:d6

Jan 13 08:56:29 fl1-111-169-156-137.tky.mesh.ad.jp [50: C4:DD:0F:3E:C0 AP50C4DD0F3EC0] WIRELESS: wl1.0 (2.4GHz): DisAssociated User - f8:b7:97:24:40:d6

Jan 13 08:56:29 fl1-111-169-156-137.tky.mesh.ad.jp [50: C4:DD:0F:3E:C0 AP50C4DD0F3EC0] WIRELESS: wl1.0 (2.4GHz): Associated User - f8:b7:97:24:40:d6

Jan 13 08:56:29 fl1-111-169-156-137.tky.mesh.ad.jp [50: C4:DD:0F:3E:C0 AP50C4DD0F3EC0] AUTH: wl1.0 (2.4GHz): Authenticated (WPA2-PSK) User - f8:b7:97:24:40:d6

Jan 13 08:57:44 fl1-111-169-156-137.tky.mesh.ad.jp [50: C4:DD:0F:3E:C0 AP50C4DD0F3EC0] WIRELESS: wl1.0 (2.4GHz): Deleting roamed station - f8:b7:97:24:40:d6

Jan 13 09:03:18 fl1-111-169-156-137.tky.mesh.ad.jp [50: C4:DD:0F:3E:C0 AP50C4DD0F3EC0] WIRELESS: wl1.0 (2.4GHz): Encryption Key Renewing

Jan 13 09:03:18 fl1-111-169-156-137.tky.mesh.ad.jp [50: C4:DD:0F:3E:C0 AP50C4DD0F3EC0] WIRELESS: wl0.0 (5GHz): Encryption Key Renewing

Jan 13 09:03:23 fl1-111-169-156-137.tky.mesh.ad.jp [50: C4:DD:0F:3E:C0 AP50C4DD0F3EC0] WIRELESS: wl1.0 (2.4GHz): Associated User - f8:b7:97:24:40:d6

Jan 13 09:03:23 fl1-111-169-156-137.tky.mesh.ad.jp [50: C4:DD:0F:3E:C0 AP50C4DD0F3EC0] AUTH: wl1.0 (2.4GHz): Authenticated (WPA2-PSK) User - f8:b7:97:24:40:d6

Jan 13 09:05:28 fl1-111-169-156-137.tky.mesh.ad.jp [50: C4:DD:0F:3E:C0 AP50C4DD0F3EC0] WIRELESS: wl1.0 (2.4GHz): DisAssociated User - f8:b7:97:24:40:d6

Jan 13 09:05:28 fl1-111-169-156-137.tky.mesh.ad.jp [50: C4:DD:0F:3E:C0 AP50C4DD0F3EC0] WIRELESS: wl1.0 (2.4GHz): Associated User - f8:b7:97:24:40:d6

Jan 13 09:05:28 fl1-111-169-156-137.tky.mesh.ad.jp [50: C4:DD:0F:3E:C0 AP50C4DD0F3EC0] WIRELESS: wl1.0 (2.4GHz): DisAssociated User - f8:b7:97:24:40:d6

Jan 13 09:05:28 fl1-111-169-156-137.tky.mesh.ad.jp [50: C4:DD:0F:3E:C0 AP50C4DD0F3EC0] WIRELESS: wl1.0 (2.4GHz): Associated User - f8:b7:97:24:40:d6

Jan 13 09:05:28 fl1-111-169-156-137.tky.mesh.ad.jp [50: C4:DD:0F:3E:C0 AP50C4DD0F3EC0] WIRELESS: wl1.0 (2.4GHz): Associated User - f8:b7:97:24:40:d6

Jan 13 09:05:28 fl1-111-169-156-137.tky.mesh.ad.jp [50: C4:DD:0F:3E:C0 AP50C4DD0F3EC0] WIRELESS: wl1.0 (2.4GHz): DisAssociated User - f8:b7:97:24:40:d6

Jan 13 09:10:49 fl1-111-169-156-137.tky.mesh.ad.jp [50: C4:DD:0F:3E:C0 AP50C4DD0F3EC0] WIRELESS: wl1.0 (2.4GHz): Associated User - f8:b7:97:24:40:d6

Jan 13 09:10:49 fl1-111-169-156-137.tky.mesh.ad.jp [50: C4:DD:0F:3E:C0 AP50C4DD0F3EC0] WIRELESS: wl1.0 (2.4GHz): DisAssociated User - f8:b7:97:24:40:d6

Jan 13 09:10:49 fl1-111-169-156-137.tky.mesh.ad.jp [50: C4:DD:0F:3E:C0 AP50C4DD0F3EC0] WIRELESS: wl1.0 (2.4GHz): Associated User - f8:b7:97:24:40:d6

Jan 13 09:10:49 fl1-111-169-156-137.tky.mesh.ad.jp [50: C4:DD:0F:3E:C0 AP50C4DD0F3EC0] WIRELESS: wl1.0 (2.4GHz): DisAssociated User - f8:b7:97:24:40:d6

Jan 13 09:10:49 fl1-111-169-156-137.tky.mesh.ad.jp [50: C4:DD:0F:3E:C0 AP50C4DD0F3EC0] WIRELESS: wl1.0 (2.4GHz): Associated User - f8:b7:97:24:40:d6

Jan 13 09:12:49 fl1-111-169-156-137.tky.mesh.ad.jp [50: C4:DD:0F:3E:C0 AP50C4DD0F3EC0] WIRELESS: wl1.0 (2.4GHz): Associated User - f8:b7:97:24:40:d6

Jan 13 09:12:49 fl1-111-169-156-137.tky.mesh.ad.jp [50: C4:DD:0F:3E:C0 AP50C4DD0F3EC0] AUTH: wl1.0 (2.4GHz): Authenticated (WPA2-PSK) User - f8:b7:97:24:40:d6

Jan 13 09:14:12 fl1-111-169-156-137.tky.mesh.ad.jp [50: C4:DD:0F:3E:C0 AP50C4DD0F3EC0] WIRELESS: wl1.0 (2.4GHz): DisAssociated User - f8:b7:97:24:40:d6

Jan 13 09:14:12 fl1-111-169-156-137.tky.mesh.ad.jp [50: C4:DD:0F:3E:C0 AP50C4DD0F3EC0] WIRELESS: wl1.0 (2.4GHz): Associated User - f8:b7:97:24:40:d6

Jan 13 09:14:12 fl1-111-169-156-137.tky.mesh.ad.jp [50: C4:DD:0F:3E:C0 AP50C4DD0F3EC0] AUTH: wl1.0 (2.4GHz): Authenticated (WPA2-PSK) User - f8:b7:97:24:40:d6

Jan 13 09:15:29 fl1-111-169-156-137.tky.mesh.ad.jp [50: C4:DD:0F:3E:C0 AP50C4DD0F3EC0] WIRELESS: wl1.0 (2.4GHz): DisAssociated User - f8:b7:97:24:40:d6

Jan 13 09:15:29 fl1-111-169-156-137.tky.mesh.ad.jp [50: C4:DD:0F:3E:C0 AP50C4DD0F3EC0] WIRELESS: wl1.0 (2.4GHz): Associated User - f8:b7:97:24:40:d6

Jan 13 09:15:29 fl1-111-169-156-137.tky.mesh.ad.jp [50: C4:DD:0F:3E:C0 AP50C4DD0F3EC0] AUTH: wl1.0 (2.4GHz): Authenticated (WPA2-PSK) User - f8:b7:97:24:40:d6

Jan 13 09:16:46 fl1-111-169-156-137.tky.mesh.ad.jp [50: C4:DD:0F:3E:C0 AP50C4DD0F3EC0] WIRELESS: wl1.0 (2.4GHz): DisAssociated User - f8:b7:97:24:40:d6

Jan 13 09:16:46 fl1-111-169-156-137.tky.mesh.ad.jp [50: C4:DD:0F:3E:C0 AP50C4DD0F3EC0] AUTH: wl1.0 (2.4GHz): Authenticated (WPA2-PSK) User - f8:b7:97:24:40:d6

Jan 13 09:16:46 fl1-111-169-156-137.tky.mesh.ad.jp [50: C4:DD:0F:3E:C0 AP50C4DD0F3EC0] WIRELESS: wl1.0 (2.4GHz): Associated User - f8:b7:97:24:40:d6

Jan 13 09:18:02 fl1-111-169-156-137.tky.mesh.ad.jp [50: C4:DD:0F:3E:C0 AP50C4DD0F3EC0] WIRELESS: wl1.0 (2.4GHz): DisAssociated User - f8:b7:97:24:40:d6

Jan 13 09:18:02 fl1-111-169-156-137.tky.mesh.ad.jp [50: C4:DD:0F:3E:C0 AP50C4DD0F3EC0] WIRELESS: wl1.0 (2.4GHz): Associated User - f8:b7:97:24:40:d6

Jan 13 09:18:02 fl1-111-169-156-137.tky.mesh.ad.jp [50: C4:DD:0F:3E:C0 AP50C4DD0F3EC0] WIRELESS: wl1.0 (2.4GHz): DisAssociated User - f8:b7:97:24:40:d6

Jan 13 09:18:02 fl1-111-169-156-137.tky.mesh.ad.jp [50: C4:DD:0F:3E:C0 AP50C4DD0F3EC0] WIRELESS: wl1.0 (2.4GHz): Associated User - f8:b7:97:24:40:d6

Jan 13 09:19:23 fl1-111-169-156-137.tky.mesh.ad.jp [50: C4:DD:0F:3E:C0 AP50C4DD0F3EC0] WIRELESS: wl1.0 (2.4GHz): Associated User - f8:b7:97:24:40:d6

Jan 13 09:19:23 fl1-111-169-156-137.tky.mesh.ad.jp [50: C4:DD:0F:3E:C0 AP50C4DD0F3EC0] AUTH: wl1.0 (2.4GHz): Authenticated (WPA2-PSK) User - f8:b7:97:24:40:d6

Jan 13 09:20:40 fl1-111-169-156-137.tky.mesh.ad.jp [50: C4:DD:0F:3E:C0 AP50C4DD0F3EC0] WIRELESS: wl1.0 (2.4GHz): DisAssociated User - f8:b7:97:24:40:d6

Jan 13 09:20:40 fl1-111-169-156-137.tky.mesh.ad.jp [50: C4:DD:0F:3E:C0 AP50C4DD0F3EC0] WIRELESS: wl1.0 (2.4GHz): Associated User - f8:b7:97:24:40:d6

Jan 13 09:20:40 fl1-111-169-156-137.tky.mesh.ad.jp [50: C4:DD:0F:3E:C0 AP50C4DD0F3EC0] AUTH: wl1.0 (2.4GHz): Authenticated (WPA2-PSK) User - f8:b7:97:24:40:d6

Jan 13 09:21:56 fl1-111-169-156-137.tky.mesh.ad.jp [50: C4:DD:0F:3E:C0 AP50C4DD0F3EC0] WIRELESS: wl1.0 (2.4GHz): DisAssociated User - f8:b7:97:24:40:d6

Jan 13 09:21:56 fl1-111-169-156-137.tky.mesh.ad.jp [50: C4:DD:0F:3E:C0 AP50C4DD0F3EC0] WIRELESS: wl1.0 (2.4GHz): Associated User - f8:b7:97:24:40:d6

Jan 13 09:21:56 fl1-111-169-156-137.tky.mesh.ad.jp [50: C4:DD:0F:3E:C0 AP50C4DD0F3EC0] AUTH: wl1.0 (2.4GHz): Authenticated (WPA2-PSK) User - f8:b7:97:24:40:d6

Jan 13 09:23:19 fl1-111-169-156-137.tky.mesh.ad.jp [50: C4:DD:0F:3E:C0 AP50C4DD0F3EC0] WIRELESS: wl1.0 (2.4GHz): DisAssociated User - f8:b7:97:24:40:d6

Jan 13 09:23:19 fl1-111-169-156-137.tky.mesh.ad.jp [50: C4:DD:0F:3E:C0 AP50C4DD0F3EC0] WIRELESS: wl1.0 (2.4GHz): Associated User - f8:b7:97:24:40:d6

Jan 13 09:23:19 fl1-111-169-156-137.tky.mesh.ad.jp [50: C4:DD:0F:3E:C0 AP50C4DD0F3EC0] AUTH: wl1.0 (2.4GHz): Authenticated (WPA2-PSK) User - f8:b7:97:24:40:d6

Jan 13 09:24:35 fl1-111-169-156-137.tky.mesh.ad.jp [50: C4:DD:0F:3E:C0 AP50C4DD0F3EC0] WIRELESS: wl1.0 (2.4GHz): DisAssociated User - f8:b7:97:24:40:d6

Jan 13 09:24:35 fl1-111-169-156-137.tky.mesh.ad.jp [50: C4:DD:0F:3E:C0 AP50C4DD0F3EC0] WIRELESS: wl1.0 (2.4GHz): DisAssociated User - f8:b7:97:24:40:d6

Jan 13 09:24:35 fl1-111-169-156-137.tky.mesh.ad.jp [50: C4:DD:0F:3E:C0 AP50C4DD0F3EC0] WIRELESS: wl1.0 (2.4GHz): Associated User - f8:b7:97:24:40:d6

Jan 13 09:25:57 fl1-111-169-156-137.tky.mesh.ad.jp [50: C4:DD:0F:3E:C0 AP50C4DD0F3EC0] WIRELESS: wl1.0 (2.4GHz): Associated User - f8:b7:97:24:40:d6

Jan 13 09:25:57 fl1-111-169-156-137.tky.mesh.ad.jp [50: C4:DD:0F:3E:C0 AP50C4DD0F3EC0] AUTH: wl1.0 (2.4GHz): Authenticated (WPA2-PSK) User - f8:b7:97:24:40:d6

Jan 13 09:27:13 fl1-111-169-156-137.tky.mesh.ad.jp [50: C4:DD:0F:3E:C0 AP50C4DD0F3EC0] WIRELESS: wl1.0 (2.4GHz): Deleting roamed station - f8:b7:97:24:40:d6

Jan 13 09:29:14 fl1-111-169-156-137.tky.mesh.ad.jp [50: C4:DD:0F:3E:C0 AP50C4DD0F3EC0] WIRELESS: wl1.0 (2.4GHz): Associated User - f8:b7:97:24:40:d6

Jan 13 09:29:15 fl1-111-169-156-137.tky.mesh.ad.jp [50: C4:DD:0F:3E:C0 AP50C4DD0F3EC0] AUTH: wl1.0 (2.4GHz): Authenticated (WPA2-PSK) User - f8:b7:97:24:40:d6

Jan 13 09:30:31 fl1-111-169-156-137.tky.mesh.ad.jp [50: C4:DD:0F:3E:C0 AP50C4DD0F3EC0] WIRELESS: wl1.0 (2.4GHz): DisAssociated User - f8:b7:97:24:40:d6

Jan 13 09:30:31 fl1-111-169-156-137.tky.mesh.ad.jp [50: C4:DD:0F:3E:C0 AP50C4DD0F3EC0] WIRELESS: wl1.0 (2.4GHz): Associated User - f8:b7:97:24:40:d6

Jan 13 09:30:31 fl1-111-169-156-137.tky.mesh.ad.jp [50: C4:DD:0F:3E:C0 AP50C4DD0F3EC0] AUTH: wl1.0 (2.4GHz): Authenticated (WPA2-PSK) User - f8:b7:97:24:40:d6

Jan 13 09:31:47 fl1-111-169-156-137.tky.mesh.ad.jp [50: C4:DD:0F:3E:C0 AP50C4DD0F3EC0] WIRELESS: wl1.0 (2.4GHz): DisAssociated User - f8:b7:97:24:40:d6

Jan 13 09:31:47 fl1-111-169-156-137.tky.mesh.ad.jp [50: C4:DD:0F:3E:C0 AP50C4DD0F3EC0] WIRELESS: wl1.0 (2.4GHz): Associated User - f8:b7:97:24:40:d6

Jan 13 09:31:47 fl1-111-169-156-137.tky.mesh.ad.jp [50: C4:DD:0F:3E:C0 AP50C4DD0F3EC0] WIRELESS: wl1.0 (2.4GHz): Associated User - f8:b7:97:24:40:d6

Jan 13 09:31:48 fl1-111-169-156-137.tky.mesh.ad.jp [50: C4:DD:0F:3E:C0 AP50C4DD0F3EC0] WIRELESS: wl1.0 (2.4GHz): DisAssociated User - f8:b7:97:24:40:d6

Jan 13 09:32:02 fl1-111-169-156-137.tky.mesh.ad.jp [50: C4:DD:0F:3E:C0 AP50C4DD0F3EC0] WIRELESS: wl0 (5GHz): AutoChannel selected Channel 100 / 80 MHz

Jan 13 09:32:02 fl1-111-169-156-137.tky.mesh.ad.jp [50: C4:DD:0F:3E:C0 AP50C4DD0F3EC0] WIRELESS: wl0 (5GHz): Switch Channel 100 / 80 MHz

Jan 13 09:32:03 fl1-111-169-156-137.tky.mesh.ad.jp [50: C4:DD:0F:3E:C0 AP50C4DD0F3EC0] WIRELESS: wl0 (5GHz): Start sending beacon

Jan 13 09:32:04 fl1-111-169-156-137.tky.mesh.ad.jp [50: C4:DD:0F:3E:C0 AP50C4DD0F3EC0] WIRELESS: wl3 (5GHz): Switch Channel 116 / 80 MHz

Jan 13 09:33:14 fl1-111-169-156-137.tky.mesh.ad.jp [50: C4:DD:0F:3E:C0 AP50C4DD0F3EC0] AUTH: wl1.0 (2.4GHz): Authenticated (WPA2-PSK) User - f8:b7:97:24:40:d6

Jan 13 09:33:14 fl1-111-169-156-137.tky.mesh.ad.jp [50: C4:DD:0F:3E:C0 AP50C4DD0F3EC0] WIRELESS: wl1.0 (2.4GHz): Associated User - f8:b7:97:24:40:d6

Jan 13 09:34:33 fl1-111-169-156-137.tky.mesh.ad.jp [50: C4:DD:0F:3E:C0 AP50C4DD0F3EC0] WIRELESS: wl1.0 (2.4GHz): DisAssociated User - f8:b7:97:24:40:d6

Jan 13 09:34:33 fl1-111-169-156-137.tky.mesh.ad.jp [50: C4:DD:0F:3E:C0 AP50C4DD0F3EC0] WIRELESS: wl1.0 (2.4GHz): Associated User - f8:b7:97:24:40:d6

Jan 13 09:34:34 fl1-111-169-156-137.tky.mesh.ad.jp [50: C4:DD:0F:3E:C0 AP50C4DD0F3EC0] AUTH: wl1.0 (2.4GHz): Authenticated (WPA2-PSK) User - f8:b7:97:24:40:d6

Jan 13 09:36:33 fl1-111-169-156-137.tky.mesh.ad.jp [50: C4:DD:0F:3E:C0 AP50C4DD0F3EC0] WIRELESS: wl1.0 (2.4GHz): DisAssociated User - f8:b7:97:24:40:d6

Jan 13 09:36:33 fl1-111-169-156-137.tky.mesh.ad.jp [50: C4:DD:0F:3E:C0 AP50C4DD0F3EC0] WIRELESS: wl1.0 (2.4GHz): Associated User - f8:b7:97:24:40:d6

Jan 13 09:36:33 fl1-111-169-156-137.tky.mesh.ad.jp [50: C4:DD:0F:3E:C0 AP50C4DD0F3EC0] AUTH: wl1.0 (2.4GHz): Authenticated (WPA2-PSK) User - f8:b7:97:24:40:d6

Jan 13 09:39:33 fl1-111-169-156-137.tky.mesh.ad.jp [50: C4:DD:0F:3E:C0 AP50C4DD0F3EC0] WIRELESS: wl1.0 (2.4GHz): DisAssociated User - f8:b7:97:24:40:d6

Jan 13 09:39:33 fl1-111-169-156-137.tky.mesh.ad.jp [50: C4:DD:0F:3E:C0 AP50C4DD0F3EC0] WIRELESS: wl1.0 (2.4GHz): Associated User - f8:b7:97:24:40:d6

Jan 13 09:39:33 fl1-111-169-156-137.tky.mesh.ad.jp [50: C4:DD:0F:3E:C0 AP50C4DD0F3EC0] WIRELESS: wl1.0 (2.4GHz): Associated User - f8:b7:97:24:40:d6

Jan 13 09:39:33 fl1-111-169-156-137.tky.mesh.ad.jp [50: C4:DD:0F:3E:C0 AP50C4DD0F3EC0] AUTH: wl1.0 (2.4GHz): Authenticated (WPA2-PSK) User - f8:b7:97:24:40:d6

Jan 13 09:41:10 fl1-111-169-156-137.tky.mesh.ad.jp [50: C4:DD:0F:3E:C0 AP50C4DD0F3EC0] WIRELESS: wl1.0 (2.4GHz): DisAssociated User - f8:b7:97:24:40:d6

Jan 13 09:41:10 fl1-111-169-156-137.tky.mesh.ad.jp [50: C4:DD:0F:3E:C0 AP50C4DD0F3EC0] WIRELESS: wl1.0 (2.4GHz): Associated User - f8:b7:97:24:40:d6

Jan 13 09:41:10 fl1-111-169-156-137.tky.mesh.ad.jp [50: C4:DD:0F:3E:C0 AP50C4DD0F3EC0] AUTH: wl1.0 (2.4GHz): Authenticated (WPA2-PSK) User - f8:b7:97:24:40:d6

Jan 13 09:42:25 fl1-111-169-156-137.tky.mesh.ad.jp [50: C4:DD:0F:3E:C0 AP50C4DD0F3EC0] WIRELESS: wl1.0 (2.4GHz): Deleting roamed station - f8:b7:97:24:40:d6

Jan 13 09:44:32 fl1-111-169-156-137.tky.mesh.ad.jp [50: C4:DD:0F:3E:C0 AP50C4DD0F3EC0] WIRELESS: wl1.0 (2.4GHz): Associated User - f8:b7:97:24:40:d6

Jan 13 09:44:32 fl1-111-169-156-137.tky.mesh.ad.jp [50: C4:DD:0F:3E:C0 AP50C4DD0F3EC0] AUTH: wl1.0 (2.4GHz): Authenticated (WPA2-PSK) User - f8:b7:97:24:40:d6

Jan 13 09:45:49 fl1-111-169-156-137.tky.mesh.ad.jp [50: C4:DD:0F:3E:C0 AP50C4DD0F3EC0] WIRELESS: wl1.0 (2.4GHz): Deleting roamed station - f8:b7:97:24:40:d6

Jan 13 09:47:05 fl1-111-169-156-137.tky.mesh.ad.jp [50: C4:DD:0F:3E:C0 AP50C4DD0F3EC0] WIRELESS: wl1.0 (2.4GHz): Associated User - f8:b7:97:24:40:d6

Jan 13 09:47:05 fl1-111-169-156-137.tky.mesh.ad.jp [50: C4:DD:0F:3E:C0 AP50C4DD0F3EC0] AUTH: wl1.0 (2.4GHz): Authenticated (WPA2-PSK) User - f8:b7:97:24:40:d6

Jan 13 09:48:21 fl1-111-169-156-137.tky.mesh.ad.jp [50: C4:DD:0F:3E:C0 AP50C4DD0F3EC0] WIRELESS: wl1.0 (2.4GHz): DisAssociated User - f8:b7:97:24:40:d6

Jan 13 09:48:21 fl1-111-169-156-137.tky.mesh.ad.jp [50: C4:DD:0F:3E:C0 AP50C4DD0F3EC0] WIRELESS: wl1.0 (2.4GHz): DisAssociated User - f8:b7:97:24:40:d6

Jan 13 09:48:21 fl1-111-169-156-137.tky.mesh.ad.jp [50: C4:DD:0F:3E:C0 AP50C4DD0F3EC0] WIRELESS: wl1.0 (2.4GHz): Associated User - f8:b7:97:24:40:d6

Jan 13 10:03:18 fl1-111-169-156-137.tky.mesh.ad.jp [50: C4:DD:0F:3E:C0 AP50C4DD0F3EC0] WIRELESS: wl1.0 (2.4GHz): Encryption Key Renewing

Jan 13 10:03:18 fl1-111-169-156-137.tky.mesh.ad.jp [50: C4:DD:0F:3E:C0 AP50C4DD0F3EC0] WIRELESS: wl0.0 (5GHz): Encryption Key Renewing

Jan 13 10:04:10 fl1-111-169-156-137.tky.mesh.ad.jp [50: C4:DD:0F:3E:C0 AP50C4DD0F3EC0] WIRELESS: wl1.0 (2.4GHz): Associated User - f8:b7:97:24:40:d6

Jan 13 10:04:10 fl1-111-169-156-137.tky.mesh.ad.jp [50: C4:DD:0F:3E:C0 AP50C4DD0F3EC0] AUTH: wl1.0 (2.4GHz): Authenticated (WPA2-PSK) User - f8:b7:97:24:40:d6

Jan 13 10:05:37 fl1-111-169-156-137.tky.mesh.ad.jp [50: C4:DD:0F:3E:C0 AP50C4DD0F3EC0] WIRELESS: wl1.0 (2.4GHz): DisAssociated User - f8:b7:97:24:40:d6

Jan 13 10:05:37 fl1-111-169-156-137.tky.mesh.ad.jp [50: C4:DD:0F:3E:C0 AP50C4DD0F3EC0] WIRELESS: wl1.0 (2.4GHz): Associated User - f8:b7:97:24:40:d6

Jan 13 10:05:37 fl1-111-169-156-137.tky.mesh.ad.jp [50: C4:DD:0F:3E:C0 AP50C4DD0F3EC0] AUTH: wl1.0 (2.4GHz): Authenticated (WPA2-PSK) User - f8:b7:97:24:40:d6

Jan 13 10:07:22 fl1-111-169-156-137.tky.mesh.ad.jp [50: C4:DD:0F:3E:C0 AP50C4DD0F3EC0] WIRELESS: wl1.0 (2.4GHz): DisAssociated User - f8:b7:97:24:40:d6

Jan 13 10:07:22 fl1-111-169-156-137.tky.mesh.ad.jp [50: C4:DD:0F:3E:C0 AP50C4DD0F3EC0] WIRELESS: wl1.0 (2.4GHz): Associated User - f8:b7:97:24:40:d6

Jan 13 10:07:22 fl1-111-169-156-137.tky.mesh.ad.jp [50: C4:DD:0F:3E:C0 AP50C4DD0F3EC0] AUTH: wl1.0 (2.4GHz): Authenticated (WPA2-PSK) User - f8:b7:97:24:40:d6

Jan 13 10:08:38 fl1-111-169-156-137.tky.mesh.ad.jp [50: C4:DD:0F:3E:C0 AP50C4DD0F3EC0] WIRELESS: wl1.0 (2.4GHz): DisAssociated User - f8:b7:97:24:40:d6

Jan 13 10:08:38 fl1-111-169-156-137.tky.mesh.ad.jp [50: C4:DD:0F:3E:C0 AP50C4DD0F3EC0] WIRELESS: wl1.0 (2.4GHz): Associated User - f8:b7:97:24:40:d6

Jan 13 10:08:38 fl1-111-169-156-137.tky.mesh.ad.jp [50: C4:DD:0F:3E:C0 AP50C4DD0F3EC0] AUTH: wl1.0 (2.4GHz): Authenticated (WPA2-PSK) User - f8:b7:97:24:40:d6

Jan 13 10:10:50 fl1-111-169-156-137.tky.mesh.ad.jp [50: C4:DD:0F:3E:C0 AP50C4DD0F3EC0] WIRELESS: wl1.0 (2.4GHz): DisAssociated User - f8:b7:97:24:40:d6

Jan 13 10:10:50 fl1-111-169-156-137.tky.mesh.ad.jp [50: C4:DD:0F:3E:C0 AP50C4DD0F3EC0] WIRELESS: wl1.0 (2.4GHz): Associated User - f8:b7:97:24:40:d6

Jan 13 10:10:50 fl1-111-169-156-137.tky.mesh.ad.jp [50: C4:DD:0F:3E:C0 AP50C4DD0F3EC0] AUTH: wl1.0 (2.4GHz): Authenticated (WPA2-PSK) User - f8:b7:97:24:40:d6

Jan 13 10:12:13 fl1-111-169-156-137.tky.mesh.ad.jp [50: C4:DD:0F:3E:C0 AP50C4DD0F3EC0] WIRELESS: wl1.0 (2.4GHz): DisAssociated User - f8:b7:97:24:40:d6

Jan 13 10:12:13 fl1-111-169-156-137.tky.mesh.ad.jp [50: C4:DD:0F:3E:C0 AP50C4DD0F3EC0] WIRELESS: wl1.0 (2.4GHz): Associated User - f8:b7:97:24:40:d6

Jan 13 10:12:13 fl1-111-169-156-137.tky.mesh.ad.jp [50: C4:DD:0F:3E:C0 AP50C4DD0F3EC0] AUTH: wl1.0 (2.4GHz): Authenticated (WPA2-PSK) User - f8:b7:97:24:40:d6

Jan 13 10:13:34 fl1-111-169-156-137.tky.mesh.ad.jp [50: C4:DD:0F:3E:C0 AP50C4DD0F3EC0] WIRELESS: wl1.0 (2.4GHz): DisAssociated User - f8:b7:97:24:40:d6

Jan 13 10:13:34 fl1-111-169-156-137.tky.mesh.ad.jp [50: C4:DD:0F:3E:C0 AP50C4DD0F3EC0] WIRELESS: wl1.0 (2.4GHz): Associated User - f8:b7:97:24:40:d6

Jan 13 10:13:35 fl1-111-169-156-137.tky.mesh.ad.jp [50: C4:DD:0F:3E:C0 AP50C4DD0F3EC0] AUTH: wl1.0 (2.4GHz): Authenticated (WPA2-PSK) User - f8:b7:97:24:40:d6

Jan 13 10:14:58 fl1-111-169-156-137.tky.mesh.ad.jp [50: C4:DD:0F:3E:C0 AP50C4DD0F3EC0] WIRELESS: wl1.0 (2.4GHz): Deleting roamed station - f8:b7:97:24:40:d6

Jan 13 10:16:19 fl1-111-169-156-137.tky.mesh.ad.jp [50: C4:DD:0F:3E:C0 AP50C4DD0F3EC0] WIRELESS: wl1.0 (2.4GHz): Associated User - f8:b7:97:24:40:d6

Jan 13 10:16:19 fl1-111-169-156-137.tky.mesh.ad.jp [50: C4:DD:0F:3E:C0 AP50C4DD0F3EC0] AUTH: wl1.0 (2.4GHz): Authenticated (WPA2-PSK) User - f8:b7:97:24:40:d6

Jan 13 10:17:34 fl1-111-169-156-137.tky.mesh.ad.jp [50: C4:DD:0F:3E:C0 AP50C4DD0F3EC0] WIRELESS: wl1.0 (2.4GHz): DisAssociated User - f8:b7:97:24:40:d6

Jan 13 10:17:34 fl1-111-169-156-137.tky.mesh.ad.jp [50: C4:DD:0F:3E:C0 AP50C4DD0F3EC0] WIRELESS: wl1.0 (2.4GHz): Associated User - f8:b7:97:24:40:d6

Jan 13 10:17:34 fl1-111-169-156-137.tky.mesh.ad.jp [50: C4:DD:0F:3E:C0 AP50C4DD0F3EC0] WIRELESS: wl1.0 (2.4GHz): Associated User - f8:b7:97:24:40:d6

Jan 13 10:17:35 fl1-111-169-156-137.tky.mesh.ad.jp [50: C4:DD:0F:3E:C0 AP50C4DD0F3EC0] WIRELESS: wl1.0 (2.4GHz): DisAssociated User - f8:b7:97:24:40:d6

Jan 13 10:19:02 fl1-111-169-156-137.tky.mesh.ad.jp [50: C4:DD:0F:3E:C0 AP50C4DD0F3EC0] WIRELESS: wl1.0 (2.4GHz): Associated User - f8:b7:97:24:40:d6

Jan 13 10:19:02 fl1-111-169-156-137.tky.mesh.ad.jp [50: C4:DD:0F:3E:C0 AP50C4DD0F3EC0] AUTH: wl1.0 (2.4GHz): Authenticated (WPA2-PSK) User - f8:b7:97:24:40:d6

Jan 13 10:20:21 fl1-111-169-156-137.tky.mesh.ad.jp [50: C4:DD:0F:3E:C0 AP50C4DD0F3EC0] WIRELESS: wl1.0 (2.4GHz): Associated User - f8:b7:97:24:40:d6

Jan 13 10:20:21 fl1-111-169-156-137.tky.mesh.ad.jp [50: C4:DD:0F:3E:C0 AP50C4DD0F3EC0] WIRELESS: wl1.0 (2.4GHz): DisAssociated User - f8:b7:97:24:40:d6

Jan 13 10:20:21 fl1-111-169-156-137.tky.mesh.ad.jp [50: C4:DD:0F:3E:C0 AP50C4DD0F3EC0] AUTH: wl1.0 (2.4GHz): Authenticated (WPA2-PSK) User - f8:b7:97:24:40:d6

Jan 13 10:21:40 fl1-111-169-156-137.tky.mesh.ad.jp [50: C4:DD:0F:3E:C0 AP50C4DD0F3EC0] WIRELESS: wl1.0 (2.4GHz): Deleting roamed station - f8:b7:97:24:40:d6

Jan 13 10:27:16 fl1-111-169-156-137.tky.mesh.ad.jp [50: C4:DD:0F:3E:C0 AP50C4DD0F3EC0] WIRELESS: wl1.0 (2.4GHz): Associated User - f8:b7:97:24:40:d6

Jan 13 10:27:16 fl1-111-169-156-137.tky.mesh.ad.jp [50: C4:DD:0F:3E:C0 AP50C4DD0F3EC0] AUTH: wl1.0 (2.4GHz): Authenticated (WPA2-PSK) User - f8:b7:97:24:40:d6

Jan 13 10:29:34 fl1-111-169-156-137.tky.mesh.ad.jp [50: C4:DD:0F:3E:C0 AP50C4DD0F3EC0] WIRELESS: wl1.0 (2.4GHz): DisAssociated User - f8:b7:97:24:40:d6

Jan 13 10:29:34 fl1-111-169-156-137.tky.mesh.ad.jp [50: C4:DD:0F:3E:C0 AP50C4DD0F3EC0] WIRELESS: wl1.0 (2.4GHz): Associated User - f8:b7:97:24:40:d6

Jan 13 10:29:34 fl1-111-169-156-137.tky.mesh.ad.jp [50: C4:DD:0F:3E:C0 AP50C4DD0F3EC0] WIRELESS: wl1.0 (2.4GHz): Associated User - f8:b7:97:24:40:d6

Jan 13 10:29:35 fl1-111-169-156-137.tky.mesh.ad.jp [50: C4:DD:0F:3E:C0 AP50C4DD0F3EC0] WIRELESS: wl1.0 (2.4GHz): DisAssociated User - f8:b7:97:24:40:d6

Jan 13 10:30:52 fl1-111-169-156-137.tky.mesh.ad.jp [50: C4:DD:0F:3E:C0 AP50C4DD0F3EC0] WIRELESS: wl1.0 (2.4GHz): Associated User - f8:b7:97:24:40:d6

Jan 13 10:30:52 fl1-111-169-156-137.tky.mesh.ad.jp [50: C4:DD:0F:3E:C0 AP50C4DD0F3EC0] AUTH: wl1.0 (2.4GHz): Authenticated (WPA2-PSK) User - f8:b7:97:24:40:d6

Jan 13 10:32:03 fl1-111-169-156-137.tky.mesh.ad.jp [50: C4:DD:0F:3E:C0 AP50C4DD0F3EC0] WIRELESS: wl0 (5GHz): AutoChannel selected Channel 100 / 80 MHz

Jan 13 10:32:08 fl1-111-169-156-137.tky.mesh.ad.jp [50: C4:DD:0F:3E:C0 AP50C4DD0F3EC0] WIRELESS: wl1.0 (2.4GHz): DisAssociated User - f8:b7:97:24:40:d6

Jan 13 10:32:08 fl1-111-169-156-137.tky.mesh.ad.jp [50: C4:DD:0F:3E:C0 AP50C4DD0F3EC0] WIRELESS: wl1.0 (2.4GHz): Associated User - f8:b7:97:24:40:d6

Jan 13 10:32:08 fl1-111-169-156-137.tky.mesh.ad.jp [50: C4:DD:0F:3E:C0 AP50C4DD0F3EC0] WIRELESS: wl1.0 (2.4GHz): DisAssociated User - f8:b7:97:24:40:d6

Jan 13 10:32:08 fl1-111-169-156-137.tky.mesh.ad.jp [50: C4:DD:0F:3E:C0 AP50C4DD0F3EC0] WIRELESS: wl1.0 (2.4GHz): Associated User - f8:b7:97:24:40:d6

Jan 13 10:33:36 fl1-111-169-156-137.tky.mesh.ad.jp [50: C4:DD:0F:3E:C0 AP50C4DD0F3EC0] AUTH: wl1.0 (2.4GHz): Authenticated (WPA2-PSK) User - f8:b7:97:24:40:d6

Jan 13 10:33:36 fl1-111-169-156-137.tky.mesh.ad.jp [50: C4:DD:0F:3E:C0 AP50C4DD0F3EC0] WIRELESS: wl1.0 (2.4GHz): Associated User - f8:b7:97:24:40:d6

Jan 13 10:34:53 fl1-111-169-156-137.tky.mesh.ad.jp [50: C4:DD:0F:3E:C0 AP50C4DD0F3EC0] WIRELESS: wl1.0 (2.4GHz): DisAssociated User - f8:b7:97:24:40:d6

Jan 13 10:34:53 fl1-111-169-156-137.tky.mesh.ad.jp [50: C4:DD:0F:3E:C0 AP50C4DD0F3EC0] WIRELESS: wl1.0 (2.4GHz): Associated User - f8:b7:97:24:40:d6

Jan 13 10:34:53 fl1-111-169-156-137.tky.mesh.ad.jp [50: C4:DD:0F:3E:C0 AP50C4DD0F3EC0] AUTH: wl1.0 (2.4GHz): Authenticated (WPA2-PSK) User - f8:b7:97:24:40:d6

Jan 13 10:36:09 fl1-111-169-156-137.tky.mesh.ad.jp [50: C4:DD:0F:3E:C0 AP50C4DD0F3EC0] WIRELESS: wl1.0 (2.4GHz): DisAssociated User - f8:b7:97:24:40:d6

Jan 13 10:36:09 fl1-111-169-156-137.tky.mesh.ad.jp [50: C4:DD:0F:3E:C0 AP50C4DD0F3EC0] WIRELESS: wl1.0 (2.4GHz): Associated User - f8:b7:97:24:40:d6

Jan 13 10:36:09 fl1-111-169-156-137.tky.mesh.ad.jp [50: C4:DD:0F:3E:C0 AP50C4DD0F3EC0] AUTH: wl1.0 (2.4GHz): Authenticated (WPA2-PSK) User - f8:b7:97:24:40:d6

Jan 13 10:37:35 fl1-111-169-156-137.tky.mesh.ad.jp [50: C4:DD:0F:3E:C0 AP50C4DD0F3EC0] WIRELESS: wl1.0 (2.4GHz): Deleting roamed station - f8:b7:97:24:40:d6

Jan 13 10:41:05 fl1-111-169-156-137.tky.mesh.ad.jp [50: C4:DD:0F:3E:C0 AP50C4DD0F3EC0] WIRELESS: wl1.0 (2.4GHz): DisAssociated User - f8:b7:97:24:40:d6

Jan 13 10:41:05 fl1-111-169-156-137.tky.mesh.ad.jp [50: C4:DD:0F:3E:C0 AP50C4DD0F3EC0] WIRELESS: wl1.0 (2.4GHz): Associated User - f8:b7:97:24:40:d6

Jan 13 10:41:05 fl1-111-169-156-137.tky.mesh.ad.jp [50: C4:DD:0F:3E:C0 AP50C4DD0F3EC0] WIRELESS: wl1.0 (2.4GHz): Associated User - f8:b7:97:24:40:d6

Jan 13 11:03:18 fl1-111-169-156-137.tky.mesh.ad.jp [50: C4:DD:0F:3E:C0 AP50C4DD0F3EC0] WIRELESS: wl1.0 (2.4GHz): Encryption Key Renewing

Jan 13 11:03:18 fl1-111-169-156-137.tky.mesh.ad.jp [50: C4:DD:0F:3E:C0 AP50C4DD0F3EC0] WIRELESS: wl0.0 (5GHz): Encryption Key Renewing

Jan 13 11:31:40 fl1-111-169-156-137.tky.mesh.ad.jp [50: C4:DD:0F:3E:C0 AP50C4DD0F3EC0] WIRELESS: wl1 (2.4GHz): AutoChannel selected Channel 9 / 20 MHz

Jan 13 11:31:44 fl1-111-169-156-137.tky.mesh.ad.jp [50: C4:DD:0F:3E:C0 AP50C4DD0F3EC0] WIRELESS: wl1 (2.4GHz): Start sending beacon

Jan 13 11:31:45 fl1-111-169-156-137.tky.mesh.ad.jp [50: C4:DD:0F:3E:C0 AP50C4DD0F3EC0] WIRELESS: wl1 (2.4GHz): Switch Channel 9 / 20 MHz

Jan 13 11:31:45 fl1-111-169-156-137.tky.mesh.ad.jp [50: C4:DD:0F:3E:C0 AP50C4DD0F3EC0] WIRELESS: wl1 (2.4GHz): Start sending beacon

Jan 13 11:32:04 fl1-111-169-156-137.tky.mesh.ad.jp [50: C4:DD:0F:3E:C0 AP50C4DD0F3EC0] WIRELESS: wl0 (5GHz): AutoChannel selected Channel 100 / 80 MHz

Jan 13 11:38:12 fl1-111-169-156-137.tky.mesh.ad.jp [50: C4:DD:0F:3E:C0 AP50C4DD0F3EC0] WIRELESS: wl1 (2.4GHz): Detect interference(100per) [with Non-802.11] on channel 9.

Jan 13 11:41:12 fl1-111-169-156-137.tky.mesh.ad.jp [50: C4:DD:0F:3E:C0 AP50C4DD0F3EC0] WIRELESS: wl1 (2.4GHz): Detect interference(100per) [with Non-802.11] on channel 9.

Jan 13 12:03:18 fl1-111-169-156-137.tky.mesh.ad.jp [50: C4:DD:0F:3E:C0 AP50C4DD0F3EC0] WIRELESS: wl1.0 (2.4GHz): Encryption Key Renewing

Jan 13 12:03:18 fl1-111-169-156-137.tky.mesh.ad.jp [50: C4:DD:0F:3E:C0 AP50C4DD0F3EC0] WIRELESS: wl0.0 (5GHz): Encryption Key Renewing

Jan 13 12:15:47 fl1-111-169-156-137.tky.mesh.ad.jp [50: C4:DD:0F:3E:C0 AP50C4DD0F3EC0] WIRELESS: wl1 (2.4GHz): Detect interference(100per) [with Non-802.11] on channel 9.

Jan 13 12:31:40 fl1-111-169-156-137.tky.mesh.ad.jp [50: C4:DD:0F:3E:C0 AP50C4DD0F3EC0] WIRELESS: wl1 (2.4GHz): AutoChannel selected Channel 2 / 20 MHz

Jan 13 12:31:45 fl1-111-169-156-137.tky.mesh.ad.jp [50: C4:DD:0F:3E:C0 AP50C4DD0F3EC0] WIRELESS: wl1 (2.4GHz): Start sending beacon

Jan 13 12:31:45 fl1-111-169-156-137.tky.mesh.ad.jp [50: C4:DD:0F:3E:C0 AP50C4DD0F3EC0] WIRELESS: wl1 (2.4GHz): Switch Channel 2 / 20 MHz

Jan 13 12:31:45 fl1-111-169-156-137.tky.mesh.ad.jp [50: C4:DD:0F:3E:C0 AP50C4DD0F3EC0] WIRELESS: wl1 (2.4GHz): Start sending beacon

Jan 13 12:32:04 fl1-111-169-156-137.tky.mesh.ad.jp [50: C4:DD:0F:3E:C0 AP50C4DD0F3EC0] WIRELESS: wl0 (5GHz): AutoChannel selected Channel 100 / 80 MHz

Jan 13 13:03:18 fl1-111-169-156-137.tky.mesh.ad.jp [50: C4:DD:0F:3E:C0 AP50C4DD0F3EC0] WIRELESS: wl1.0 (2.4GHz): Encryption Key Renewing

Jan 13 13:03:18 fl1-111-169-156-137.tky.mesh.ad.jp [50: C4:DD:0F:3E:C0 AP50C4DD0F3EC0] WIRELESS: wl0.0 (5GHz): Encryption Key Renewing

Jan 13 13:13:30 fl1-111-169-156-137.tky.mesh.ad.jp [50: C4:DD:0F:3E:C0 AP50C4DD0F3EC0] WIRELESS: wl1.0 (2.4GHz): Associated User - 48:f1:7f:f9:b5:64

Jan 13 13:13:30 fl1-111-169-156-137.tky.mesh.ad.jp [50: C4:DD:0F:3E:C0 AP50C4DD0F3EC0] AUTH: wl1.0 (2.4GHz): Authenticated (WPA2-PSK) User - 48:f1:7f:f9:b5:64

Jan 13 13:21:44 fl1-111-169-156-137.tky.mesh.ad.jp [50: C4:DD:0F:3E:C0 AP50C4DD0F3EC0] ntpclient: SUCCESS: set time :  Mon Jan 13 13:21:44 2020 

Jan 13 13:32:05 fl1-111-169-156-137.tky.mesh.ad.jp [50: C4:DD:0F:3E:C0 AP50C4DD0F3EC0] WIRELESS: wl0 (5GHz): AutoChannel selected Channel 128 / 80 MHz

Jan 13 13:32:05 fl1-111-169-156-137.tky.mesh.ad.jp [50: C4:DD:0F:3E:C0 AP50C4DD0F3EC0] WIRELESS: wl0 (5GHz): Switch Channel 128 / 80 MHz

Jan 13 13:32:06 fl1-111-169-156-137.tky.mesh.ad.jp [50: C4:DD:0F:3E:C0 AP50C4DD0F3EC0] WIRELESS: wl0 (5GHz): Start sending beacon

Jan 13 13:32:07 fl1-111-169-156-137.tky.mesh.ad.jp [50: C4:DD:0F:3E:C0 AP50C4DD0F3EC0] WIRELESS: wl3 (5GHz): Switch Channel 100 / 80 MHz

Jan 13 14:03:18 fl1-111-169-156-137.tky.mesh.ad.jp [50: C4:DD:0F:3E:C0 AP50C4DD0F3EC0] WIRELESS: wl1.0 (2.4GHz): Encryption Key Renewing

Jan 13 14:03:18 fl1-111-169-156-137.tky.mesh.ad.jp [50: C4:DD:0F:3E:C0 AP50C4DD0F3EC0] WIRELESS: wl0.0 (5GHz): Encryption Key Renewing

Jan 13 14:32:07 fl1-111-169-156-137.tky.mesh.ad.jp [50: C4:DD:0F:3E:C0 AP50C4DD0F3EC0] WIRELESS: wl0 (5GHz): AutoChannel selected Channel 128 / 80 MHz

Jan 13 15:03:18 fl1-111-169-156-137.tky.mesh.ad.jp [50: C4:DD:0F:3E:C0 AP50C4DD0F3EC0] WIRELESS: wl0.0 (5GHz): Encryption Key Renewing

Jan 13 15:32:08 fl1-111-169-156-137.tky.mesh.ad.jp [50: C4:DD:0F:3E:C0 AP50C4DD0F3EC0] WIRELESS: wl0 (5GHz): AutoChannel selected Channel 128 / 80 MHz

Jan 13 16:03:18 fl1-111-169-156-137.tky.mesh.ad.jp [50: C4:DD:0F:3E:C0 AP50C4DD0F3EC0] WIRELESS: wl1.0 (2.4GHz): Encryption Key Renewing

Jan 13 16:03:18 fl1-111-169-156-137.tky.mesh.ad.jp [50: C4:DD:0F:3E:C0 AP50C4DD0F3EC0] WIRELESS: wl0.0 (5GHz): Encryption Key Renewing

Jan 13 16:13:39 fl1-111-169-156-137.tky.mesh.ad.jp [50: C4:DD:0F:3E:C0 AP50C4DD0F3EC0] WIRELESS: wl1.0 (2.4GHz): Associated User - f8:b7:97:24:40:d6

Jan 13 16:13:39 fl1-111-169-156-137.tky.mesh.ad.jp [50: C4:DD:0F:3E:C0 AP50C4DD0F3EC0] AUTH: wl1.0 (2.4GHz): Authenticated (WPA2-PSK) User - f8:b7:97:24:40:d6

Jan 13 16:15:14 fl1-111-169-156-137.tky.mesh.ad.jp [50: C4:DD:0F:3E:C0 AP50C4DD0F3EC0] WIRELESS: wl1.0 (2.4GHz): Deleting roamed station - f8:b7:97:24:40:d6

Jan 13 16:32:08 fl1-111-169-156-137.tky.mesh.ad.jp [50: C4:DD:0F:3E:C0 AP50C4DD0F3EC0] WIRELESS: wl0 (5GHz): Switch Channel 100 / 80 MHz

Jan 13 16:32:08 fl1-111-169-156-137.tky.mesh.ad.jp [50: C4:DD:0F:3E:C0 AP50C4DD0F3EC0] WIRELESS: wl0 (5GHz): AutoChannel selected Channel 100 / 80 MHz

Jan 13 16:32:09 fl1-111-169-156-137.tky.mesh.ad.jp [50: C4:DD:0F:3E:C0 AP50C4DD0F3EC0] WIRELESS: wl0 (5GHz): Start sending beacon

Jan 13 16:32:10 fl1-111-169-156-137.tky.mesh.ad.jp [50: C4:DD:0F:3E:C0 AP50C4DD0F3EC0] WIRELESS: wl3 (5GHz): Switch Channel 116 / 80 MHz

Jan 13 16:49:56 fl1-111-169-156-137.tky.mesh.ad.jp [50: C4:DD:0F:3E:C0 AP50C4DD0F3EC0] WIRELESS: wl1.0 (2.4GHz): Associated User - f8:b7:97:24:40:d6

Jan 13 16:49:56 fl1-111-169-156-137.tky.mesh.ad.jp [50: C4:DD:0F:3E:C0 AP50C4DD0F3EC0] WIRELESS: wl1.0 (2.4GHz): Associated User - f8:b7:97:24:40:d6

Jan 13 16:49:57 fl1-111-169-156-137.tky.mesh.ad.jp [50: C4:DD:0F:3E:C0 AP50C4DD0F3EC0] WIRELESS: wl1.0 (2.4GHz): DisAssociated User - f8:b7:97:24:40:d6

Jan 13 17:03:18 fl1-111-169-156-137.tky.mesh.ad.jp [50: C4:DD:0F:3E:C0 AP50C4DD0F3EC0] WIRELESS: wl1.0 (2.4GHz): Encryption Key Renewing

Jan 13 17:03:18 fl1-111-169-156-137.tky.mesh.ad.jp [50: C4:DD:0F:3E:C0 AP50C4DD0F3EC0] WIRELESS: wl0.0 (5GHz): Encryption Key Renewing

Jan 13 17:32:09 fl1-111-169-156-137.tky.mesh.ad.jp [50: C4:DD:0F:3E:C0 AP50C4DD0F3EC0] WIRELESS: wl0 (5GHz): AutoChannel selected Channel 128 / 80 MHz

Jan 13 17:32:09 fl1-111-169-156-137.tky.mesh.ad.jp [50: C4:DD:0F:3E:C0 AP50C4DD0F3EC0] WIRELESS: wl0 (5GHz): Switch Channel 128 / 80 MHz

Jan 13 17:32:10 fl1-111-169-156-137.tky.mesh.ad.jp [50: C4:DD:0F:3E:C0 AP50C4DD0F3EC0] WIRELESS: wl0 (5GHz): Start sending beacon

Jan 13 17:32:11 fl1-111-169-156-137.tky.mesh.ad.jp [50: C4:DD:0F:3E:C0 AP50C4DD0F3EC0] WIRELESS: wl3 (5GHz): Switch Channel 100 / 80 MHz

Jan 13 18:03:18 fl1-111-169-156-137.tky.mesh.ad.jp [50: C4:DD:0F:3E:C0 AP50C4DD0F3EC0] WIRELESS: wl1.0 (2.4GHz): Encryption Key Renewing

Jan 13 18:03:18 fl1-111-169-156-137.tky.mesh.ad.jp [50: C4:DD:0F:3E:C0 AP50C4DD0F3EC0] WIRELESS: wl0.0 (5GHz): Encryption Key Renewing

Jan 13 18:32:10 fl1-111-169-156-137.tky.mesh.ad.jp [50: C4:DD:0F:3E:C0 AP50C4DD0F3EC0] WIRELESS: wl0 (5GHz): AutoChannel selected Channel 128 / 80 MHz

Jan 13 19:03:18 fl1-111-169-156-137.tky.mesh.ad.jp [50: C4:DD:0F:3E:C0 AP50C4DD0F3EC0] WIRELESS: wl1.0 (2.4GHz): Encryption Key Renewing

Jan 13 19:03:18 fl1-111-169-156-137.tky.mesh.ad.jp [50: C4:DD:0F:3E:C0 AP50C4DD0F3EC0] WIRELESS: wl0.0 (5GHz): Encryption Key Renewing

Jan 13 19:32:12 fl1-111-169-156-137.tky.mesh.ad.jp [50: C4:DD:0F:3E:C0 AP50C4DD0F3EC0] WIRELESS: wl0 (5GHz): AutoChannel selected Channel 128 / 80 MHz

Jan 13 20:03:18 fl1-111-169-156-137.tky.mesh.ad.jp [50: C4:DD:0F:3E:C0 AP50C4DD0F3EC0] WIRELESS: wl1.0 (2.4GHz): Encryption Key Renewing

Jan 13 20:03:18 fl1-111-169-156-137.tky.mesh.ad.jp [50: C4:DD:0F:3E:C0 AP50C4DD0F3EC0] WIRELESS: wl0.0 (5GHz): Encryption Key Renewing

Jan 13 20:32:12 fl1-111-169-156-137.tky.mesh.ad.jp [50: C4:DD:0F:3E:C0 AP50C4DD0F3EC0] WIRELESS: wl0 (5GHz): AutoChannel selected Channel 128 / 80 MHz

Jan 13 21:03:18 fl1-111-169-156-137.tky.mesh.ad.jp [50: C4:DD:0F:3E:C0 AP50C4DD0F3EC0] WIRELESS: wl1.0 (2.4GHz): Encryption Key Renewing

Jan 13 21:03:18 fl1-111-169-156-137.tky.mesh.ad.jp [50: C4:DD:0F:3E:C0 AP50C4DD0F3EC0] WIRELESS: wl0.0 (5GHz): Encryption Key Renewing

Jan 13 21:32:14 fl1-111-169-156-137.tky.mesh.ad.jp [50: C4:DD:0F:3E:C0 AP50C4DD0F3EC0] WIRELESS: wl0 (5GHz): AutoChannel selected Channel 128 / 80 MHz

Jan 13 21:57:08 fl1-111-169-156-137.tky.mesh.ad.jp [50: C4:DD:0F:3E:C0 AP50C4DD0F3EC0] WIRELESS: wl1.0 (2.4GHz): DisAssociated User - 48:f1:7f:f9:b5:64

Jan 13 22:03:18 fl1-111-169-156-137.tky.mesh.ad.jp [50: C4:DD:0F:3E:C0 AP50C4DD0F3EC0] WIRELESS: wl1.0 (2.4GHz): Encryption Key Renewing

Jan 13 22:03:18 fl1-111-169-156-137.tky.mesh.ad.jp [50: C4:DD:0F:3E:C0 AP50C4DD0F3EC0] WIRELESS: wl0.0 (5GHz): Encryption Key Renewing

Jan 13 22:31:51 fl1-111-169-156-137.tky.mesh.ad.jp [50: C4:DD:0F:3E:C0 AP50C4DD0F3EC0] WIRELESS: wl1 (2.4GHz): AutoChannel selected Channel 10 / 20 MHz

Jan 13 22:31:55 fl1-111-169-156-137.tky.mesh.ad.jp [50: C4:DD:0F:3E:C0 AP50C4DD0F3EC0] WIRELESS: wl1 (2.4GHz): Start sending beacon

Jan 13 22:31:55 fl1-111-169-156-137.tky.mesh.ad.jp [50: C4:DD:0F:3E:C0 AP50C4DD0F3EC0] WIRELESS: wl1 (2.4GHz): Switch Channel 10 / 20 MHz

Jan 13 22:31:55 fl1-111-169-156-137.tky.mesh.ad.jp [50: C4:DD:0F:3E:C0 AP50C4DD0F3EC0] WIRELESS: wl1 (2.4GHz): Start sending beacon

Jan 13 22:32:14 fl1-111-169-156-137.tky.mesh.ad.jp [50: C4:DD:0F:3E:C0 AP50C4DD0F3EC0] WIRELESS: wl0 (5GHz): AutoChannel selected Channel 128 / 80 MHz

Jan 13 23:03:18 fl1-111-169-156-137.tky.mesh.ad.jp [50: C4:DD:0F:3E:C0 AP50C4DD0F3EC0] WIRELESS: wl1.0 (2.4GHz): Encryption Key Renewing

Jan 13 23:03:18 fl1-111-169-156-137.tky.mesh.ad.jp [50: C4:DD:0F:3E:C0 AP50C4DD0F3EC0] WIRELESS: wl0.0 (5GHz): Encryption Key Renewing

Jan 13 23:31:52 fl1-111-169-156-137.tky.mesh.ad.jp [50: C4:DD:0F:3E:C0 AP50C4DD0F3EC0] WIRELESS: wl1 (2.4GHz): AutoChannel selected Channel 8 / 20 MHz

Jan 13 23:31:56 fl1-111-169-156-137.tky.mesh.ad.jp [50: C4:DD:0F:3E:C0 AP50C4DD0F3EC0] WIRELESS: wl1 (2.4GHz): Start sending beacon

Jan 13 23:31:56 fl1-111-169-156-137.tky.mesh.ad.jp [50: C4:DD:0F:3E:C0 AP50C4DD0F3EC0] WIRELESS: wl1 (2.4GHz): Switch Channel 8 / 20 MHz

Jan 13 23:31:57 fl1-111-169-156-137.tky.mesh.ad.jp [50: C4:DD:0F:3E:C0 AP50C4DD0F3EC0] WIRELESS: wl1 (2.4GHz): Start sending beacon

Jan 13 23:32:16 fl1-111-169-156-137.tky.mesh.ad.jp [50: C4:DD:0F:3E:C0 AP50C4DD0F3EC0] WIRELESS: wl0 (5GHz): AutoChannel selected Channel 128 / 80 MHz

